2022-10-07 00:41:04,061 - FL-type - INFO - logger init finished ---- log file: configs/femnist/femnist_oort_seed0.cfg.log
2022-10-07 00:41:04,269 - FL-type - INFO - read config from configs/femnist/femnist_oort_seed0.cfg
2022-10-07 00:41:04,269 - FL-type - INFO - no behavior heterogeneity! assume client is availiable at any time.
2022-10-07 00:41:04,269 - FL-type - INFO - ================= Config =================
2022-10-07 00:41:04,269 - FL-type - INFO - 	config_name = configs/femnist/femnist_oort_seed0.cfg
2022-10-07 00:41:04,269 - FL-type - INFO - 	dataset = femnist
2022-10-07 00:41:04,269 - FL-type - INFO - 	model = cnn
2022-10-07 00:41:04,269 - FL-type - INFO - 	num_rounds = 6000
2022-10-07 00:41:04,269 - FL-type - INFO - 	lr = 0.001
2022-10-07 00:41:04,269 - FL-type - INFO - 	eval_every = 5
2022-10-07 00:41:04,269 - FL-type - INFO - 	clients_per_round = 100
2022-10-07 00:41:04,269 - FL-type - INFO - 	min_selected = 1
2022-10-07 00:41:04,270 - FL-type - INFO - 	max_sample = 2147483647
2022-10-07 00:41:04,270 - FL-type - INFO - 	batch_size = 10
2022-10-07 00:41:04,270 - FL-type - INFO - 	seed = 0
2022-10-07 00:41:04,270 - FL-type - INFO - 	num_epochs = 5
2022-10-07 00:41:04,270 - FL-type - INFO - 	minibatch = None
2022-10-07 00:41:04,270 - FL-type - INFO - 	round_ddl = 1000
2022-10-07 00:41:04,270 - FL-type - INFO - 	update_frac = 0.01
2022-10-07 00:41:04,270 - FL-type - INFO - 	max_client_num = 9223372036854775807
2022-10-07 00:41:04,270 - FL-type - INFO - 	aggregate_algorithm = SucFedAvg
2022-10-07 00:41:04,270 - FL-type - INFO - 	time_window = [20.0, 0.0]
2022-10-07 00:41:04,270 - FL-type - INFO - 	user_trace = False
2022-10-07 00:41:04,270 - FL-type - INFO - 	behav_hete = False
2022-10-07 00:41:04,270 - FL-type - INFO - 	hard_hete = True
2022-10-07 00:41:04,270 - FL-type - INFO - 	no_training = False
2022-10-07 00:41:04,270 - FL-type - INFO - 	compress_algo = None
2022-10-07 00:41:04,270 - FL-type - INFO - 	fedprox = False
2022-10-07 00:41:04,271 - FL-type - INFO - 	fedprox_mu = 0
2022-10-07 00:41:04,271 - FL-type - INFO - 	fedbalancer = False
2022-10-07 00:41:04,271 - FL-type - INFO - 	fb_w = 1
2022-10-07 00:41:04,271 - FL-type - INFO - 	fb_p = 0.0
2022-10-07 00:41:04,271 - FL-type - INFO - 	fb_inference_pipelining = False
2022-10-07 00:41:04,271 - FL-type - INFO - 	noise_factor = 0.0
2022-10-07 00:41:04,271 - FL-type - INFO - 	fb_simple_control_lt_stepsize = 0
2022-10-07 00:41:04,271 - FL-type - INFO - 	fb_simple_control_ddl_stepsize = 0
2022-10-07 00:41:04,271 - FL-type - INFO - 	fb_client_selection = False
2022-10-07 00:41:04,271 - FL-type - INFO - 	oort_pacer = True
2022-10-07 00:41:04,271 - FL-type - INFO - 	oort_pacer_delta = 10
2022-10-07 00:41:04,271 - FL-type - INFO - 	oort_blacklist = False
2022-10-07 00:41:04,271 - FL-type - INFO - 	oort_blacklist_rounds = 10
2022-10-07 00:41:04,271 - FL-type - INFO - 	oort = True
2022-10-07 00:41:04,271 - FL-type - INFO - 	oortbalancer = False
2022-10-07 00:41:04,271 - FL-type - INFO - 	ddl_baseline_smartpc = False
2022-10-07 00:41:04,272 - FL-type - INFO - 	ddl_baseline_smartpc_percentage = 0.0
2022-10-07 00:41:04,272 - FL-type - INFO - 	ddl_baseline_fixed = False
2022-10-07 00:41:04,272 - FL-type - INFO - 	ddl_baseline_fixed_value_multiplied_at_mean = 0.0
2022-10-07 00:41:04,272 - FL-type - INFO - 	global_final_time = 300000
2022-10-07 00:41:04,272 - FL-type - INFO - 	global_final_test_accuracy = 0.0
2022-10-07 00:41:04,272 - FL-type - INFO - 	output_path = ../models/configs/femnist/
2022-10-07 00:41:04,272 - FL-type - INFO - 	ss_baseline = False
2022-10-07 00:41:04,272 - FL-type - INFO - ================= ====== =================
2022-10-07 00:41:04,272 - FL-type - INFO - ############################## femnist.client_model ##############################
2022-10-07 00:41:04,517 - FL-type - INFO - model size: 26310776
2022-10-07 00:41:04,518 - FL-type - INFO - ======================Setup Clients==========================
2022-10-07 00:41:26,484 - FL-type - INFO - Train Clients in Total: 641
2022-10-07 00:41:26,484 - FL-type - INFO - Test Clients in Total: 72
2022-10-07 00:41:26,495 - FL-type - INFO - set up 10 clients
2022-10-07 00:41:26,497 - FL-type - INFO - set up 20 clients
2022-10-07 00:41:26,498 - FL-type - INFO - set up 30 clients
2022-10-07 00:41:26,571 - FL-type - INFO - set up 40 clients
2022-10-07 00:41:26,573 - FL-type - INFO - set up 50 clients
2022-10-07 00:41:26,575 - FL-type - INFO - set up 60 clients
2022-10-07 00:41:26,577 - FL-type - INFO - set up 70 clients
2022-10-07 00:41:26,579 - FL-type - INFO - set up 80 clients
2022-10-07 00:41:26,581 - FL-type - INFO - set up 90 clients
2022-10-07 00:41:26,583 - FL-type - INFO - set up 100 clients
2022-10-07 00:41:26,585 - FL-type - INFO - set up 110 clients
2022-10-07 00:41:26,587 - FL-type - INFO - set up 120 clients
2022-10-07 00:41:26,589 - FL-type - INFO - set up 130 clients
2022-10-07 00:41:26,591 - FL-type - INFO - set up 140 clients
2022-10-07 00:41:26,593 - FL-type - INFO - set up 150 clients
2022-10-07 00:41:26,595 - FL-type - INFO - set up 160 clients
2022-10-07 00:41:26,597 - FL-type - INFO - set up 170 clients
2022-10-07 00:41:26,599 - FL-type - INFO - set up 180 clients
2022-10-07 00:41:26,601 - FL-type - INFO - set up 190 clients
2022-10-07 00:41:26,603 - FL-type - INFO - set up 200 clients
2022-10-07 00:41:26,605 - FL-type - INFO - set up 210 clients
2022-10-07 00:41:26,607 - FL-type - INFO - set up 220 clients
2022-10-07 00:41:26,609 - FL-type - INFO - set up 230 clients
2022-10-07 00:41:26,611 - FL-type - INFO - set up 240 clients
2022-10-07 00:41:26,613 - FL-type - INFO - set up 250 clients
2022-10-07 00:41:26,615 - FL-type - INFO - set up 260 clients
2022-10-07 00:41:26,617 - FL-type - INFO - set up 270 clients
2022-10-07 00:41:26,619 - FL-type - INFO - set up 280 clients
2022-10-07 00:41:26,621 - FL-type - INFO - set up 290 clients
2022-10-07 00:41:26,623 - FL-type - INFO - set up 300 clients
2022-10-07 00:41:26,625 - FL-type - INFO - set up 310 clients
2022-10-07 00:41:26,627 - FL-type - INFO - set up 320 clients
2022-10-07 00:41:26,628 - FL-type - INFO - set up 330 clients
2022-10-07 00:41:26,630 - FL-type - INFO - set up 340 clients
2022-10-07 00:41:26,632 - FL-type - INFO - set up 350 clients
2022-10-07 00:41:26,634 - FL-type - INFO - set up 360 clients
2022-10-07 00:41:26,635 - FL-type - INFO - set up 370 clients
2022-10-07 00:41:26,637 - FL-type - INFO - set up 380 clients
2022-10-07 00:41:26,639 - FL-type - INFO - set up 390 clients
2022-10-07 00:41:26,641 - FL-type - INFO - set up 400 clients
2022-10-07 00:41:26,643 - FL-type - INFO - set up 410 clients
2022-10-07 00:41:26,644 - FL-type - INFO - set up 420 clients
2022-10-07 00:41:26,646 - FL-type - INFO - set up 430 clients
2022-10-07 00:41:26,648 - FL-type - INFO - set up 440 clients
2022-10-07 00:41:26,650 - FL-type - INFO - set up 450 clients
2022-10-07 00:41:26,651 - FL-type - INFO - set up 460 clients
2022-10-07 00:41:26,653 - FL-type - INFO - set up 470 clients
2022-10-07 00:41:26,655 - FL-type - INFO - set up 480 clients
2022-10-07 00:41:26,657 - FL-type - INFO - set up 490 clients
2022-10-07 00:41:26,658 - FL-type - INFO - set up 500 clients
2022-10-07 00:41:26,660 - FL-type - INFO - set up 510 clients
2022-10-07 00:41:26,666 - FL-type - INFO - set up 520 clients
2022-10-07 00:41:26,669 - FL-type - INFO - set up 530 clients
2022-10-07 00:41:26,670 - FL-type - INFO - set up 540 clients
2022-10-07 00:41:26,671 - FL-type - INFO - set up 550 clients
2022-10-07 00:41:26,673 - FL-type - INFO - set up 560 clients
2022-10-07 00:41:26,674 - FL-type - INFO - set up 570 clients
2022-10-07 00:41:26,676 - FL-type - INFO - set up 580 clients
2022-10-07 00:41:26,677 - FL-type - INFO - set up 590 clients
2022-10-07 00:41:26,678 - FL-type - INFO - set up 600 clients
2022-10-07 00:41:26,680 - FL-type - INFO - set up 610 clients
2022-10-07 00:41:26,681 - FL-type - INFO - set up 620 clients
2022-10-07 00:41:26,683 - FL-type - INFO - set up 630 clients
2022-10-07 00:41:26,684 - FL-type - INFO - set up 640 clients
2022-10-07 00:41:27,391 - FL-type - INFO - Timer cached in cached_timers.json
2022-10-07 00:41:27,393 - FL-type - INFO - device setup result: defaultdict(<class 'int'>, {'Xiaomi Redmi Note 7 Pro': 303, 'Google Nexus S': 333, 'Google Pixel 4': 5})
2022-10-07 00:41:27,616 - FL-type - INFO - ===================== Random Initialization =====================
2022-10-07 00:41:27,617 - FL-type - INFO - ===================== Round 1 of 6000 =====================
2022-10-07 00:41:27,617 - FL-type - INFO - --------------------- selection stage ---------------------
2022-10-07 00:41:27,617 - FL-type - INFO - current time: 0	time window: 20.0	
2022-10-07 00:41:27,618 - FL-type - INFO - 641 of 641 clients online
2022-10-07 00:41:27,621 - FL-type - INFO - selected num: 130
2022-10-07 00:41:27,621 - FL-type - INFO - --------------------- configuration stage ---------------------
2022-10-07 00:41:27,621 - FL-type - INFO - this round deadline 143
2022-10-07 00:42:20,428 - FL-type - INFO - average acc: 0.11399999999999992, average loss: 4.036214797496796
2022-10-07 00:42:20,428 - FL-type - INFO - configuration and update stage simulation time: 21.381164273745764
2022-10-07 00:42:20,433 - FL-type - INFO - --------------------- report stage ---------------------
2022-10-07 00:42:20,433 - FL-type - INFO - 100 of 130 clients upload successfully
2022-10-07 00:42:20,433 - FL-type - INFO - round succeed, updating global model...
2022-10-07 00:42:20,433 - FL-type - INFO - Aggragate with SucFedAvg
2022-10-07 00:42:22,085 - FL-type - INFO - ===================== Round 2 of 6000 =====================
2022-10-07 00:42:22,085 - FL-type - INFO - --------------------- selection stage ---------------------
2022-10-07 00:42:22,085 - FL-type - INFO - current time: 41.38116427374577	time window: 20.0	
2022-10-07 00:42:22,086 - FL-type - INFO - 641 of 641 clients online
2022-10-07 00:42:22,108 - FL-type - INFO - epsilon 0.9
2022-10-07 00:42:22,109 - FL-type - INFO - selected num: 130
2022-10-07 00:42:22,109 - FL-type - INFO - --------------------- configuration stage ---------------------
2022-10-07 00:42:22,109 - FL-type - INFO - this round deadline 143
2022-10-07 00:43:05,081 - FL-type - INFO - average acc: 0.11999999999999991, average loss: 3.971482973098755
2022-10-07 00:43:05,082 - FL-type - INFO - configuration and update stage simulation time: 17.000593489079932
2022-10-07 00:43:05,084 - FL-type - INFO - --------------------- report stage ---------------------
2022-10-07 00:43:05,085 - FL-type - INFO - 100 of 130 clients upload successfully
2022-10-07 00:43:05,085 - FL-type - INFO - round succeed, updating global model...
2022-10-07 00:43:05,085 - FL-type - INFO - Aggragate with SucFedAvg
2022-10-07 00:43:06,471 - FL-type - INFO - ===================== Round 3 of 6000 =====================
2022-10-07 00:43:06,471 - FL-type - INFO - --------------------- selection stage ---------------------
2022-10-07 00:43:06,471 - FL-type - INFO - current time: 78.3817577628257	time window: 20.0	
2022-10-07 00:43:06,472 - FL-type - INFO - 641 of 641 clients online
2022-10-07 00:43:06,493 - FL-type - INFO - epsilon 0.882
2022-10-07 00:43:06,494 - FL-type - INFO - selected num: 130
2022-10-07 00:43:06,494 - FL-type - INFO - --------------------- configuration stage ---------------------
2022-10-07 00:43:06,495 - FL-type - INFO - this round deadline 143
2022-10-07 00:43:48,465 - FL-type - INFO - average acc: 0.09722222222222215, average loss: 3.889758424758911
2022-10-07 00:43:48,466 - FL-type - INFO - configuration and update stage simulation time: 18.770758162679027
2022-10-07 00:43:48,469 - FL-type - INFO - --------------------- report stage ---------------------
2022-10-07 00:43:48,469 - FL-type - INFO - 100 of 130 clients upload successfully
2022-10-07 00:43:48,469 - FL-type - INFO - round succeed, updating global model...
2022-10-07 00:43:48,469 - FL-type - INFO - Aggragate with SucFedAvg
2022-10-07 00:43:48,954 - FL-type - INFO - ===================== Round 4 of 6000 =====================
2022-10-07 00:43:48,954 - FL-type - INFO - --------------------- selection stage ---------------------
2022-10-07 00:43:48,954 - FL-type - INFO - current time: 117.15251592550473	time window: 20.0	
2022-10-07 00:43:48,955 - FL-type - INFO - 641 of 641 clients online
2022-10-07 00:43:48,976 - FL-type - INFO - epsilon 0.86436
2022-10-07 00:43:48,976 - FL-type - INFO - selected num: 130
2022-10-07 00:43:48,977 - FL-type - INFO - --------------------- configuration stage ---------------------
2022-10-07 00:43:48,977 - FL-type - INFO - this round deadline 143
2022-10-07 00:44:39,395 - FL-type - INFO - average acc: 0.09422222222222212, average loss: 3.760414807796478
2022-10-07 00:44:39,395 - FL-type - INFO - configuration and update stage simulation time: 33.00835884397477
2022-10-07 00:44:39,400 - FL-type - INFO - --------------------- report stage ---------------------
2022-10-07 00:44:39,400 - FL-type - INFO - 100 of 130 clients upload successfully
2022-10-07 00:44:39,400 - FL-type - INFO - round succeed, updating global model...
2022-10-07 00:44:39,400 - FL-type - INFO - Aggragate with SucFedAvg
2022-10-07 00:44:40,041 - FL-type - INFO - ===================== Round 5 of 6000 =====================
2022-10-07 00:44:40,042 - FL-type - INFO - --------------------- selection stage ---------------------
2022-10-07 00:44:40,042 - FL-type - INFO - current time: 170.1608747694795	time window: 20.0	
2022-10-07 00:44:40,043 - FL-type - INFO - 641 of 641 clients online
2022-10-07 00:44:40,065 - FL-type - INFO - epsilon 0.8470728
2022-10-07 00:44:40,065 - FL-type - INFO - selected num: 130
2022-10-07 00:44:40,066 - FL-type - INFO - --------------------- configuration stage ---------------------
2022-10-07 00:44:40,066 - FL-type - INFO - this round deadline 143
2022-10-07 00:45:33,786 - FL-type - INFO - average acc: 0.11422222222222216, average loss: 3.5212054514884947
2022-10-07 00:45:33,786 - FL-type - INFO - configuration and update stage simulation time: 24.707569949454804
2022-10-07 00:45:33,788 - FL-type - INFO - --------------------- report stage ---------------------
2022-10-07 00:45:33,788 - FL-type - INFO - 100 of 130 clients upload successfully
2022-10-07 00:45:33,789 - FL-type - INFO - round succeed, updating global model...
2022-10-07 00:45:33,789 - FL-type - INFO - Aggragate with SucFedAvg
2022-10-07 00:45:34,129 - FL-type - INFO - --------------------- test result ---------------------
2022-10-07 00:45:36,308 - FL-type - INFO - test_accuracy: 0.050825840188763474, 10th percentile: 0.028488105313605724, 50th percentile: 0.067816091954023, 90th percentile 0.07780635911276039
2022-10-07 00:45:36,308 - FL-type - INFO - test_loss: 3.8191218459023086, 10th percentile: 3.602239656448364, 50th percentile: 3.632470726966858, 90th percentile 4.021812629699707
2022-10-07 00:45:36,309 - FL-type - INFO - ===================== Round 6 of 6000 =====================
2022-10-07 00:45:36,309 - FL-type - INFO - --------------------- selection stage ---------------------
2022-10-07 00:45:36,309 - FL-type - INFO - current time: 214.8684447189343	time window: 20.0	
2022-10-07 00:45:36,310 - FL-type - INFO - 641 of 641 clients online
2022-10-07 00:45:36,331 - FL-type - INFO - epsilon 0.830131344
2022-10-07 00:45:36,331 - FL-type - INFO - selected num: 130
2022-10-07 00:45:36,332 - FL-type - INFO - --------------------- configuration stage ---------------------
2022-10-07 00:45:36,332 - FL-type - INFO - this round deadline 143
2022-10-07 00:46:30,998 - FL-type - INFO - average acc: 0.10622222222222213, average loss: 3.4192837715148925
2022-10-07 00:46:30,998 - FL-type - INFO - configuration and update stage simulation time: 22.93740527585571
2022-10-07 00:46:31,000 - FL-type - INFO - --------------------- report stage ---------------------
2022-10-07 00:46:31,000 - FL-type - INFO - 100 of 130 clients upload successfully
2022-10-07 00:46:31,000 - FL-type - INFO - round succeed, updating global model...
2022-10-07 00:46:31,000 - FL-type - INFO - Aggragate with SucFedAvg
2022-10-07 00:46:31,493 - FL-type - INFO - ===================== Round 7 of 6000 =====================
2022-10-07 00:46:31,493 - FL-type - INFO - --------------------- selection stage ---------------------
2022-10-07 00:46:31,493 - FL-type - INFO - current time: 257.80584999479004	time window: 20.0	
2022-10-07 00:46:31,494 - FL-type - INFO - 641 of 641 clients online
2022-10-07 00:46:31,515 - FL-type - INFO - epsilon 0.81352871712
2022-10-07 00:46:31,515 - FL-type - INFO - selected num: 130
2022-10-07 00:46:31,515 - FL-type - INFO - --------------------- configuration stage ---------------------
2022-10-07 00:46:31,515 - FL-type - INFO - this round deadline 143
2022-10-07 00:47:26,345 - FL-type - INFO - average acc: 0.07522222222222216, average loss: 3.3998241901397703
2022-10-07 00:47:26,345 - FL-type - INFO - configuration and update stage simulation time: 21.593231141023928
2022-10-07 00:47:26,348 - FL-type - INFO - --------------------- report stage ---------------------
2022-10-07 00:47:26,348 - FL-type - INFO - 100 of 130 clients upload successfully
2022-10-07 00:47:26,348 - FL-type - INFO - round succeed, updating global model...
2022-10-07 00:47:26,348 - FL-type - INFO - Aggragate with SucFedAvg
2022-10-07 00:47:27,388 - FL-type - INFO - ===================== Round 8 of 6000 =====================
2022-10-07 00:47:27,388 - FL-type - INFO - --------------------- selection stage ---------------------
2022-10-07 00:47:27,388 - FL-type - INFO - current time: 299.39908113581396	time window: 20.0	
2022-10-07 00:47:27,389 - FL-type - INFO - 641 of 641 clients online
2022-10-07 00:47:27,409 - FL-type - INFO - epsilon 0.7972581427776
2022-10-07 00:47:27,410 - FL-type - INFO - selected num: 130
2022-10-07 00:47:27,410 - FL-type - INFO - --------------------- configuration stage ---------------------
2022-10-07 00:47:27,410 - FL-type - INFO - this round deadline 143
2022-10-07 00:48:07,553 - FL-type - INFO - average acc: 0.08522222222222217, average loss: 3.351926929950714
2022-10-07 00:48:07,562 - FL-type - INFO - configuration and update stage simulation time: 21.245447614004732
2022-10-07 00:48:07,563 - FL-type - INFO - --------------------- report stage ---------------------
2022-10-07 00:48:07,565 - FL-type - INFO - 100 of 130 clients upload successfully
2022-10-07 00:48:07,566 - FL-type - INFO - round succeed, updating global model...
2022-10-07 00:48:07,566 - FL-type - INFO - Aggragate with SucFedAvg
2022-10-07 00:48:09,311 - FL-type - INFO - ===================== Round 9 of 6000 =====================
2022-10-07 00:48:09,312 - FL-type - INFO - --------------------- selection stage ---------------------
2022-10-07 00:48:09,312 - FL-type - INFO - current time: 340.6445287498187	time window: 20.0	
2022-10-07 00:48:09,313 - FL-type - INFO - 641 of 641 clients online
2022-10-07 00:48:09,334 - FL-type - INFO - epsilon 0.781312979922048
2022-10-07 00:48:09,335 - FL-type - INFO - selected num: 130
2022-10-07 00:48:09,335 - FL-type - INFO - --------------------- configuration stage ---------------------
2022-10-07 00:48:09,335 - FL-type - INFO - this round deadline 143
2022-10-07 00:48:52,447 - FL-type - INFO - average acc: 0.08122222222222218, average loss: 3.3379384875297546
2022-10-07 00:48:52,447 - FL-type - INFO - configuration and update stage simulation time: 19.476630540269703
2022-10-07 00:48:52,449 - FL-type - INFO - --------------------- report stage ---------------------
2022-10-07 00:48:52,449 - FL-type - INFO - 100 of 130 clients upload successfully
2022-10-07 00:48:52,450 - FL-type - INFO - round succeed, updating global model...
2022-10-07 00:48:52,450 - FL-type - INFO - Aggragate with SucFedAvg
2022-10-07 00:48:53,825 - FL-type - INFO - ===================== Round 10 of 6000 =====================
2022-10-07 00:48:53,825 - FL-type - INFO - --------------------- selection stage ---------------------
2022-10-07 00:48:53,826 - FL-type - INFO - current time: 380.12115929008837	time window: 20.0	
2022-10-07 00:48:53,826 - FL-type - INFO - 641 of 641 clients online
2022-10-07 00:48:53,841 - FL-type - INFO - epsilon 0.765686720323607
2022-10-07 00:48:53,842 - FL-type - INFO - selected num: 130
2022-10-07 00:48:53,842 - FL-type - INFO - --------------------- configuration stage ---------------------
2022-10-07 00:48:53,842 - FL-type - INFO - this round deadline 143
2022-10-07 00:49:35,495 - FL-type - INFO - average acc: 0.09122222222222218, average loss: 3.3234239840507507
2022-10-07 00:49:35,495 - FL-type - INFO - configuration and update stage simulation time: 18.770758162679027
2022-10-07 00:49:35,498 - FL-type - INFO - --------------------- report stage ---------------------
2022-10-07 00:49:35,498 - FL-type - INFO - 100 of 130 clients upload successfully
2022-10-07 00:49:35,498 - FL-type - INFO - round succeed, updating global model...
2022-10-07 00:49:35,498 - FL-type - INFO - Aggragate with SucFedAvg
2022-10-07 00:49:36,861 - FL-type - INFO - --------------------- test result ---------------------
2022-10-07 00:49:39,084 - FL-type - INFO - test_accuracy: 0.05407818378929915, 10th percentile: 0.031209416421017915, 50th percentile: 0.06949698189134809, 90th percentile 0.08711244698810063
2022-10-07 00:49:39,085 - FL-type - INFO - test_loss: 3.780293177907606, 10th percentile: 3.3577249526977537, 50th percentile: 3.4236953258514404, 90th percentile 4.165077877044678
2022-10-07 00:49:39,085 - FL-type - INFO - ===================== Round 11 of 6000 =====================
2022-10-07 00:49:39,085 - FL-type - INFO - --------------------- selection stage ---------------------
2022-10-07 00:49:39,085 - FL-type - INFO - current time: 418.8919174527674	time window: 20.0	
2022-10-07 00:49:39,086 - FL-type - INFO - 641 of 641 clients online
2022-10-07 00:49:39,104 - FL-type - INFO - epsilon 0.7503729859171349
2022-10-07 00:49:39,104 - FL-type - INFO - selected num: 130
2022-10-07 00:49:39,104 - FL-type - INFO - --------------------- configuration stage ---------------------
2022-10-07 00:49:39,105 - FL-type - INFO - this round deadline 143
2022-10-07 00:50:21,706 - FL-type - INFO - average acc: 0.09199999999999992, average loss: 3.3721894311904905
2022-10-07 00:50:21,706 - FL-type - INFO - configuration and update stage simulation time: 18.770758162679027
2022-10-07 00:50:21,709 - FL-type - INFO - --------------------- report stage ---------------------
2022-10-07 00:50:21,709 - FL-type - INFO - 100 of 130 clients upload successfully
2022-10-07 00:50:21,709 - FL-type - INFO - round succeed, updating global model...
2022-10-07 00:50:21,709 - FL-type - INFO - Aggragate with SucFedAvg
2022-10-07 00:50:23,161 - FL-type - INFO - ===================== Round 12 of 6000 =====================
2022-10-07 00:50:23,162 - FL-type - INFO - --------------------- selection stage ---------------------
2022-10-07 00:50:23,162 - FL-type - INFO - current time: 457.66267561544646	time window: 20.0	
2022-10-07 00:50:23,163 - FL-type - INFO - 641 of 641 clients online
2022-10-07 00:50:23,209 - FL-type - INFO - epsilon 0.7353655261987921
2022-10-07 00:50:23,213 - FL-type - INFO - selected num: 130
2022-10-07 00:50:23,214 - FL-type - INFO - --------------------- configuration stage ---------------------
2022-10-07 00:50:23,214 - FL-type - INFO - this round deadline 143
2022-10-07 00:51:04,371 - FL-type - INFO - average acc: 0.08922222222222212, average loss: 3.4196036744117735
2022-10-07 00:51:04,371 - FL-type - INFO - configuration and update stage simulation time: 17.000593489079932
2022-10-07 00:51:04,374 - FL-type - INFO - --------------------- report stage ---------------------
2022-10-07 00:51:04,374 - FL-type - INFO - 100 of 130 clients upload successfully
2022-10-07 00:51:04,374 - FL-type - INFO - round succeed, updating global model...
2022-10-07 00:51:04,374 - FL-type - INFO - Aggragate with SucFedAvg
2022-10-07 00:51:05,274 - FL-type - INFO - ===================== Round 13 of 6000 =====================
2022-10-07 00:51:05,274 - FL-type - INFO - --------------------- selection stage ---------------------
2022-10-07 00:51:05,274 - FL-type - INFO - current time: 494.6632691045264	time window: 20.0	
2022-10-07 00:51:05,275 - FL-type - INFO - 641 of 641 clients online
2022-10-07 00:51:05,296 - FL-type - INFO - epsilon 0.7206582156748162
2022-10-07 00:51:05,297 - FL-type - INFO - selected num: 130
2022-10-07 00:51:05,297 - FL-type - INFO - --------------------- configuration stage ---------------------
2022-10-07 00:51:05,297 - FL-type - INFO - this round deadline 143
2022-10-07 00:51:51,359 - FL-type - INFO - average acc: 0.08299999999999995, average loss: 3.4437890243530274
2022-10-07 00:51:51,360 - FL-type - INFO - configuration and update stage simulation time: 16.573572370986597
2022-10-07 00:51:51,366 - FL-type - INFO - --------------------- report stage ---------------------
2022-10-07 00:51:51,366 - FL-type - INFO - 100 of 130 clients upload successfully
2022-10-07 00:51:51,366 - FL-type - INFO - round succeed, updating global model...
2022-10-07 00:51:51,366 - FL-type - INFO - Aggragate with SucFedAvg
2022-10-07 00:51:52,017 - FL-type - INFO - ===================== Round 14 of 6000 =====================
2022-10-07 00:51:52,017 - FL-type - INFO - --------------------- selection stage ---------------------
2022-10-07 00:51:52,017 - FL-type - INFO - current time: 531.2368414755131	time window: 20.0	
2022-10-07 00:51:52,018 - FL-type - INFO - 641 of 641 clients online
2022-10-07 00:51:52,041 - FL-type - INFO - epsilon 0.7062450513613199
2022-10-07 00:51:52,041 - FL-type - INFO - selected num: 130
2022-10-07 00:51:52,041 - FL-type - INFO - --------------------- configuration stage ---------------------
2022-10-07 00:51:52,042 - FL-type - INFO - this round deadline 143
2022-10-07 00:52:39,506 - FL-type - INFO - average acc: 0.07999999999999995, average loss: 3.409141833782196
2022-10-07 00:52:39,506 - FL-type - INFO - configuration and update stage simulation time: 17.659978500524623
2022-10-07 00:52:39,515 - FL-type - INFO - --------------------- report stage ---------------------
2022-10-07 00:52:39,516 - FL-type - INFO - 100 of 130 clients upload successfully
2022-10-07 00:52:39,516 - FL-type - INFO - round succeed, updating global model...
2022-10-07 00:52:39,516 - FL-type - INFO - Aggragate with SucFedAvg
2022-10-07 00:52:40,091 - FL-type - INFO - ===================== Round 15 of 6000 =====================
2022-10-07 00:52:40,091 - FL-type - INFO - --------------------- selection stage ---------------------
2022-10-07 00:52:40,091 - FL-type - INFO - current time: 568.8968199760377	time window: 20.0	
2022-10-07 00:52:40,092 - FL-type - INFO - 641 of 641 clients online
2022-10-07 00:52:40,114 - FL-type - INFO - epsilon 0.6921201503340935
2022-10-07 00:52:40,114 - FL-type - INFO - selected num: 130
2022-10-07 00:52:40,114 - FL-type - INFO - --------------------- configuration stage ---------------------
2022-10-07 00:52:40,114 - FL-type - INFO - this round deadline 143
2022-10-07 00:53:29,396 - FL-type - INFO - average acc: 0.08999999999999993, average loss: 3.4324195766448975
2022-10-07 00:53:29,396 - FL-type - INFO - configuration and update stage simulation time: 17.000593489079932
2022-10-07 00:53:29,399 - FL-type - INFO - --------------------- report stage ---------------------
2022-10-07 00:53:29,399 - FL-type - INFO - 100 of 130 clients upload successfully
2022-10-07 00:53:29,399 - FL-type - INFO - round succeed, updating global model...
2022-10-07 00:53:29,399 - FL-type - INFO - Aggragate with SucFedAvg
2022-10-07 00:53:29,642 - FL-type - INFO - --------------------- test result ---------------------
2022-10-07 00:53:31,667 - FL-type - INFO - test_accuracy: 0.05407818378929915, 10th percentile: 0.031209416421017915, 50th percentile: 0.06949698189134809, 90th percentile 0.08711244698810063
2022-10-07 00:53:31,668 - FL-type - INFO - test_loss: 3.719174759887127, 10th percentile: 3.403355073928833, 50th percentile: 3.460715174674988, 90th percentile 4.019306898117065
2022-10-07 00:53:31,669 - FL-type - INFO - ===================== Round 16 of 6000 =====================
2022-10-07 00:53:31,669 - FL-type - INFO - --------------------- selection stage ---------------------
2022-10-07 00:53:31,669 - FL-type - INFO - current time: 605.8974134651177	time window: 20.0	
2022-10-07 00:53:31,670 - FL-type - INFO - 641 of 641 clients online
2022-10-07 00:53:31,691 - FL-type - INFO - epsilon 0.6782777473274115
2022-10-07 00:53:31,692 - FL-type - INFO - selected num: 130
2022-10-07 00:53:31,692 - FL-type - INFO - --------------------- configuration stage ---------------------
2022-10-07 00:53:31,692 - FL-type - INFO - this round deadline 143
2022-10-07 00:54:20,503 - FL-type - INFO - average acc: 0.08299999999999993, average loss: 3.4444967341423034
2022-10-07 00:54:20,504 - FL-type - INFO - configuration and update stage simulation time: 17.000593489079932
2022-10-07 00:54:20,506 - FL-type - INFO - --------------------- report stage ---------------------
2022-10-07 00:54:20,506 - FL-type - INFO - 100 of 130 clients upload successfully
2022-10-07 00:54:20,506 - FL-type - INFO - round succeed, updating global model...
2022-10-07 00:54:20,506 - FL-type - INFO - Aggragate with SucFedAvg
2022-10-07 00:54:21,243 - FL-type - INFO - ===================== Round 17 of 6000 =====================
2022-10-07 00:54:21,244 - FL-type - INFO - --------------------- selection stage ---------------------
2022-10-07 00:54:21,244 - FL-type - INFO - current time: 642.8980069541976	time window: 20.0	
2022-10-07 00:54:21,245 - FL-type - INFO - 641 of 641 clients online
2022-10-07 00:54:21,266 - FL-type - INFO - epsilon 0.6647121923808633
2022-10-07 00:54:21,267 - FL-type - INFO - selected num: 130
2022-10-07 00:54:21,267 - FL-type - INFO - --------------------- configuration stage ---------------------
2022-10-07 00:54:21,267 - FL-type - INFO - this round deadline 143
2022-10-07 00:55:03,975 - FL-type - INFO - average acc: 0.08922222222222213, average loss: 3.4316058778762817
2022-10-07 00:55:03,976 - FL-type - INFO - configuration and update stage simulation time: 17.000593489079932
2022-10-07 00:55:03,978 - FL-type - INFO - --------------------- report stage ---------------------
2022-10-07 00:55:03,978 - FL-type - INFO - 100 of 130 clients upload successfully
2022-10-07 00:55:03,978 - FL-type - INFO - round succeed, updating global model...
2022-10-07 00:55:03,978 - FL-type - INFO - Aggragate with SucFedAvg
2022-10-07 00:55:05,122 - FL-type - INFO - ===================== Round 18 of 6000 =====================
2022-10-07 00:55:05,122 - FL-type - INFO - --------------------- selection stage ---------------------
2022-10-07 00:55:05,123 - FL-type - INFO - current time: 679.8986004432776	time window: 20.0	
2022-10-07 00:55:05,124 - FL-type - INFO - 641 of 641 clients online
2022-10-07 00:55:05,145 - FL-type - INFO - epsilon 0.6514179485332461
2022-10-07 00:55:05,146 - FL-type - INFO - selected num: 130
2022-10-07 00:55:05,146 - FL-type - INFO - --------------------- configuration stage ---------------------
2022-10-07 00:55:05,146 - FL-type - INFO - this round deadline 143
2022-10-07 00:55:47,279 - FL-type - INFO - average acc: 0.07699999999999999, average loss: 3.501637637615204
2022-10-07 00:55:47,280 - FL-type - INFO - configuration and update stage simulation time: 17.000593489079932
2022-10-07 00:55:47,289 - FL-type - INFO - --------------------- report stage ---------------------
2022-10-07 00:55:47,289 - FL-type - INFO - 100 of 130 clients upload successfully
2022-10-07 00:55:47,289 - FL-type - INFO - round succeed, updating global model...
2022-10-07 00:55:47,289 - FL-type - INFO - Aggragate with SucFedAvg
2022-10-07 00:55:48,938 - FL-type - INFO - ===================== Round 19 of 6000 =====================
2022-10-07 00:55:48,938 - FL-type - INFO - --------------------- selection stage ---------------------
2022-10-07 00:55:48,938 - FL-type - INFO - current time: 716.8991939323575	time window: 20.0	
2022-10-07 00:55:48,940 - FL-type - INFO - 641 of 641 clients online
2022-10-07 00:55:48,963 - FL-type - INFO - epsilon 0.6383895895625812
2022-10-07 00:55:48,964 - FL-type - INFO - selected num: 130
2022-10-07 00:55:48,964 - FL-type - INFO - --------------------- configuration stage ---------------------
2022-10-07 00:55:48,965 - FL-type - INFO - this round deadline 143
2022-10-07 00:56:30,993 - FL-type - INFO - average acc: 0.08022222222222215, average loss: 3.4519090962409975
2022-10-07 00:56:30,994 - FL-type - INFO - configuration and update stage simulation time: 17.000593489079932
2022-10-07 00:56:30,996 - FL-type - INFO - --------------------- report stage ---------------------
2022-10-07 00:56:30,996 - FL-type - INFO - 100 of 130 clients upload successfully
2022-10-07 00:56:30,996 - FL-type - INFO - round succeed, updating global model...
2022-10-07 00:56:30,996 - FL-type - INFO - Aggragate with SucFedAvg
2022-10-07 00:56:32,347 - FL-type - INFO - ===================== Round 20 of 6000 =====================
2022-10-07 00:56:32,353 - FL-type - INFO - --------------------- selection stage ---------------------
2022-10-07 00:56:32,354 - FL-type - INFO - current time: 753.8997874214375	time window: 20.0	
2022-10-07 00:56:32,355 - FL-type - INFO - 641 of 641 clients online
2022-10-07 00:56:32,425 - FL-type - INFO - epsilon 0.6256217977713295
2022-10-07 00:56:32,451 - FL-type - INFO - selected num: 130
2022-10-07 00:56:32,452 - FL-type - INFO - --------------------- configuration stage ---------------------
2022-10-07 00:56:32,453 - FL-type - INFO - this round deadline 143
2022-10-07 00:57:12,292 - FL-type - INFO - average acc: 0.08299999999999998, average loss: 3.454529755115509
2022-10-07 00:57:12,292 - FL-type - INFO - configuration and update stage simulation time: 17.000593489079932
2022-10-07 00:57:12,294 - FL-type - INFO - --------------------- report stage ---------------------
2022-10-07 00:57:12,295 - FL-type - INFO - 100 of 130 clients upload successfully
2022-10-07 00:57:12,295 - FL-type - INFO - round succeed, updating global model...
2022-10-07 00:57:12,295 - FL-type - INFO - Aggragate with SucFedAvg
2022-10-07 00:57:13,291 - FL-type - INFO - --------------------- test result ---------------------
2022-10-07 00:57:15,280 - FL-type - INFO - test_accuracy: 0.05458835533448122, 10th percentile: 0.031209416421017915, 50th percentile: 0.06857142857142857, 90th percentile 0.08711244698810063
2022-10-07 00:57:15,283 - FL-type - INFO - test_loss: 3.6969641721276756, 10th percentile: 3.417170834541321, 50th percentile: 3.474449038505554, 90th percentile 3.976858901977539
2022-10-07 00:57:15,284 - FL-type - INFO - ===================== Round 21 of 6000 =====================
2022-10-07 00:57:15,284 - FL-type - INFO - --------------------- selection stage ---------------------
2022-10-07 00:57:15,284 - FL-type - INFO - current time: 790.9003809105175	time window: 20.0	
2022-10-07 00:57:15,285 - FL-type - INFO - 641 of 641 clients online
2022-10-07 00:57:15,319 - FL-type - INFO - epsilon 0.6131093618159029
2022-10-07 00:57:15,320 - FL-type - INFO - selected num: 130
2022-10-07 00:57:15,321 - FL-type - INFO - --------------------- configuration stage ---------------------
2022-10-07 00:57:15,321 - FL-type - INFO - this round deadline 143
2022-10-07 00:57:53,150 - FL-type - INFO - average acc: 0.0979999999999999, average loss: 3.4573388671875
2022-10-07 00:57:53,150 - FL-type - INFO - configuration and update stage simulation time: 18.770758162679027
2022-10-07 00:57:53,154 - FL-type - INFO - --------------------- report stage ---------------------
2022-10-07 00:57:53,154 - FL-type - INFO - 100 of 130 clients upload successfully
2022-10-07 00:57:53,154 - FL-type - INFO - round succeed, updating global model...
2022-10-07 00:57:53,154 - FL-type - INFO - Aggragate with SucFedAvg
2022-10-07 00:57:53,744 - FL-type - INFO - ===================== Round 22 of 6000 =====================
2022-10-07 00:57:53,745 - FL-type - INFO - --------------------- selection stage ---------------------
2022-10-07 00:57:53,745 - FL-type - INFO - current time: 829.6711390731965	time window: 20.0	
2022-10-07 00:57:53,746 - FL-type - INFO - 641 of 641 clients online
2022-10-07 00:57:53,809 - FL-type - INFO - epsilon 0.6008471745795848
2022-10-07 00:57:53,810 - FL-type - INFO - selected num: 130
2022-10-07 00:57:53,811 - FL-type - INFO - --------------------- configuration stage ---------------------
2022-10-07 00:57:53,811 - FL-type - INFO - this round deadline 143
2022-10-07 00:58:38,978 - FL-type - INFO - average acc: 0.08922222222222218, average loss: 3.4476755261421204
2022-10-07 00:58:38,979 - FL-type - INFO - configuration and update stage simulation time: 17.000593489079932
2022-10-07 00:58:38,981 - FL-type - INFO - --------------------- report stage ---------------------
2022-10-07 00:58:38,981 - FL-type - INFO - 100 of 130 clients upload successfully
2022-10-07 00:58:38,981 - FL-type - INFO - round succeed, updating global model...
2022-10-07 00:58:38,981 - FL-type - INFO - Aggragate with SucFedAvg
2022-10-07 00:58:39,719 - FL-type - INFO - ===================== Round 23 of 6000 =====================
2022-10-07 00:58:39,719 - FL-type - INFO - --------------------- selection stage ---------------------
2022-10-07 00:58:39,719 - FL-type - INFO - current time: 866.6717325622765	time window: 20.0	
2022-10-07 00:58:39,720 - FL-type - INFO - 641 of 641 clients online
2022-10-07 00:58:39,740 - FL-type - INFO - epsilon 0.5888302310879932
2022-10-07 00:58:39,740 - FL-type - INFO - selected num: 130
2022-10-07 00:58:39,740 - FL-type - INFO - --------------------- configuration stage ---------------------
2022-10-07 00:58:39,740 - FL-type - INFO - this round deadline 143
