2022-10-06 19:41:07,338 - FL-type - INFO - logger init finished ---- log file: configs/femnist/femnist_fedavg_1T_seed0.cfg.log
2022-10-06 19:41:07,506 - FL-type - INFO - read config from configs/femnist/femnist_fedavg_1T_seed0.cfg
2022-10-06 19:41:07,506 - FL-type - INFO - no behavior heterogeneity! assume client is availiable at any time.
2022-10-06 19:41:07,506 - FL-type - INFO - ================= Config =================
2022-10-06 19:41:07,506 - FL-type - INFO - 	config_name = configs/femnist/femnist_fedavg_1T_seed0.cfg
2022-10-06 19:41:07,506 - FL-type - INFO - 	dataset = femnist
2022-10-06 19:41:07,506 - FL-type - INFO - 	model = cnn
2022-10-06 19:41:07,506 - FL-type - INFO - 	num_rounds = 6000
2022-10-06 19:41:07,506 - FL-type - INFO - 	lr = 0.001
2022-10-06 19:41:07,506 - FL-type - INFO - 	eval_every = 5
2022-10-06 19:41:07,506 - FL-type - INFO - 	clients_per_round = 100
2022-10-06 19:41:07,506 - FL-type - INFO - 	min_selected = 1
2022-10-06 19:41:07,506 - FL-type - INFO - 	max_sample = 2147483647
2022-10-06 19:41:07,506 - FL-type - INFO - 	batch_size = 10
2022-10-06 19:41:07,506 - FL-type - INFO - 	seed = 0
2022-10-06 19:41:07,506 - FL-type - INFO - 	num_epochs = 5
2022-10-06 19:41:07,506 - FL-type - INFO - 	minibatch = None
2022-10-06 19:41:07,506 - FL-type - INFO - 	round_ddl = 1000
2022-10-06 19:41:07,506 - FL-type - INFO - 	update_frac = 0.01
2022-10-06 19:41:07,506 - FL-type - INFO - 	max_client_num = 9223372036854775807
2022-10-06 19:41:07,507 - FL-type - INFO - 	aggregate_algorithm = SucFedAvg
2022-10-06 19:41:07,507 - FL-type - INFO - 	time_window = [20.0, 0.0]
2022-10-06 19:41:07,507 - FL-type - INFO - 	user_trace = False
2022-10-06 19:41:07,507 - FL-type - INFO - 	behav_hete = False
2022-10-06 19:41:07,507 - FL-type - INFO - 	hard_hete = True
2022-10-06 19:41:07,507 - FL-type - INFO - 	no_training = False
2022-10-06 19:41:07,507 - FL-type - INFO - 	compress_algo = None
2022-10-06 19:41:07,507 - FL-type - INFO - 	fedprox = False
2022-10-06 19:41:07,507 - FL-type - INFO - 	fedprox_mu = 0
2022-10-06 19:41:07,507 - FL-type - INFO - 	fedbalancer = False
2022-10-06 19:41:07,507 - FL-type - INFO - 	fb_w = 1
2022-10-06 19:41:07,507 - FL-type - INFO - 	fb_p = 0.0
2022-10-06 19:41:07,507 - FL-type - INFO - 	fb_inference_pipelining = False
2022-10-06 19:41:07,507 - FL-type - INFO - 	noise_factor = 0.0
2022-10-06 19:41:07,507 - FL-type - INFO - 	fb_simple_control_lt_stepsize = 0
2022-10-06 19:41:07,507 - FL-type - INFO - 	fb_simple_control_ddl_stepsize = 0
2022-10-06 19:41:07,507 - FL-type - INFO - 	fb_client_selection = False
2022-10-06 19:41:07,507 - FL-type - INFO - 	oort_pacer = False
2022-10-06 19:41:07,507 - FL-type - INFO - 	oort_pacer_delta = 10
2022-10-06 19:41:07,507 - FL-type - INFO - 	oort_blacklist = False
2022-10-06 19:41:07,507 - FL-type - INFO - 	oort_blacklist_rounds = 10
2022-10-06 19:41:07,507 - FL-type - INFO - 	oort = False
2022-10-06 19:41:07,507 - FL-type - INFO - 	oortbalancer = False
2022-10-06 19:41:07,507 - FL-type - INFO - 	ddl_baseline_smartpc = False
2022-10-06 19:41:07,507 - FL-type - INFO - 	ddl_baseline_smartpc_percentage = 0.0
2022-10-06 19:41:07,507 - FL-type - INFO - 	ddl_baseline_fixed = True
2022-10-06 19:41:07,507 - FL-type - INFO - 	ddl_baseline_fixed_value_multiplied_at_mean = 1.0
2022-10-06 19:41:07,507 - FL-type - INFO - 	global_final_time = 300000
2022-10-06 19:41:07,507 - FL-type - INFO - 	global_final_test_accuracy = 0.0
2022-10-06 19:41:07,507 - FL-type - INFO - 	output_path = ../models/configs/femnist/
2022-10-06 19:41:07,507 - FL-type - INFO - 	ss_baseline = False
2022-10-06 19:41:07,507 - FL-type - INFO - ================= ====== =================
2022-10-06 19:41:07,508 - FL-type - INFO - ############################## femnist.client_model ##############################
2022-10-06 19:41:08,029 - FL-type - INFO - model size: 26310776
2022-10-06 19:41:08,030 - FL-type - INFO - ======================Setup Clients==========================
2022-10-06 19:41:24,110 - FL-type - INFO - Train Clients in Total: 641
2022-10-06 19:41:24,110 - FL-type - INFO - Test Clients in Total: 72
2022-10-06 19:41:24,117 - FL-type - INFO - set up 10 clients
2022-10-06 19:41:24,119 - FL-type - INFO - set up 20 clients
2022-10-06 19:41:24,120 - FL-type - INFO - set up 30 clients
2022-10-06 19:41:24,162 - FL-type - INFO - set up 40 clients
2022-10-06 19:41:24,163 - FL-type - INFO - set up 50 clients
2022-10-06 19:41:24,165 - FL-type - INFO - set up 60 clients
2022-10-06 19:41:24,166 - FL-type - INFO - set up 70 clients
2022-10-06 19:41:24,168 - FL-type - INFO - set up 80 clients
2022-10-06 19:41:24,169 - FL-type - INFO - set up 90 clients
2022-10-06 19:41:24,171 - FL-type - INFO - set up 100 clients
2022-10-06 19:41:24,172 - FL-type - INFO - set up 110 clients
2022-10-06 19:41:24,173 - FL-type - INFO - set up 120 clients
2022-10-06 19:41:24,175 - FL-type - INFO - set up 130 clients
2022-10-06 19:41:24,176 - FL-type - INFO - set up 140 clients
2022-10-06 19:41:24,178 - FL-type - INFO - set up 150 clients
2022-10-06 19:41:24,179 - FL-type - INFO - set up 160 clients
2022-10-06 19:41:24,181 - FL-type - INFO - set up 170 clients
2022-10-06 19:41:24,182 - FL-type - INFO - set up 180 clients
2022-10-06 19:41:24,183 - FL-type - INFO - set up 190 clients
2022-10-06 19:41:24,185 - FL-type - INFO - set up 200 clients
2022-10-06 19:41:24,186 - FL-type - INFO - set up 210 clients
2022-10-06 19:41:24,188 - FL-type - INFO - set up 220 clients
2022-10-06 19:41:24,189 - FL-type - INFO - set up 230 clients
2022-10-06 19:41:24,191 - FL-type - INFO - set up 240 clients
2022-10-06 19:41:24,192 - FL-type - INFO - set up 250 clients
2022-10-06 19:41:24,193 - FL-type - INFO - set up 260 clients
2022-10-06 19:41:24,195 - FL-type - INFO - set up 270 clients
2022-10-06 19:41:24,196 - FL-type - INFO - set up 280 clients
2022-10-06 19:41:24,198 - FL-type - INFO - set up 290 clients
2022-10-06 19:41:24,199 - FL-type - INFO - set up 300 clients
2022-10-06 19:41:24,200 - FL-type - INFO - set up 310 clients
2022-10-06 19:41:24,202 - FL-type - INFO - set up 320 clients
2022-10-06 19:41:24,203 - FL-type - INFO - set up 330 clients
2022-10-06 19:41:24,205 - FL-type - INFO - set up 340 clients
2022-10-06 19:41:24,206 - FL-type - INFO - set up 350 clients
2022-10-06 19:41:24,208 - FL-type - INFO - set up 360 clients
2022-10-06 19:41:24,209 - FL-type - INFO - set up 370 clients
2022-10-06 19:41:24,210 - FL-type - INFO - set up 380 clients
2022-10-06 19:41:24,212 - FL-type - INFO - set up 390 clients
2022-10-06 19:41:24,213 - FL-type - INFO - set up 400 clients
2022-10-06 19:41:24,215 - FL-type - INFO - set up 410 clients
2022-10-06 19:41:24,216 - FL-type - INFO - set up 420 clients
2022-10-06 19:41:24,218 - FL-type - INFO - set up 430 clients
2022-10-06 19:41:24,219 - FL-type - INFO - set up 440 clients
2022-10-06 19:41:24,220 - FL-type - INFO - set up 450 clients
2022-10-06 19:41:24,222 - FL-type - INFO - set up 460 clients
2022-10-06 19:41:24,223 - FL-type - INFO - set up 470 clients
2022-10-06 19:41:24,225 - FL-type - INFO - set up 480 clients
2022-10-06 19:41:24,226 - FL-type - INFO - set up 490 clients
2022-10-06 19:41:24,227 - FL-type - INFO - set up 500 clients
2022-10-06 19:41:24,229 - FL-type - INFO - set up 510 clients
2022-10-06 19:41:24,230 - FL-type - INFO - set up 520 clients
2022-10-06 19:41:24,232 - FL-type - INFO - set up 530 clients
2022-10-06 19:41:24,234 - FL-type - INFO - set up 540 clients
2022-10-06 19:41:24,235 - FL-type - INFO - set up 550 clients
2022-10-06 19:41:24,237 - FL-type - INFO - set up 560 clients
2022-10-06 19:41:24,238 - FL-type - INFO - set up 570 clients
2022-10-06 19:41:24,240 - FL-type - INFO - set up 580 clients
2022-10-06 19:41:24,241 - FL-type - INFO - set up 590 clients
2022-10-06 19:41:24,242 - FL-type - INFO - set up 600 clients
2022-10-06 19:41:24,244 - FL-type - INFO - set up 610 clients
2022-10-06 19:41:24,245 - FL-type - INFO - set up 620 clients
2022-10-06 19:41:24,247 - FL-type - INFO - set up 630 clients
2022-10-06 19:41:24,248 - FL-type - INFO - set up 640 clients
2022-10-06 19:41:24,657 - FL-type - INFO - Timer cached in cached_timers.json
2022-10-06 19:41:24,658 - FL-type - INFO - device setup result: defaultdict(<class 'int'>, {'Xiaomi Redmi Note 7 Pro': 303, 'Google Nexus S': 333, 'Google Pixel 4': 5})
2022-10-06 19:41:24,781 - FL-type - INFO - ===================== Random Initialization =====================
2022-10-06 19:41:24,781 - FL-type - INFO - ===================== Round 1 of 6000 =====================
2022-10-06 19:41:24,781 - FL-type - INFO - --------------------- selection stage ---------------------
2022-10-06 19:41:24,781 - FL-type - INFO - current time: 0	time window: 20.0	
2022-10-06 19:41:24,781 - FL-type - INFO - 641 of 641 clients online
2022-10-06 19:41:24,782 - FL-type - INFO - selected num: 100
2022-10-06 19:41:24,782 - FL-type - INFO - --------------------- configuration stage ---------------------
2022-10-06 19:41:24,782 - FL-type - INFO - this round deadline 143
2022-10-06 19:41:59,932 - FL-type - INFO - average acc: 0.07933934549489965, average loss: 3.9812047527386594
2022-10-06 19:41:59,933 - FL-type - INFO - configuration and update stage simulation time: 143
2022-10-06 19:41:59,933 - FL-type - INFO - --------------------- report stage ---------------------
2022-10-06 19:41:59,933 - FL-type - INFO - 52 of 100 clients upload successfully
2022-10-06 19:41:59,933 - FL-type - INFO - round succeed, updating global model...
2022-10-06 19:41:59,933 - FL-type - INFO - Aggragate with SucFedAvg
2022-10-06 19:42:00,373 - FL-type - INFO - ===================== Round 2 of 6000 =====================
2022-10-06 19:42:00,374 - FL-type - INFO - --------------------- selection stage ---------------------
2022-10-06 19:42:00,374 - FL-type - INFO - current time: 163.0	time window: 20.0	
2022-10-06 19:42:00,374 - FL-type - INFO - 641 of 641 clients online
2022-10-06 19:42:00,376 - FL-type - INFO - selected num: 100
2022-10-06 19:42:00,376 - FL-type - INFO - --------------------- configuration stage ---------------------
2022-10-06 19:42:00,376 - FL-type - INFO - this round deadline 143
2022-10-06 19:42:17,431 - FL-type - INFO - average acc: 0.0803099608900506, average loss: 3.7742681751648584
2022-10-06 19:42:17,431 - FL-type - INFO - configuration and update stage simulation time: 143
2022-10-06 19:42:17,431 - FL-type - INFO - --------------------- report stage ---------------------
2022-10-06 19:42:17,431 - FL-type - INFO - 48 of 100 clients upload successfully
2022-10-06 19:42:17,431 - FL-type - INFO - round succeed, updating global model...
2022-10-06 19:42:17,431 - FL-type - INFO - Aggragate with SucFedAvg
2022-10-06 19:42:17,711 - FL-type - INFO - ===================== Round 3 of 6000 =====================
2022-10-06 19:42:17,711 - FL-type - INFO - --------------------- selection stage ---------------------
2022-10-06 19:42:17,712 - FL-type - INFO - current time: 326.0	time window: 20.0	
2022-10-06 19:42:17,712 - FL-type - INFO - 641 of 641 clients online
2022-10-06 19:42:17,713 - FL-type - INFO - selected num: 100
2022-10-06 19:42:17,713 - FL-type - INFO - --------------------- configuration stage ---------------------
2022-10-06 19:42:17,714 - FL-type - INFO - this round deadline 143
2022-10-06 19:42:36,657 - FL-type - INFO - average acc: 0.07993139383303767, average loss: 3.5284671610051936
2022-10-06 19:42:36,657 - FL-type - INFO - configuration and update stage simulation time: 143
2022-10-06 19:42:36,657 - FL-type - INFO - --------------------- report stage ---------------------
2022-10-06 19:42:36,657 - FL-type - INFO - 55 of 100 clients upload successfully
2022-10-06 19:42:36,657 - FL-type - INFO - round succeed, updating global model...
2022-10-06 19:42:36,657 - FL-type - INFO - Aggragate with SucFedAvg
2022-10-06 19:42:36,878 - FL-type - INFO - ===================== Round 4 of 6000 =====================
2022-10-06 19:42:36,878 - FL-type - INFO - --------------------- selection stage ---------------------
2022-10-06 19:42:36,878 - FL-type - INFO - current time: 489.0	time window: 20.0	
2022-10-06 19:42:36,879 - FL-type - INFO - 641 of 641 clients online
2022-10-06 19:42:36,880 - FL-type - INFO - selected num: 100
2022-10-06 19:42:36,880 - FL-type - INFO - --------------------- configuration stage ---------------------
2022-10-06 19:42:36,880 - FL-type - INFO - this round deadline 143
2022-10-06 19:42:54,015 - FL-type - INFO - average acc: 0.08349152205457085, average loss: 3.414983477592468
2022-10-06 19:42:54,015 - FL-type - INFO - configuration and update stage simulation time: 143
2022-10-06 19:42:54,015 - FL-type - INFO - --------------------- report stage ---------------------
2022-10-06 19:42:54,015 - FL-type - INFO - 50 of 100 clients upload successfully
2022-10-06 19:42:54,015 - FL-type - INFO - round succeed, updating global model...
2022-10-06 19:42:54,015 - FL-type - INFO - Aggragate with SucFedAvg
2022-10-06 19:42:54,090 - FL-type - INFO - ===================== Round 5 of 6000 =====================
2022-10-06 19:42:54,090 - FL-type - INFO - --------------------- selection stage ---------------------
2022-10-06 19:42:54,090 - FL-type - INFO - current time: 652.0	time window: 20.0	
2022-10-06 19:42:54,090 - FL-type - INFO - 641 of 641 clients online
2022-10-06 19:42:54,092 - FL-type - INFO - selected num: 100
2022-10-06 19:42:54,092 - FL-type - INFO - --------------------- configuration stage ---------------------
2022-10-06 19:42:54,092 - FL-type - INFO - this round deadline 143
2022-10-06 19:43:16,675 - FL-type - INFO - average acc: 0.0830242286136818, average loss: 3.4836445759082664
2022-10-06 19:43:16,676 - FL-type - INFO - configuration and update stage simulation time: 143
2022-10-06 19:43:16,676 - FL-type - INFO - --------------------- report stage ---------------------
2022-10-06 19:43:16,676 - FL-type - INFO - 58 of 100 clients upload successfully
2022-10-06 19:43:16,676 - FL-type - INFO - round succeed, updating global model...
2022-10-06 19:43:16,676 - FL-type - INFO - Aggragate with SucFedAvg
2022-10-06 19:43:16,818 - FL-type - INFO - --------------------- test result ---------------------
2022-10-06 19:43:18,377 - FL-type - INFO - test_accuracy: 0.05407818378929915, 10th percentile: 0.031209416421017915, 50th percentile: 0.06949698189134809, 90th percentile 0.08711244698810063
2022-10-06 19:43:18,377 - FL-type - INFO - test_loss: 3.680459244018169, 10th percentile: 3.4406794548034667, 50th percentile: 3.5005695819854736, 90th percentile 3.920086884498596
2022-10-06 19:43:18,378 - FL-type - INFO - ===================== Round 6 of 6000 =====================
2022-10-06 19:43:18,378 - FL-type - INFO - --------------------- selection stage ---------------------
2022-10-06 19:43:18,378 - FL-type - INFO - current time: 815.0	time window: 20.0	
2022-10-06 19:43:18,378 - FL-type - INFO - 641 of 641 clients online
2022-10-06 19:43:18,379 - FL-type - INFO - selected num: 100
2022-10-06 19:43:18,379 - FL-type - INFO - --------------------- configuration stage ---------------------
2022-10-06 19:43:18,379 - FL-type - INFO - this round deadline 143
2022-10-06 19:43:45,523 - FL-type - INFO - average acc: 0.08082857531666017, average loss: 3.50510217014112
2022-10-06 19:43:45,524 - FL-type - INFO - configuration and update stage simulation time: 143
2022-10-06 19:43:45,524 - FL-type - INFO - --------------------- report stage ---------------------
2022-10-06 19:43:45,524 - FL-type - INFO - 57 of 100 clients upload successfully
2022-10-06 19:43:45,524 - FL-type - INFO - round succeed, updating global model...
2022-10-06 19:43:45,524 - FL-type - INFO - Aggragate with SucFedAvg
2022-10-06 19:43:45,735 - FL-type - INFO - ===================== Round 7 of 6000 =====================
2022-10-06 19:43:45,736 - FL-type - INFO - --------------------- selection stage ---------------------
2022-10-06 19:43:45,736 - FL-type - INFO - current time: 978.0	time window: 20.0	
2022-10-06 19:43:45,737 - FL-type - INFO - 641 of 641 clients online
2022-10-06 19:43:45,738 - FL-type - INFO - selected num: 100
2022-10-06 19:43:45,739 - FL-type - INFO - --------------------- configuration stage ---------------------
2022-10-06 19:43:45,739 - FL-type - INFO - this round deadline 143
