2022-10-07 00:23:51,013 - FL-type - INFO - logger init finished ---- log file: configs/femnist/femnist_fedbalancer_seed0.cfg.log
2022-10-07 00:23:51,182 - FL-type - INFO - read config from configs/femnist/femnist_fedbalancer_seed0.cfg
2022-10-07 00:23:51,182 - FL-type - INFO - no behavior heterogeneity! assume client is availiable at any time.
2022-10-07 00:23:51,182 - FL-type - INFO - ================= Config =================
2022-10-07 00:23:51,182 - FL-type - INFO - 	config_name = configs/femnist/femnist_fedbalancer_seed0.cfg
2022-10-07 00:23:51,182 - FL-type - INFO - 	dataset = femnist
2022-10-07 00:23:51,182 - FL-type - INFO - 	model = cnn
2022-10-07 00:23:51,182 - FL-type - INFO - 	num_rounds = 6000
2022-10-07 00:23:51,182 - FL-type - INFO - 	lr = 0.001
2022-10-07 00:23:51,182 - FL-type - INFO - 	eval_every = 5
2022-10-07 00:23:51,182 - FL-type - INFO - 	clients_per_round = 100
2022-10-07 00:23:51,182 - FL-type - INFO - 	min_selected = 1
2022-10-07 00:23:51,182 - FL-type - INFO - 	max_sample = 2147483647
2022-10-07 00:23:51,182 - FL-type - INFO - 	batch_size = 10
2022-10-07 00:23:51,182 - FL-type - INFO - 	seed = 0
2022-10-07 00:23:51,182 - FL-type - INFO - 	num_epochs = 5
2022-10-07 00:23:51,182 - FL-type - INFO - 	minibatch = None
2022-10-07 00:23:51,182 - FL-type - INFO - 	round_ddl = 1000
2022-10-07 00:23:51,182 - FL-type - INFO - 	update_frac = 0.01
2022-10-07 00:23:51,182 - FL-type - INFO - 	max_client_num = 9223372036854775807
2022-10-07 00:23:51,182 - FL-type - INFO - 	aggregate_algorithm = SucFedAvg
2022-10-07 00:23:51,182 - FL-type - INFO - 	time_window = [20.0, 0.0]
2022-10-07 00:23:51,182 - FL-type - INFO - 	user_trace = False
2022-10-07 00:23:51,182 - FL-type - INFO - 	behav_hete = False
2022-10-07 00:23:51,182 - FL-type - INFO - 	hard_hete = True
2022-10-07 00:23:51,182 - FL-type - INFO - 	no_training = False
2022-10-07 00:23:51,182 - FL-type - INFO - 	compress_algo = None
2022-10-07 00:23:51,183 - FL-type - INFO - 	fedprox = False
2022-10-07 00:23:51,183 - FL-type - INFO - 	fedprox_mu = 0
2022-10-07 00:23:51,183 - FL-type - INFO - 	fedbalancer = True
2022-10-07 00:23:51,183 - FL-type - INFO - 	fb_w = 20
2022-10-07 00:23:51,183 - FL-type - INFO - 	fb_p = 0.0
2022-10-07 00:23:51,183 - FL-type - INFO - 	fb_inference_pipelining = True
2022-10-07 00:23:51,183 - FL-type - INFO - 	noise_factor = 0.0
2022-10-07 00:23:51,183 - FL-type - INFO - 	fb_simple_control_lt_stepsize = 0.05
2022-10-07 00:23:51,183 - FL-type - INFO - 	fb_simple_control_ddl_stepsize = 0.05
2022-10-07 00:23:51,183 - FL-type - INFO - 	fb_client_selection = True
2022-10-07 00:23:51,183 - FL-type - INFO - 	oort_pacer = False
2022-10-07 00:23:51,183 - FL-type - INFO - 	oort_pacer_delta = 10
2022-10-07 00:23:51,183 - FL-type - INFO - 	oort_blacklist = False
2022-10-07 00:23:51,183 - FL-type - INFO - 	oort_blacklist_rounds = 10
2022-10-07 00:23:51,183 - FL-type - INFO - 	oort = False
2022-10-07 00:23:51,183 - FL-type - INFO - 	oortbalancer = False
2022-10-07 00:23:51,183 - FL-type - INFO - 	ddl_baseline_smartpc = False
2022-10-07 00:23:51,183 - FL-type - INFO - 	ddl_baseline_smartpc_percentage = 0.0
2022-10-07 00:23:51,183 - FL-type - INFO - 	ddl_baseline_fixed = False
2022-10-07 00:23:51,183 - FL-type - INFO - 	ddl_baseline_fixed_value_multiplied_at_mean = 0.0
2022-10-07 00:23:51,183 - FL-type - INFO - 	global_final_time = 300000
2022-10-07 00:23:51,183 - FL-type - INFO - 	global_final_test_accuracy = 0.0
2022-10-07 00:23:51,183 - FL-type - INFO - 	output_path = ../models/configs/femnist/
2022-10-07 00:23:51,183 - FL-type - INFO - 	ss_baseline = False
2022-10-07 00:23:51,183 - FL-type - INFO - 	fb_simple_control_lt = True
2022-10-07 00:23:51,183 - FL-type - INFO - 	fb_simple_control_ddl = True
2022-10-07 00:23:51,183 - FL-type - INFO - ================= ====== =================
2022-10-07 00:23:51,184 - FL-type - INFO - ############################## femnist.client_model ##############################
2022-10-07 00:23:51,637 - FL-type - INFO - model size: 26310776
2022-10-07 00:23:51,637 - FL-type - INFO - ======================Setup Clients==========================
2022-10-07 00:24:08,114 - FL-type - INFO - Train Clients in Total: 641
2022-10-07 00:24:08,115 - FL-type - INFO - Test Clients in Total: 72
2022-10-07 00:24:08,122 - FL-type - INFO - set up 10 clients
2022-10-07 00:24:08,123 - FL-type - INFO - set up 20 clients
2022-10-07 00:24:08,125 - FL-type - INFO - set up 30 clients
2022-10-07 00:24:08,168 - FL-type - INFO - set up 40 clients
2022-10-07 00:24:08,169 - FL-type - INFO - set up 50 clients
2022-10-07 00:24:08,171 - FL-type - INFO - set up 60 clients
2022-10-07 00:24:08,172 - FL-type - INFO - set up 70 clients
2022-10-07 00:24:08,174 - FL-type - INFO - set up 80 clients
2022-10-07 00:24:08,175 - FL-type - INFO - set up 90 clients
2022-10-07 00:24:08,177 - FL-type - INFO - set up 100 clients
2022-10-07 00:24:08,178 - FL-type - INFO - set up 110 clients
2022-10-07 00:24:08,180 - FL-type - INFO - set up 120 clients
2022-10-07 00:24:08,181 - FL-type - INFO - set up 130 clients
2022-10-07 00:24:08,182 - FL-type - INFO - set up 140 clients
2022-10-07 00:24:08,184 - FL-type - INFO - set up 150 clients
2022-10-07 00:24:08,185 - FL-type - INFO - set up 160 clients
2022-10-07 00:24:08,187 - FL-type - INFO - set up 170 clients
2022-10-07 00:24:08,188 - FL-type - INFO - set up 180 clients
2022-10-07 00:24:08,190 - FL-type - INFO - set up 190 clients
2022-10-07 00:24:08,191 - FL-type - INFO - set up 200 clients
2022-10-07 00:24:08,192 - FL-type - INFO - set up 210 clients
2022-10-07 00:24:08,194 - FL-type - INFO - set up 220 clients
2022-10-07 00:24:08,195 - FL-type - INFO - set up 230 clients
2022-10-07 00:24:08,197 - FL-type - INFO - set up 240 clients
2022-10-07 00:24:08,198 - FL-type - INFO - set up 250 clients
2022-10-07 00:24:08,200 - FL-type - INFO - set up 260 clients
2022-10-07 00:24:08,201 - FL-type - INFO - set up 270 clients
2022-10-07 00:24:08,202 - FL-type - INFO - set up 280 clients
2022-10-07 00:24:08,204 - FL-type - INFO - set up 290 clients
2022-10-07 00:24:08,205 - FL-type - INFO - set up 300 clients
2022-10-07 00:24:08,207 - FL-type - INFO - set up 310 clients
2022-10-07 00:24:08,208 - FL-type - INFO - set up 320 clients
2022-10-07 00:24:08,210 - FL-type - INFO - set up 330 clients
2022-10-07 00:24:08,211 - FL-type - INFO - set up 340 clients
2022-10-07 00:24:08,213 - FL-type - INFO - set up 350 clients
2022-10-07 00:24:08,214 - FL-type - INFO - set up 360 clients
2022-10-07 00:24:08,216 - FL-type - INFO - set up 370 clients
2022-10-07 00:24:08,217 - FL-type - INFO - set up 380 clients
2022-10-07 00:24:08,218 - FL-type - INFO - set up 390 clients
2022-10-07 00:24:08,220 - FL-type - INFO - set up 400 clients
2022-10-07 00:24:08,221 - FL-type - INFO - set up 410 clients
2022-10-07 00:24:08,223 - FL-type - INFO - set up 420 clients
2022-10-07 00:24:08,224 - FL-type - INFO - set up 430 clients
2022-10-07 00:24:08,226 - FL-type - INFO - set up 440 clients
2022-10-07 00:24:08,227 - FL-type - INFO - set up 450 clients
2022-10-07 00:24:08,228 - FL-type - INFO - set up 460 clients
2022-10-07 00:24:08,230 - FL-type - INFO - set up 470 clients
2022-10-07 00:24:08,231 - FL-type - INFO - set up 480 clients
2022-10-07 00:24:08,233 - FL-type - INFO - set up 490 clients
2022-10-07 00:24:08,234 - FL-type - INFO - set up 500 clients
2022-10-07 00:24:08,236 - FL-type - INFO - set up 510 clients
2022-10-07 00:24:08,237 - FL-type - INFO - set up 520 clients
2022-10-07 00:24:08,239 - FL-type - INFO - set up 530 clients
2022-10-07 00:24:08,241 - FL-type - INFO - set up 540 clients
2022-10-07 00:24:08,242 - FL-type - INFO - set up 550 clients
2022-10-07 00:24:08,244 - FL-type - INFO - set up 560 clients
2022-10-07 00:24:08,245 - FL-type - INFO - set up 570 clients
2022-10-07 00:24:08,247 - FL-type - INFO - set up 580 clients
2022-10-07 00:24:08,248 - FL-type - INFO - set up 590 clients
2022-10-07 00:24:08,250 - FL-type - INFO - set up 600 clients
2022-10-07 00:24:08,251 - FL-type - INFO - set up 610 clients
2022-10-07 00:24:08,252 - FL-type - INFO - set up 620 clients
2022-10-07 00:24:08,254 - FL-type - INFO - set up 630 clients
2022-10-07 00:24:08,255 - FL-type - INFO - set up 640 clients
2022-10-07 00:24:08,669 - FL-type - INFO - Timer cached in cached_timers.json
2022-10-07 00:24:08,673 - FL-type - INFO - device setup result: defaultdict(<class 'int'>, {'Xiaomi Redmi Note 7 Pro': 303, 'Google Nexus S': 333, 'Google Pixel 4': 5})
2022-10-07 00:24:08,801 - FL-type - INFO - ===================== Random Initialization =====================
2022-10-07 00:24:08,801 - FL-type - INFO - ===================== Round 1 of 6000 =====================
2022-10-07 00:24:08,801 - FL-type - INFO - --------------------- selection stage ---------------------
2022-10-07 00:24:08,801 - FL-type - INFO - current time: 0	time window: 20.0	
2022-10-07 00:24:08,802 - FL-type - INFO - 641 of 641 clients online
2022-10-07 00:24:08,814 - FL-type - INFO - selected num: 100
2022-10-07 00:24:08,814 - FL-type - INFO - --------------------- configuration stage ---------------------
2022-10-07 00:24:08,814 - FL-type - INFO - this round deadline 156
2022-10-07 00:24:57,651 - FL-type - INFO - average acc: 0.07515673013259487, average loss: 4.0131001099944115
2022-10-07 00:24:57,651 - FL-type - INFO - configuration and update stage simulation time: 156
2022-10-07 00:24:57,651 - FL-type - INFO - current_round_loss: 0.026577576731662347
2022-10-07 00:24:57,651 - FL-type - INFO - min sample loss: 3.982106924057007, max sample loss: 4.272441387176514
2022-10-07 00:24:57,651 - FL-type - INFO - epsilon 0.9
2022-10-07 00:24:57,654 - FL-type - INFO - --------------------- report stage ---------------------
2022-10-07 00:24:57,654 - FL-type - INFO - 96 of 100 clients upload successfully
2022-10-07 00:24:57,654 - FL-type - INFO - round succeed, updating global model...
2022-10-07 00:24:57,654 - FL-type - INFO - Aggragate with SucFedAvg
2022-10-07 00:24:59,935 - FL-type - INFO - ===================== Round 2 of 6000 =====================
2022-10-07 00:24:59,936 - FL-type - INFO - --------------------- selection stage ---------------------
2022-10-07 00:24:59,936 - FL-type - INFO - current time: 176.0	time window: 20.0	
2022-10-07 00:24:59,937 - FL-type - INFO - 641 of 641 clients online
2022-10-07 00:24:59,968 - FL-type - INFO - epsilon 0.882
2022-10-07 00:24:59,969 - FL-type - INFO - selected num: 100
2022-10-07 00:24:59,969 - FL-type - INFO - --------------------- configuration stage ---------------------
2022-10-07 00:24:59,970 - FL-type - INFO - loss_threshold 0
2022-10-07 00:24:59,970 - FL-type - INFO - this round deadline 156, loss_threshold 0
2022-10-07 00:24:59,970 - FL-type - INFO - this round deadline ratio 1.0, loss_threshold ratio 0.0
2022-10-07 00:25:43,177 - FL-type - INFO - average acc: 0.0727735118301895, average loss: 3.8395726559113483
2022-10-07 00:25:43,177 - FL-type - INFO - configuration and update stage simulation time: 156
2022-10-07 00:25:43,177 - FL-type - INFO - current_round_loss: 0.026156529496712818
2022-10-07 00:25:43,178 - FL-type - INFO - min sample loss: 3.879412889480591, max sample loss: 4.286548614501953
2022-10-07 00:25:43,178 - FL-type - INFO - epsilon 0.86436
2022-10-07 00:25:43,180 - FL-type - INFO - --------------------- report stage ---------------------
2022-10-07 00:25:43,180 - FL-type - INFO - 98 of 100 clients upload successfully
2022-10-07 00:25:43,180 - FL-type - INFO - round succeed, updating global model...
2022-10-07 00:25:43,180 - FL-type - INFO - Aggragate with SucFedAvg
2022-10-07 00:25:43,806 - FL-type - INFO - ===================== Round 3 of 6000 =====================
2022-10-07 00:25:43,806 - FL-type - INFO - --------------------- selection stage ---------------------
2022-10-07 00:25:43,806 - FL-type - INFO - current time: 352.0	time window: 20.0	
2022-10-07 00:25:43,807 - FL-type - INFO - 641 of 641 clients online
2022-10-07 00:25:43,837 - FL-type - INFO - epsilon 0.8470728
2022-10-07 00:25:43,838 - FL-type - INFO - selected num: 100
2022-10-07 00:25:43,838 - FL-type - INFO - --------------------- configuration stage ---------------------
2022-10-07 00:25:43,838 - FL-type - INFO - loss_threshold 0
2022-10-07 00:25:43,839 - FL-type - INFO - this round deadline 156, loss_threshold 0
2022-10-07 00:25:43,839 - FL-type - INFO - this round deadline ratio 1.0, loss_threshold ratio 0.0
2022-10-07 00:26:24,740 - FL-type - INFO - average acc: 0.0793964415757958, average loss: 3.588498113131282
2022-10-07 00:26:24,741 - FL-type - INFO - configuration and update stage simulation time: 156
2022-10-07 00:26:24,741 - FL-type - INFO - current_round_loss: 0.02533748697140994
2022-10-07 00:26:24,741 - FL-type - INFO - min sample loss: 3.559054374694824, max sample loss: 4.531314849853516
2022-10-07 00:26:24,741 - FL-type - INFO - epsilon 0.830131344
2022-10-07 00:26:24,743 - FL-type - INFO - --------------------- report stage ---------------------
2022-10-07 00:26:24,743 - FL-type - INFO - 99 of 100 clients upload successfully
2022-10-07 00:26:24,743 - FL-type - INFO - round succeed, updating global model...
2022-10-07 00:26:24,743 - FL-type - INFO - Aggragate with SucFedAvg
2022-10-07 00:26:25,272 - FL-type - INFO - ===================== Round 4 of 6000 =====================
2022-10-07 00:26:25,272 - FL-type - INFO - --------------------- selection stage ---------------------
2022-10-07 00:26:25,272 - FL-type - INFO - current time: 528.0	time window: 20.0	
2022-10-07 00:26:25,272 - FL-type - INFO - 641 of 641 clients online
2022-10-07 00:26:25,294 - FL-type - INFO - epsilon 0.81352871712
2022-10-07 00:26:25,295 - FL-type - INFO - selected num: 100
2022-10-07 00:26:25,295 - FL-type - INFO - --------------------- configuration stage ---------------------
2022-10-07 00:26:25,295 - FL-type - INFO - loss_threshold 0
2022-10-07 00:26:25,303 - FL-type - INFO - deadline_low 39, deadline_high 74, deadline 74.0
2022-10-07 00:26:25,303 - FL-type - INFO - this round deadline 74.0, loss_threshold 0
2022-10-07 00:26:25,303 - FL-type - INFO - this round deadline ratio 1.0, loss_threshold ratio 0.0
2022-10-07 00:27:04,877 - FL-type - INFO - average acc: 0.08127165444184634, average loss: 3.5215287798458768
2022-10-07 00:27:04,878 - FL-type - INFO - configuration and update stage simulation time: 74.0
2022-10-07 00:27:04,878 - FL-type - INFO - current_round_loss: 0.05140983194207877
2022-10-07 00:27:04,878 - FL-type - INFO - min sample loss: 3.1508288383483887, max sample loss: 5.032928466796875
2022-10-07 00:27:04,878 - FL-type - INFO - epsilon 0.7972581427776
2022-10-07 00:27:04,879 - FL-type - INFO - --------------------- report stage ---------------------
2022-10-07 00:27:04,880 - FL-type - INFO - 97 of 100 clients upload successfully
2022-10-07 00:27:04,880 - FL-type - INFO - round succeed, updating global model...
2022-10-07 00:27:04,880 - FL-type - INFO - Aggragate with SucFedAvg
2022-10-07 00:27:05,121 - FL-type - INFO - ===================== Round 5 of 6000 =====================
2022-10-07 00:27:05,122 - FL-type - INFO - --------------------- selection stage ---------------------
2022-10-07 00:27:05,122 - FL-type - INFO - current time: 622.0	time window: 20.0	
2022-10-07 00:27:05,123 - FL-type - INFO - 641 of 641 clients online
2022-10-07 00:27:05,154 - FL-type - INFO - epsilon 0.781312979922048
2022-10-07 00:27:05,155 - FL-type - INFO - selected num: 100
2022-10-07 00:27:05,156 - FL-type - INFO - --------------------- configuration stage ---------------------
2022-10-07 00:27:05,156 - FL-type - INFO - loss_threshold 0
2022-10-07 00:27:05,173 - FL-type - INFO - deadline_low 47, deadline_high 168, deadline 168.0
2022-10-07 00:27:05,174 - FL-type - INFO - this round deadline 168.0, loss_threshold 0
2022-10-07 00:27:05,174 - FL-type - INFO - this round deadline ratio 1.0, loss_threshold ratio 0.0
2022-10-07 00:27:56,186 - FL-type - INFO - average acc: 0.0811021877195074, average loss: 3.5032137826997407
2022-10-07 00:27:56,186 - FL-type - INFO - configuration and update stage simulation time: 168.0
2022-10-07 00:27:56,186 - FL-type - INFO - current_round_loss: 0.02226491422431644
2022-10-07 00:27:56,186 - FL-type - INFO - min sample loss: 2.7883386611938477, max sample loss: 5.327084541320801
2022-10-07 00:27:56,186 - FL-type - INFO - epsilon 0.765686720323607
2022-10-07 00:27:56,188 - FL-type - INFO - --------------------- report stage ---------------------
2022-10-07 00:27:56,188 - FL-type - INFO - 98 of 100 clients upload successfully
2022-10-07 00:27:56,188 - FL-type - INFO - round succeed, updating global model...
2022-10-07 00:27:56,188 - FL-type - INFO - Aggragate with SucFedAvg
2022-10-07 00:27:56,340 - FL-type - INFO - --------------------- test result ---------------------
2022-10-07 00:27:58,305 - FL-type - INFO - test_accuracy: 0.05407818378929915, 10th percentile: 0.031209416421017915, 50th percentile: 0.06949698189134809, 90th percentile 0.08711244698810063
2022-10-07 00:27:58,306 - FL-type - INFO - test_loss: 3.669326230842737, 10th percentile: 3.5403050661087034, 50th percentile: 3.6006933450698853, 90th percentile 3.7970154523849486
2022-10-07 00:27:58,306 - FL-type - INFO - ===================== Round 6 of 6000 =====================
2022-10-07 00:27:58,306 - FL-type - INFO - --------------------- selection stage ---------------------
2022-10-07 00:27:58,306 - FL-type - INFO - current time: 810.0	time window: 20.0	
2022-10-07 00:27:58,307 - FL-type - INFO - 641 of 641 clients online
2022-10-07 00:27:58,329 - FL-type - INFO - epsilon 0.7503729859171349
2022-10-07 00:27:58,330 - FL-type - INFO - selected num: 100
2022-10-07 00:27:58,330 - FL-type - INFO - --------------------- configuration stage ---------------------
2022-10-07 00:27:58,330 - FL-type - INFO - loss_threshold 0
2022-10-07 00:27:58,341 - FL-type - INFO - deadline_low 47, deadline_high 176, deadline 176.0
2022-10-07 00:27:58,341 - FL-type - INFO - this round deadline 176.0, loss_threshold 0
2022-10-07 00:27:58,341 - FL-type - INFO - this round deadline ratio 1.0, loss_threshold ratio 0.0
2022-10-07 00:28:48,751 - FL-type - INFO - average acc: 0.09056232827455099, average loss: 3.489124138355255
2022-10-07 00:28:48,751 - FL-type - INFO - configuration and update stage simulation time: 175.61586253771196
2022-10-07 00:28:48,751 - FL-type - INFO - current_round_loss: 0.021305359527686283
2022-10-07 00:28:48,752 - FL-type - INFO - min sample loss: 2.667451858520508, max sample loss: 5.573606491088867
2022-10-07 00:28:48,752 - FL-type - INFO - epsilon 0.7353655261987921
2022-10-07 00:28:48,753 - FL-type - INFO - --------------------- report stage ---------------------
2022-10-07 00:28:48,753 - FL-type - INFO - 100 of 100 clients upload successfully
2022-10-07 00:28:48,753 - FL-type - INFO - round succeed, updating global model...
2022-10-07 00:28:48,753 - FL-type - INFO - Aggragate with SucFedAvg
2022-10-07 00:28:49,210 - FL-type - INFO - ===================== Round 7 of 6000 =====================
2022-10-07 00:28:49,211 - FL-type - INFO - --------------------- selection stage ---------------------
2022-10-07 00:28:49,211 - FL-type - INFO - current time: 1005.615862537712	time window: 20.0	
2022-10-07 00:28:49,211 - FL-type - INFO - 641 of 641 clients online
2022-10-07 00:28:49,243 - FL-type - INFO - epsilon 0.7206582156748162
2022-10-07 00:28:49,244 - FL-type - INFO - selected num: 100
2022-10-07 00:28:49,244 - FL-type - INFO - --------------------- configuration stage ---------------------
2022-10-07 00:28:49,244 - FL-type - INFO - loss_threshold 0
2022-10-07 00:28:49,263 - FL-type - INFO - deadline_low 47, deadline_high 190, deadline 190.0
2022-10-07 00:28:49,263 - FL-type - INFO - this round deadline 190.0, loss_threshold 0
2022-10-07 00:28:49,263 - FL-type - INFO - this round deadline ratio 1.0, loss_threshold ratio 0.0
2022-10-07 00:29:35,857 - FL-type - INFO - average acc: 0.08198758001231536, average loss: 3.5236468540994745
2022-10-07 00:29:35,858 - FL-type - INFO - configuration and update stage simulation time: 190.0
2022-10-07 00:29:35,858 - FL-type - INFO - current_round_loss: 0.019680652997360413
2022-10-07 00:29:35,858 - FL-type - INFO - min sample loss: 2.4258675575256348, max sample loss: 5.6670989990234375
2022-10-07 00:29:35,858 - FL-type - INFO - epsilon 0.7062450513613199
2022-10-07 00:29:35,860 - FL-type - INFO - --------------------- report stage ---------------------
2022-10-07 00:29:35,860 - FL-type - INFO - 95 of 100 clients upload successfully
2022-10-07 00:29:35,860 - FL-type - INFO - round succeed, updating global model...
2022-10-07 00:29:35,860 - FL-type - INFO - Aggragate with SucFedAvg
2022-10-07 00:29:36,026 - FL-type - INFO - ===================== Round 8 of 6000 =====================
2022-10-07 00:29:36,027 - FL-type - INFO - --------------------- selection stage ---------------------
2022-10-07 00:29:36,027 - FL-type - INFO - current time: 1215.615862537712	time window: 20.0	
2022-10-07 00:29:36,028 - FL-type - INFO - 641 of 641 clients online
2022-10-07 00:29:36,068 - FL-type - INFO - epsilon 0.6921201503340935
2022-10-07 00:29:36,069 - FL-type - INFO - selected num: 100
2022-10-07 00:29:36,069 - FL-type - INFO - --------------------- configuration stage ---------------------
2022-10-07 00:29:36,069 - FL-type - INFO - loss_threshold 0
2022-10-07 00:29:36,088 - FL-type - INFO - deadline_low 48, deadline_high 172, deadline 172.0
2022-10-07 00:29:36,088 - FL-type - INFO - this round deadline 172.0, loss_threshold 0
2022-10-07 00:29:36,088 - FL-type - INFO - this round deadline ratio 1.0, loss_threshold ratio 0.0
2022-10-07 00:30:13,398 - FL-type - INFO - average acc: 0.08284463652214787, average loss: 3.5147869173361332
2022-10-07 00:30:13,399 - FL-type - INFO - configuration and update stage simulation time: 172.0
2022-10-07 00:30:13,399 - FL-type - INFO - current_round_loss: 0.021653732687749963
2022-10-07 00:30:13,399 - FL-type - INFO - min sample loss: 2.4449832439422607, max sample loss: 5.820581436157227
2022-10-07 00:30:13,399 - FL-type - INFO - epsilon 0.6782777473274115
2022-10-07 00:30:13,400 - FL-type - INFO - --------------------- report stage ---------------------
2022-10-07 00:30:13,400 - FL-type - INFO - 98 of 100 clients upload successfully
2022-10-07 00:30:13,400 - FL-type - INFO - round succeed, updating global model...
2022-10-07 00:30:13,400 - FL-type - INFO - Aggragate with SucFedAvg
2022-10-07 00:30:14,221 - FL-type - INFO - ===================== Round 9 of 6000 =====================
2022-10-07 00:30:14,221 - FL-type - INFO - --------------------- selection stage ---------------------
2022-10-07 00:30:14,221 - FL-type - INFO - current time: 1407.615862537712	time window: 20.0	
2022-10-07 00:30:14,222 - FL-type - INFO - 641 of 641 clients online
2022-10-07 00:30:14,259 - FL-type - INFO - epsilon 0.6647121923808633
2022-10-07 00:30:14,260 - FL-type - INFO - selected num: 100
2022-10-07 00:30:14,260 - FL-type - INFO - --------------------- configuration stage ---------------------
2022-10-07 00:30:14,260 - FL-type - INFO - loss_threshold 0
2022-10-07 00:30:14,287 - FL-type - INFO - deadline_low 43, deadline_high 165, deadline 165.0
2022-10-07 00:30:14,287 - FL-type - INFO - this round deadline 165.0, loss_threshold 0
2022-10-07 00:30:14,287 - FL-type - INFO - this round deadline ratio 1.0, loss_threshold ratio 0.0
2022-10-07 00:30:53,719 - FL-type - INFO - average acc: 0.08976728698279147, average loss: 3.4945804212511202
2022-10-07 00:30:53,719 - FL-type - INFO - configuration and update stage simulation time: 165.0
2022-10-07 00:30:53,721 - FL-type - INFO - current_round_loss: 0.023010411782246776
2022-10-07 00:30:53,721 - FL-type - INFO - min sample loss: 2.428816318511963, max sample loss: 5.866522789001465
2022-10-07 00:30:53,721 - FL-type - INFO - epsilon 0.6514179485332461
2022-10-07 00:30:53,723 - FL-type - INFO - --------------------- report stage ---------------------
2022-10-07 00:30:53,725 - FL-type - INFO - 97 of 100 clients upload successfully
2022-10-07 00:30:53,725 - FL-type - INFO - round succeed, updating global model...
2022-10-07 00:30:53,725 - FL-type - INFO - Aggragate with SucFedAvg
2022-10-07 00:30:54,029 - FL-type - INFO - ===================== Round 10 of 6000 =====================
2022-10-07 00:30:54,029 - FL-type - INFO - --------------------- selection stage ---------------------
2022-10-07 00:30:54,030 - FL-type - INFO - current time: 1592.615862537712	time window: 20.0	
2022-10-07 00:30:54,030 - FL-type - INFO - 641 of 641 clients online
2022-10-07 00:30:54,084 - FL-type - INFO - selected num: 100
2022-10-07 00:30:54,085 - FL-type - INFO - --------------------- configuration stage ---------------------
2022-10-07 00:30:54,086 - FL-type - INFO - loss_threshold 0
2022-10-07 00:30:54,116 - FL-type - INFO - deadline_low 40, deadline_high 141, deadline 141.0
2022-10-07 00:30:54,123 - FL-type - INFO - this round deadline 141.0, loss_threshold 0
2022-10-07 00:30:54,123 - FL-type - INFO - this round deadline ratio 1.0, loss_threshold ratio 0.0
2022-10-07 00:31:35,850 - FL-type - INFO - average acc: 0.07516037591045917, average loss: 3.6141445393465004
2022-10-07 00:31:35,851 - FL-type - INFO - configuration and update stage simulation time: 141.0
2022-10-07 00:31:35,851 - FL-type - INFO - current_round_loss: 0.02683051599834949
2022-10-07 00:31:35,851 - FL-type - INFO - min sample loss: 2.293654680252075, max sample loss: 5.954303741455078
2022-10-07 00:31:35,852 - FL-type - INFO - --------------------- report stage ---------------------
2022-10-07 00:31:35,852 - FL-type - INFO - 98 of 100 clients upload successfully
2022-10-07 00:31:35,852 - FL-type - INFO - round succeed, updating global model...
2022-10-07 00:31:35,852 - FL-type - INFO - Aggragate with SucFedAvg
2022-10-07 00:31:36,568 - FL-type - INFO - --------------------- test result ---------------------
2022-10-07 00:31:38,473 - FL-type - INFO - test_accuracy: 0.034053950640903004, 10th percentile: 0.00549754113290025, 50th percentile: 0.00658151114959948, 90th percentile 0.060957035897999154
2022-10-07 00:31:38,474 - FL-type - INFO - test_loss: 3.722498134298369, 10th percentile: 3.6243972301483156, 50th percentile: 3.757270097732544, 90th percentile 3.827173638343811
2022-10-07 00:31:38,474 - FL-type - INFO - ===================== Round 11 of 6000 =====================
2022-10-07 00:31:38,474 - FL-type - INFO - --------------------- selection stage ---------------------
2022-10-07 00:31:38,474 - FL-type - INFO - current time: 1753.615862537712	time window: 20.0	
2022-10-07 00:31:38,474 - FL-type - INFO - 641 of 641 clients online
2022-10-07 00:31:38,545 - FL-type - INFO - selected num: 100
2022-10-07 00:31:38,546 - FL-type - INFO - --------------------- configuration stage ---------------------
2022-10-07 00:31:38,546 - FL-type - INFO - loss_threshold 0
2022-10-07 00:31:38,576 - FL-type - INFO - deadline_low 40, deadline_high 143, deadline 143.0
2022-10-07 00:31:38,576 - FL-type - INFO - this round deadline 143.0, loss_threshold 0
2022-10-07 00:31:38,577 - FL-type - INFO - this round deadline ratio 1.0, loss_threshold ratio 0.0
2022-10-07 00:32:28,010 - FL-type - INFO - average acc: 0.07217063505158304, average loss: 3.6139149256426877
2022-10-07 00:32:28,011 - FL-type - INFO - configuration and update stage simulation time: 143.0
2022-10-07 00:32:28,011 - FL-type - INFO - current_round_loss: 0.026259848932184648
2022-10-07 00:32:28,011 - FL-type - INFO - min sample loss: 2.2724874019622803, max sample loss: 6.011393070220947
2022-10-07 00:32:28,011 - FL-type - INFO - --------------------- report stage ---------------------
2022-10-07 00:32:28,011 - FL-type - INFO - 99 of 100 clients upload successfully
2022-10-07 00:32:28,011 - FL-type - INFO - round succeed, updating global model...
2022-10-07 00:32:28,011 - FL-type - INFO - Aggragate with SucFedAvg
2022-10-07 00:32:28,142 - FL-type - INFO - ===================== Round 12 of 6000 =====================
2022-10-07 00:32:28,142 - FL-type - INFO - --------------------- selection stage ---------------------
2022-10-07 00:32:28,142 - FL-type - INFO - current time: 1916.615862537712	time window: 20.0	
2022-10-07 00:32:28,142 - FL-type - INFO - 641 of 641 clients online
2022-10-07 00:32:28,175 - FL-type - INFO - selected num: 100
2022-10-07 00:32:28,176 - FL-type - INFO - --------------------- configuration stage ---------------------
2022-10-07 00:32:28,176 - FL-type - INFO - loss_threshold 0
2022-10-07 00:32:28,194 - FL-type - INFO - deadline_low 40, deadline_high 150, deadline 150.0
2022-10-07 00:32:28,195 - FL-type - INFO - this round deadline 150.0, loss_threshold 0
2022-10-07 00:32:28,195 - FL-type - INFO - this round deadline ratio 1.0, loss_threshold ratio 0.0
2022-10-07 00:33:19,180 - FL-type - INFO - average acc: 0.07483000415814452, average loss: 3.605324742794037
2022-10-07 00:33:19,180 - FL-type - INFO - configuration and update stage simulation time: 149.89046976089216
2022-10-07 00:33:19,181 - FL-type - INFO - current_round_loss: 0.024758471115730818
2022-10-07 00:33:19,181 - FL-type - INFO - min sample loss: 2.31376576423645, max sample loss: 6.0972442626953125
2022-10-07 00:33:19,181 - FL-type - INFO - --------------------- report stage ---------------------
2022-10-07 00:33:19,181 - FL-type - INFO - 100 of 100 clients upload successfully
2022-10-07 00:33:19,181 - FL-type - INFO - round succeed, updating global model...
2022-10-07 00:33:19,181 - FL-type - INFO - Aggragate with SucFedAvg
2022-10-07 00:33:19,707 - FL-type - INFO - ===================== Round 13 of 6000 =====================
2022-10-07 00:33:19,707 - FL-type - INFO - --------------------- selection stage ---------------------
2022-10-07 00:33:19,707 - FL-type - INFO - current time: 2086.5063322986043	time window: 20.0	
2022-10-07 00:33:19,708 - FL-type - INFO - 641 of 641 clients online
2022-10-07 00:33:19,745 - FL-type - INFO - selected num: 100
2022-10-07 00:33:19,746 - FL-type - INFO - --------------------- configuration stage ---------------------
2022-10-07 00:33:19,746 - FL-type - INFO - loss_threshold 0
2022-10-07 00:33:19,764 - FL-type - INFO - deadline_low 42, deadline_high 143, deadline 143.0
2022-10-07 00:33:19,765 - FL-type - INFO - this round deadline 143.0, loss_threshold 0
2022-10-07 00:33:19,765 - FL-type - INFO - this round deadline ratio 1.0, loss_threshold ratio 0.0
2022-10-07 00:34:11,194 - FL-type - INFO - average acc: 0.07591361070103046, average loss: 3.6067624396466194
2022-10-07 00:34:11,195 - FL-type - INFO - configuration and update stage simulation time: 143.0
2022-10-07 00:34:11,195 - FL-type - INFO - current_round_loss: 0.025929608829953377
2022-10-07 00:34:11,195 - FL-type - INFO - min sample loss: 2.249622106552124, max sample loss: 6.21103572845459
2022-10-07 00:34:11,195 - FL-type - INFO - --------------------- report stage ---------------------
2022-10-07 00:34:11,195 - FL-type - INFO - 94 of 100 clients upload successfully
2022-10-07 00:34:11,195 - FL-type - INFO - round succeed, updating global model...
2022-10-07 00:34:11,195 - FL-type - INFO - Aggragate with SucFedAvg
2022-10-07 00:34:11,761 - FL-type - INFO - ===================== Round 14 of 6000 =====================
2022-10-07 00:34:11,761 - FL-type - INFO - --------------------- selection stage ---------------------
2022-10-07 00:34:11,761 - FL-type - INFO - current time: 2249.5063322986043	time window: 20.0	
2022-10-07 00:34:11,762 - FL-type - INFO - 641 of 641 clients online
2022-10-07 00:34:11,784 - FL-type - INFO - selected num: 100
2022-10-07 00:34:11,784 - FL-type - INFO - --------------------- configuration stage ---------------------
2022-10-07 00:34:11,784 - FL-type - INFO - loss_threshold 0
2022-10-07 00:34:11,796 - FL-type - INFO - deadline_low 42, deadline_high 150, deadline 150.0
2022-10-07 00:34:11,796 - FL-type - INFO - this round deadline 150.0, loss_threshold 0
2022-10-07 00:34:11,796 - FL-type - INFO - this round deadline ratio 1.0, loss_threshold ratio 0.0
2022-10-07 00:35:03,463 - FL-type - INFO - average acc: 0.07632868249363277, average loss: 3.609521339337031
2022-10-07 00:35:03,464 - FL-type - INFO - configuration and update stage simulation time: 150.0
2022-10-07 00:35:03,464 - FL-type - INFO - current_round_loss: 0.024682398044168132
2022-10-07 00:35:03,464 - FL-type - INFO - min sample loss: 2.193669319152832, max sample loss: 6.181288719177246
2022-10-07 00:35:03,464 - FL-type - INFO - --------------------- report stage ---------------------
2022-10-07 00:35:03,464 - FL-type - INFO - 96 of 100 clients upload successfully
2022-10-07 00:35:03,465 - FL-type - INFO - round succeed, updating global model...
2022-10-07 00:35:03,465 - FL-type - INFO - Aggragate with SucFedAvg
2022-10-07 00:35:03,821 - FL-type - INFO - ===================== Round 15 of 6000 =====================
2022-10-07 00:35:03,822 - FL-type - INFO - --------------------- selection stage ---------------------
2022-10-07 00:35:03,822 - FL-type - INFO - current time: 2419.5063322986043	time window: 20.0	
2022-10-07 00:35:03,823 - FL-type - INFO - 641 of 641 clients online
2022-10-07 00:35:03,856 - FL-type - INFO - selected num: 100
2022-10-07 00:35:03,857 - FL-type - INFO - --------------------- configuration stage ---------------------
2022-10-07 00:35:03,857 - FL-type - INFO - loss_threshold 0
2022-10-07 00:35:03,872 - FL-type - INFO - deadline_low 42, deadline_high 150, deadline 150.0
2022-10-07 00:35:03,872 - FL-type - INFO - this round deadline 150.0, loss_threshold 0
2022-10-07 00:35:03,872 - FL-type - INFO - this round deadline ratio 1.0, loss_threshold ratio 0.0
2022-10-07 00:35:46,728 - FL-type - INFO - average acc: 0.07602186970462338, average loss: 3.6071738042329486
2022-10-07 00:35:46,728 - FL-type - INFO - configuration and update stage simulation time: 150.0
2022-10-07 00:35:46,728 - FL-type - INFO - current_round_loss: 0.02463607485782781
2022-10-07 00:35:46,729 - FL-type - INFO - min sample loss: 2.1277995109558105, max sample loss: 6.2267560958862305
2022-10-07 00:35:46,729 - FL-type - INFO - --------------------- report stage ---------------------
2022-10-07 00:35:46,729 - FL-type - INFO - 95 of 100 clients upload successfully
2022-10-07 00:35:46,729 - FL-type - INFO - round succeed, updating global model...
2022-10-07 00:35:46,729 - FL-type - INFO - Aggragate with SucFedAvg
2022-10-07 00:35:48,130 - FL-type - INFO - --------------------- test result ---------------------
2022-10-07 00:35:50,089 - FL-type - INFO - test_accuracy: 0.034053950640903004, 10th percentile: 0.00549754113290025, 50th percentile: 0.00658151114959948, 90th percentile 0.060957035897999154
2022-10-07 00:35:50,091 - FL-type - INFO - test_loss: 3.743789136580808, 10th percentile: 3.628447079658508, 50th percentile: 3.805907130241394, 90th percentile 3.8747663259506226
2022-10-07 00:35:50,091 - FL-type - INFO - ===================== Round 16 of 6000 =====================
2022-10-07 00:35:50,091 - FL-type - INFO - --------------------- selection stage ---------------------
2022-10-07 00:35:50,091 - FL-type - INFO - current time: 2589.5063322986043	time window: 20.0	
2022-10-07 00:35:50,092 - FL-type - INFO - 641 of 641 clients online
2022-10-07 00:35:50,126 - FL-type - INFO - selected num: 100
2022-10-07 00:35:50,126 - FL-type - INFO - --------------------- configuration stage ---------------------
2022-10-07 00:35:50,127 - FL-type - INFO - loss_threshold 0
2022-10-07 00:35:50,145 - FL-type - INFO - deadline_low 41, deadline_high 150, deadline 150.0
2022-10-07 00:35:50,145 - FL-type - INFO - this round deadline 150.0, loss_threshold 0
2022-10-07 00:35:50,146 - FL-type - INFO - this round deadline ratio 1.0, loss_threshold ratio 0.0
2022-10-07 00:36:29,390 - FL-type - INFO - average acc: 0.07771733779122411, average loss: 3.6028309375681777
2022-10-07 00:36:29,391 - FL-type - INFO - configuration and update stage simulation time: 150.0
2022-10-07 00:36:29,391 - FL-type - INFO - current_round_loss: 0.02462010565950423
2022-10-07 00:36:29,391 - FL-type - INFO - min sample loss: 2.140843391418457, max sample loss: 6.245515823364258
2022-10-07 00:36:29,391 - FL-type - INFO - --------------------- report stage ---------------------
2022-10-07 00:36:29,391 - FL-type - INFO - 94 of 100 clients upload successfully
2022-10-07 00:36:29,391 - FL-type - INFO - round succeed, updating global model...
2022-10-07 00:36:29,391 - FL-type - INFO - Aggragate with SucFedAvg
2022-10-07 00:36:29,612 - FL-type - INFO - ===================== Round 17 of 6000 =====================
2022-10-07 00:36:29,613 - FL-type - INFO - --------------------- selection stage ---------------------
2022-10-07 00:36:29,613 - FL-type - INFO - current time: 2759.5063322986043	time window: 20.0	
2022-10-07 00:36:29,614 - FL-type - INFO - 641 of 641 clients online
2022-10-07 00:36:29,650 - FL-type - INFO - selected num: 100
2022-10-07 00:36:29,650 - FL-type - INFO - --------------------- configuration stage ---------------------
2022-10-07 00:36:29,650 - FL-type - INFO - loss_threshold 0
2022-10-07 00:36:29,670 - FL-type - INFO - deadline_low 41, deadline_high 143, deadline 143.0
2022-10-07 00:36:29,670 - FL-type - INFO - this round deadline 143.0, loss_threshold 0
2022-10-07 00:36:29,670 - FL-type - INFO - this round deadline ratio 1.0, loss_threshold ratio 0.0
2022-10-07 00:37:09,050 - FL-type - INFO - average acc: 0.07571981250786244, average loss: 3.6084420873661234
2022-10-07 00:37:09,051 - FL-type - INFO - configuration and update stage simulation time: 143.0
2022-10-07 00:37:09,051 - FL-type - INFO - current_round_loss: 0.02582266537140465
2022-10-07 00:37:09,051 - FL-type - INFO - min sample loss: 2.1121981143951416, max sample loss: 6.261810779571533
2022-10-07 00:37:09,051 - FL-type - INFO - --------------------- report stage ---------------------
2022-10-07 00:37:09,051 - FL-type - INFO - 99 of 100 clients upload successfully
2022-10-07 00:37:09,051 - FL-type - INFO - round succeed, updating global model...
2022-10-07 00:37:09,051 - FL-type - INFO - Aggragate with SucFedAvg
2022-10-07 00:37:09,390 - FL-type - INFO - ===================== Round 18 of 6000 =====================
2022-10-07 00:37:09,393 - FL-type - INFO - --------------------- selection stage ---------------------
2022-10-07 00:37:09,393 - FL-type - INFO - current time: 2922.5063322986043	time window: 20.0	
2022-10-07 00:37:09,394 - FL-type - INFO - 641 of 641 clients online
2022-10-07 00:37:09,456 - FL-type - INFO - selected num: 100
2022-10-07 00:37:09,456 - FL-type - INFO - --------------------- configuration stage ---------------------
2022-10-07 00:37:09,456 - FL-type - INFO - loss_threshold 0
2022-10-07 00:37:09,499 - FL-type - INFO - deadline_low 41, deadline_high 142, deadline 142.0
2022-10-07 00:37:09,499 - FL-type - INFO - this round deadline 142.0, loss_threshold 0
2022-10-07 00:37:09,499 - FL-type - INFO - this round deadline ratio 1.0, loss_threshold ratio 0.0
2022-10-07 00:37:54,348 - FL-type - INFO - average acc: 0.07334872449281818, average loss: 3.6142394935961852
2022-10-07 00:37:54,348 - FL-type - INFO - configuration and update stage simulation time: 142.0
2022-10-07 00:37:54,348 - FL-type - INFO - current_round_loss: 0.026094001638424458
2022-10-07 00:37:54,348 - FL-type - INFO - min sample loss: 2.1582844257354736, max sample loss: 6.238961696624756
2022-10-07 00:37:54,348 - FL-type - INFO - --------------------- report stage ---------------------
2022-10-07 00:37:54,348 - FL-type - INFO - 97 of 100 clients upload successfully
2022-10-07 00:37:54,348 - FL-type - INFO - round succeed, updating global model...
2022-10-07 00:37:54,348 - FL-type - INFO - Aggragate with SucFedAvg
2022-10-07 00:37:54,850 - FL-type - INFO - ===================== Round 19 of 6000 =====================
2022-10-07 00:37:54,850 - FL-type - INFO - --------------------- selection stage ---------------------
2022-10-07 00:37:54,850 - FL-type - INFO - current time: 3084.5063322986043	time window: 20.0	
2022-10-07 00:37:54,851 - FL-type - INFO - 641 of 641 clients online
2022-10-07 00:37:54,874 - FL-type - INFO - selected num: 100
2022-10-07 00:37:54,875 - FL-type - INFO - --------------------- configuration stage ---------------------
2022-10-07 00:37:54,875 - FL-type - INFO - loss_threshold 0
2022-10-07 00:37:54,887 - FL-type - INFO - deadline_low 41, deadline_high 141, deadline 141.0
2022-10-07 00:37:54,887 - FL-type - INFO - this round deadline 141.0, loss_threshold 0
2022-10-07 00:37:54,887 - FL-type - INFO - this round deadline ratio 1.0, loss_threshold ratio 0.0
2022-10-07 00:38:43,965 - FL-type - INFO - average acc: 0.07427834285989537, average loss: 3.61347733547813
2022-10-07 00:38:43,965 - FL-type - INFO - configuration and update stage simulation time: 141.0
2022-10-07 00:38:43,965 - FL-type - INFO - current_round_loss: 0.026303829926268053
2022-10-07 00:38:43,965 - FL-type - INFO - min sample loss: 2.137683153152466, max sample loss: 6.247492790222168
2022-10-07 00:38:43,966 - FL-type - INFO - --------------------- report stage ---------------------
2022-10-07 00:38:43,966 - FL-type - INFO - 95 of 100 clients upload successfully
2022-10-07 00:38:43,966 - FL-type - INFO - round succeed, updating global model...
2022-10-07 00:38:43,966 - FL-type - INFO - Aggragate with SucFedAvg
2022-10-07 00:38:44,560 - FL-type - INFO - ===================== Round 20 of 6000 =====================
2022-10-07 00:38:44,560 - FL-type - INFO - --------------------- selection stage ---------------------
2022-10-07 00:38:44,560 - FL-type - INFO - current time: 3245.5063322986043	time window: 20.0	
2022-10-07 00:38:44,561 - FL-type - INFO - 641 of 641 clients online
2022-10-07 00:38:44,595 - FL-type - INFO - selected num: 100
2022-10-07 00:38:44,595 - FL-type - INFO - --------------------- configuration stage ---------------------
2022-10-07 00:38:44,595 - FL-type - INFO - loss_threshold 0
2022-10-07 00:38:44,615 - FL-type - INFO - deadline_low 42, deadline_high 143, deadline 143.0
2022-10-07 00:38:44,615 - FL-type - INFO - this round deadline 143.0, loss_threshold 0
2022-10-07 00:38:44,615 - FL-type - INFO - this round deadline ratio 1.0, loss_threshold ratio 0.0
2022-10-07 00:39:38,738 - FL-type - INFO - average acc: 0.07457180307971348, average loss: 3.6101561152205175
2022-10-07 00:39:38,738 - FL-type - INFO - configuration and update stage simulation time: 143.0
2022-10-07 00:39:38,738 - FL-type - INFO - current_round_loss: 0.025848436520169132
2022-10-07 00:39:38,738 - FL-type - INFO - min sample loss: 2.1578474044799805, max sample loss: 6.244751930236816
2022-10-07 00:39:38,738 - FL-type - INFO - --------------------- report stage ---------------------
2022-10-07 00:39:38,738 - FL-type - INFO - 98 of 100 clients upload successfully
2022-10-07 00:39:38,738 - FL-type - INFO - round succeed, updating global model...
2022-10-07 00:39:38,738 - FL-type - INFO - Aggragate with SucFedAvg
2022-10-07 00:39:39,370 - FL-type - INFO - --------------------- test result ---------------------
2022-10-07 00:39:41,174 - FL-type - INFO - test_accuracy: 0.034053950640903004, 10th percentile: 0.00549754113290025, 50th percentile: 0.00658151114959948, 90th percentile 0.060957035897999154
2022-10-07 00:39:41,175 - FL-type - INFO - test_loss: 3.7368861451211934, 10th percentile: 3.6300724267959597, 50th percentile: 3.7901110649108887, 90th percentile 3.8625392436981203
2022-10-07 00:39:41,175 - FL-type - INFO - ===================== Round 21 of 6000 =====================
2022-10-07 00:39:41,175 - FL-type - INFO - --------------------- selection stage ---------------------
2022-10-07 00:39:41,176 - FL-type - INFO - current time: 3408.5063322986043	time window: 20.0	
2022-10-07 00:39:41,176 - FL-type - INFO - 641 of 641 clients online
2022-10-07 00:39:41,211 - FL-type - INFO - selected num: 100
2022-10-07 00:39:41,211 - FL-type - INFO - --------------------- configuration stage ---------------------
2022-10-07 00:39:41,212 - FL-type - INFO - loss_threshold 0
2022-10-07 00:39:41,231 - FL-type - INFO - deadline_low 40, deadline_high 143, deadline 143.0
2022-10-07 00:39:41,231 - FL-type - INFO - this round deadline 143.0, loss_threshold 0
2022-10-07 00:39:41,231 - FL-type - INFO - this round deadline ratio 1.0, loss_threshold ratio 0.0
2022-10-07 00:40:34,683 - FL-type - INFO - average acc: 0.07736050059332224, average loss: 3.604823842048645
2022-10-07 00:40:34,683 - FL-type - INFO - configuration and update stage simulation time: 141.91108731774978
2022-10-07 00:40:34,683 - FL-type - INFO - current_round_loss: 0.02579741697187047
2022-10-07 00:40:34,683 - FL-type - INFO - min sample loss: 2.0662996768951416, max sample loss: 6.237865924835205
2022-10-07 00:40:34,683 - FL-type - INFO - --------------------- report stage ---------------------
2022-10-07 00:40:34,683 - FL-type - INFO - 100 of 100 clients upload successfully
2022-10-07 00:40:34,683 - FL-type - INFO - round succeed, updating global model...
2022-10-07 00:40:34,683 - FL-type - INFO - Aggragate with SucFedAvg
2022-10-07 00:40:35,048 - FL-type - INFO - ===================== Round 22 of 6000 =====================
2022-10-07 00:40:35,049 - FL-type - INFO - --------------------- selection stage ---------------------
2022-10-07 00:40:35,049 - FL-type - INFO - current time: 3570.417419616354	time window: 20.0	
2022-10-07 00:40:35,050 - FL-type - INFO - 641 of 641 clients online
2022-10-07 00:40:35,089 - FL-type - INFO - selected num: 100
2022-10-07 00:40:35,089 - FL-type - INFO - --------------------- configuration stage ---------------------
2022-10-07 00:40:35,089 - FL-type - INFO - loss_threshold 0
2022-10-07 00:40:35,101 - FL-type - INFO - deadline_low 41, deadline_high 150, deadline 150.0
2022-10-07 00:40:35,101 - FL-type - INFO - this round deadline 150.0, loss_threshold 0
2022-10-07 00:40:35,101 - FL-type - INFO - this round deadline ratio 1.0, loss_threshold ratio 0.0
2022-10-07 00:41:13,288 - FL-type - INFO - average acc: 0.07581537552533986, average loss: 3.610320420975381
2022-10-07 00:41:13,288 - FL-type - INFO - configuration and update stage simulation time: 150.0
2022-10-07 00:41:13,288 - FL-type - INFO - current_round_loss: 0.024633244027890015
2022-10-07 00:41:13,288 - FL-type - INFO - min sample loss: 2.122307777404785, max sample loss: 6.251672267913818
2022-10-07 00:41:13,288 - FL-type - INFO - --------------------- report stage ---------------------
2022-10-07 00:41:13,288 - FL-type - INFO - 94 of 100 clients upload successfully
2022-10-07 00:41:13,288 - FL-type - INFO - round succeed, updating global model...
2022-10-07 00:41:13,288 - FL-type - INFO - Aggragate with SucFedAvg
2022-10-07 00:41:13,748 - FL-type - INFO - ===================== Round 23 of 6000 =====================
2022-10-07 00:41:13,748 - FL-type - INFO - --------------------- selection stage ---------------------
2022-10-07 00:41:13,748 - FL-type - INFO - current time: 3740.417419616354	time window: 20.0	
2022-10-07 00:41:13,749 - FL-type - INFO - 641 of 641 clients online
2022-10-07 00:41:13,781 - FL-type - INFO - selected num: 100
2022-10-07 00:41:13,781 - FL-type - INFO - --------------------- configuration stage ---------------------
2022-10-07 00:41:13,781 - FL-type - INFO - loss_threshold 0
2022-10-07 00:41:13,800 - FL-type - INFO - deadline_low 42, deadline_high 142, deadline 142.0
2022-10-07 00:41:13,800 - FL-type - INFO - this round deadline 142.0, loss_threshold 0
2022-10-07 00:41:13,800 - FL-type - INFO - this round deadline ratio 1.0, loss_threshold ratio 0.0
2022-10-07 00:41:55,957 - FL-type - INFO - average acc: 0.07728670520205151, average loss: 3.6068339495314765
2022-10-07 00:41:55,957 - FL-type - INFO - configuration and update stage simulation time: 142.0
2022-10-07 00:41:55,957 - FL-type - INFO - current_round_loss: 0.0260373196496069
2022-10-07 00:41:55,957 - FL-type - INFO - min sample loss: 2.0555083751678467, max sample loss: 6.220791816711426
2022-10-07 00:41:55,957 - FL-type - INFO - --------------------- report stage ---------------------
2022-10-07 00:41:55,957 - FL-type - INFO - 97 of 100 clients upload successfully
2022-10-07 00:41:55,957 - FL-type - INFO - round succeed, updating global model...
2022-10-07 00:41:55,957 - FL-type - INFO - Aggragate with SucFedAvg
2022-10-07 00:41:56,384 - FL-type - INFO - ===================== Round 24 of 6000 =====================
2022-10-07 00:41:56,385 - FL-type - INFO - --------------------- selection stage ---------------------
2022-10-07 00:41:56,385 - FL-type - INFO - current time: 3902.417419616354	time window: 20.0	
2022-10-07 00:41:56,386 - FL-type - INFO - 641 of 641 clients online
2022-10-07 00:41:56,451 - FL-type - INFO - selected num: 100
2022-10-07 00:41:56,454 - FL-type - INFO - --------------------- configuration stage ---------------------
2022-10-07 00:41:56,454 - FL-type - INFO - loss_threshold 0
2022-10-07 00:41:56,484 - FL-type - INFO - deadline_low 42, deadline_high 143, deadline 143.0
2022-10-07 00:41:56,485 - FL-type - INFO - this round deadline 143.0, loss_threshold 0
2022-10-07 00:41:56,485 - FL-type - INFO - this round deadline ratio 1.0, loss_threshold ratio 0.0
2022-10-07 00:42:44,769 - FL-type - INFO - average acc: 0.07437240979761346, average loss: 3.61130831217525
2022-10-07 00:42:44,770 - FL-type - INFO - configuration and update stage simulation time: 143.0
2022-10-07 00:42:44,770 - FL-type - INFO - current_round_loss: 0.02586924860149301
2022-10-07 00:42:44,770 - FL-type - INFO - min sample loss: 2.1636388301849365, max sample loss: 6.2142744064331055
2022-10-07 00:42:44,770 - FL-type - INFO - --------------------- report stage ---------------------
2022-10-07 00:42:44,770 - FL-type - INFO - 99 of 100 clients upload successfully
2022-10-07 00:42:44,770 - FL-type - INFO - round succeed, updating global model...
2022-10-07 00:42:44,770 - FL-type - INFO - Aggragate with SucFedAvg
2022-10-07 00:42:45,642 - FL-type - INFO - ===================== Round 25 of 6000 =====================
2022-10-07 00:42:45,643 - FL-type - INFO - --------------------- selection stage ---------------------
2022-10-07 00:42:45,643 - FL-type - INFO - current time: 4065.417419616354	time window: 20.0	
2022-10-07 00:42:45,644 - FL-type - INFO - 641 of 641 clients online
2022-10-07 00:42:45,678 - FL-type - INFO - selected num: 100
2022-10-07 00:42:45,678 - FL-type - INFO - --------------------- configuration stage ---------------------
2022-10-07 00:42:45,678 - FL-type - INFO - loss_threshold 0
2022-10-07 00:42:45,706 - FL-type - INFO - deadline_low 42, deadline_high 143, deadline 143.0
2022-10-07 00:42:45,712 - FL-type - INFO - this round deadline 143.0, loss_threshold 0
2022-10-07 00:42:45,712 - FL-type - INFO - this round deadline ratio 1.0, loss_threshold ratio 0.0
2022-10-07 00:43:30,825 - FL-type - INFO - average acc: 0.07306618985469154, average loss: 3.608628681727818
2022-10-07 00:43:30,825 - FL-type - INFO - configuration and update stage simulation time: 143.0
2022-10-07 00:43:30,825 - FL-type - INFO - current_round_loss: 0.025859310154986655
2022-10-07 00:43:30,825 - FL-type - INFO - min sample loss: 2.0207741260528564, max sample loss: 6.24068021774292
2022-10-07 00:43:30,825 - FL-type - INFO - --------------------- report stage ---------------------
2022-10-07 00:43:30,825 - FL-type - INFO - 98 of 100 clients upload successfully
2022-10-07 00:43:30,825 - FL-type - INFO - round succeed, updating global model...
2022-10-07 00:43:30,825 - FL-type - INFO - Aggragate with SucFedAvg
2022-10-07 00:43:31,377 - FL-type - INFO - --------------------- test result ---------------------
2022-10-07 00:43:33,337 - FL-type - INFO - test_accuracy: 0.034053950640903004, 10th percentile: 0.00549754113290025, 50th percentile: 0.00658151114959948, 90th percentile 0.060957035897999154
2022-10-07 00:43:33,337 - FL-type - INFO - test_loss: 3.7339086301639504, 10th percentile: 3.634451651573181, 50th percentile: 3.7833889722824097, 90th percentile 3.8560553073883055
2022-10-07 00:43:33,338 - FL-type - INFO - ===================== Round 26 of 6000 =====================
2022-10-07 00:43:33,338 - FL-type - INFO - --------------------- selection stage ---------------------
2022-10-07 00:43:33,338 - FL-type - INFO - current time: 4228.417419616354	time window: 20.0	
2022-10-07 00:43:33,338 - FL-type - INFO - 641 of 641 clients online
2022-10-07 00:43:33,374 - FL-type - INFO - selected num: 100
2022-10-07 00:43:33,374 - FL-type - INFO - --------------------- configuration stage ---------------------
2022-10-07 00:43:33,374 - FL-type - INFO - loss_threshold 0
2022-10-07 00:43:33,393 - FL-type - INFO - deadline_low 40, deadline_high 150, deadline 150.0
2022-10-07 00:43:33,393 - FL-type - INFO - this round deadline 150.0, loss_threshold 0
2022-10-07 00:43:33,393 - FL-type - INFO - this round deadline ratio 1.0, loss_threshold ratio 0.0
2022-10-07 00:44:30,614 - FL-type - INFO - average acc: 0.07617678688987065, average loss: 3.6076103749901356
2022-10-07 00:44:30,614 - FL-type - INFO - configuration and update stage simulation time: 150.0
2022-10-07 00:44:30,615 - FL-type - INFO - current_round_loss: 0.02462443246172936
2022-10-07 00:44:30,615 - FL-type - INFO - min sample loss: 2.069936513900757, max sample loss: 6.252031326293945
2022-10-07 00:44:30,615 - FL-type - INFO - --------------------- report stage ---------------------
2022-10-07 00:44:30,615 - FL-type - INFO - 99 of 100 clients upload successfully
2022-10-07 00:44:30,615 - FL-type - INFO - round succeed, updating global model...
2022-10-07 00:44:30,615 - FL-type - INFO - Aggragate with SucFedAvg
2022-10-07 00:44:31,418 - FL-type - INFO - ===================== Round 27 of 6000 =====================
2022-10-07 00:44:31,418 - FL-type - INFO - --------------------- selection stage ---------------------
2022-10-07 00:44:31,418 - FL-type - INFO - current time: 4398.417419616354	time window: 20.0	
2022-10-07 00:44:31,419 - FL-type - INFO - 641 of 641 clients online
2022-10-07 00:44:31,454 - FL-type - INFO - selected num: 100
2022-10-07 00:44:31,454 - FL-type - INFO - --------------------- configuration stage ---------------------
2022-10-07 00:44:31,454 - FL-type - INFO - loss_threshold 0
2022-10-07 00:44:31,470 - FL-type - INFO - deadline_low 41, deadline_high 150, deadline 150.0
2022-10-07 00:44:31,470 - FL-type - INFO - this round deadline 150.0, loss_threshold 0
2022-10-07 00:44:31,470 - FL-type - INFO - this round deadline ratio 1.0, loss_threshold ratio 0.0
