2022-10-06 22:38:10,702 - FL-type - INFO - logger init finished ---- log file: configs/femnist/femnist_fedavg_SPC_seed0.cfg.log
2022-10-06 22:38:10,890 - FL-type - INFO - read config from configs/femnist/femnist_fedavg_SPC_seed0.cfg
2022-10-06 22:38:10,890 - FL-type - INFO - no behavior heterogeneity! assume client is availiable at any time.
2022-10-06 22:38:10,890 - FL-type - INFO - ================= Config =================
2022-10-06 22:38:10,890 - FL-type - INFO - 	config_name = configs/femnist/femnist_fedavg_SPC_seed0.cfg
2022-10-06 22:38:10,890 - FL-type - INFO - 	dataset = femnist
2022-10-06 22:38:10,890 - FL-type - INFO - 	model = cnn
2022-10-06 22:38:10,890 - FL-type - INFO - 	num_rounds = 6000
2022-10-06 22:38:10,891 - FL-type - INFO - 	lr = 0.001
2022-10-06 22:38:10,891 - FL-type - INFO - 	eval_every = 5
2022-10-06 22:38:10,891 - FL-type - INFO - 	clients_per_round = 100
2022-10-06 22:38:10,891 - FL-type - INFO - 	min_selected = 1
2022-10-06 22:38:10,891 - FL-type - INFO - 	max_sample = 2147483647
2022-10-06 22:38:10,891 - FL-type - INFO - 	batch_size = 10
2022-10-06 22:38:10,891 - FL-type - INFO - 	seed = 0
2022-10-06 22:38:10,891 - FL-type - INFO - 	num_epochs = 5
2022-10-06 22:38:10,891 - FL-type - INFO - 	minibatch = None
2022-10-06 22:38:10,891 - FL-type - INFO - 	round_ddl = 1000
2022-10-06 22:38:10,891 - FL-type - INFO - 	update_frac = 0.01
2022-10-06 22:38:10,891 - FL-type - INFO - 	max_client_num = 9223372036854775807
2022-10-06 22:38:10,891 - FL-type - INFO - 	aggregate_algorithm = SucFedAvg
2022-10-06 22:38:10,891 - FL-type - INFO - 	time_window = [20.0, 0.0]
2022-10-06 22:38:10,891 - FL-type - INFO - 	user_trace = False
2022-10-06 22:38:10,891 - FL-type - INFO - 	behav_hete = False
2022-10-06 22:38:10,891 - FL-type - INFO - 	hard_hete = True
2022-10-06 22:38:10,891 - FL-type - INFO - 	no_training = False
2022-10-06 22:38:10,891 - FL-type - INFO - 	compress_algo = None
2022-10-06 22:38:10,891 - FL-type - INFO - 	fedprox = False
2022-10-06 22:38:10,891 - FL-type - INFO - 	fedprox_mu = 0
2022-10-06 22:38:10,891 - FL-type - INFO - 	fedbalancer = False
2022-10-06 22:38:10,891 - FL-type - INFO - 	fb_w = 1
2022-10-06 22:38:10,891 - FL-type - INFO - 	fb_p = 0.0
2022-10-06 22:38:10,891 - FL-type - INFO - 	fb_inference_pipelining = False
2022-10-06 22:38:10,891 - FL-type - INFO - 	noise_factor = 0.0
2022-10-06 22:38:10,891 - FL-type - INFO - 	fb_simple_control_lt_stepsize = 0
2022-10-06 22:38:10,891 - FL-type - INFO - 	fb_simple_control_ddl_stepsize = 0
2022-10-06 22:38:10,891 - FL-type - INFO - 	fb_client_selection = False
2022-10-06 22:38:10,891 - FL-type - INFO - 	oort_pacer = False
2022-10-06 22:38:10,891 - FL-type - INFO - 	oort_pacer_delta = 10
2022-10-06 22:38:10,891 - FL-type - INFO - 	oort_blacklist = False
2022-10-06 22:38:10,891 - FL-type - INFO - 	oort_blacklist_rounds = 10
2022-10-06 22:38:10,891 - FL-type - INFO - 	oort = False
2022-10-06 22:38:10,891 - FL-type - INFO - 	oortbalancer = False
2022-10-06 22:38:10,892 - FL-type - INFO - 	ddl_baseline_smartpc = True
2022-10-06 22:38:10,892 - FL-type - INFO - 	ddl_baseline_smartpc_percentage = 0.8
2022-10-06 22:38:10,892 - FL-type - INFO - 	ddl_baseline_fixed = False
2022-10-06 22:38:10,892 - FL-type - INFO - 	ddl_baseline_fixed_value_multiplied_at_mean = 0.0
2022-10-06 22:38:10,892 - FL-type - INFO - 	global_final_time = 300000
2022-10-06 22:38:10,892 - FL-type - INFO - 	global_final_test_accuracy = 0.0
2022-10-06 22:38:10,892 - FL-type - INFO - 	output_path = ../models/configs/femnist/
2022-10-06 22:38:10,892 - FL-type - INFO - 	ss_baseline = False
2022-10-06 22:38:10,892 - FL-type - INFO - ================= ====== =================
2022-10-06 22:38:10,892 - FL-type - INFO - ############################## femnist.client_model ##############################
2022-10-06 22:38:11,028 - FL-type - INFO - model size: 26310776
2022-10-06 22:38:11,028 - FL-type - INFO - ======================Setup Clients==========================
2022-10-06 22:38:27,298 - FL-type - INFO - Train Clients in Total: 641
2022-10-06 22:38:27,298 - FL-type - INFO - Test Clients in Total: 72
2022-10-06 22:38:27,305 - FL-type - INFO - set up 10 clients
2022-10-06 22:38:27,307 - FL-type - INFO - set up 20 clients
2022-10-06 22:38:27,308 - FL-type - INFO - set up 30 clients
2022-10-06 22:38:27,349 - FL-type - INFO - set up 40 clients
2022-10-06 22:38:27,351 - FL-type - INFO - set up 50 clients
2022-10-06 22:38:27,352 - FL-type - INFO - set up 60 clients
2022-10-06 22:38:27,354 - FL-type - INFO - set up 70 clients
2022-10-06 22:38:27,355 - FL-type - INFO - set up 80 clients
2022-10-06 22:38:27,357 - FL-type - INFO - set up 90 clients
2022-10-06 22:38:27,358 - FL-type - INFO - set up 100 clients
2022-10-06 22:38:27,359 - FL-type - INFO - set up 110 clients
2022-10-06 22:38:27,361 - FL-type - INFO - set up 120 clients
2022-10-06 22:38:27,362 - FL-type - INFO - set up 130 clients
2022-10-06 22:38:27,364 - FL-type - INFO - set up 140 clients
2022-10-06 22:38:27,365 - FL-type - INFO - set up 150 clients
2022-10-06 22:38:27,367 - FL-type - INFO - set up 160 clients
2022-10-06 22:38:27,368 - FL-type - INFO - set up 170 clients
2022-10-06 22:38:27,370 - FL-type - INFO - set up 180 clients
2022-10-06 22:38:27,371 - FL-type - INFO - set up 190 clients
2022-10-06 22:38:27,372 - FL-type - INFO - set up 200 clients
2022-10-06 22:38:27,374 - FL-type - INFO - set up 210 clients
2022-10-06 22:38:27,375 - FL-type - INFO - set up 220 clients
2022-10-06 22:38:27,377 - FL-type - INFO - set up 230 clients
2022-10-06 22:38:27,378 - FL-type - INFO - set up 240 clients
2022-10-06 22:38:27,380 - FL-type - INFO - set up 250 clients
2022-10-06 22:38:27,381 - FL-type - INFO - set up 260 clients
2022-10-06 22:38:27,382 - FL-type - INFO - set up 270 clients
2022-10-06 22:38:27,384 - FL-type - INFO - set up 280 clients
2022-10-06 22:38:27,385 - FL-type - INFO - set up 290 clients
2022-10-06 22:38:27,387 - FL-type - INFO - set up 300 clients
2022-10-06 22:38:27,388 - FL-type - INFO - set up 310 clients
2022-10-06 22:38:27,390 - FL-type - INFO - set up 320 clients
2022-10-06 22:38:27,391 - FL-type - INFO - set up 330 clients
2022-10-06 22:38:27,392 - FL-type - INFO - set up 340 clients
2022-10-06 22:38:27,394 - FL-type - INFO - set up 350 clients
2022-10-06 22:38:27,395 - FL-type - INFO - set up 360 clients
2022-10-06 22:38:27,397 - FL-type - INFO - set up 370 clients
2022-10-06 22:38:27,398 - FL-type - INFO - set up 380 clients
2022-10-06 22:38:27,400 - FL-type - INFO - set up 390 clients
2022-10-06 22:38:27,401 - FL-type - INFO - set up 400 clients
2022-10-06 22:38:27,403 - FL-type - INFO - set up 410 clients
2022-10-06 22:38:27,404 - FL-type - INFO - set up 420 clients
2022-10-06 22:38:27,405 - FL-type - INFO - set up 430 clients
2022-10-06 22:38:27,407 - FL-type - INFO - set up 440 clients
2022-10-06 22:38:27,408 - FL-type - INFO - set up 450 clients
2022-10-06 22:38:27,410 - FL-type - INFO - set up 460 clients
2022-10-06 22:38:27,411 - FL-type - INFO - set up 470 clients
2022-10-06 22:38:27,413 - FL-type - INFO - set up 480 clients
2022-10-06 22:38:27,414 - FL-type - INFO - set up 490 clients
2022-10-06 22:38:27,415 - FL-type - INFO - set up 500 clients
2022-10-06 22:38:27,417 - FL-type - INFO - set up 510 clients
2022-10-06 22:38:27,418 - FL-type - INFO - set up 520 clients
2022-10-06 22:38:27,420 - FL-type - INFO - set up 530 clients
2022-10-06 22:38:27,422 - FL-type - INFO - set up 540 clients
2022-10-06 22:38:27,423 - FL-type - INFO - set up 550 clients
2022-10-06 22:38:27,425 - FL-type - INFO - set up 560 clients
2022-10-06 22:38:27,426 - FL-type - INFO - set up 570 clients
2022-10-06 22:38:27,428 - FL-type - INFO - set up 580 clients
2022-10-06 22:38:27,429 - FL-type - INFO - set up 590 clients
2022-10-06 22:38:27,430 - FL-type - INFO - set up 600 clients
2022-10-06 22:38:27,432 - FL-type - INFO - set up 610 clients
2022-10-06 22:38:27,433 - FL-type - INFO - set up 620 clients
2022-10-06 22:38:27,435 - FL-type - INFO - set up 630 clients
2022-10-06 22:38:27,436 - FL-type - INFO - set up 640 clients
2022-10-06 22:38:27,843 - FL-type - INFO - Timer cached in cached_timers.json
2022-10-06 22:38:27,844 - FL-type - INFO - device setup result: defaultdict(<class 'int'>, {'Xiaomi Redmi Note 7 Pro': 303, 'Google Nexus S': 333, 'Google Pixel 4': 5})
2022-10-06 22:38:27,963 - FL-type - INFO - ===================== Random Initialization =====================
2022-10-06 22:38:27,963 - FL-type - INFO - ===================== Round 1 of 6000 =====================
2022-10-06 22:38:27,963 - FL-type - INFO - --------------------- selection stage ---------------------
2022-10-06 22:38:27,964 - FL-type - INFO - current time: 0	time window: 20.0	
2022-10-06 22:38:27,964 - FL-type - INFO - 641 of 641 clients online
2022-10-06 22:38:27,965 - FL-type - INFO - selected num: 100
2022-10-06 22:38:27,965 - FL-type - INFO - --------------------- configuration stage ---------------------
2022-10-06 22:38:27,965 - FL-type - INFO - this round deadline 1000
