2022-04-28 10:03:29,792 - FL-type - INFO - logger init finished ---- log file: ../models/configs/har/har_fedbalancer_seed1.cfg.log
2022-04-28 10:03:30,731 - FL-type - INFO - read config from ../models/configs/har/har_fedbalancer_seed1.cfg
2022-04-28 10:03:30,731 - FL-type - INFO - no behavior heterogeneity! assume client is availiable at any time.
2022-04-28 10:03:30,732 - FL-type - INFO - ================= Config =================
2022-04-28 10:03:30,732 - FL-type - INFO - 	config_name = ../models/configs/har/har_fedbalancer_seed1.cfg
2022-04-28 10:03:30,732 - FL-type - INFO - 	dataset = har
2022-04-28 10:03:30,732 - FL-type - INFO - 	model = lr
2022-04-28 10:03:30,732 - FL-type - INFO - 	num_rounds = 6000
2022-04-28 10:03:30,732 - FL-type - INFO - 	lr = 0.0003
2022-04-28 10:03:30,732 - FL-type - INFO - 	eval_every = 5
2022-04-28 10:03:30,733 - FL-type - INFO - 	clients_per_round = 5
2022-04-28 10:03:30,733 - FL-type - INFO - 	min_selected = 1
2022-04-28 10:03:30,733 - FL-type - INFO - 	max_sample = 2147483647
2022-04-28 10:03:30,733 - FL-type - INFO - 	batch_size = 10
2022-04-28 10:03:30,733 - FL-type - INFO - 	seed = 1
2022-04-28 10:03:30,733 - FL-type - INFO - 	num_epochs = 5
2022-04-28 10:03:30,733 - FL-type - INFO - 	minibatch = None
2022-04-28 10:03:30,733 - FL-type - INFO - 	round_ddl = [60.0, 0.0]
2022-04-28 10:03:30,733 - FL-type - INFO - 	update_frac = 0.01
2022-04-28 10:03:30,734 - FL-type - INFO - 	max_client_num = 9223372036854775807
2022-04-28 10:03:30,734 - FL-type - INFO - 	aggregate_algorithm = SucFedAvg
2022-04-28 10:03:30,734 - FL-type - INFO - 	time_window = [20.0, 0.0]
2022-04-28 10:03:30,734 - FL-type - INFO - 	user_trace = False
2022-04-28 10:03:30,734 - FL-type - INFO - 	behav_hete = False
2022-04-28 10:03:30,734 - FL-type - INFO - 	hard_hete = True
2022-04-28 10:03:30,734 - FL-type - INFO - 	no_training = False
2022-04-28 10:03:30,734 - FL-type - INFO - 	real_world = False
2022-04-28 10:03:30,734 - FL-type - INFO - 	compress_algo = None
2022-04-28 10:03:30,735 - FL-type - INFO - 	fedprox = False
2022-04-28 10:03:30,735 - FL-type - INFO - 	fedprox_mu = 0
2022-04-28 10:03:30,735 - FL-type - INFO - 	structure_k = None
2022-04-28 10:03:30,735 - FL-type - INFO - 	qffl = False
2022-04-28 10:03:30,735 - FL-type - INFO - 	qffl_q = 0
2022-04-28 10:03:30,735 - FL-type - INFO - 	fedbalancer = True
2022-04-28 10:03:30,735 - FL-type - INFO - 	fb_w = 20
2022-04-28 10:03:30,735 - FL-type - INFO - 	fb_p = 0.0
2022-04-28 10:03:30,735 - FL-type - INFO - 	fb_inference_pipelining = True
2022-04-28 10:03:30,736 - FL-type - INFO - 	noise_factor = 0.0
2022-04-28 10:03:30,736 - FL-type - INFO - 	fb_simple_control_lt = True
2022-04-28 10:03:30,736 - FL-type - INFO - 	fb_simple_control_ddl = True
2022-04-28 10:03:30,736 - FL-type - INFO - 	fb_simple_control_lt_stepsize = 0.05
2022-04-28 10:03:30,736 - FL-type - INFO - 	fb_simple_control_ddl_stepsize = 0.05
2022-04-28 10:03:30,736 - FL-type - INFO - 	fb_client_selection = True
2022-04-28 10:03:30,736 - FL-type - INFO - 	oort_pacer = False
2022-04-28 10:03:30,736 - FL-type - INFO - 	oort_pacer_delta = 10
2022-04-28 10:03:30,736 - FL-type - INFO - 	oort_blacklist = False
2022-04-28 10:03:30,737 - FL-type - INFO - 	oort_blacklist_rounds = 10
2022-04-28 10:03:30,737 - FL-type - INFO - 	realoort = False
2022-04-28 10:03:30,737 - FL-type - INFO - 	realoortbalancer = False
2022-04-28 10:03:30,737 - FL-type - INFO - 	ddl_baseline_smartpc = False
2022-04-28 10:03:30,737 - FL-type - INFO - 	ddl_baseline_smartpc_percentage = 0.0
2022-04-28 10:03:30,737 - FL-type - INFO - 	ddl_baseline_fixed = False
2022-04-28 10:03:30,737 - FL-type - INFO - 	ddl_baseline_fixed_value_multiplied_at_mean = 0.0
2022-04-28 10:03:30,737 - FL-type - INFO - 	global_final_time = 500000
2022-04-28 10:03:30,737 - FL-type - INFO - 	global_final_test_accuracy = 0.0
2022-04-28 10:03:30,738 - FL-type - INFO - 	output_path = ../models/configs/har/
2022-04-28 10:03:30,738 - FL-type - INFO - ================= ====== =================
2022-04-28 10:03:30,738 - FL-type - INFO - ############################## har.lr ##############################
2022-04-28 10:03:32,817 - FL-type - INFO - model size: 13488
2022-04-28 10:03:32,817 - FL-type - INFO - ======================Setup Clients==========================
2022-04-28 10:03:34,546 - FL-type - INFO - Train Clients in Total: 21
2022-04-28 10:03:34,547 - FL-type - INFO - Test Clients in Total: 1
2022-04-28 10:03:34,557 - FL-type - INFO - set up 10 clients
2022-04-28 10:03:34,561 - FL-type - INFO - set up 20 clients
2022-04-28 10:03:34,664 - FL-type - INFO - Timer cached in cached_timers.json
2022-04-28 10:03:34,665 - FL-type - INFO - device setup result: defaultdict(<class 'int'>, {'Google Nexus S': 15, 'Xiaomi Redmi Note 7 Pro': 6})
2022-04-28 10:03:34,679 - FL-type - INFO - ===================== Random Initialization =====================
2022-04-28 10:03:34,679 - FL-type - INFO - ===================== Round 1 of 6000 =====================
2022-04-28 10:03:34,679 - FL-type - INFO - --------------------- selection stage ---------------------
2022-04-28 10:03:34,679 - FL-type - INFO - current time: 0	time window: 20.0	
2022-04-28 10:03:34,679 - FL-type - INFO - 21 of 21 clients online
2022-04-28 10:03:34,680 - FL-type - INFO - selected num: 5
2022-04-28 10:03:34,681 - FL-type - INFO - --------------------- configuration stage ---------------------
2022-04-28 10:03:34,681 - FL-type - INFO - this round deadline 263, loss_threshold 0
2022-04-28 10:03:34,681 - FL-type - INFO - this round deadline percentage 1.0, loss_threshold percentage 0.0
2022-04-28 10:03:37,331 - FL-type - INFO - average acc: 0.3384863735059289, average loss: 1.6528953075408936
2022-04-28 10:03:37,333 - FL-type - INFO - configuration and update stage simulation time: 251.03128647780306
2022-04-28 10:03:37,333 - FL-type - INFO - current_round_loss: 0.008343335595293086
2022-04-28 10:03:37,333 - FL-type - INFO - min sample loss: 0.5161036252975464, max sample loss: 4.3733320236206055
2022-04-28 10:03:37,334 - FL-type - INFO - --------------------- report stage ---------------------
2022-04-28 10:03:37,334 - FL-type - INFO - 5 of 5 clients upload successfully
2022-04-28 10:03:37,334 - FL-type - INFO - round succeed, updating global model...
2022-04-28 10:03:37,334 - FL-type - INFO - Aggragate with SucFedAvg
2022-04-28 10:03:37,335 - FL-type - INFO - ===================== Round 2 of 6000 =====================
2022-04-28 10:03:37,335 - FL-type - INFO - --------------------- selection stage ---------------------
2022-04-28 10:03:37,336 - FL-type - INFO - current time: 271.03128647780306	time window: 20.0	
2022-04-28 10:03:37,336 - FL-type - INFO - 21 of 21 clients online
2022-04-28 10:03:37,339 - FL-type - INFO - epsilon 0.9
2022-04-28 10:03:37,339 - FL-type - INFO - selected num: 5
2022-04-28 10:03:37,340 - FL-type - INFO - --------------------- configuration stage ---------------------
2022-04-28 10:03:37,340 - FL-type - INFO - loss_threshold 0
2022-04-28 10:03:37,340 - FL-type - INFO - this round deadline 263, loss_threshold 0
2022-04-28 10:03:37,340 - FL-type - INFO - this round deadline percentage 1.0, loss_threshold percentage 0.0
2022-04-28 10:03:39,971 - FL-type - INFO - average acc: 0.5266312645843643, average loss: 1.4659595727920531
2022-04-28 10:03:39,973 - FL-type - INFO - configuration and update stage simulation time: 248.56487966712766
2022-04-28 10:03:39,973 - FL-type - INFO - current_round_loss: 0.006279577079783131
2022-04-28 10:03:39,973 - FL-type - INFO - min sample loss: 0.7361246943473816, max sample loss: 4.092024326324463
2022-04-28 10:03:39,973 - FL-type - INFO - --------------------- report stage ---------------------
2022-04-28 10:03:39,974 - FL-type - INFO - 5 of 5 clients upload successfully
2022-04-28 10:03:39,974 - FL-type - INFO - round succeed, updating global model...
2022-04-28 10:03:39,974 - FL-type - INFO - Aggragate with SucFedAvg
2022-04-28 10:03:39,974 - FL-type - INFO - ===================== Round 3 of 6000 =====================
2022-04-28 10:03:39,974 - FL-type - INFO - --------------------- selection stage ---------------------
2022-04-28 10:03:39,975 - FL-type - INFO - current time: 539.5961661449307	time window: 20.0	
2022-04-28 10:03:39,975 - FL-type - INFO - 21 of 21 clients online
2022-04-28 10:03:39,978 - FL-type - INFO - epsilon 0.882
2022-04-28 10:03:39,978 - FL-type - INFO - selected num: 5
2022-04-28 10:03:39,978 - FL-type - INFO - --------------------- configuration stage ---------------------
2022-04-28 10:03:39,978 - FL-type - INFO - loss_threshold 0
2022-04-28 10:03:39,979 - FL-type - INFO - this round deadline 263, loss_threshold 0
2022-04-28 10:03:39,979 - FL-type - INFO - this round deadline percentage 1.0, loss_threshold percentage 0.0
2022-04-28 10:03:42,102 - FL-type - INFO - average acc: 0.5195360099004679, average loss: 1.4028897285461426
2022-04-28 10:03:42,103 - FL-type - INFO - configuration and update stage simulation time: 261.5870300551205
2022-04-28 10:03:42,103 - FL-type - INFO - current_round_loss: 0.005799509871966537
2022-04-28 10:03:42,104 - FL-type - INFO - min sample loss: 0.6484460234642029, max sample loss: 3.4997007846832275
2022-04-28 10:03:42,104 - FL-type - INFO - --------------------- report stage ---------------------
2022-04-28 10:03:42,104 - FL-type - INFO - 5 of 5 clients upload successfully
2022-04-28 10:03:42,104 - FL-type - INFO - round succeed, updating global model...
2022-04-28 10:03:42,104 - FL-type - INFO - Aggragate with SucFedAvg
2022-04-28 10:03:42,105 - FL-type - INFO - ===================== Round 4 of 6000 =====================
2022-04-28 10:03:42,105 - FL-type - INFO - --------------------- selection stage ---------------------
2022-04-28 10:03:42,105 - FL-type - INFO - current time: 821.1831962000513	time window: 20.0	
2022-04-28 10:03:42,105 - FL-type - INFO - 21 of 21 clients online
2022-04-28 10:03:42,107 - FL-type - INFO - epsilon 0.86436
2022-04-28 10:03:42,107 - FL-type - INFO - selected num: 5
2022-04-28 10:03:42,107 - FL-type - INFO - --------------------- configuration stage ---------------------
2022-04-28 10:03:42,108 - FL-type - INFO - loss_threshold 0
2022-04-28 10:03:42,110 - FL-type - INFO - deadline_low 65, deadline_high 324, deadline 324.0
2022-04-28 10:03:42,110 - FL-type - INFO - this round deadline 324.0, loss_threshold 0
2022-04-28 10:03:42,110 - FL-type - INFO - this round deadline percentage 1.0, loss_threshold percentage 0.0
2022-04-28 10:03:44,472 - FL-type - INFO - average acc: 0.575907825005902, average loss: 1.3484332323074342
2022-04-28 10:03:44,473 - FL-type - INFO - configuration and update stage simulation time: 315.77836027406465
2022-04-28 10:03:44,473 - FL-type - INFO - current_round_loss: 0.004504516470944166
2022-04-28 10:03:44,473 - FL-type - INFO - min sample loss: 0.6005061864852905, max sample loss: 3.9183735847473145
2022-04-28 10:03:44,474 - FL-type - INFO - --------------------- report stage ---------------------
2022-04-28 10:03:44,474 - FL-type - INFO - 5 of 5 clients upload successfully
2022-04-28 10:03:44,474 - FL-type - INFO - round succeed, updating global model...
2022-04-28 10:03:44,474 - FL-type - INFO - Aggragate with SucFedAvg
2022-04-28 10:03:44,475 - FL-type - INFO - ===================== Round 5 of 6000 =====================
2022-04-28 10:03:44,475 - FL-type - INFO - --------------------- selection stage ---------------------
2022-04-28 10:03:44,475 - FL-type - INFO - current time: 1156.961556474116	time window: 20.0	
2022-04-28 10:03:44,476 - FL-type - INFO - 21 of 21 clients online
2022-04-28 10:03:44,478 - FL-type - INFO - epsilon 0.8470728
2022-04-28 10:03:44,479 - FL-type - INFO - selected num: 5
2022-04-28 10:03:44,479 - FL-type - INFO - --------------------- configuration stage ---------------------
2022-04-28 10:03:44,479 - FL-type - INFO - loss_threshold 0
2022-04-28 10:03:44,482 - FL-type - INFO - deadline_low 66, deadline_high 330, deadline 330.0
2022-04-28 10:03:44,482 - FL-type - INFO - this round deadline 330.0, loss_threshold 0
2022-04-28 10:03:44,483 - FL-type - INFO - this round deadline percentage 1.0, loss_threshold percentage 0.0
2022-04-28 10:03:46,988 - FL-type - INFO - average acc: 0.6221304330946614, average loss: 1.2212114572525024
2022-04-28 10:03:46,989 - FL-type - INFO - configuration and update stage simulation time: 321.9071622988646
2022-04-28 10:03:46,989 - FL-type - INFO - current_round_loss: 0.004502557983204546
2022-04-28 10:03:46,989 - FL-type - INFO - min sample loss: 0.620212733745575, max sample loss: 4.092024326324463
2022-04-28 10:03:46,989 - FL-type - INFO - --------------------- report stage ---------------------
2022-04-28 10:03:46,990 - FL-type - INFO - 5 of 5 clients upload successfully
2022-04-28 10:03:46,990 - FL-type - INFO - round succeed, updating global model...
2022-04-28 10:03:46,990 - FL-type - INFO - Aggragate with SucFedAvg
2022-04-28 10:03:46,990 - FL-type - INFO - --------------------- test result ---------------------
2022-04-28 10:03:47,194 - FL-type - INFO - test_accuracy: 0.5727858839497795, 10th percentile: 0.5727858839497795, 50th percentile: 0.5727858839497795, 90th percentile 0.5727858839497795
2022-04-28 10:03:47,195 - FL-type - INFO - test_loss: 1.3079689741134644, 10th percentile: 1.3079689741134644, 50th percentile: 1.3079689741134644, 90th percentile 1.3079689741134644
2022-04-28 10:03:47,195 - FL-type - INFO - ===================== Round 6 of 6000 =====================
2022-04-28 10:03:47,196 - FL-type - INFO - --------------------- selection stage ---------------------
2022-04-28 10:03:47,196 - FL-type - INFO - current time: 1498.8687187729806	time window: 20.0	
2022-04-28 10:03:47,196 - FL-type - INFO - 21 of 21 clients online
2022-04-28 10:03:47,199 - FL-type - INFO - selected num: 5
2022-04-28 10:03:47,200 - FL-type - INFO - --------------------- configuration stage ---------------------
2022-04-28 10:03:47,200 - FL-type - INFO - loss_threshold 0
2022-04-28 10:03:47,203 - FL-type - INFO - deadline_low 24, deadline_high 119, deadline 119.0
2022-04-28 10:03:47,203 - FL-type - INFO - this round deadline 119.0, loss_threshold 0
2022-04-28 10:03:47,203 - FL-type - INFO - this round deadline percentage 1.0, loss_threshold percentage 0.0
2022-04-28 10:03:48,994 - FL-type - INFO - average acc: 0.5961308699112566, average loss: 1.2270262956619262
2022-04-28 10:03:48,994 - FL-type - INFO - configuration and update stage simulation time: 110.86045357593139
2022-04-28 10:03:48,994 - FL-type - INFO - current_round_loss: 0.015498231946442046
2022-04-28 10:03:48,995 - FL-type - INFO - min sample loss: 0.4825744032859802, max sample loss: 3.6596665382385254
2022-04-28 10:03:48,995 - FL-type - INFO - --------------------- report stage ---------------------
2022-04-28 10:03:48,995 - FL-type - INFO - 5 of 5 clients upload successfully
2022-04-28 10:03:48,995 - FL-type - INFO - round succeed, updating global model...
2022-04-28 10:03:48,995 - FL-type - INFO - Aggragate with SucFedAvg
2022-04-28 10:03:48,995 - FL-type - INFO - ===================== Round 7 of 6000 =====================
2022-04-28 10:03:48,996 - FL-type - INFO - --------------------- selection stage ---------------------
2022-04-28 10:03:48,996 - FL-type - INFO - current time: 1629.729172348912	time window: 20.0	
2022-04-28 10:03:48,996 - FL-type - INFO - 21 of 21 clients online
2022-04-28 10:03:48,998 - FL-type - INFO - selected num: 5
2022-04-28 10:03:48,998 - FL-type - INFO - --------------------- configuration stage ---------------------
2022-04-28 10:03:48,998 - FL-type - INFO - loss_threshold 0
2022-04-28 10:03:49,000 - FL-type - INFO - deadline_low 24, deadline_high 119, deadline 119.0
2022-04-28 10:03:49,000 - FL-type - INFO - this round deadline 119.0, loss_threshold 0
2022-04-28 10:03:49,001 - FL-type - INFO - this round deadline percentage 1.0, loss_threshold percentage 0.0
2022-04-28 10:03:50,907 - FL-type - INFO - average acc: 0.6082885336788085, average loss: 1.1538196325302124
2022-04-28 10:03:50,908 - FL-type - INFO - configuration and update stage simulation time: 118.68704439825865
2022-04-28 10:03:50,908 - FL-type - INFO - current_round_loss: 0.013167571540744957
2022-04-28 10:03:50,908 - FL-type - INFO - min sample loss: 0.6017259955406189, max sample loss: 4.318203926086426
2022-04-28 10:03:50,908 - FL-type - INFO - --------------------- report stage ---------------------
2022-04-28 10:03:50,909 - FL-type - INFO - 5 of 5 clients upload successfully
2022-04-28 10:03:50,909 - FL-type - INFO - round succeed, updating global model...
2022-04-28 10:03:50,909 - FL-type - INFO - Aggragate with SucFedAvg
2022-04-28 10:03:50,909 - FL-type - INFO - ===================== Round 8 of 6000 =====================
2022-04-28 10:03:50,910 - FL-type - INFO - --------------------- selection stage ---------------------
2022-04-28 10:03:50,910 - FL-type - INFO - current time: 1768.4162167471707	time window: 20.0	
2022-04-28 10:03:50,910 - FL-type - INFO - 21 of 21 clients online
2022-04-28 10:03:50,912 - FL-type - INFO - selected num: 5
2022-04-28 10:03:50,913 - FL-type - INFO - --------------------- configuration stage ---------------------
2022-04-28 10:03:50,913 - FL-type - INFO - loss_threshold 0
2022-04-28 10:03:50,915 - FL-type - INFO - deadline_low 22, deadline_high 108, deadline 108.0
2022-04-28 10:03:50,915 - FL-type - INFO - this round deadline 108.0, loss_threshold 0
2022-04-28 10:03:50,915 - FL-type - INFO - this round deadline percentage 1.0, loss_threshold percentage 0.0
2022-04-28 10:03:52,277 - FL-type - INFO - average acc: 0.667931062895304, average loss: 1.106930661201477
2022-04-28 10:03:52,278 - FL-type - INFO - configuration and update stage simulation time: 106.24451793049406
2022-04-28 10:03:52,278 - FL-type - INFO - current_round_loss: 0.013176769170546178
2022-04-28 10:03:52,278 - FL-type - INFO - min sample loss: 0.5749276876449585, max sample loss: 3.1496658325195312
2022-04-28 10:03:52,279 - FL-type - INFO - --------------------- report stage ---------------------
2022-04-28 10:03:52,279 - FL-type - INFO - 5 of 5 clients upload successfully
2022-04-28 10:03:52,279 - FL-type - INFO - round succeed, updating global model...
2022-04-28 10:03:52,279 - FL-type - INFO - Aggragate with SucFedAvg
2022-04-28 10:03:52,280 - FL-type - INFO - ===================== Round 9 of 6000 =====================
2022-04-28 10:03:52,280 - FL-type - INFO - --------------------- selection stage ---------------------
2022-04-28 10:03:52,281 - FL-type - INFO - current time: 1894.6607346776648	time window: 20.0	
2022-04-28 10:03:52,281 - FL-type - INFO - 21 of 21 clients online
2022-04-28 10:03:52,283 - FL-type - INFO - selected num: 5
2022-04-28 10:03:52,283 - FL-type - INFO - --------------------- configuration stage ---------------------
2022-04-28 10:03:52,284 - FL-type - INFO - loss_threshold 0
2022-04-28 10:03:52,286 - FL-type - INFO - deadline_low 23, deadline_high 114, deadline 114.0
2022-04-28 10:03:52,286 - FL-type - INFO - this round deadline 114.0, loss_threshold 0
2022-04-28 10:03:52,286 - FL-type - INFO - this round deadline percentage 1.0, loss_threshold percentage 0.0
2022-04-28 10:03:53,614 - FL-type - INFO - average acc: 0.6690000929250814, average loss: 1.1205795288085938
2022-04-28 10:03:53,614 - FL-type - INFO - configuration and update stage simulation time: 113.86834654140169
2022-04-28 10:03:53,614 - FL-type - INFO - current_round_loss: 0.011380008704988417
2022-04-28 10:03:53,615 - FL-type - INFO - min sample loss: 0.37705978751182556, max sample loss: 3.2740557193756104
2022-04-28 10:03:53,615 - FL-type - INFO - --------------------- report stage ---------------------
2022-04-28 10:03:53,615 - FL-type - INFO - 5 of 5 clients upload successfully
2022-04-28 10:03:53,615 - FL-type - INFO - round succeed, updating global model...
2022-04-28 10:03:53,615 - FL-type - INFO - Aggragate with SucFedAvg
2022-04-28 10:03:53,616 - FL-type - INFO - ===================== Round 10 of 6000 =====================
2022-04-28 10:03:53,616 - FL-type - INFO - --------------------- selection stage ---------------------
2022-04-28 10:03:53,616 - FL-type - INFO - current time: 2028.5290812190665	time window: 20.0	
2022-04-28 10:03:53,616 - FL-type - INFO - 21 of 21 clients online
2022-04-28 10:03:53,618 - FL-type - INFO - selected num: 5
2022-04-28 10:03:53,618 - FL-type - INFO - --------------------- configuration stage ---------------------
2022-04-28 10:03:53,619 - FL-type - INFO - loss_threshold 0
2022-04-28 10:03:53,621 - FL-type - INFO - deadline_low 23, deadline_high 114, deadline 114.0
2022-04-28 10:03:53,621 - FL-type - INFO - this round deadline 114.0, loss_threshold 0
2022-04-28 10:03:53,621 - FL-type - INFO - this round deadline percentage 1.0, loss_threshold percentage 0.0
2022-04-28 10:03:54,987 - FL-type - INFO - average acc: 0.670170143911065, average loss: 1.082113265991211
2022-04-28 10:03:54,987 - FL-type - INFO - configuration and update stage simulation time: 111.3994235851198
2022-04-28 10:03:54,988 - FL-type - INFO - current_round_loss: 0.011341175133933479
2022-04-28 10:03:54,988 - FL-type - INFO - min sample loss: 0.44193530082702637, max sample loss: 3.1353678703308105
2022-04-28 10:03:54,988 - FL-type - INFO - --------------------- report stage ---------------------
2022-04-28 10:03:54,988 - FL-type - INFO - 5 of 5 clients upload successfully
2022-04-28 10:03:54,988 - FL-type - INFO - round succeed, updating global model...
2022-04-28 10:03:54,988 - FL-type - INFO - Aggragate with SucFedAvg
2022-04-28 10:03:54,989 - FL-type - INFO - --------------------- test result ---------------------
2022-04-28 10:03:55,131 - FL-type - INFO - test_accuracy: 0.6318289786223278, 10th percentile: 0.6318289786223278, 50th percentile: 0.6318289786223278, 90th percentile 0.6318289786223278
2022-04-28 10:03:55,132 - FL-type - INFO - test_loss: 1.145858645439148, 10th percentile: 1.145858645439148, 50th percentile: 1.145858645439148, 90th percentile 1.145858645439148
2022-04-28 10:03:55,132 - FL-type - INFO - ===================== Round 11 of 6000 =====================
2022-04-28 10:03:55,132 - FL-type - INFO - --------------------- selection stage ---------------------
2022-04-28 10:03:55,132 - FL-type - INFO - current time: 2159.928504804186	time window: 20.0	
2022-04-28 10:03:55,133 - FL-type - INFO - 21 of 21 clients online
2022-04-28 10:03:55,135 - FL-type - INFO - selected num: 5
2022-04-28 10:03:55,135 - FL-type - INFO - --------------------- configuration stage ---------------------
2022-04-28 10:03:55,135 - FL-type - INFO - loss_threshold 0
2022-04-28 10:03:55,137 - FL-type - INFO - deadline_low 59, deadline_high 292, deadline 292.0
2022-04-28 10:03:55,137 - FL-type - INFO - this round deadline 292.0, loss_threshold 0
2022-04-28 10:03:55,138 - FL-type - INFO - this round deadline percentage 1.0, loss_threshold percentage 0.0
