2022-04-26 20:16:37,481 - FL-type - INFO - logger init finished ---- log file: configs/har/har_batchexp_fedavg_ddl_fixed_1_0.cfg.log
2022-04-26 20:16:38,516 - FL-type - INFO - read config from configs/har/har_batchexp_fedavg_ddl_fixed_1_0.cfg
2022-04-26 20:16:38,516 - FL-type - INFO - no behavior heterogeneity! assume client is availiable at any time.
2022-04-26 20:16:38,516 - FL-type - INFO - ================= Config =================
2022-04-26 20:16:38,517 - FL-type - INFO - 	config_name = configs/har/har_batchexp_fedavg_ddl_fixed_1_0.cfg
2022-04-26 20:16:38,517 - FL-type - INFO - 	dataset = har
2022-04-26 20:16:38,517 - FL-type - INFO - 	model = lr
2022-04-26 20:16:38,517 - FL-type - INFO - 	num_rounds = 6000
2022-04-26 20:16:38,517 - FL-type - INFO - 	lr = 0.0003
2022-04-26 20:16:38,517 - FL-type - INFO - 	eval_every = 5
2022-04-26 20:16:38,517 - FL-type - INFO - 	clients_per_round = 5
2022-04-26 20:16:38,517 - FL-type - INFO - 	min_selected = 1
2022-04-26 20:16:38,517 - FL-type - INFO - 	max_sample = 2147483647
2022-04-26 20:16:38,517 - FL-type - INFO - 	batch_size = 10
2022-04-26 20:16:38,518 - FL-type - INFO - 	seed = 0
2022-04-26 20:16:38,518 - FL-type - INFO - 	num_epochs = 5
2022-04-26 20:16:38,518 - FL-type - INFO - 	gpu_fraction = 0.2
2022-04-26 20:16:38,518 - FL-type - INFO - 	minibatch = None
2022-04-26 20:16:38,518 - FL-type - INFO - 	round_ddl = [60.0, 0.0]
2022-04-26 20:16:38,518 - FL-type - INFO - 	update_frac = 0.01
2022-04-26 20:16:38,518 - FL-type - INFO - 	max_client_num = 9223372036854775807
2022-04-26 20:16:38,518 - FL-type - INFO - 	upload_time = [10.0, 1.0]
2022-04-26 20:16:38,518 - FL-type - INFO - 	aggregate_algorithm = SucFedAvg
2022-04-26 20:16:38,518 - FL-type - INFO - 	time_window = [20.0, 0.0]
2022-04-26 20:16:38,518 - FL-type - INFO - 	user_trace = False
2022-04-26 20:16:38,519 - FL-type - INFO - 	behav_hete = False
2022-04-26 20:16:38,519 - FL-type - INFO - 	hard_hete = True
2022-04-26 20:16:38,519 - FL-type - INFO - 	no_training = False
2022-04-26 20:16:38,519 - FL-type - INFO - 	real_world = False
2022-04-26 20:16:38,519 - FL-type - INFO - 	compress_algo = None
2022-04-26 20:16:38,519 - FL-type - INFO - 	fedprox = False
2022-04-26 20:16:38,519 - FL-type - INFO - 	fedprox_mu = 0
2022-04-26 20:16:38,519 - FL-type - INFO - 	structure_k = None
2022-04-26 20:16:38,519 - FL-type - INFO - 	qffl = False
2022-04-26 20:16:38,519 - FL-type - INFO - 	qffl_q = 0
2022-04-26 20:16:38,519 - FL-type - INFO - 	hard_hete_formulation = False
2022-04-26 20:16:38,519 - FL-type - INFO - 	hard_hete_formulation_mean = 0.0
2022-04-26 20:16:38,520 - FL-type - INFO - 	hard_hete_formulation_variance = 0.0
2022-04-26 20:16:38,520 - FL-type - INFO - 	label_device_dependency = False
2022-04-26 20:16:38,520 - FL-type - INFO - 	synthetic_data_num_bin = 0
2022-04-26 20:16:38,520 - FL-type - INFO - 	weakDeviceToCertainClass = False
2022-04-26 20:16:38,520 - FL-type - INFO - 	fedbalancer = False
2022-04-26 20:16:38,520 - FL-type - INFO - 	fb_mab_separate = False
2022-04-26 20:16:38,520 - FL-type - INFO - 	fb_mab_integrated = False
2022-04-26 20:16:38,520 - FL-type - INFO - 	fb_mab_dc = False
2022-04-26 20:16:38,520 - FL-type - INFO - 	fb_action_step = 1
2022-04-26 20:16:38,520 - FL-type - INFO - 	fb_action_step_division_for_jump = 1
2022-04-26 20:16:38,521 - FL-type - INFO - 	fb_simple_mab = False
2022-04-26 20:16:38,521 - FL-type - INFO - 	fb_p = 0.0
2022-04-26 20:16:38,521 - FL-type - INFO - 	fb_inference_pipelining = False
2022-04-26 20:16:38,521 - FL-type - INFO - 	noise_factor = 0.0
2022-04-26 20:16:38,521 - FL-type - INFO - 	new_fedbalancer = False
2022-04-26 20:16:38,521 - FL-type - INFO - 	new_fb_cl = False
2022-04-26 20:16:38,521 - FL-type - INFO - 	new_fb_cs = False
2022-04-26 20:16:38,521 - FL-type - INFO - 	fb_test1 = False
2022-04-26 20:16:38,521 - FL-type - INFO - 	fb_test2 = False
2022-04-26 20:16:38,521 - FL-type - INFO - 	fb_test3 = False
2022-04-26 20:16:38,522 - FL-type - INFO - 	fb_test4 = False
2022-04-26 20:16:38,522 - FL-type - INFO - 	fb_simple_control_lt = False
2022-04-26 20:16:38,522 - FL-type - INFO - 	fb_simple_control_ddl = False
2022-04-26 20:16:38,522 - FL-type - INFO - 	fb_simple_control_lt_stepsize = 0
2022-04-26 20:16:38,522 - FL-type - INFO - 	fb_simple_control_ddl_stepsize = 0
2022-04-26 20:16:38,522 - FL-type - INFO - 	oort = False
2022-04-26 20:16:38,522 - FL-type - INFO - 	oort_pacer = False
2022-04-26 20:16:38,522 - FL-type - INFO - 	oort_pacer_delta = 10
2022-04-26 20:16:38,522 - FL-type - INFO - 	oort_blacklist = False
2022-04-26 20:16:38,522 - FL-type - INFO - 	oort_blacklist_rounds = 10
2022-04-26 20:16:38,522 - FL-type - INFO - 	realoort = False
2022-04-26 20:16:38,523 - FL-type - INFO - 	realoortbalancer = False
2022-04-26 20:16:38,523 - FL-type - INFO - 	ddl_baseline_smartpc = False
2022-04-26 20:16:38,523 - FL-type - INFO - 	ddl_baseline_smartpc_percentage = 0.0
2022-04-26 20:16:38,523 - FL-type - INFO - 	ddl_baseline_fixed = True
2022-04-26 20:16:38,523 - FL-type - INFO - 	ddl_baseline_fixed_value_multiplied_at_mean = 1.0
2022-04-26 20:16:38,523 - FL-type - INFO - 	global_deadline_time = 3000000
2022-04-26 20:16:38,523 - FL-type - INFO - 	global_test_accuracy = 0.0
2022-04-26 20:16:38,523 - FL-type - INFO - ================= ====== =================
2022-04-26 20:16:38,524 - FL-type - INFO - ############################## har.lr ##############################
2022-04-26 20:16:43,086 - FL-type - INFO - model size: 13488
2022-04-26 20:16:43,087 - FL-type - INFO - ======================Setup Clients==========================
2022-04-26 20:16:44,106 - FL-type - INFO - Train Clients in Total: 21
2022-04-26 20:16:44,107 - FL-type - INFO - Test Clients in Total: 1
2022-04-26 20:16:44,114 - FL-type - INFO - set up 10 clients
2022-04-26 20:16:44,117 - FL-type - INFO - set up 20 clients
2022-04-26 20:16:44,176 - FL-type - INFO - Timer cached in cached_timers.json
2022-04-26 20:16:44,176 - FL-type - INFO - device setup result: defaultdict(<class 'int'>, {'Xiaomi Redmi Note 7 Pro': 11, 'Google Nexus S': 10})
2022-04-26 20:16:44,188 - FL-type - INFO - ===================== Random Initialization =====================
2022-04-26 20:16:44,189 - FL-type - INFO - ===================== Round 1 of 6000 =====================
2022-04-26 20:16:44,189 - FL-type - INFO - --------------------- selection stage ---------------------
2022-04-26 20:16:44,189 - FL-type - INFO - current time: 0	time window: 20.0	
2022-04-26 20:16:44,189 - FL-type - INFO - 21 of 21 clients online
2022-04-26 20:16:44,189 - FL-type - INFO - selected num: 5
2022-04-26 20:16:44,189 - FL-type - INFO - --------------------- configuration stage ---------------------
2022-04-26 20:16:44,190 - FL-type - INFO - this round deadline 195
2022-04-26 20:16:45,424 - FL-type - INFO - average acc: 0.29717142246545813, average loss: 1.7607708772023518
2022-04-26 20:16:45,425 - FL-type - INFO - configuration and update stage simulation time: 195
2022-04-26 20:16:45,425 - FL-type - INFO - --------------------- report stage ---------------------
2022-04-26 20:16:45,425 - FL-type - INFO - 3 of 5 clients upload successfully
2022-04-26 20:16:45,425 - FL-type - INFO - round succeed, updating global model...
2022-04-26 20:16:45,426 - FL-type - INFO - Aggragate with SucFedAvg
2022-04-26 20:16:45,426 - FL-type - INFO - ===================== Round 2 of 6000 =====================
2022-04-26 20:16:45,426 - FL-type - INFO - --------------------- selection stage ---------------------
2022-04-26 20:16:45,426 - FL-type - INFO - current time: 215.0	time window: 20.0	
2022-04-26 20:16:45,426 - FL-type - INFO - 21 of 21 clients online
2022-04-26 20:16:45,427 - FL-type - INFO - selected num: 5
2022-04-26 20:16:45,427 - FL-type - INFO - --------------------- configuration stage ---------------------
2022-04-26 20:16:45,427 - FL-type - INFO - this round deadline 195
2022-04-26 20:16:45,756 - FL-type - INFO - average acc: 0.41883116883116883, average loss: 1.5597995519638062
2022-04-26 20:16:45,756 - FL-type - INFO - configuration and update stage simulation time: 195
2022-04-26 20:16:45,756 - FL-type - INFO - --------------------- report stage ---------------------
2022-04-26 20:16:45,757 - FL-type - INFO - 1 of 5 clients upload successfully
2022-04-26 20:16:45,757 - FL-type - INFO - round succeed, updating global model...
2022-04-26 20:16:45,757 - FL-type - INFO - Aggragate with SucFedAvg
2022-04-26 20:16:45,757 - FL-type - INFO - ===================== Round 3 of 6000 =====================
2022-04-26 20:16:45,757 - FL-type - INFO - --------------------- selection stage ---------------------
2022-04-26 20:16:45,757 - FL-type - INFO - current time: 430.0	time window: 20.0	
2022-04-26 20:16:45,758 - FL-type - INFO - 21 of 21 clients online
2022-04-26 20:16:45,758 - FL-type - INFO - selected num: 5
2022-04-26 20:16:45,758 - FL-type - INFO - --------------------- configuration stage ---------------------
2022-04-26 20:16:45,758 - FL-type - INFO - this round deadline 195
2022-04-26 20:16:46,158 - FL-type - INFO - average acc: 0.412568306010929, average loss: 1.4452937841415405
2022-04-26 20:16:46,158 - FL-type - INFO - configuration and update stage simulation time: 195
2022-04-26 20:16:46,159 - FL-type - INFO - --------------------- report stage ---------------------
2022-04-26 20:16:46,159 - FL-type - INFO - 1 of 5 clients upload successfully
2022-04-26 20:16:46,159 - FL-type - INFO - round succeed, updating global model...
2022-04-26 20:16:46,159 - FL-type - INFO - Aggragate with SucFedAvg
2022-04-26 20:16:46,159 - FL-type - INFO - ===================== Round 4 of 6000 =====================
2022-04-26 20:16:46,159 - FL-type - INFO - --------------------- selection stage ---------------------
2022-04-26 20:16:46,160 - FL-type - INFO - current time: 645.0	time window: 20.0	
2022-04-26 20:16:46,160 - FL-type - INFO - 21 of 21 clients online
2022-04-26 20:16:46,160 - FL-type - INFO - selected num: 5
2022-04-26 20:16:46,160 - FL-type - INFO - --------------------- configuration stage ---------------------
2022-04-26 20:16:46,160 - FL-type - INFO - this round deadline 195
2022-04-26 20:16:47,203 - FL-type - INFO - average acc: 0.4745299512849182, average loss: 1.369661569595337
2022-04-26 20:16:47,204 - FL-type - INFO - configuration and update stage simulation time: 195
2022-04-26 20:16:47,204 - FL-type - INFO - --------------------- report stage ---------------------
2022-04-26 20:16:47,204 - FL-type - INFO - 3 of 5 clients upload successfully
2022-04-26 20:16:47,204 - FL-type - INFO - round succeed, updating global model...
2022-04-26 20:16:47,204 - FL-type - INFO - Aggragate with SucFedAvg
2022-04-26 20:16:47,205 - FL-type - INFO - ===================== Round 5 of 6000 =====================
2022-04-26 20:16:47,205 - FL-type - INFO - --------------------- selection stage ---------------------
2022-04-26 20:16:47,205 - FL-type - INFO - current time: 860.0	time window: 20.0	
2022-04-26 20:16:47,205 - FL-type - INFO - 21 of 21 clients online
2022-04-26 20:16:47,205 - FL-type - INFO - selected num: 5
2022-04-26 20:16:47,206 - FL-type - INFO - --------------------- configuration stage ---------------------
2022-04-26 20:16:47,206 - FL-type - INFO - this round deadline 195
2022-04-26 20:16:48,241 - FL-type - INFO - average acc: 0.5478222365096754, average loss: 1.2792253096898396
2022-04-26 20:16:48,241 - FL-type - INFO - configuration and update stage simulation time: 195
2022-04-26 20:16:48,241 - FL-type - INFO - --------------------- report stage ---------------------
2022-04-26 20:16:48,241 - FL-type - INFO - 3 of 5 clients upload successfully
2022-04-26 20:16:48,241 - FL-type - INFO - round succeed, updating global model...
2022-04-26 20:16:48,242 - FL-type - INFO - Aggragate with SucFedAvg
2022-04-26 20:16:48,242 - FL-type - INFO - --------------------- test result ---------------------
2022-04-26 20:16:48,372 - FL-type - INFO - test_accuracy: 0.508992195453003, 10th percentile: 0.508992195453003, 50th percentile: 0.508992195453003, 90th percentile 0.508992195453003
2022-04-26 20:16:48,373 - FL-type - INFO - test_loss: 1.345766305923462, 10th percentile: 1.345766305923462, 50th percentile: 1.345766305923462, 90th percentile 1.345766305923462
2022-04-26 20:16:48,373 - FL-type - INFO - ===================== Round 6 of 6000 =====================
2022-04-26 20:16:48,373 - FL-type - INFO - --------------------- selection stage ---------------------
2022-04-26 20:16:48,374 - FL-type - INFO - current time: 1075.0	time window: 20.0	
2022-04-26 20:16:48,374 - FL-type - INFO - 21 of 21 clients online
2022-04-26 20:16:48,374 - FL-type - INFO - selected num: 5
2022-04-26 20:16:48,374 - FL-type - INFO - --------------------- configuration stage ---------------------
2022-04-26 20:16:48,374 - FL-type - INFO - this round deadline 195
2022-04-26 20:16:49,376 - FL-type - INFO - average acc: 0.5631238993462367, average loss: 1.2261244455973308
2022-04-26 20:16:49,376 - FL-type - INFO - configuration and update stage simulation time: 195
2022-04-26 20:16:49,376 - FL-type - INFO - --------------------- report stage ---------------------
2022-04-26 20:16:49,376 - FL-type - INFO - 3 of 5 clients upload successfully
2022-04-26 20:16:49,376 - FL-type - INFO - round succeed, updating global model...
2022-04-26 20:16:49,377 - FL-type - INFO - Aggragate with SucFedAvg
2022-04-26 20:16:49,377 - FL-type - INFO - ===================== Round 7 of 6000 =====================
2022-04-26 20:16:49,377 - FL-type - INFO - --------------------- selection stage ---------------------
2022-04-26 20:16:49,377 - FL-type - INFO - current time: 1290.0	time window: 20.0	
2022-04-26 20:16:49,377 - FL-type - INFO - 21 of 21 clients online
2022-04-26 20:16:49,378 - FL-type - INFO - selected num: 5
2022-04-26 20:16:49,378 - FL-type - INFO - --------------------- configuration stage ---------------------
2022-04-26 20:16:49,378 - FL-type - INFO - this round deadline 195
2022-04-26 20:16:50,185 - FL-type - INFO - average acc: 0.5890469824293354, average loss: 1.1348358392715454
2022-04-26 20:16:50,185 - FL-type - INFO - configuration and update stage simulation time: 195
2022-04-26 20:16:50,185 - FL-type - INFO - --------------------- report stage ---------------------
2022-04-26 20:16:50,185 - FL-type - INFO - 2 of 5 clients upload successfully
2022-04-26 20:16:50,185 - FL-type - INFO - round succeed, updating global model...
2022-04-26 20:16:50,185 - FL-type - INFO - Aggragate with SucFedAvg
2022-04-26 20:16:50,186 - FL-type - INFO - ===================== Round 8 of 6000 =====================
2022-04-26 20:16:50,186 - FL-type - INFO - --------------------- selection stage ---------------------
2022-04-26 20:16:50,186 - FL-type - INFO - current time: 1505.0	time window: 20.0	
2022-04-26 20:16:50,186 - FL-type - INFO - 21 of 21 clients online
2022-04-26 20:16:50,187 - FL-type - INFO - selected num: 5
2022-04-26 20:16:50,187 - FL-type - INFO - --------------------- configuration stage ---------------------
2022-04-26 20:16:50,187 - FL-type - INFO - this round deadline 195
2022-04-26 20:16:51,351 - FL-type - INFO - average acc: 0.6074615202030346, average loss: 1.1590900421142578
2022-04-26 20:16:51,351 - FL-type - INFO - configuration and update stage simulation time: 195
2022-04-26 20:16:51,351 - FL-type - INFO - --------------------- report stage ---------------------
2022-04-26 20:16:51,352 - FL-type - INFO - 3 of 5 clients upload successfully
2022-04-26 20:16:51,352 - FL-type - INFO - round succeed, updating global model...
2022-04-26 20:16:51,352 - FL-type - INFO - Aggragate with SucFedAvg
2022-04-26 20:16:51,352 - FL-type - INFO - ===================== Round 9 of 6000 =====================
2022-04-26 20:16:51,352 - FL-type - INFO - --------------------- selection stage ---------------------
2022-04-26 20:16:51,352 - FL-type - INFO - current time: 1720.0	time window: 20.0	
2022-04-26 20:16:51,353 - FL-type - INFO - 21 of 21 clients online
2022-04-26 20:16:51,353 - FL-type - INFO - selected num: 5
2022-04-26 20:16:51,353 - FL-type - INFO - --------------------- configuration stage ---------------------
2022-04-26 20:16:51,353 - FL-type - INFO - this round deadline 195
2022-04-26 20:16:52,606 - FL-type - INFO - average acc: 0.6087159566112632, average loss: 1.1068683862686157
2022-04-26 20:16:52,607 - FL-type - INFO - configuration and update stage simulation time: 195
2022-04-26 20:16:52,607 - FL-type - INFO - --------------------- report stage ---------------------
2022-04-26 20:16:52,607 - FL-type - INFO - 3 of 5 clients upload successfully
2022-04-26 20:16:52,607 - FL-type - INFO - round succeed, updating global model...
2022-04-26 20:16:52,607 - FL-type - INFO - Aggragate with SucFedAvg
2022-04-26 20:16:52,608 - FL-type - INFO - ===================== Round 10 of 6000 =====================
2022-04-26 20:16:52,608 - FL-type - INFO - --------------------- selection stage ---------------------
2022-04-26 20:16:52,608 - FL-type - INFO - current time: 1935.0	time window: 20.0	
2022-04-26 20:16:52,608 - FL-type - INFO - 21 of 21 clients online
2022-04-26 20:16:52,608 - FL-type - INFO - selected num: 5
2022-04-26 20:16:52,609 - FL-type - INFO - --------------------- configuration stage ---------------------
2022-04-26 20:16:52,609 - FL-type - INFO - this round deadline 195
2022-04-26 20:16:53,896 - FL-type - INFO - average acc: 0.6361079247927529, average loss: 1.0946930448214214
2022-04-26 20:16:53,897 - FL-type - INFO - configuration and update stage simulation time: 195
2022-04-26 20:16:53,897 - FL-type - INFO - --------------------- report stage ---------------------
2022-04-26 20:16:53,897 - FL-type - INFO - 3 of 5 clients upload successfully
2022-04-26 20:16:53,897 - FL-type - INFO - round succeed, updating global model...
2022-04-26 20:16:53,898 - FL-type - INFO - Aggragate with SucFedAvg
2022-04-26 20:16:53,898 - FL-type - INFO - --------------------- test result ---------------------
2022-04-26 20:16:54,022 - FL-type - INFO - test_accuracy: 0.6325076348829318, 10th percentile: 0.6325076348829318, 50th percentile: 0.6325076348829318, 90th percentile 0.6325076348829318
2022-04-26 20:16:54,023 - FL-type - INFO - test_loss: 1.0965461730957031, 10th percentile: 1.0965461730957031, 50th percentile: 1.0965461730957031, 90th percentile 1.0965461730957031
2022-04-26 20:16:54,024 - FL-type - INFO - ===================== Round 11 of 6000 =====================
2022-04-26 20:16:54,024 - FL-type - INFO - --------------------- selection stage ---------------------
2022-04-26 20:16:54,024 - FL-type - INFO - current time: 2150.0	time window: 20.0	
2022-04-26 20:16:54,024 - FL-type - INFO - 21 of 21 clients online
2022-04-26 20:16:54,025 - FL-type - INFO - selected num: 5
2022-04-26 20:16:54,025 - FL-type - INFO - --------------------- configuration stage ---------------------
2022-04-26 20:16:54,025 - FL-type - INFO - this round deadline 195
2022-04-26 20:16:54,962 - FL-type - INFO - average acc: 0.6970031485178928, average loss: 1.0113900005817413
2022-04-26 20:16:54,963 - FL-type - INFO - configuration and update stage simulation time: 195
2022-04-26 20:16:54,963 - FL-type - INFO - --------------------- report stage ---------------------
2022-04-26 20:16:54,963 - FL-type - INFO - 2 of 5 clients upload successfully
2022-04-26 20:16:54,963 - FL-type - INFO - round succeed, updating global model...
2022-04-26 20:16:54,963 - FL-type - INFO - Aggragate with SucFedAvg
2022-04-26 20:16:54,964 - FL-type - INFO - ===================== Round 12 of 6000 =====================
2022-04-26 20:16:54,964 - FL-type - INFO - --------------------- selection stage ---------------------
2022-04-26 20:16:54,964 - FL-type - INFO - current time: 2365.0	time window: 20.0	
2022-04-26 20:16:54,964 - FL-type - INFO - 21 of 21 clients online
2022-04-26 20:16:54,965 - FL-type - INFO - selected num: 5
2022-04-26 20:16:54,965 - FL-type - INFO - --------------------- configuration stage ---------------------
2022-04-26 20:16:54,965 - FL-type - INFO - this round deadline 195
2022-04-26 20:16:54,976 - FL-type - ERROR - training time window is too short to train!
2022-04-26 20:16:54,977 - FL-type - INFO - --------------------- report stage ---------------------
2022-04-26 20:16:54,977 - FL-type - INFO - 0 of 5 clients upload successfully
2022-04-26 20:16:54,977 - FL-type - INFO - round failed, global model maintained.
2022-04-26 20:16:54,977 - FL-type - INFO - ===================== Round 13 of 6000 =====================
2022-04-26 20:16:54,977 - FL-type - INFO - --------------------- selection stage ---------------------
2022-04-26 20:16:54,977 - FL-type - INFO - current time: 2580.0	time window: 20.0	
2022-04-26 20:16:54,978 - FL-type - INFO - 21 of 21 clients online
2022-04-26 20:16:54,978 - FL-type - INFO - selected num: 5
2022-04-26 20:16:54,978 - FL-type - INFO - --------------------- configuration stage ---------------------
2022-04-26 20:16:54,978 - FL-type - INFO - this round deadline 195
2022-04-26 20:16:56,168 - FL-type - INFO - average acc: 0.6739158353349954, average loss: 1.0065528353055317
2022-04-26 20:16:56,168 - FL-type - INFO - configuration and update stage simulation time: 195
2022-04-26 20:16:56,168 - FL-type - INFO - --------------------- report stage ---------------------
2022-04-26 20:16:56,168 - FL-type - INFO - 3 of 5 clients upload successfully
2022-04-26 20:16:56,168 - FL-type - INFO - round succeed, updating global model...
2022-04-26 20:16:56,168 - FL-type - INFO - Aggragate with SucFedAvg
2022-04-26 20:16:56,169 - FL-type - INFO - ===================== Round 14 of 6000 =====================
2022-04-26 20:16:56,169 - FL-type - INFO - --------------------- selection stage ---------------------
2022-04-26 20:16:56,169 - FL-type - INFO - current time: 2795.0	time window: 20.0	
2022-04-26 20:16:56,169 - FL-type - INFO - 21 of 21 clients online
2022-04-26 20:16:56,170 - FL-type - INFO - selected num: 5
2022-04-26 20:16:56,170 - FL-type - INFO - --------------------- configuration stage ---------------------
2022-04-26 20:16:56,170 - FL-type - INFO - this round deadline 195
2022-04-26 20:16:57,398 - FL-type - INFO - average acc: 0.7270193537813278, average loss: 0.9845175941785177
2022-04-26 20:16:57,398 - FL-type - INFO - configuration and update stage simulation time: 195
2022-04-26 20:16:57,398 - FL-type - INFO - --------------------- report stage ---------------------
2022-04-26 20:16:57,398 - FL-type - INFO - 3 of 5 clients upload successfully
2022-04-26 20:16:57,398 - FL-type - INFO - round succeed, updating global model...
2022-04-26 20:16:57,399 - FL-type - INFO - Aggragate with SucFedAvg
2022-04-26 20:16:57,399 - FL-type - INFO - ===================== Round 15 of 6000 =====================
2022-04-26 20:16:57,399 - FL-type - INFO - --------------------- selection stage ---------------------
2022-04-26 20:16:57,399 - FL-type - INFO - current time: 3010.0	time window: 20.0	
2022-04-26 20:16:57,399 - FL-type - INFO - 21 of 21 clients online
2022-04-26 20:16:57,400 - FL-type - INFO - selected num: 5
2022-04-26 20:16:57,400 - FL-type - INFO - --------------------- configuration stage ---------------------
2022-04-26 20:16:57,400 - FL-type - INFO - this round deadline 195
2022-04-26 20:16:58,107 - FL-type - INFO - average acc: 0.685529701615111, average loss: 0.9422344267368317
2022-04-26 20:16:58,108 - FL-type - INFO - configuration and update stage simulation time: 195
2022-04-26 20:16:58,108 - FL-type - INFO - --------------------- report stage ---------------------
2022-04-26 20:16:58,108 - FL-type - INFO - 2 of 5 clients upload successfully
2022-04-26 20:16:58,108 - FL-type - INFO - round succeed, updating global model...
2022-04-26 20:16:58,108 - FL-type - INFO - Aggragate with SucFedAvg
2022-04-26 20:16:58,109 - FL-type - INFO - --------------------- test result ---------------------
2022-04-26 20:16:58,232 - FL-type - INFO - test_accuracy: 0.7237869019341704, 10th percentile: 0.7237869019341704, 50th percentile: 0.7237869019341704, 90th percentile 0.7237869019341704
2022-04-26 20:16:58,233 - FL-type - INFO - test_loss: 0.9859121441841125, 10th percentile: 0.9859121441841125, 50th percentile: 0.9859121441841125, 90th percentile 0.9859121441841125
2022-04-26 20:16:58,233 - FL-type - INFO - ===================== Round 16 of 6000 =====================
2022-04-26 20:16:58,234 - FL-type - INFO - --------------------- selection stage ---------------------
2022-04-26 20:16:58,234 - FL-type - INFO - current time: 3225.0	time window: 20.0	
2022-04-26 20:16:58,234 - FL-type - INFO - 21 of 21 clients online
2022-04-26 20:16:58,234 - FL-type - INFO - selected num: 5
2022-04-26 20:16:58,234 - FL-type - INFO - --------------------- configuration stage ---------------------
2022-04-26 20:16:58,235 - FL-type - INFO - this round deadline 195
2022-04-26 20:16:58,886 - FL-type - INFO - average acc: 0.7383222172468242, average loss: 0.9175905287265778
2022-04-26 20:16:58,886 - FL-type - INFO - configuration and update stage simulation time: 195
2022-04-26 20:16:58,886 - FL-type - INFO - --------------------- report stage ---------------------
2022-04-26 20:16:58,886 - FL-type - INFO - 2 of 5 clients upload successfully
2022-04-26 20:16:58,887 - FL-type - INFO - round succeed, updating global model...
2022-04-26 20:16:58,887 - FL-type - INFO - Aggragate with SucFedAvg
2022-04-26 20:16:58,887 - FL-type - INFO - ===================== Round 17 of 6000 =====================
2022-04-26 20:16:58,887 - FL-type - INFO - --------------------- selection stage ---------------------
2022-04-26 20:16:58,887 - FL-type - INFO - current time: 3440.0	time window: 20.0	
2022-04-26 20:16:58,888 - FL-type - INFO - 21 of 21 clients online
2022-04-26 20:16:58,888 - FL-type - INFO - selected num: 5
2022-04-26 20:16:58,888 - FL-type - INFO - --------------------- configuration stage ---------------------
2022-04-26 20:16:58,888 - FL-type - INFO - this round deadline 195
2022-04-26 20:16:59,737 - FL-type - INFO - average acc: 0.7784250063661828, average loss: 0.8397205471992493
2022-04-26 20:16:59,738 - FL-type - INFO - configuration and update stage simulation time: 195
2022-04-26 20:16:59,738 - FL-type - INFO - --------------------- report stage ---------------------
2022-04-26 20:16:59,739 - FL-type - INFO - 2 of 5 clients upload successfully
2022-04-26 20:16:59,739 - FL-type - INFO - round succeed, updating global model...
2022-04-26 20:16:59,739 - FL-type - INFO - Aggragate with SucFedAvg
2022-04-26 20:16:59,739 - FL-type - INFO - ===================== Round 18 of 6000 =====================
2022-04-26 20:16:59,739 - FL-type - INFO - --------------------- selection stage ---------------------
2022-04-26 20:16:59,740 - FL-type - INFO - current time: 3655.0	time window: 20.0	
2022-04-26 20:16:59,740 - FL-type - INFO - 21 of 21 clients online
2022-04-26 20:16:59,740 - FL-type - INFO - selected num: 5
2022-04-26 20:16:59,741 - FL-type - INFO - --------------------- configuration stage ---------------------
2022-04-26 20:16:59,741 - FL-type - INFO - this round deadline 195
2022-04-26 20:17:00,222 - FL-type - INFO - average acc: 0.7650130548302873, average loss: 0.9264691472053528
2022-04-26 20:17:00,222 - FL-type - INFO - configuration and update stage simulation time: 195
2022-04-26 20:17:00,223 - FL-type - INFO - --------------------- report stage ---------------------
2022-04-26 20:17:00,223 - FL-type - INFO - 1 of 5 clients upload successfully
2022-04-26 20:17:00,223 - FL-type - INFO - round succeed, updating global model...
2022-04-26 20:17:00,223 - FL-type - INFO - Aggragate with SucFedAvg
2022-04-26 20:17:00,223 - FL-type - INFO - ===================== Round 19 of 6000 =====================
2022-04-26 20:17:00,223 - FL-type - INFO - --------------------- selection stage ---------------------
2022-04-26 20:17:00,224 - FL-type - INFO - current time: 3870.0	time window: 20.0	
2022-04-26 20:17:00,224 - FL-type - INFO - 21 of 21 clients online
2022-04-26 20:17:00,224 - FL-type - INFO - selected num: 5
2022-04-26 20:17:00,224 - FL-type - INFO - --------------------- configuration stage ---------------------
2022-04-26 20:17:00,225 - FL-type - INFO - this round deadline 195
2022-04-26 20:17:01,677 - FL-type - INFO - average acc: 0.8160841263221426, average loss: 0.8686538636684418
2022-04-26 20:17:01,677 - FL-type - INFO - configuration and update stage simulation time: 195
2022-04-26 20:17:01,678 - FL-type - INFO - --------------------- report stage ---------------------
2022-04-26 20:17:01,678 - FL-type - INFO - 4 of 5 clients upload successfully
2022-04-26 20:17:01,678 - FL-type - INFO - round succeed, updating global model...
2022-04-26 20:17:01,679 - FL-type - INFO - Aggragate with SucFedAvg
2022-04-26 20:17:01,679 - FL-type - INFO - ===================== Round 20 of 6000 =====================
2022-04-26 20:17:01,679 - FL-type - INFO - --------------------- selection stage ---------------------
2022-04-26 20:17:01,680 - FL-type - INFO - current time: 4085.0	time window: 20.0	
2022-04-26 20:17:01,680 - FL-type - INFO - 21 of 21 clients online
2022-04-26 20:17:01,680 - FL-type - INFO - selected num: 5
2022-04-26 20:17:01,680 - FL-type - INFO - --------------------- configuration stage ---------------------
2022-04-26 20:17:01,681 - FL-type - INFO - this round deadline 195
2022-04-26 20:17:02,819 - FL-type - INFO - average acc: 0.7925152414756665, average loss: 0.8737597068150839
2022-04-26 20:17:02,820 - FL-type - INFO - configuration and update stage simulation time: 195
2022-04-26 20:17:02,820 - FL-type - INFO - --------------------- report stage ---------------------
2022-04-26 20:17:02,820 - FL-type - INFO - 3 of 5 clients upload successfully
2022-04-26 20:17:02,820 - FL-type - INFO - round succeed, updating global model...
2022-04-26 20:17:02,820 - FL-type - INFO - Aggragate with SucFedAvg
2022-04-26 20:17:02,820 - FL-type - INFO - --------------------- test result ---------------------
2022-04-26 20:17:02,903 - FL-type - INFO - test_accuracy: 0.7723108245673567, 10th percentile: 0.7723108245673567, 50th percentile: 0.7723108245673567, 90th percentile 0.7723108245673567
2022-04-26 20:17:02,904 - FL-type - INFO - test_loss: 0.8839390277862549, 10th percentile: 0.8839390277862549, 50th percentile: 0.8839390277862549, 90th percentile 0.8839390277862549
2022-04-26 20:17:02,904 - FL-type - INFO - ===================== Round 21 of 6000 =====================
2022-04-26 20:17:02,904 - FL-type - INFO - --------------------- selection stage ---------------------
2022-04-26 20:17:02,904 - FL-type - INFO - current time: 4300.0	time window: 20.0	
2022-04-26 20:17:02,905 - FL-type - INFO - 21 of 21 clients online
2022-04-26 20:17:02,905 - FL-type - INFO - selected num: 5
2022-04-26 20:17:02,905 - FL-type - INFO - --------------------- configuration stage ---------------------
2022-04-26 20:17:02,905 - FL-type - INFO - this round deadline 195
2022-04-26 20:17:04,675 - FL-type - INFO - average acc: 0.8070044002158818, average loss: 0.8240983605384826
2022-04-26 20:17:04,675 - FL-type - INFO - configuration and update stage simulation time: 104.95546992747589
2022-04-26 20:17:04,675 - FL-type - INFO - --------------------- report stage ---------------------
2022-04-26 20:17:04,676 - FL-type - INFO - 5 of 5 clients upload successfully
2022-04-26 20:17:04,676 - FL-type - INFO - round succeed, updating global model...
2022-04-26 20:17:04,676 - FL-type - INFO - Aggragate with SucFedAvg
2022-04-26 20:17:04,676 - FL-type - INFO - ===================== Round 22 of 6000 =====================
2022-04-26 20:17:04,676 - FL-type - INFO - --------------------- selection stage ---------------------
2022-04-26 20:17:04,677 - FL-type - INFO - current time: 4424.955469927476	time window: 20.0	
2022-04-26 20:17:04,677 - FL-type - INFO - 21 of 21 clients online
2022-04-26 20:17:04,677 - FL-type - INFO - selected num: 5
2022-04-26 20:17:04,677 - FL-type - INFO - --------------------- configuration stage ---------------------
2022-04-26 20:17:04,677 - FL-type - INFO - this round deadline 195
2022-04-26 20:17:05,873 - FL-type - INFO - average acc: 0.8105898167040246, average loss: 0.7873846093813578
2022-04-26 20:17:05,873 - FL-type - INFO - configuration and update stage simulation time: 195
2022-04-26 20:17:05,873 - FL-type - INFO - --------------------- report stage ---------------------
2022-04-26 20:17:05,873 - FL-type - INFO - 3 of 5 clients upload successfully
2022-04-26 20:17:05,874 - FL-type - INFO - round succeed, updating global model...
2022-04-26 20:17:05,874 - FL-type - INFO - Aggragate with SucFedAvg
2022-04-26 20:17:05,874 - FL-type - INFO - ===================== Round 23 of 6000 =====================
2022-04-26 20:17:05,874 - FL-type - INFO - --------------------- selection stage ---------------------
2022-04-26 20:17:05,874 - FL-type - INFO - current time: 4639.955469927476	time window: 20.0	
2022-04-26 20:17:05,875 - FL-type - INFO - 21 of 21 clients online
2022-04-26 20:17:05,875 - FL-type - INFO - selected num: 5
2022-04-26 20:17:05,875 - FL-type - INFO - --------------------- configuration stage ---------------------
2022-04-26 20:17:05,875 - FL-type - INFO - this round deadline 195
2022-04-26 20:17:06,342 - FL-type - INFO - average acc: 0.7677261613691931, average loss: 0.9265310764312744
2022-04-26 20:17:06,343 - FL-type - INFO - configuration and update stage simulation time: 195
2022-04-26 20:17:06,343 - FL-type - INFO - --------------------- report stage ---------------------
2022-04-26 20:17:06,343 - FL-type - INFO - 1 of 5 clients upload successfully
2022-04-26 20:17:06,343 - FL-type - INFO - round succeed, updating global model...
2022-04-26 20:17:06,343 - FL-type - INFO - Aggragate with SucFedAvg
2022-04-26 20:17:06,343 - FL-type - INFO - ===================== Round 24 of 6000 =====================
2022-04-26 20:17:06,344 - FL-type - INFO - --------------------- selection stage ---------------------
2022-04-26 20:17:06,344 - FL-type - INFO - current time: 4854.955469927476	time window: 20.0	
2022-04-26 20:17:06,344 - FL-type - INFO - 21 of 21 clients online
2022-04-26 20:17:06,344 - FL-type - INFO - selected num: 5
2022-04-26 20:17:06,345 - FL-type - INFO - --------------------- configuration stage ---------------------
2022-04-26 20:17:06,345 - FL-type - INFO - this round deadline 195
2022-04-26 20:17:07,466 - FL-type - INFO - average acc: 0.8045919580885594, average loss: 0.7979026238123575
2022-04-26 20:17:07,467 - FL-type - INFO - configuration and update stage simulation time: 195
2022-04-26 20:17:07,467 - FL-type - INFO - --------------------- report stage ---------------------
2022-04-26 20:17:07,467 - FL-type - INFO - 3 of 5 clients upload successfully
2022-04-26 20:17:07,467 - FL-type - INFO - round succeed, updating global model...
2022-04-26 20:17:07,467 - FL-type - INFO - Aggragate with SucFedAvg
2022-04-26 20:17:07,468 - FL-type - INFO - ===================== Round 25 of 6000 =====================
2022-04-26 20:17:07,468 - FL-type - INFO - --------------------- selection stage ---------------------
2022-04-26 20:17:07,468 - FL-type - INFO - current time: 5069.955469927476	time window: 20.0	
2022-04-26 20:17:07,468 - FL-type - INFO - 21 of 21 clients online
2022-04-26 20:17:07,468 - FL-type - INFO - selected num: 5
2022-04-26 20:17:07,469 - FL-type - INFO - --------------------- configuration stage ---------------------
2022-04-26 20:17:07,469 - FL-type - INFO - this round deadline 195
2022-04-26 20:17:08,246 - FL-type - INFO - average acc: 0.8169434477502937, average loss: 0.8082698285579681
2022-04-26 20:17:08,247 - FL-type - INFO - configuration and update stage simulation time: 195
2022-04-26 20:17:08,247 - FL-type - INFO - --------------------- report stage ---------------------
2022-04-26 20:17:08,247 - FL-type - INFO - 2 of 5 clients upload successfully
2022-04-26 20:17:08,247 - FL-type - INFO - round succeed, updating global model...
2022-04-26 20:17:08,247 - FL-type - INFO - Aggragate with SucFedAvg
2022-04-26 20:17:08,248 - FL-type - INFO - --------------------- test result ---------------------
2022-04-26 20:17:08,370 - FL-type - INFO - test_accuracy: 0.8038683406854428, 10th percentile: 0.8038683406854428, 50th percentile: 0.8038683406854428, 90th percentile 0.8038683406854428
2022-04-26 20:17:08,371 - FL-type - INFO - test_loss: 0.8140223622322083, 10th percentile: 0.8140223622322083, 50th percentile: 0.8140223622322083, 90th percentile 0.8140223622322083
2022-04-26 20:17:08,371 - FL-type - INFO - ===================== Round 26 of 6000 =====================
2022-04-26 20:17:08,371 - FL-type - INFO - --------------------- selection stage ---------------------
2022-04-26 20:17:08,372 - FL-type - INFO - current time: 5284.955469927476	time window: 20.0	
2022-04-26 20:17:08,372 - FL-type - INFO - 21 of 21 clients online
2022-04-26 20:17:08,372 - FL-type - INFO - selected num: 5
2022-04-26 20:17:08,372 - FL-type - INFO - --------------------- configuration stage ---------------------
2022-04-26 20:17:08,372 - FL-type - INFO - this round deadline 195
2022-04-26 20:17:09,493 - FL-type - INFO - average acc: 0.8519666769998491, average loss: 0.7513946692148844
2022-04-26 20:17:09,493 - FL-type - INFO - configuration and update stage simulation time: 195
2022-04-26 20:17:09,493 - FL-type - INFO - --------------------- report stage ---------------------
2022-04-26 20:17:09,494 - FL-type - INFO - 3 of 5 clients upload successfully
2022-04-26 20:17:09,494 - FL-type - INFO - round succeed, updating global model...
2022-04-26 20:17:09,494 - FL-type - INFO - Aggragate with SucFedAvg
2022-04-26 20:17:09,494 - FL-type - INFO - ===================== Round 27 of 6000 =====================
2022-04-26 20:17:09,494 - FL-type - INFO - --------------------- selection stage ---------------------
2022-04-26 20:17:09,494 - FL-type - INFO - current time: 5499.955469927476	time window: 20.0	
2022-04-26 20:17:09,495 - FL-type - INFO - 21 of 21 clients online
2022-04-26 20:17:09,495 - FL-type - INFO - selected num: 5
2022-04-26 20:17:09,495 - FL-type - INFO - --------------------- configuration stage ---------------------
2022-04-26 20:17:09,495 - FL-type - INFO - this round deadline 195
2022-04-26 20:17:10,288 - FL-type - INFO - average acc: 0.8589025409303334, average loss: 0.8117747902870178
2022-04-26 20:17:10,288 - FL-type - INFO - configuration and update stage simulation time: 195
2022-04-26 20:17:10,288 - FL-type - INFO - --------------------- report stage ---------------------
2022-04-26 20:17:10,289 - FL-type - INFO - 2 of 5 clients upload successfully
2022-04-26 20:17:10,289 - FL-type - INFO - round succeed, updating global model...
2022-04-26 20:17:10,289 - FL-type - INFO - Aggragate with SucFedAvg
2022-04-26 20:17:10,289 - FL-type - INFO - ===================== Round 28 of 6000 =====================
2022-04-26 20:17:10,290 - FL-type - INFO - --------------------- selection stage ---------------------
2022-04-26 20:17:10,290 - FL-type - INFO - current time: 5714.955469927476	time window: 20.0	
2022-04-26 20:17:10,290 - FL-type - INFO - 21 of 21 clients online
2022-04-26 20:17:10,290 - FL-type - INFO - selected num: 5
2022-04-26 20:17:10,291 - FL-type - INFO - --------------------- configuration stage ---------------------
2022-04-26 20:17:10,291 - FL-type - INFO - this round deadline 195
2022-04-26 20:17:11,591 - FL-type - INFO - average acc: 0.8537394236083792, average loss: 0.7716708779335022
2022-04-26 20:17:11,591 - FL-type - INFO - configuration and update stage simulation time: 195
2022-04-26 20:17:11,591 - FL-type - INFO - --------------------- report stage ---------------------
2022-04-26 20:17:11,591 - FL-type - INFO - 3 of 5 clients upload successfully
2022-04-26 20:17:11,591 - FL-type - INFO - round succeed, updating global model...
2022-04-26 20:17:11,591 - FL-type - INFO - Aggragate with SucFedAvg
2022-04-26 20:17:11,592 - FL-type - INFO - ===================== Round 29 of 6000 =====================
2022-04-26 20:17:11,592 - FL-type - INFO - --------------------- selection stage ---------------------
2022-04-26 20:17:11,592 - FL-type - INFO - current time: 5929.955469927476	time window: 20.0	
2022-04-26 20:17:11,592 - FL-type - INFO - 21 of 21 clients online
2022-04-26 20:17:11,593 - FL-type - INFO - selected num: 5
2022-04-26 20:17:11,593 - FL-type - INFO - --------------------- configuration stage ---------------------
2022-04-26 20:17:11,593 - FL-type - INFO - this round deadline 195
2022-04-26 20:17:12,756 - FL-type - INFO - average acc: 0.8631881335357453, average loss: 0.7542650898297628
2022-04-26 20:17:12,757 - FL-type - INFO - configuration and update stage simulation time: 195
2022-04-26 20:17:12,757 - FL-type - INFO - --------------------- report stage ---------------------
2022-04-26 20:17:12,757 - FL-type - INFO - 3 of 5 clients upload successfully
2022-04-26 20:17:12,757 - FL-type - INFO - round succeed, updating global model...
2022-04-26 20:17:12,758 - FL-type - INFO - Aggragate with SucFedAvg
2022-04-26 20:17:12,758 - FL-type - INFO - ===================== Round 30 of 6000 =====================
2022-04-26 20:17:12,758 - FL-type - INFO - --------------------- selection stage ---------------------
2022-04-26 20:17:12,758 - FL-type - INFO - current time: 6144.955469927476	time window: 20.0	
2022-04-26 20:17:12,759 - FL-type - INFO - 21 of 21 clients online
2022-04-26 20:17:12,759 - FL-type - INFO - selected num: 5
2022-04-26 20:17:12,759 - FL-type - INFO - --------------------- configuration stage ---------------------
2022-04-26 20:17:12,759 - FL-type - INFO - this round deadline 195
2022-04-26 20:17:13,842 - FL-type - INFO - average acc: 0.8645174858722049, average loss: 0.6918333172798157
2022-04-26 20:17:13,842 - FL-type - INFO - configuration and update stage simulation time: 195
2022-04-26 20:17:13,842 - FL-type - INFO - --------------------- report stage ---------------------
2022-04-26 20:17:13,843 - FL-type - INFO - 3 of 5 clients upload successfully
2022-04-26 20:17:13,843 - FL-type - INFO - round succeed, updating global model...
2022-04-26 20:17:13,843 - FL-type - INFO - Aggragate with SucFedAvg
2022-04-26 20:17:13,843 - FL-type - INFO - --------------------- test result ---------------------
2022-04-26 20:17:13,971 - FL-type - INFO - test_accuracy: 0.8218527315914489, 10th percentile: 0.8218527315914489, 50th percentile: 0.8218527315914489, 90th percentile 0.8218527315914489
2022-04-26 20:17:13,972 - FL-type - INFO - test_loss: 0.7553772926330566, 10th percentile: 0.7553772926330566, 50th percentile: 0.7553772926330566, 90th percentile 0.7553772926330566
2022-04-26 20:17:13,972 - FL-type - INFO - ===================== Round 31 of 6000 =====================
2022-04-26 20:17:13,972 - FL-type - INFO - --------------------- selection stage ---------------------
2022-04-26 20:17:13,972 - FL-type - INFO - current time: 6359.955469927476	time window: 20.0	
2022-04-26 20:17:13,973 - FL-type - INFO - 21 of 21 clients online
2022-04-26 20:17:13,973 - FL-type - INFO - selected num: 5
2022-04-26 20:17:13,973 - FL-type - INFO - --------------------- configuration stage ---------------------
2022-04-26 20:17:13,973 - FL-type - INFO - this round deadline 195
2022-04-26 20:17:14,665 - FL-type - INFO - average acc: 0.8718262694922032, average loss: 0.7048654556274414
2022-04-26 20:17:14,666 - FL-type - INFO - configuration and update stage simulation time: 195
2022-04-26 20:17:14,666 - FL-type - INFO - --------------------- report stage ---------------------
2022-04-26 20:17:14,666 - FL-type - INFO - 2 of 5 clients upload successfully
2022-04-26 20:17:14,666 - FL-type - INFO - round succeed, updating global model...
2022-04-26 20:17:14,666 - FL-type - INFO - Aggragate with SucFedAvg
2022-04-26 20:17:14,667 - FL-type - INFO - ===================== Round 32 of 6000 =====================
2022-04-26 20:17:14,667 - FL-type - INFO - --------------------- selection stage ---------------------
2022-04-26 20:17:14,667 - FL-type - INFO - current time: 6574.955469927476	time window: 20.0	
2022-04-26 20:17:14,667 - FL-type - INFO - 21 of 21 clients online
2022-04-26 20:17:14,668 - FL-type - INFO - selected num: 5
2022-04-26 20:17:14,668 - FL-type - INFO - --------------------- configuration stage ---------------------
2022-04-26 20:17:14,668 - FL-type - INFO - this round deadline 195
2022-04-26 20:17:15,492 - FL-type - INFO - average acc: 0.8763179671560445, average loss: 0.6963616907596588
2022-04-26 20:17:15,492 - FL-type - INFO - configuration and update stage simulation time: 195
2022-04-26 20:17:15,492 - FL-type - INFO - --------------------- report stage ---------------------
2022-04-26 20:17:15,492 - FL-type - INFO - 2 of 5 clients upload successfully
2022-04-26 20:17:15,492 - FL-type - INFO - round succeed, updating global model...
2022-04-26 20:17:15,493 - FL-type - INFO - Aggragate with SucFedAvg
2022-04-26 20:17:15,493 - FL-type - INFO - ===================== Round 33 of 6000 =====================
2022-04-26 20:17:15,493 - FL-type - INFO - --------------------- selection stage ---------------------
2022-04-26 20:17:15,493 - FL-type - INFO - current time: 6789.955469927476	time window: 20.0	
2022-04-26 20:17:15,493 - FL-type - INFO - 21 of 21 clients online
2022-04-26 20:17:15,494 - FL-type - INFO - selected num: 5
2022-04-26 20:17:15,494 - FL-type - INFO - --------------------- configuration stage ---------------------
2022-04-26 20:17:15,494 - FL-type - INFO - this round deadline 195
2022-04-26 20:17:16,243 - FL-type - INFO - average acc: 0.8519198193111237, average loss: 0.6497585773468018
2022-04-26 20:17:16,244 - FL-type - INFO - configuration and update stage simulation time: 195
2022-04-26 20:17:16,244 - FL-type - INFO - --------------------- report stage ---------------------
2022-04-26 20:17:16,244 - FL-type - INFO - 2 of 5 clients upload successfully
2022-04-26 20:17:16,244 - FL-type - INFO - round succeed, updating global model...
2022-04-26 20:17:16,244 - FL-type - INFO - Aggragate with SucFedAvg
2022-04-26 20:17:16,245 - FL-type - INFO - ===================== Round 34 of 6000 =====================
2022-04-26 20:17:16,245 - FL-type - INFO - --------------------- selection stage ---------------------
2022-04-26 20:17:16,245 - FL-type - INFO - current time: 7004.955469927476	time window: 20.0	
2022-04-26 20:17:16,245 - FL-type - INFO - 21 of 21 clients online
2022-04-26 20:17:16,245 - FL-type - INFO - selected num: 5
2022-04-26 20:17:16,246 - FL-type - INFO - --------------------- configuration stage ---------------------
2022-04-26 20:17:16,246 - FL-type - INFO - this round deadline 195
2022-04-26 20:17:16,619 - FL-type - INFO - average acc: 0.8701298701298701, average loss: 0.6327306628227234
2022-04-26 20:17:16,619 - FL-type - INFO - configuration and update stage simulation time: 195
2022-04-26 20:17:16,619 - FL-type - INFO - --------------------- report stage ---------------------
2022-04-26 20:17:16,620 - FL-type - INFO - 1 of 5 clients upload successfully
2022-04-26 20:17:16,620 - FL-type - INFO - round succeed, updating global model...
2022-04-26 20:17:16,620 - FL-type - INFO - Aggragate with SucFedAvg
2022-04-26 20:17:16,620 - FL-type - INFO - ===================== Round 35 of 6000 =====================
2022-04-26 20:17:16,621 - FL-type - INFO - --------------------- selection stage ---------------------
2022-04-26 20:17:16,621 - FL-type - INFO - current time: 7219.955469927476	time window: 20.0	
2022-04-26 20:17:16,621 - FL-type - INFO - 21 of 21 clients online
2022-04-26 20:17:16,622 - FL-type - INFO - selected num: 5
2022-04-26 20:17:16,622 - FL-type - INFO - --------------------- configuration stage ---------------------
2022-04-26 20:17:16,622 - FL-type - INFO - this round deadline 195
2022-04-26 20:17:18,525 - FL-type - INFO - average acc: 0.8672950215229328, average loss: 0.6505510091781617
2022-04-26 20:17:18,526 - FL-type - INFO - configuration and update stage simulation time: 115.65617461166647
2022-04-26 20:17:18,526 - FL-type - INFO - --------------------- report stage ---------------------
2022-04-26 20:17:18,526 - FL-type - INFO - 5 of 5 clients upload successfully
2022-04-26 20:17:18,526 - FL-type - INFO - round succeed, updating global model...
2022-04-26 20:17:18,526 - FL-type - INFO - Aggragate with SucFedAvg
2022-04-26 20:17:18,527 - FL-type - INFO - --------------------- test result ---------------------
2022-04-26 20:17:18,651 - FL-type - INFO - test_accuracy: 0.842551747539871, 10th percentile: 0.842551747539871, 50th percentile: 0.842551747539871, 90th percentile 0.842551747539871
2022-04-26 20:17:18,652 - FL-type - INFO - test_loss: 0.7106126546859741, 10th percentile: 0.7106126546859741, 50th percentile: 0.7106126546859741, 90th percentile 0.7106126546859741
2022-04-26 20:17:18,652 - FL-type - INFO - ===================== Round 36 of 6000 =====================
2022-04-26 20:17:18,652 - FL-type - INFO - --------------------- selection stage ---------------------
2022-04-26 20:17:18,653 - FL-type - INFO - current time: 7355.611644539143	time window: 20.0	
2022-04-26 20:17:18,653 - FL-type - INFO - 21 of 21 clients online
2022-04-26 20:17:18,653 - FL-type - INFO - selected num: 5
2022-04-26 20:17:18,653 - FL-type - INFO - --------------------- configuration stage ---------------------
2022-04-26 20:17:18,654 - FL-type - INFO - this round deadline 195
2022-04-26 20:17:18,665 - FL-type - ERROR - training time window is too short to train!
2022-04-26 20:17:18,665 - FL-type - INFO - --------------------- report stage ---------------------
2022-04-26 20:17:18,665 - FL-type - INFO - 0 of 5 clients upload successfully
2022-04-26 20:17:18,665 - FL-type - INFO - round failed, global model maintained.
2022-04-26 20:17:18,666 - FL-type - INFO - ===================== Round 37 of 6000 =====================
2022-04-26 20:17:18,666 - FL-type - INFO - --------------------- selection stage ---------------------
2022-04-26 20:17:18,666 - FL-type - INFO - current time: 7570.611644539143	time window: 20.0	
2022-04-26 20:17:18,666 - FL-type - INFO - 21 of 21 clients online
2022-04-26 20:17:18,666 - FL-type - INFO - selected num: 5
2022-04-26 20:17:18,666 - FL-type - INFO - --------------------- configuration stage ---------------------
2022-04-26 20:17:18,667 - FL-type - INFO - this round deadline 195
2022-04-26 20:17:19,429 - FL-type - INFO - average acc: 0.8717816817387997, average loss: 0.6788372695446014
2022-04-26 20:17:19,429 - FL-type - INFO - configuration and update stage simulation time: 195
2022-04-26 20:17:19,429 - FL-type - INFO - --------------------- report stage ---------------------
2022-04-26 20:17:19,430 - FL-type - INFO - 2 of 5 clients upload successfully
2022-04-26 20:17:19,430 - FL-type - INFO - round succeed, updating global model...
2022-04-26 20:17:19,430 - FL-type - INFO - Aggragate with SucFedAvg
2022-04-26 20:17:19,430 - FL-type - INFO - ===================== Round 38 of 6000 =====================
2022-04-26 20:17:19,430 - FL-type - INFO - --------------------- selection stage ---------------------
2022-04-26 20:17:19,431 - FL-type - INFO - current time: 7785.611644539143	time window: 20.0	
2022-04-26 20:17:19,431 - FL-type - INFO - 21 of 21 clients online
2022-04-26 20:17:19,431 - FL-type - INFO - selected num: 5
2022-04-26 20:17:19,431 - FL-type - INFO - --------------------- configuration stage ---------------------
2022-04-26 20:17:19,432 - FL-type - INFO - this round deadline 195
2022-04-26 20:17:20,915 - FL-type - INFO - average acc: 0.8401716481675676, average loss: 0.6807246208190918
2022-04-26 20:17:20,915 - FL-type - INFO - configuration and update stage simulation time: 195
2022-04-26 20:17:20,915 - FL-type - INFO - --------------------- report stage ---------------------
2022-04-26 20:17:20,915 - FL-type - INFO - 4 of 5 clients upload successfully
2022-04-26 20:17:20,916 - FL-type - INFO - round succeed, updating global model...
2022-04-26 20:17:20,916 - FL-type - INFO - Aggragate with SucFedAvg
2022-04-26 20:17:20,916 - FL-type - INFO - ===================== Round 39 of 6000 =====================
2022-04-26 20:17:20,916 - FL-type - INFO - --------------------- selection stage ---------------------
2022-04-26 20:17:20,916 - FL-type - INFO - current time: 8000.611644539143	time window: 20.0	
2022-04-26 20:17:20,917 - FL-type - INFO - 21 of 21 clients online
2022-04-26 20:17:20,917 - FL-type - INFO - selected num: 5
2022-04-26 20:17:20,917 - FL-type - INFO - --------------------- configuration stage ---------------------
2022-04-26 20:17:20,917 - FL-type - INFO - this round deadline 195
2022-04-26 20:17:20,927 - FL-type - ERROR - training time window is too short to train!
2022-04-26 20:17:20,928 - FL-type - INFO - --------------------- report stage ---------------------
2022-04-26 20:17:20,928 - FL-type - INFO - 0 of 5 clients upload successfully
2022-04-26 20:17:20,928 - FL-type - INFO - round failed, global model maintained.
2022-04-26 20:17:20,928 - FL-type - INFO - ===================== Round 40 of 6000 =====================
2022-04-26 20:17:20,928 - FL-type - INFO - --------------------- selection stage ---------------------
2022-04-26 20:17:20,928 - FL-type - INFO - current time: 8215.611644539142	time window: 20.0	
2022-04-26 20:17:20,929 - FL-type - INFO - 21 of 21 clients online
2022-04-26 20:17:20,929 - FL-type - INFO - selected num: 5
2022-04-26 20:17:20,929 - FL-type - INFO - --------------------- configuration stage ---------------------
2022-04-26 20:17:20,929 - FL-type - INFO - this round deadline 195
2022-04-26 20:17:21,767 - FL-type - INFO - average acc: 0.8649296675191815, average loss: 0.595219761133194
2022-04-26 20:17:21,767 - FL-type - INFO - configuration and update stage simulation time: 195
2022-04-26 20:17:21,767 - FL-type - INFO - --------------------- report stage ---------------------
2022-04-26 20:17:21,768 - FL-type - INFO - 2 of 5 clients upload successfully
2022-04-26 20:17:21,768 - FL-type - INFO - round succeed, updating global model...
2022-04-26 20:17:21,768 - FL-type - INFO - Aggragate with SucFedAvg
2022-04-26 20:17:21,768 - FL-type - INFO - --------------------- test result ---------------------
2022-04-26 20:17:21,874 - FL-type - INFO - test_accuracy: 0.8544282321004412, 10th percentile: 0.8544282321004412, 50th percentile: 0.8544282321004412, 90th percentile 0.8544282321004412
2022-04-26 20:17:21,875 - FL-type - INFO - test_loss: 0.6881482601165771, 10th percentile: 0.6881482601165771, 50th percentile: 0.6881482601165771, 90th percentile 0.6881482601165771
2022-04-26 20:17:21,875 - FL-type - INFO - ===================== Round 41 of 6000 =====================
2022-04-26 20:17:21,875 - FL-type - INFO - --------------------- selection stage ---------------------
2022-04-26 20:17:21,876 - FL-type - INFO - current time: 8430.611644539142	time window: 20.0	
2022-04-26 20:17:21,876 - FL-type - INFO - 21 of 21 clients online
2022-04-26 20:17:21,876 - FL-type - INFO - selected num: 5
2022-04-26 20:17:21,876 - FL-type - INFO - --------------------- configuration stage ---------------------
2022-04-26 20:17:21,876 - FL-type - INFO - this round deadline 195
2022-04-26 20:17:22,986 - FL-type - INFO - average acc: 0.888699620981975, average loss: 0.6224494576454163
2022-04-26 20:17:22,986 - FL-type - INFO - configuration and update stage simulation time: 195
2022-04-26 20:17:22,987 - FL-type - INFO - --------------------- report stage ---------------------
2022-04-26 20:17:22,987 - FL-type - INFO - 3 of 5 clients upload successfully
2022-04-26 20:17:22,987 - FL-type - INFO - round succeed, updating global model...
2022-04-26 20:17:22,987 - FL-type - INFO - Aggragate with SucFedAvg
2022-04-26 20:17:22,988 - FL-type - INFO - ===================== Round 42 of 6000 =====================
2022-04-26 20:17:22,988 - FL-type - INFO - --------------------- selection stage ---------------------
2022-04-26 20:17:22,988 - FL-type - INFO - current time: 8645.611644539142	time window: 20.0	
2022-04-26 20:17:22,988 - FL-type - INFO - 21 of 21 clients online
2022-04-26 20:17:22,988 - FL-type - INFO - selected num: 5
2022-04-26 20:17:22,989 - FL-type - INFO - --------------------- configuration stage ---------------------
2022-04-26 20:17:22,989 - FL-type - INFO - this round deadline 195
2022-04-26 20:17:23,932 - FL-type - INFO - average acc: 0.9039950316935607, average loss: 0.6110188961029053
2022-04-26 20:17:23,932 - FL-type - INFO - configuration and update stage simulation time: 195
2022-04-26 20:17:23,932 - FL-type - INFO - --------------------- report stage ---------------------
2022-04-26 20:17:23,932 - FL-type - INFO - 3 of 5 clients upload successfully
2022-04-26 20:17:23,932 - FL-type - INFO - round succeed, updating global model...
2022-04-26 20:17:23,932 - FL-type - INFO - Aggragate with SucFedAvg
2022-04-26 20:17:23,932 - FL-type - INFO - ===================== Round 43 of 6000 =====================
2022-04-26 20:17:23,932 - FL-type - INFO - --------------------- selection stage ---------------------
2022-04-26 20:17:23,933 - FL-type - INFO - current time: 8860.611644539142	time window: 20.0	
2022-04-26 20:17:23,933 - FL-type - INFO - 21 of 21 clients online
2022-04-26 20:17:23,933 - FL-type - INFO - selected num: 5
2022-04-26 20:17:23,933 - FL-type - INFO - --------------------- configuration stage ---------------------
2022-04-26 20:17:23,933 - FL-type - INFO - this round deadline 195
2022-04-26 20:17:24,521 - FL-type - INFO - average acc: 0.8393862967633459, average loss: 0.6424261629581451
2022-04-26 20:17:24,522 - FL-type - INFO - configuration and update stage simulation time: 195
2022-04-26 20:17:24,522 - FL-type - INFO - --------------------- report stage ---------------------
2022-04-26 20:17:24,522 - FL-type - INFO - 2 of 5 clients upload successfully
2022-04-26 20:17:24,522 - FL-type - INFO - round succeed, updating global model...
2022-04-26 20:17:24,522 - FL-type - INFO - Aggragate with SucFedAvg
2022-04-26 20:17:24,522 - FL-type - INFO - ===================== Round 44 of 6000 =====================
2022-04-26 20:17:24,522 - FL-type - INFO - --------------------- selection stage ---------------------
2022-04-26 20:17:24,523 - FL-type - INFO - current time: 9075.611644539142	time window: 20.0	
2022-04-26 20:17:24,523 - FL-type - INFO - 21 of 21 clients online
2022-04-26 20:17:24,523 - FL-type - INFO - selected num: 5
2022-04-26 20:17:24,523 - FL-type - INFO - --------------------- configuration stage ---------------------
2022-04-26 20:17:24,523 - FL-type - INFO - this round deadline 195
2022-04-26 20:17:25,086 - FL-type - INFO - average acc: 0.9173442497409793, average loss: 0.6226899027824402
2022-04-26 20:17:25,087 - FL-type - INFO - configuration and update stage simulation time: 195
2022-04-26 20:17:25,087 - FL-type - INFO - --------------------- report stage ---------------------
2022-04-26 20:17:25,087 - FL-type - INFO - 2 of 5 clients upload successfully
2022-04-26 20:17:25,087 - FL-type - INFO - round succeed, updating global model...
2022-04-26 20:17:25,087 - FL-type - INFO - Aggragate with SucFedAvg
2022-04-26 20:17:25,088 - FL-type - INFO - ===================== Round 45 of 6000 =====================
2022-04-26 20:17:25,088 - FL-type - INFO - --------------------- selection stage ---------------------
2022-04-26 20:17:25,088 - FL-type - INFO - current time: 9290.611644539142	time window: 20.0	
2022-04-26 20:17:25,088 - FL-type - INFO - 21 of 21 clients online
2022-04-26 20:17:25,088 - FL-type - INFO - selected num: 5
2022-04-26 20:17:25,089 - FL-type - INFO - --------------------- configuration stage ---------------------
2022-04-26 20:17:25,089 - FL-type - INFO - this round deadline 195
2022-04-26 20:17:25,520 - FL-type - INFO - average acc: 0.8581907090464548, average loss: 0.7100058794021606
2022-04-26 20:17:25,520 - FL-type - INFO - configuration and update stage simulation time: 195
2022-04-26 20:17:25,521 - FL-type - INFO - --------------------- report stage ---------------------
2022-04-26 20:17:25,521 - FL-type - INFO - 1 of 5 clients upload successfully
2022-04-26 20:17:25,521 - FL-type - INFO - round succeed, updating global model...
2022-04-26 20:17:25,521 - FL-type - INFO - Aggragate with SucFedAvg
2022-04-26 20:17:25,521 - FL-type - INFO - --------------------- test result ---------------------
2022-04-26 20:17:25,636 - FL-type - INFO - test_accuracy: 0.7970817780794028, 10th percentile: 0.7970817780794028, 50th percentile: 0.7970817780794028, 90th percentile 0.7970817780794028
2022-04-26 20:17:25,637 - FL-type - INFO - test_loss: 0.6805269718170166, 10th percentile: 0.6805269718170166, 50th percentile: 0.6805269718170166, 90th percentile 0.6805269718170166
2022-04-26 20:17:25,637 - FL-type - INFO - ===================== Round 46 of 6000 =====================
2022-04-26 20:17:25,638 - FL-type - INFO - --------------------- selection stage ---------------------
2022-04-26 20:17:25,638 - FL-type - INFO - current time: 9505.611644539142	time window: 20.0	
2022-04-26 20:17:25,638 - FL-type - INFO - 21 of 21 clients online
2022-04-26 20:17:25,638 - FL-type - INFO - selected num: 5
2022-04-26 20:17:25,638 - FL-type - INFO - --------------------- configuration stage ---------------------
2022-04-26 20:17:25,639 - FL-type - INFO - this round deadline 195
2022-04-26 20:17:26,311 - FL-type - INFO - average acc: 0.8759670431688071, average loss: 0.5911600887775421
2022-04-26 20:17:26,311 - FL-type - INFO - configuration and update stage simulation time: 195
2022-04-26 20:17:26,311 - FL-type - INFO - --------------------- report stage ---------------------
2022-04-26 20:17:26,312 - FL-type - INFO - 2 of 5 clients upload successfully
2022-04-26 20:17:26,312 - FL-type - INFO - round succeed, updating global model...
2022-04-26 20:17:26,312 - FL-type - INFO - Aggragate with SucFedAvg
2022-04-26 20:17:26,312 - FL-type - INFO - ===================== Round 47 of 6000 =====================
2022-04-26 20:17:26,312 - FL-type - INFO - --------------------- selection stage ---------------------
2022-04-26 20:17:26,313 - FL-type - INFO - current time: 9720.611644539142	time window: 20.0	
2022-04-26 20:17:26,313 - FL-type - INFO - 21 of 21 clients online
2022-04-26 20:17:26,313 - FL-type - INFO - selected num: 5
2022-04-26 20:17:26,313 - FL-type - INFO - --------------------- configuration stage ---------------------
2022-04-26 20:17:26,313 - FL-type - INFO - this round deadline 195
2022-04-26 20:17:27,327 - FL-type - INFO - average acc: 0.8908658213874775, average loss: 0.606465756893158
2022-04-26 20:17:27,327 - FL-type - INFO - configuration and update stage simulation time: 195
2022-04-26 20:17:27,327 - FL-type - INFO - --------------------- report stage ---------------------
2022-04-26 20:17:27,327 - FL-type - INFO - 3 of 5 clients upload successfully
2022-04-26 20:17:27,327 - FL-type - INFO - round succeed, updating global model...
2022-04-26 20:17:27,328 - FL-type - INFO - Aggragate with SucFedAvg
2022-04-26 20:17:27,328 - FL-type - INFO - ===================== Round 48 of 6000 =====================
2022-04-26 20:17:27,328 - FL-type - INFO - --------------------- selection stage ---------------------
2022-04-26 20:17:27,328 - FL-type - INFO - current time: 9935.611644539142	time window: 20.0	
2022-04-26 20:17:27,329 - FL-type - INFO - 21 of 21 clients online
2022-04-26 20:17:27,329 - FL-type - INFO - selected num: 5
2022-04-26 20:17:27,329 - FL-type - INFO - --------------------- configuration stage ---------------------
2022-04-26 20:17:27,329 - FL-type - INFO - this round deadline 195
2022-04-26 20:17:28,358 - FL-type - INFO - average acc: 0.9085933549896863, average loss: 0.5817090074221293
2022-04-26 20:17:28,358 - FL-type - INFO - configuration and update stage simulation time: 195
2022-04-26 20:17:28,359 - FL-type - INFO - --------------------- report stage ---------------------
2022-04-26 20:17:28,359 - FL-type - INFO - 3 of 5 clients upload successfully
2022-04-26 20:17:28,359 - FL-type - INFO - round succeed, updating global model...
2022-04-26 20:17:28,359 - FL-type - INFO - Aggragate with SucFedAvg
2022-04-26 20:17:28,359 - FL-type - INFO - ===================== Round 49 of 6000 =====================
2022-04-26 20:17:28,359 - FL-type - INFO - --------------------- selection stage ---------------------
2022-04-26 20:17:28,359 - FL-type - INFO - current time: 10150.611644539142	time window: 20.0	
2022-04-26 20:17:28,359 - FL-type - INFO - 21 of 21 clients online
2022-04-26 20:17:28,360 - FL-type - INFO - selected num: 5
2022-04-26 20:17:28,360 - FL-type - INFO - --------------------- configuration stage ---------------------
2022-04-26 20:17:28,360 - FL-type - INFO - this round deadline 195
2022-04-26 20:17:29,525 - FL-type - INFO - average acc: 0.8611872634452816, average loss: 0.6070516109466553
2022-04-26 20:17:29,525 - FL-type - INFO - configuration and update stage simulation time: 195
2022-04-26 20:17:29,526 - FL-type - INFO - --------------------- report stage ---------------------
2022-04-26 20:17:29,526 - FL-type - INFO - 3 of 5 clients upload successfully
2022-04-26 20:17:29,526 - FL-type - INFO - round succeed, updating global model...
2022-04-26 20:17:29,526 - FL-type - INFO - Aggragate with SucFedAvg
2022-04-26 20:17:29,526 - FL-type - INFO - ===================== Round 50 of 6000 =====================
2022-04-26 20:17:29,526 - FL-type - INFO - --------------------- selection stage ---------------------
2022-04-26 20:17:29,527 - FL-type - INFO - current time: 10365.611644539142	time window: 20.0	
2022-04-26 20:17:29,527 - FL-type - INFO - 21 of 21 clients online
2022-04-26 20:17:29,527 - FL-type - INFO - selected num: 5
2022-04-26 20:17:29,527 - FL-type - INFO - --------------------- configuration stage ---------------------
2022-04-26 20:17:29,528 - FL-type - INFO - this round deadline 195
2022-04-26 20:17:30,573 - FL-type - INFO - average acc: 0.8809977739015643, average loss: 0.6212035218874613
2022-04-26 20:17:30,573 - FL-type - INFO - configuration and update stage simulation time: 195
2022-04-26 20:17:30,573 - FL-type - INFO - --------------------- report stage ---------------------
2022-04-26 20:17:30,573 - FL-type - INFO - 3 of 5 clients upload successfully
2022-04-26 20:17:30,573 - FL-type - INFO - round succeed, updating global model...
2022-04-26 20:17:30,573 - FL-type - INFO - Aggragate with SucFedAvg
2022-04-26 20:17:30,574 - FL-type - INFO - --------------------- test result ---------------------
2022-04-26 20:17:30,574 - FL-type - INFO - save attended_clients.json
2022-04-26 20:17:30,634 - FL-type - INFO - Model saved in path: checkpoints/har/har_batchexp_fedavg_ddl_fixed_1_0/har_batchexp_fedavg_ddl_fixed_1_0.cfg.ckpt
2022-04-26 20:17:30,759 - FL-type - INFO - test_accuracy: 0.840176450627757, 10th percentile: 0.840176450627757, 50th percentile: 0.840176450627757, 90th percentile 0.840176450627757
2022-04-26 20:17:30,760 - FL-type - INFO - test_loss: 0.6348493695259094, 10th percentile: 0.6348493695259094, 50th percentile: 0.6348493695259094, 90th percentile 0.6348493695259094
2022-04-26 20:17:30,761 - FL-type - INFO - save clients_info.json.
2022-04-26 20:17:30,761 - FL-type - INFO - ===================== Round 51 of 6000 =====================
2022-04-26 20:17:30,761 - FL-type - INFO - --------------------- selection stage ---------------------
2022-04-26 20:17:30,761 - FL-type - INFO - current time: 10580.611644539142	time window: 20.0	
2022-04-26 20:17:30,761 - FL-type - INFO - 21 of 21 clients online
2022-04-26 20:17:30,762 - FL-type - INFO - selected num: 5
2022-04-26 20:17:30,762 - FL-type - INFO - --------------------- configuration stage ---------------------
2022-04-26 20:17:30,762 - FL-type - INFO - this round deadline 195
2022-04-26 20:17:31,799 - FL-type - INFO - average acc: 0.8838140053720084, average loss: 0.615385115146637
2022-04-26 20:17:31,800 - FL-type - INFO - configuration and update stage simulation time: 195
2022-04-26 20:17:31,800 - FL-type - INFO - --------------------- report stage ---------------------
2022-04-26 20:17:31,800 - FL-type - INFO - 3 of 5 clients upload successfully
2022-04-26 20:17:31,800 - FL-type - INFO - round succeed, updating global model...
2022-04-26 20:17:31,800 - FL-type - INFO - Aggragate with SucFedAvg
2022-04-26 20:17:31,801 - FL-type - INFO - ===================== Round 52 of 6000 =====================
2022-04-26 20:17:31,801 - FL-type - INFO - --------------------- selection stage ---------------------
2022-04-26 20:17:31,801 - FL-type - INFO - current time: 10795.611644539142	time window: 20.0	
2022-04-26 20:17:31,801 - FL-type - INFO - 21 of 21 clients online
2022-04-26 20:17:31,802 - FL-type - INFO - selected num: 5
2022-04-26 20:17:31,802 - FL-type - INFO - --------------------- configuration stage ---------------------
2022-04-26 20:17:31,802 - FL-type - INFO - this round deadline 195
2022-04-26 20:17:33,188 - FL-type - INFO - average acc: 0.8721988300372477, average loss: 0.5775078386068344
2022-04-26 20:17:33,188 - FL-type - INFO - configuration and update stage simulation time: 195
2022-04-26 20:17:33,188 - FL-type - INFO - --------------------- report stage ---------------------
2022-04-26 20:17:33,188 - FL-type - INFO - 4 of 5 clients upload successfully
2022-04-26 20:17:33,188 - FL-type - INFO - round succeed, updating global model...
2022-04-26 20:17:33,188 - FL-type - INFO - Aggragate with SucFedAvg
2022-04-26 20:17:33,189 - FL-type - INFO - ===================== Round 53 of 6000 =====================
2022-04-26 20:17:33,189 - FL-type - INFO - --------------------- selection stage ---------------------
2022-04-26 20:17:33,189 - FL-type - INFO - current time: 11010.611644539142	time window: 20.0	
2022-04-26 20:17:33,189 - FL-type - INFO - 21 of 21 clients online
2022-04-26 20:17:33,190 - FL-type - INFO - selected num: 5
2022-04-26 20:17:33,190 - FL-type - INFO - --------------------- configuration stage ---------------------
2022-04-26 20:17:33,190 - FL-type - INFO - this round deadline 195
2022-04-26 20:17:34,259 - FL-type - INFO - average acc: 0.900552226973442, average loss: 0.5690064827601115
2022-04-26 20:17:34,259 - FL-type - INFO - configuration and update stage simulation time: 195
2022-04-26 20:17:34,259 - FL-type - INFO - --------------------- report stage ---------------------
2022-04-26 20:17:34,259 - FL-type - INFO - 3 of 5 clients upload successfully
2022-04-26 20:17:34,259 - FL-type - INFO - round succeed, updating global model...
2022-04-26 20:17:34,260 - FL-type - INFO - Aggragate with SucFedAvg
2022-04-26 20:17:34,260 - FL-type - INFO - ===================== Round 54 of 6000 =====================
2022-04-26 20:17:34,260 - FL-type - INFO - --------------------- selection stage ---------------------
2022-04-26 20:17:34,260 - FL-type - INFO - current time: 11225.611644539142	time window: 20.0	
2022-04-26 20:17:34,260 - FL-type - INFO - 21 of 21 clients online
2022-04-26 20:17:34,260 - FL-type - INFO - selected num: 5
2022-04-26 20:17:34,260 - FL-type - INFO - --------------------- configuration stage ---------------------
2022-04-26 20:17:34,261 - FL-type - INFO - this round deadline 195
2022-04-26 20:17:35,261 - FL-type - INFO - average acc: 0.8724434740882466, average loss: 0.5707204540570577
2022-04-26 20:17:35,261 - FL-type - INFO - configuration and update stage simulation time: 195
2022-04-26 20:17:35,261 - FL-type - INFO - --------------------- report stage ---------------------
2022-04-26 20:17:35,261 - FL-type - INFO - 3 of 5 clients upload successfully
2022-04-26 20:17:35,262 - FL-type - INFO - round succeed, updating global model...
2022-04-26 20:17:35,262 - FL-type - INFO - Aggragate with SucFedAvg
2022-04-26 20:17:35,262 - FL-type - INFO - ===================== Round 55 of 6000 =====================
2022-04-26 20:17:35,262 - FL-type - INFO - --------------------- selection stage ---------------------
2022-04-26 20:17:35,262 - FL-type - INFO - current time: 11440.611644539142	time window: 20.0	
2022-04-26 20:17:35,262 - FL-type - INFO - 21 of 21 clients online
2022-04-26 20:17:35,263 - FL-type - INFO - selected num: 5
2022-04-26 20:17:35,263 - FL-type - INFO - --------------------- configuration stage ---------------------
2022-04-26 20:17:35,263 - FL-type - INFO - this round deadline 195
2022-04-26 20:17:36,232 - FL-type - INFO - average acc: 0.9000837023093707, average loss: 0.5584212938944498
2022-04-26 20:17:36,233 - FL-type - INFO - configuration and update stage simulation time: 195
2022-04-26 20:17:36,233 - FL-type - INFO - --------------------- report stage ---------------------
2022-04-26 20:17:36,233 - FL-type - INFO - 3 of 5 clients upload successfully
2022-04-26 20:17:36,234 - FL-type - INFO - round succeed, updating global model...
2022-04-26 20:17:36,234 - FL-type - INFO - Aggragate with SucFedAvg
2022-04-26 20:17:36,235 - FL-type - INFO - --------------------- test result ---------------------
2022-04-26 20:17:36,339 - FL-type - INFO - test_accuracy: 0.8608754665761792, 10th percentile: 0.8608754665761792, 50th percentile: 0.8608754665761792, 90th percentile 0.8608754665761792
2022-04-26 20:17:36,340 - FL-type - INFO - test_loss: 0.6044356822967529, 10th percentile: 0.6044356822967529, 50th percentile: 0.6044356822967529, 90th percentile 0.6044356822967529
2022-04-26 20:17:36,340 - FL-type - INFO - ===================== Round 56 of 6000 =====================
2022-04-26 20:17:36,340 - FL-type - INFO - --------------------- selection stage ---------------------
2022-04-26 20:17:36,341 - FL-type - INFO - current time: 11655.611644539142	time window: 20.0	
2022-04-26 20:17:36,341 - FL-type - INFO - 21 of 21 clients online
2022-04-26 20:17:36,341 - FL-type - INFO - selected num: 5
2022-04-26 20:17:36,341 - FL-type - INFO - --------------------- configuration stage ---------------------
2022-04-26 20:17:36,342 - FL-type - INFO - this round deadline 195
2022-04-26 20:17:37,313 - FL-type - INFO - average acc: 0.9142814188498279, average loss: 0.5719578266143799
2022-04-26 20:17:37,313 - FL-type - INFO - configuration and update stage simulation time: 195
2022-04-26 20:17:37,313 - FL-type - INFO - --------------------- report stage ---------------------
2022-04-26 20:17:37,313 - FL-type - INFO - 3 of 5 clients upload successfully
2022-04-26 20:17:37,313 - FL-type - INFO - round succeed, updating global model...
2022-04-26 20:17:37,314 - FL-type - INFO - Aggragate with SucFedAvg
2022-04-26 20:17:37,314 - FL-type - INFO - ===================== Round 57 of 6000 =====================
2022-04-26 20:17:37,314 - FL-type - INFO - --------------------- selection stage ---------------------
2022-04-26 20:17:37,314 - FL-type - INFO - current time: 11870.611644539142	time window: 20.0	
2022-04-26 20:17:37,314 - FL-type - INFO - 21 of 21 clients online
2022-04-26 20:17:37,314 - FL-type - INFO - selected num: 5
2022-04-26 20:17:37,314 - FL-type - INFO - --------------------- configuration stage ---------------------
2022-04-26 20:17:37,315 - FL-type - INFO - this round deadline 195
2022-04-26 20:17:37,595 - FL-type - INFO - average acc: 0.847682119205298, average loss: 0.5867639780044556
2022-04-26 20:17:37,595 - FL-type - INFO - configuration and update stage simulation time: 195
2022-04-26 20:17:37,595 - FL-type - INFO - --------------------- report stage ---------------------
2022-04-26 20:17:37,596 - FL-type - INFO - 1 of 5 clients upload successfully
2022-04-26 20:17:37,596 - FL-type - INFO - round succeed, updating global model...
2022-04-26 20:17:37,596 - FL-type - INFO - Aggragate with SucFedAvg
2022-04-26 20:17:37,596 - FL-type - INFO - ===================== Round 58 of 6000 =====================
2022-04-26 20:17:37,596 - FL-type - INFO - --------------------- selection stage ---------------------
2022-04-26 20:17:37,596 - FL-type - INFO - current time: 12085.611644539142	time window: 20.0	
2022-04-26 20:17:37,596 - FL-type - INFO - 21 of 21 clients online
2022-04-26 20:17:37,597 - FL-type - INFO - selected num: 5
2022-04-26 20:17:37,597 - FL-type - INFO - --------------------- configuration stage ---------------------
2022-04-26 20:17:37,597 - FL-type - INFO - this round deadline 195
