2022-04-28 10:06:36,418 - FL-type - INFO - logger init finished ---- log file: ../models/configs/har/har_fedavg_2T_seed1.cfg.log
2022-04-28 10:06:37,372 - FL-type - INFO - read config from ../models/configs/har/har_fedavg_2T_seed1.cfg
2022-04-28 10:06:37,372 - FL-type - INFO - no behavior heterogeneity! assume client is availiable at any time.
2022-04-28 10:06:37,373 - FL-type - INFO - ================= Config =================
2022-04-28 10:06:37,373 - FL-type - INFO - 	config_name = ../models/configs/har/har_fedavg_2T_seed1.cfg
2022-04-28 10:06:37,373 - FL-type - INFO - 	dataset = har
2022-04-28 10:06:37,373 - FL-type - INFO - 	model = lr
2022-04-28 10:06:37,373 - FL-type - INFO - 	num_rounds = 6000
2022-04-28 10:06:37,373 - FL-type - INFO - 	lr = 0.0003
2022-04-28 10:06:37,373 - FL-type - INFO - 	eval_every = 5
2022-04-28 10:06:37,374 - FL-type - INFO - 	clients_per_round = 5
2022-04-28 10:06:37,374 - FL-type - INFO - 	min_selected = 1
2022-04-28 10:06:37,374 - FL-type - INFO - 	max_sample = 2147483647
2022-04-28 10:06:37,374 - FL-type - INFO - 	batch_size = 10
2022-04-28 10:06:37,374 - FL-type - INFO - 	seed = 1
2022-04-28 10:06:37,374 - FL-type - INFO - 	num_epochs = 5
2022-04-28 10:06:37,374 - FL-type - INFO - 	minibatch = None
2022-04-28 10:06:37,374 - FL-type - INFO - 	round_ddl = [1000, 0]
2022-04-28 10:06:37,374 - FL-type - INFO - 	update_frac = 0.01
2022-04-28 10:06:37,375 - FL-type - INFO - 	max_client_num = 9223372036854775807
2022-04-28 10:06:37,375 - FL-type - INFO - 	aggregate_algorithm = SucFedAvg
2022-04-28 10:06:37,375 - FL-type - INFO - 	time_window = [20.0, 0.0]
2022-04-28 10:06:37,375 - FL-type - INFO - 	user_trace = False
2022-04-28 10:06:37,375 - FL-type - INFO - 	behav_hete = False
2022-04-28 10:06:37,375 - FL-type - INFO - 	hard_hete = True
2022-04-28 10:06:37,376 - FL-type - INFO - 	no_training = False
2022-04-28 10:06:37,376 - FL-type - INFO - 	real_world = False
2022-04-28 10:06:37,376 - FL-type - INFO - 	compress_algo = None
2022-04-28 10:06:37,376 - FL-type - INFO - 	fedprox = False
2022-04-28 10:06:37,376 - FL-type - INFO - 	fedprox_mu = 0
2022-04-28 10:06:37,376 - FL-type - INFO - 	structure_k = None
2022-04-28 10:06:37,377 - FL-type - INFO - 	qffl = False
2022-04-28 10:06:37,377 - FL-type - INFO - 	qffl_q = 0
2022-04-28 10:06:37,377 - FL-type - INFO - 	fedbalancer = False
2022-04-28 10:06:37,377 - FL-type - INFO - 	fb_w = 1
2022-04-28 10:06:37,377 - FL-type - INFO - 	fb_p = 0.0
2022-04-28 10:06:37,377 - FL-type - INFO - 	fb_inference_pipelining = False
2022-04-28 10:06:37,377 - FL-type - INFO - 	noise_factor = 0.0
2022-04-28 10:06:37,377 - FL-type - INFO - 	fb_simple_control_lt = False
2022-04-28 10:06:37,378 - FL-type - INFO - 	fb_simple_control_ddl = False
2022-04-28 10:06:37,378 - FL-type - INFO - 	fb_simple_control_lt_stepsize = 0
2022-04-28 10:06:37,378 - FL-type - INFO - 	fb_simple_control_ddl_stepsize = 0
2022-04-28 10:06:37,378 - FL-type - INFO - 	fb_client_selection = False
2022-04-28 10:06:37,378 - FL-type - INFO - 	oort_pacer = False
2022-04-28 10:06:37,378 - FL-type - INFO - 	oort_pacer_delta = 10
2022-04-28 10:06:37,379 - FL-type - INFO - 	oort_blacklist = False
2022-04-28 10:06:37,379 - FL-type - INFO - 	oort_blacklist_rounds = 10
2022-04-28 10:06:37,379 - FL-type - INFO - 	realoort = False
2022-04-28 10:06:37,379 - FL-type - INFO - 	realoortbalancer = False
2022-04-28 10:06:37,379 - FL-type - INFO - 	ddl_baseline_smartpc = False
2022-04-28 10:06:37,379 - FL-type - INFO - 	ddl_baseline_smartpc_percentage = 0.0
2022-04-28 10:06:37,379 - FL-type - INFO - 	ddl_baseline_fixed = True
2022-04-28 10:06:37,379 - FL-type - INFO - 	ddl_baseline_fixed_value_multiplied_at_mean = 2.0
2022-04-28 10:06:37,380 - FL-type - INFO - 	global_final_time = 500000
2022-04-28 10:06:37,380 - FL-type - INFO - 	global_final_test_accuracy = 0.0
2022-04-28 10:06:37,380 - FL-type - INFO - 	output_path = ../models/configs/har/
2022-04-28 10:06:37,380 - FL-type - INFO - ================= ====== =================
2022-04-28 10:06:37,381 - FL-type - INFO - ############################## har.lr ##############################
2022-04-28 10:06:46,651 - FL-type - INFO - model size: 13488
2022-04-28 10:06:46,652 - FL-type - INFO - ======================Setup Clients==========================
2022-04-28 10:06:47,977 - FL-type - INFO - Train Clients in Total: 21
2022-04-28 10:06:47,977 - FL-type - INFO - Test Clients in Total: 1
2022-04-28 10:06:47,986 - FL-type - INFO - set up 10 clients
2022-04-28 10:06:47,989 - FL-type - INFO - set up 20 clients
2022-04-28 10:06:48,062 - FL-type - INFO - Timer cached in cached_timers.json
2022-04-28 10:06:48,062 - FL-type - INFO - device setup result: defaultdict(<class 'int'>, {'Google Nexus S': 15, 'Xiaomi Redmi Note 7 Pro': 6})
2022-04-28 10:06:48,083 - FL-type - INFO - ===================== Random Initialization =====================
2022-04-28 10:06:48,084 - FL-type - INFO - ===================== Round 1 of 6000 =====================
2022-04-28 10:06:48,084 - FL-type - INFO - --------------------- selection stage ---------------------
2022-04-28 10:06:48,084 - FL-type - INFO - current time: 0	time window: 20.0	
2022-04-28 10:06:48,084 - FL-type - INFO - 21 of 21 clients online
2022-04-28 10:06:48,085 - FL-type - INFO - selected num: 5
2022-04-28 10:06:48,085 - FL-type - INFO - --------------------- configuration stage ---------------------
2022-04-28 10:06:48,086 - FL-type - INFO - this round deadline 478
2022-04-28 10:06:50,882 - FL-type - INFO - average acc: 0.3665638746078629, average loss: 1.6366626501083374
2022-04-28 10:06:50,883 - FL-type - INFO - configuration and update stage simulation time: 312.721729038913
2022-04-28 10:06:50,883 - FL-type - INFO - --------------------- report stage ---------------------
2022-04-28 10:06:50,883 - FL-type - INFO - 5 of 5 clients upload successfully
2022-04-28 10:06:50,884 - FL-type - INFO - round succeed, updating global model...
2022-04-28 10:06:50,884 - FL-type - INFO - Aggragate with SucFedAvg
2022-04-28 10:06:50,884 - FL-type - INFO - ===================== Round 2 of 6000 =====================
2022-04-28 10:06:50,884 - FL-type - INFO - --------------------- selection stage ---------------------
2022-04-28 10:06:50,885 - FL-type - INFO - current time: 332.721729038913	time window: 20.0	
2022-04-28 10:06:50,885 - FL-type - INFO - 21 of 21 clients online
2022-04-28 10:06:50,886 - FL-type - INFO - selected num: 5
2022-04-28 10:06:50,886 - FL-type - INFO - --------------------- configuration stage ---------------------
2022-04-28 10:06:50,886 - FL-type - INFO - this round deadline 478
2022-04-28 10:06:53,486 - FL-type - INFO - average acc: 0.5034705865042344, average loss: 1.4421351909637452
2022-04-28 10:06:53,486 - FL-type - INFO - configuration and update stage simulation time: 326.2062368402533
2022-04-28 10:06:53,486 - FL-type - INFO - --------------------- report stage ---------------------
2022-04-28 10:06:53,486 - FL-type - INFO - 5 of 5 clients upload successfully
2022-04-28 10:06:53,487 - FL-type - INFO - round succeed, updating global model...
2022-04-28 10:06:53,487 - FL-type - INFO - Aggragate with SucFedAvg
2022-04-28 10:06:53,487 - FL-type - INFO - ===================== Round 3 of 6000 =====================
2022-04-28 10:06:53,487 - FL-type - INFO - --------------------- selection stage ---------------------
2022-04-28 10:06:53,488 - FL-type - INFO - current time: 678.9279658791663	time window: 20.0	
2022-04-28 10:06:53,488 - FL-type - INFO - 21 of 21 clients online
2022-04-28 10:06:53,488 - FL-type - INFO - selected num: 5
2022-04-28 10:06:53,489 - FL-type - INFO - --------------------- configuration stage ---------------------
2022-04-28 10:06:53,489 - FL-type - INFO - this round deadline 478
2022-04-28 10:06:56,042 - FL-type - INFO - average acc: 0.5521848350927238, average loss: 1.3769847869873046
2022-04-28 10:06:56,043 - FL-type - INFO - configuration and update stage simulation time: 350.86176691952375
2022-04-28 10:06:56,043 - FL-type - INFO - --------------------- report stage ---------------------
2022-04-28 10:06:56,044 - FL-type - INFO - 5 of 5 clients upload successfully
2022-04-28 10:06:56,044 - FL-type - INFO - round succeed, updating global model...
2022-04-28 10:06:56,044 - FL-type - INFO - Aggragate with SucFedAvg
2022-04-28 10:06:56,044 - FL-type - INFO - ===================== Round 4 of 6000 =====================
2022-04-28 10:06:56,045 - FL-type - INFO - --------------------- selection stage ---------------------
2022-04-28 10:06:56,045 - FL-type - INFO - current time: 1049.78973279869	time window: 20.0	
2022-04-28 10:06:56,045 - FL-type - INFO - 21 of 21 clients online
2022-04-28 10:06:56,046 - FL-type - INFO - selected num: 5
2022-04-28 10:06:56,046 - FL-type - INFO - --------------------- configuration stage ---------------------
2022-04-28 10:06:56,047 - FL-type - INFO - this round deadline 478
