2022-04-28 10:02:45,252 - FL-type - INFO - logger init finished ---- log file: ../models/configs/har/har_fedavg_2T_seed0.cfg.log
2022-04-28 10:02:46,174 - FL-type - INFO - read config from ../models/configs/har/har_fedavg_2T_seed0.cfg
2022-04-28 10:02:46,175 - FL-type - INFO - no behavior heterogeneity! assume client is availiable at any time.
2022-04-28 10:02:46,175 - FL-type - INFO - ================= Config =================
2022-04-28 10:02:46,175 - FL-type - INFO - 	config_name = ../models/configs/har/har_fedavg_2T_seed0.cfg
2022-04-28 10:02:46,175 - FL-type - INFO - 	dataset = har
2022-04-28 10:02:46,175 - FL-type - INFO - 	model = lr
2022-04-28 10:02:46,175 - FL-type - INFO - 	num_rounds = 6000
2022-04-28 10:02:46,175 - FL-type - INFO - 	lr = 0.0003
2022-04-28 10:02:46,176 - FL-type - INFO - 	eval_every = 5
2022-04-28 10:02:46,176 - FL-type - INFO - 	clients_per_round = 5
2022-04-28 10:02:46,176 - FL-type - INFO - 	min_selected = 1
2022-04-28 10:02:46,176 - FL-type - INFO - 	max_sample = 2147483647
2022-04-28 10:02:46,176 - FL-type - INFO - 	batch_size = 10
2022-04-28 10:02:46,176 - FL-type - INFO - 	seed = 0
2022-04-28 10:02:46,176 - FL-type - INFO - 	num_epochs = 5
2022-04-28 10:02:46,176 - FL-type - INFO - 	minibatch = None
2022-04-28 10:02:46,176 - FL-type - INFO - 	round_ddl = [1000, 0]
2022-04-28 10:02:46,177 - FL-type - INFO - 	update_frac = 0.01
2022-04-28 10:02:46,177 - FL-type - INFO - 	max_client_num = 9223372036854775807
2022-04-28 10:02:46,177 - FL-type - INFO - 	aggregate_algorithm = SucFedAvg
2022-04-28 10:02:46,177 - FL-type - INFO - 	time_window = [20.0, 0.0]
2022-04-28 10:02:46,177 - FL-type - INFO - 	user_trace = False
2022-04-28 10:02:46,177 - FL-type - INFO - 	behav_hete = False
2022-04-28 10:02:46,177 - FL-type - INFO - 	hard_hete = True
2022-04-28 10:02:46,177 - FL-type - INFO - 	no_training = False
2022-04-28 10:02:46,177 - FL-type - INFO - 	real_world = False
2022-04-28 10:02:46,178 - FL-type - INFO - 	compress_algo = None
2022-04-28 10:02:46,178 - FL-type - INFO - 	fedprox = False
2022-04-28 10:02:46,178 - FL-type - INFO - 	fedprox_mu = 0
2022-04-28 10:02:46,178 - FL-type - INFO - 	structure_k = None
2022-04-28 10:02:46,178 - FL-type - INFO - 	qffl = False
2022-04-28 10:02:46,178 - FL-type - INFO - 	qffl_q = 0
2022-04-28 10:02:46,178 - FL-type - INFO - 	fedbalancer = False
2022-04-28 10:02:46,178 - FL-type - INFO - 	fb_w = 1
2022-04-28 10:02:46,178 - FL-type - INFO - 	fb_p = 0.0
2022-04-28 10:02:46,179 - FL-type - INFO - 	fb_inference_pipelining = False
2022-04-28 10:02:46,179 - FL-type - INFO - 	noise_factor = 0.0
2022-04-28 10:02:46,179 - FL-type - INFO - 	fb_simple_control_lt = False
2022-04-28 10:02:46,179 - FL-type - INFO - 	fb_simple_control_ddl = False
2022-04-28 10:02:46,179 - FL-type - INFO - 	fb_simple_control_lt_stepsize = 0
2022-04-28 10:02:46,179 - FL-type - INFO - 	fb_simple_control_ddl_stepsize = 0
2022-04-28 10:02:46,179 - FL-type - INFO - 	fb_client_selection = False
2022-04-28 10:02:46,179 - FL-type - INFO - 	oort_pacer = False
2022-04-28 10:02:46,179 - FL-type - INFO - 	oort_pacer_delta = 10
2022-04-28 10:02:46,180 - FL-type - INFO - 	oort_blacklist = False
2022-04-28 10:02:46,180 - FL-type - INFO - 	oort_blacklist_rounds = 10
2022-04-28 10:02:46,180 - FL-type - INFO - 	realoort = False
2022-04-28 10:02:46,180 - FL-type - INFO - 	realoortbalancer = False
2022-04-28 10:02:46,180 - FL-type - INFO - 	ddl_baseline_smartpc = False
2022-04-28 10:02:46,180 - FL-type - INFO - 	ddl_baseline_smartpc_percentage = 0.0
2022-04-28 10:02:46,180 - FL-type - INFO - 	ddl_baseline_fixed = True
2022-04-28 10:02:46,180 - FL-type - INFO - 	ddl_baseline_fixed_value_multiplied_at_mean = 2.0
2022-04-28 10:02:46,180 - FL-type - INFO - 	global_final_time = 0
2022-04-28 10:02:46,181 - FL-type - INFO - 	global_final_test_accuracy = 0.0
2022-04-28 10:02:46,181 - FL-type - INFO - 	output_path = ../models/configs/har/global_final_time
2022-04-28 10:02:46,181 - FL-type - INFO - ================= ====== =================
2022-04-28 10:02:46,181 - FL-type - INFO - ############################## har.lr ##############################
2022-04-28 10:02:54,984 - FL-type - INFO - model size: 13488
2022-04-28 10:02:54,985 - FL-type - INFO - ======================Setup Clients==========================
2022-04-28 10:02:56,206 - FL-type - INFO - Train Clients in Total: 21
2022-04-28 10:02:56,206 - FL-type - INFO - Test Clients in Total: 1
2022-04-28 10:02:56,214 - FL-type - INFO - set up 10 clients
2022-04-28 10:02:56,217 - FL-type - INFO - set up 20 clients
2022-04-28 10:02:56,290 - FL-type - INFO - Timer cached in cached_timers.json
2022-04-28 10:02:56,291 - FL-type - INFO - device setup result: defaultdict(<class 'int'>, {'Xiaomi Redmi Note 7 Pro': 11, 'Google Nexus S': 10})
2022-04-28 10:02:56,309 - FL-type - INFO - ===================== Random Initialization =====================
2022-04-28 10:02:56,310 - FL-type - INFO - ===================== Round 1 of 6000 =====================
2022-04-28 10:02:56,310 - FL-type - INFO - --------------------- selection stage ---------------------
2022-04-28 10:02:56,310 - FL-type - INFO - current time: 0	time window: 20.0	
2022-04-28 10:02:56,310 - FL-type - INFO - 21 of 21 clients online
2022-04-28 10:02:56,310 - FL-type - INFO - selected num: 5
2022-04-28 10:02:56,311 - FL-type - INFO - --------------------- configuration stage ---------------------
2022-04-28 10:02:56,311 - FL-type - INFO - this round deadline 391
2022-04-28 10:02:58,867 - FL-type - INFO - average acc: 0.302234425377485, average loss: 1.7377880096435547
2022-04-28 10:02:58,868 - FL-type - INFO - configuration and update stage simulation time: 369.5765905737825
2022-04-28 10:02:58,868 - FL-type - INFO - --------------------- report stage ---------------------
2022-04-28 10:02:58,868 - FL-type - INFO - 5 of 5 clients upload successfully
2022-04-28 10:02:58,868 - FL-type - INFO - round succeed, updating global model...
2022-04-28 10:02:58,868 - FL-type - INFO - Aggragate with SucFedAvg
2022-04-28 10:02:58,869 - FL-type - INFO - ===================== Round 2 of 6000 =====================
2022-04-28 10:02:58,869 - FL-type - INFO - --------------------- selection stage ---------------------
2022-04-28 10:02:58,869 - FL-type - INFO - current time: 389.5765905737825	time window: 20.0	
2022-04-28 10:02:58,869 - FL-type - INFO - 21 of 21 clients online
2022-04-28 10:02:58,870 - FL-type - INFO - selected num: 5
2022-04-28 10:02:58,870 - FL-type - INFO - --------------------- configuration stage ---------------------
2022-04-28 10:02:58,870 - FL-type - INFO - this round deadline 391
2022-04-28 10:03:01,149 - FL-type - INFO - average acc: 0.44107796570542596, average loss: 1.4870890378952026
2022-04-28 10:03:01,150 - FL-type - INFO - configuration and update stage simulation time: 341.3655591645943
2022-04-28 10:03:01,150 - FL-type - INFO - --------------------- report stage ---------------------
2022-04-28 10:03:01,151 - FL-type - INFO - 5 of 5 clients upload successfully
2022-04-28 10:03:01,151 - FL-type - INFO - round succeed, updating global model...
2022-04-28 10:03:01,151 - FL-type - INFO - Aggragate with SucFedAvg
2022-04-28 10:03:01,152 - FL-type - INFO - ===================== Round 3 of 6000 =====================
2022-04-28 10:03:01,152 - FL-type - INFO - --------------------- selection stage ---------------------
2022-04-28 10:03:01,152 - FL-type - INFO - current time: 750.9421497383768	time window: 20.0	
2022-04-28 10:03:01,153 - FL-type - INFO - 21 of 21 clients online
2022-04-28 10:03:01,154 - FL-type - INFO - selected num: 5
2022-04-28 10:03:01,154 - FL-type - INFO - --------------------- configuration stage ---------------------
2022-04-28 10:03:01,154 - FL-type - INFO - this round deadline 391
2022-04-28 10:03:03,445 - FL-type - INFO - average acc: 0.5032322751241385, average loss: 1.370183515548706
2022-04-28 10:03:03,446 - FL-type - INFO - configuration and update stage simulation time: 305.22203836836934
2022-04-28 10:03:03,446 - FL-type - INFO - --------------------- report stage ---------------------
2022-04-28 10:03:03,446 - FL-type - INFO - 5 of 5 clients upload successfully
2022-04-28 10:03:03,447 - FL-type - INFO - round succeed, updating global model...
2022-04-28 10:03:03,447 - FL-type - INFO - Aggragate with SucFedAvg
2022-04-28 10:03:03,447 - FL-type - INFO - ===================== Round 4 of 6000 =====================
2022-04-28 10:03:03,447 - FL-type - INFO - --------------------- selection stage ---------------------
2022-04-28 10:03:03,448 - FL-type - INFO - current time: 1076.1641881067462	time window: 20.0	
2022-04-28 10:03:03,448 - FL-type - INFO - 21 of 21 clients online
2022-04-28 10:03:03,448 - FL-type - INFO - selected num: 5
2022-04-28 10:03:03,449 - FL-type - INFO - --------------------- configuration stage ---------------------
2022-04-28 10:03:03,449 - FL-type - INFO - this round deadline 391
2022-04-28 10:03:05,594 - FL-type - INFO - average acc: 0.4725359842092451, average loss: 1.362388014793396
2022-04-28 10:03:05,595 - FL-type - INFO - configuration and update stage simulation time: 278.69271624760023
2022-04-28 10:03:05,595 - FL-type - INFO - --------------------- report stage ---------------------
2022-04-28 10:03:05,596 - FL-type - INFO - 5 of 5 clients upload successfully
2022-04-28 10:03:05,596 - FL-type - INFO - round succeed, updating global model...
2022-04-28 10:03:05,596 - FL-type - INFO - Aggragate with SucFedAvg
2022-04-28 10:03:05,597 - FL-type - INFO - ===================== Round 5 of 6000 =====================
2022-04-28 10:03:05,597 - FL-type - INFO - --------------------- selection stage ---------------------
2022-04-28 10:03:05,597 - FL-type - INFO - current time: 1374.8569043543464	time window: 20.0	
2022-04-28 10:03:05,597 - FL-type - INFO - 21 of 21 clients online
2022-04-28 10:03:05,598 - FL-type - INFO - selected num: 5
2022-04-28 10:03:05,598 - FL-type - INFO - --------------------- configuration stage ---------------------
2022-04-28 10:03:05,598 - FL-type - INFO - this round deadline 391
2022-04-28 10:03:07,799 - FL-type - INFO - average acc: 0.5569074234145882, average loss: 1.2482431411743165
2022-04-28 10:03:07,799 - FL-type - INFO - configuration and update stage simulation time: 293.12618089666364
2022-04-28 10:03:07,800 - FL-type - INFO - --------------------- report stage ---------------------
2022-04-28 10:03:07,800 - FL-type - INFO - 5 of 5 clients upload successfully
2022-04-28 10:03:07,800 - FL-type - INFO - round succeed, updating global model...
2022-04-28 10:03:07,800 - FL-type - INFO - Aggragate with SucFedAvg
2022-04-28 10:03:07,801 - FL-type - INFO - --------------------- test result ---------------------
2022-04-28 10:03:07,958 - FL-type - INFO - test_accuracy: 0.5262979300984052, 10th percentile: 0.5262979300984052, 50th percentile: 0.5262979300984052, 90th percentile 0.5262979300984052
2022-04-28 10:03:07,959 - FL-type - INFO - test_loss: 1.3236453533172607, 10th percentile: 1.3236453533172607, 50th percentile: 1.3236453533172607, 90th percentile 1.3236453533172607
2022-04-28 10:03:07,959 - FL-type - INFO - ===================== Round 6 of 6000 =====================
2022-04-28 10:03:07,960 - FL-type - INFO - --------------------- selection stage ---------------------
2022-04-28 10:03:07,960 - FL-type - INFO - current time: 1687.98308525101	time window: 20.0	
2022-04-28 10:03:07,960 - FL-type - INFO - 21 of 21 clients online
2022-04-28 10:03:07,960 - FL-type - INFO - selected num: 5
2022-04-28 10:03:07,960 - FL-type - INFO - --------------------- configuration stage ---------------------
2022-04-28 10:03:07,961 - FL-type - INFO - this round deadline 391
2022-04-28 10:03:10,074 - FL-type - INFO - average acc: 0.5569351979716687, average loss: 1.217987871170044
2022-04-28 10:03:10,075 - FL-type - INFO - configuration and update stage simulation time: 314.4586951243225
2022-04-28 10:03:10,075 - FL-type - INFO - --------------------- report stage ---------------------
2022-04-28 10:03:10,075 - FL-type - INFO - 5 of 5 clients upload successfully
2022-04-28 10:03:10,076 - FL-type - INFO - round succeed, updating global model...
2022-04-28 10:03:10,076 - FL-type - INFO - Aggragate with SucFedAvg
2022-04-28 10:03:10,076 - FL-type - INFO - ===================== Round 7 of 6000 =====================
2022-04-28 10:03:10,077 - FL-type - INFO - --------------------- selection stage ---------------------
2022-04-28 10:03:10,077 - FL-type - INFO - current time: 2022.4417803753324	time window: 20.0	
2022-04-28 10:03:10,077 - FL-type - INFO - 21 of 21 clients online
2022-04-28 10:03:10,078 - FL-type - INFO - selected num: 5
2022-04-28 10:03:10,078 - FL-type - INFO - --------------------- configuration stage ---------------------
2022-04-28 10:03:10,078 - FL-type - INFO - this round deadline 391
2022-04-28 10:03:12,446 - FL-type - INFO - average acc: 0.612952016516111, average loss: 1.1486982583999634
2022-04-28 10:03:12,446 - FL-type - INFO - configuration and update stage simulation time: 294.3402412874119
2022-04-28 10:03:12,447 - FL-type - INFO - --------------------- report stage ---------------------
2022-04-28 10:03:12,447 - FL-type - INFO - 5 of 5 clients upload successfully
2022-04-28 10:03:12,447 - FL-type - INFO - round succeed, updating global model...
2022-04-28 10:03:12,447 - FL-type - INFO - Aggragate with SucFedAvg
2022-04-28 10:03:12,448 - FL-type - INFO - ===================== Round 8 of 6000 =====================
2022-04-28 10:03:12,448 - FL-type - INFO - --------------------- selection stage ---------------------
2022-04-28 10:03:12,448 - FL-type - INFO - current time: 2336.7820216627442	time window: 20.0	
2022-04-28 10:03:12,448 - FL-type - INFO - 21 of 21 clients online
2022-04-28 10:03:12,449 - FL-type - INFO - selected num: 5
2022-04-28 10:03:12,449 - FL-type - INFO - --------------------- configuration stage ---------------------
2022-04-28 10:03:12,449 - FL-type - INFO - this round deadline 391
2022-04-28 10:03:14,662 - FL-type - INFO - average acc: 0.6055005198364679, average loss: 1.1524928331375122
2022-04-28 10:03:14,663 - FL-type - INFO - configuration and update stage simulation time: 275.1601250428954
2022-04-28 10:03:14,663 - FL-type - INFO - --------------------- report stage ---------------------
2022-04-28 10:03:14,664 - FL-type - INFO - 5 of 5 clients upload successfully
2022-04-28 10:03:14,664 - FL-type - INFO - round succeed, updating global model...
2022-04-28 10:03:14,664 - FL-type - INFO - Aggragate with SucFedAvg
2022-04-28 10:03:14,664 - FL-type - INFO - ===================== Round 9 of 6000 =====================
2022-04-28 10:03:14,665 - FL-type - INFO - --------------------- selection stage ---------------------
2022-04-28 10:03:14,665 - FL-type - INFO - current time: 2631.9421467056395	time window: 20.0	
2022-04-28 10:03:14,665 - FL-type - INFO - 21 of 21 clients online
2022-04-28 10:03:14,666 - FL-type - INFO - selected num: 5
2022-04-28 10:03:14,666 - FL-type - INFO - --------------------- configuration stage ---------------------
2022-04-28 10:03:14,666 - FL-type - INFO - this round deadline 391
2022-04-28 10:03:17,097 - FL-type - INFO - average acc: 0.6716799730409667, average loss: 1.0656221389770508
2022-04-28 10:03:17,098 - FL-type - INFO - configuration and update stage simulation time: 305.34879191240265
2022-04-28 10:03:17,098 - FL-type - INFO - --------------------- report stage ---------------------
2022-04-28 10:03:17,099 - FL-type - INFO - 5 of 5 clients upload successfully
2022-04-28 10:03:17,099 - FL-type - INFO - round succeed, updating global model...
2022-04-28 10:03:17,099 - FL-type - INFO - Aggragate with SucFedAvg
2022-04-28 10:03:17,099 - FL-type - INFO - ===================== Round 10 of 6000 =====================
2022-04-28 10:03:17,099 - FL-type - INFO - --------------------- selection stage ---------------------
2022-04-28 10:03:17,100 - FL-type - INFO - current time: 2957.290938618042	time window: 20.0	
2022-04-28 10:03:17,100 - FL-type - INFO - 21 of 21 clients online
2022-04-28 10:03:17,100 - FL-type - INFO - selected num: 5
2022-04-28 10:03:17,101 - FL-type - INFO - --------------------- configuration stage ---------------------
2022-04-28 10:03:17,101 - FL-type - INFO - this round deadline 391
2022-04-28 10:03:19,457 - FL-type - INFO - average acc: 0.683550367514703, average loss: 1.0608287811279298
2022-04-28 10:03:19,457 - FL-type - INFO - configuration and update stage simulation time: 287.05633979934663
2022-04-28 10:03:19,458 - FL-type - INFO - --------------------- report stage ---------------------
2022-04-28 10:03:19,458 - FL-type - INFO - 5 of 5 clients upload successfully
2022-04-28 10:03:19,458 - FL-type - INFO - round succeed, updating global model...
2022-04-28 10:03:19,458 - FL-type - INFO - Aggragate with SucFedAvg
2022-04-28 10:03:19,459 - FL-type - INFO - --------------------- test result ---------------------
2022-04-28 10:03:19,592 - FL-type - INFO - test_accuracy: 0.665761791652528, 10th percentile: 0.665761791652528, 50th percentile: 0.665761791652528, 90th percentile 0.665761791652528
2022-04-28 10:03:19,593 - FL-type - INFO - test_loss: 1.0815101861953735, 10th percentile: 1.0815101861953735, 50th percentile: 1.0815101861953735, 90th percentile 1.0815101861953735
2022-04-28 10:03:19,594 - FL-type - INFO - ===================== Round 11 of 6000 =====================
2022-04-28 10:03:19,594 - FL-type - INFO - --------------------- selection stage ---------------------
2022-04-28 10:03:19,594 - FL-type - INFO - current time: 3264.3472784173887	time window: 20.0	
2022-04-28 10:03:19,595 - FL-type - INFO - 21 of 21 clients online
2022-04-28 10:03:19,595 - FL-type - INFO - selected num: 5
2022-04-28 10:03:19,595 - FL-type - INFO - --------------------- configuration stage ---------------------
2022-04-28 10:03:19,595 - FL-type - INFO - this round deadline 391
2022-04-28 10:03:21,918 - FL-type - INFO - average acc: 0.6882171225678139, average loss: 1.0143786668777466
2022-04-28 10:03:21,919 - FL-type - INFO - configuration and update stage simulation time: 294.89732114768566
2022-04-28 10:03:21,919 - FL-type - INFO - --------------------- report stage ---------------------
2022-04-28 10:03:21,919 - FL-type - INFO - 5 of 5 clients upload successfully
2022-04-28 10:03:21,919 - FL-type - INFO - round succeed, updating global model...
2022-04-28 10:03:21,920 - FL-type - INFO - Aggragate with SucFedAvg
2022-04-28 10:03:21,920 - FL-type - INFO - ===================== Round 12 of 6000 =====================
2022-04-28 10:03:21,920 - FL-type - INFO - --------------------- selection stage ---------------------
2022-04-28 10:03:21,920 - FL-type - INFO - current time: 3579.244599565074	time window: 20.0	
2022-04-28 10:03:21,921 - FL-type - INFO - 21 of 21 clients online
2022-04-28 10:03:21,921 - FL-type - INFO - selected num: 5
2022-04-28 10:03:21,921 - FL-type - INFO - --------------------- configuration stage ---------------------
2022-04-28 10:03:21,921 - FL-type - INFO - this round deadline 391
2022-04-28 10:03:24,271 - FL-type - INFO - average acc: 0.7915496292892555, average loss: 0.9139164686203003
2022-04-28 10:03:24,272 - FL-type - INFO - configuration and update stage simulation time: 305.0042783414387
2022-04-28 10:03:24,272 - FL-type - INFO - --------------------- report stage ---------------------
2022-04-28 10:03:24,273 - FL-type - INFO - 5 of 5 clients upload successfully
2022-04-28 10:03:24,273 - FL-type - INFO - round succeed, updating global model...
2022-04-28 10:03:24,273 - FL-type - INFO - Aggragate with SucFedAvg
2022-04-28 10:03:24,274 - FL-type - INFO - ===================== Round 13 of 6000 =====================
2022-04-28 10:03:24,274 - FL-type - INFO - --------------------- selection stage ---------------------
2022-04-28 10:03:24,274 - FL-type - INFO - current time: 3904.248877906513	time window: 20.0	
2022-04-28 10:03:24,274 - FL-type - INFO - 21 of 21 clients online
2022-04-28 10:03:24,275 - FL-type - INFO - selected num: 5
2022-04-28 10:03:24,275 - FL-type - INFO - --------------------- configuration stage ---------------------
2022-04-28 10:03:24,276 - FL-type - INFO - this round deadline 391
2022-04-28 10:03:26,650 - FL-type - INFO - average acc: 0.7498388360843588, average loss: 0.9399121403694153
2022-04-28 10:03:26,651 - FL-type - INFO - configuration and update stage simulation time: 295.2598046130619
2022-04-28 10:03:26,651 - FL-type - INFO - --------------------- report stage ---------------------
2022-04-28 10:03:26,652 - FL-type - INFO - 5 of 5 clients upload successfully
2022-04-28 10:03:26,652 - FL-type - INFO - round succeed, updating global model...
2022-04-28 10:03:26,652 - FL-type - INFO - Aggragate with SucFedAvg
2022-04-28 10:03:26,653 - FL-type - INFO - ===================== Round 14 of 6000 =====================
2022-04-28 10:03:26,653 - FL-type - INFO - --------------------- selection stage ---------------------
2022-04-28 10:03:26,653 - FL-type - INFO - current time: 4219.508682519575	time window: 20.0	
2022-04-28 10:03:26,653 - FL-type - INFO - 21 of 21 clients online
2022-04-28 10:03:26,654 - FL-type - INFO - selected num: 5
2022-04-28 10:03:26,654 - FL-type - INFO - --------------------- configuration stage ---------------------
2022-04-28 10:03:26,655 - FL-type - INFO - this round deadline 391
2022-04-28 10:03:29,098 - FL-type - INFO - average acc: 0.7618667872351176, average loss: 0.9486891984939575
2022-04-28 10:03:29,099 - FL-type - INFO - configuration and update stage simulation time: 306.60575242522884
2022-04-28 10:03:29,099 - FL-type - INFO - --------------------- report stage ---------------------
2022-04-28 10:03:29,099 - FL-type - INFO - 5 of 5 clients upload successfully
2022-04-28 10:03:29,102 - FL-type - INFO - round succeed, updating global model...
2022-04-28 10:03:29,102 - FL-type - INFO - Aggragate with SucFedAvg
2022-04-28 10:03:29,104 - FL-type - INFO - ===================== Round 15 of 6000 =====================
2022-04-28 10:03:29,104 - FL-type - INFO - --------------------- selection stage ---------------------
2022-04-28 10:03:29,106 - FL-type - INFO - current time: 4546.114434944804	time window: 20.0	
2022-04-28 10:03:29,107 - FL-type - INFO - 21 of 21 clients online
2022-04-28 10:03:29,108 - FL-type - INFO - selected num: 5
2022-04-28 10:03:29,109 - FL-type - INFO - --------------------- configuration stage ---------------------
2022-04-28 10:03:29,109 - FL-type - INFO - this round deadline 391
2022-04-28 10:03:31,212 - FL-type - INFO - average acc: 0.770765796525836, average loss: 0.9006209015846253
2022-04-28 10:03:31,213 - FL-type - INFO - configuration and update stage simulation time: 306.5011918922768
2022-04-28 10:03:31,213 - FL-type - INFO - --------------------- report stage ---------------------
2022-04-28 10:03:31,213 - FL-type - INFO - 5 of 5 clients upload successfully
2022-04-28 10:03:31,213 - FL-type - INFO - round succeed, updating global model...
2022-04-28 10:03:31,213 - FL-type - INFO - Aggragate with SucFedAvg
2022-04-28 10:03:31,214 - FL-type - INFO - --------------------- test result ---------------------
2022-04-28 10:03:31,344 - FL-type - INFO - test_accuracy: 0.7529691211401425, 10th percentile: 0.7529691211401425, 50th percentile: 0.7529691211401425, 90th percentile 0.7529691211401425
2022-04-28 10:03:31,345 - FL-type - INFO - test_loss: 0.9522136449813843, 10th percentile: 0.9522136449813843, 50th percentile: 0.9522136449813843, 90th percentile 0.9522136449813843
2022-04-28 10:03:31,345 - FL-type - INFO - ===================== Round 16 of 6000 =====================
2022-04-28 10:03:31,345 - FL-type - INFO - --------------------- selection stage ---------------------
2022-04-28 10:03:31,346 - FL-type - INFO - current time: 4872.6156268370805	time window: 20.0	
2022-04-28 10:03:31,346 - FL-type - INFO - 21 of 21 clients online
2022-04-28 10:03:31,346 - FL-type - INFO - selected num: 5
2022-04-28 10:03:31,346 - FL-type - INFO - --------------------- configuration stage ---------------------
2022-04-28 10:03:31,347 - FL-type - INFO - this round deadline 391
2022-04-28 10:03:33,497 - FL-type - INFO - average acc: 0.7912007052905421, average loss: 0.8633295059204101
2022-04-28 10:03:33,498 - FL-type - INFO - configuration and update stage simulation time: 319.3294079660932
2022-04-28 10:03:33,498 - FL-type - INFO - --------------------- report stage ---------------------
2022-04-28 10:03:33,498 - FL-type - INFO - 5 of 5 clients upload successfully
2022-04-28 10:03:33,499 - FL-type - INFO - round succeed, updating global model...
2022-04-28 10:03:33,499 - FL-type - INFO - Aggragate with SucFedAvg
2022-04-28 10:03:33,499 - FL-type - INFO - ===================== Round 17 of 6000 =====================
2022-04-28 10:03:33,500 - FL-type - INFO - --------------------- selection stage ---------------------
2022-04-28 10:03:33,500 - FL-type - INFO - current time: 5211.945034803173	time window: 20.0	
2022-04-28 10:03:33,500 - FL-type - INFO - 21 of 21 clients online
2022-04-28 10:03:33,501 - FL-type - INFO - selected num: 5
2022-04-28 10:03:33,501 - FL-type - INFO - --------------------- configuration stage ---------------------
2022-04-28 10:03:33,501 - FL-type - INFO - this round deadline 391
2022-04-28 10:03:35,809 - FL-type - INFO - average acc: 0.8312969281182466, average loss: 0.8019491672515869
2022-04-28 10:03:35,810 - FL-type - INFO - configuration and update stage simulation time: 298.7443455796455
2022-04-28 10:03:35,810 - FL-type - INFO - --------------------- report stage ---------------------
2022-04-28 10:03:35,810 - FL-type - INFO - 5 of 5 clients upload successfully
2022-04-28 10:03:35,810 - FL-type - INFO - round succeed, updating global model...
2022-04-28 10:03:35,810 - FL-type - INFO - Aggragate with SucFedAvg
2022-04-28 10:03:35,811 - FL-type - INFO - ===================== Round 18 of 6000 =====================
2022-04-28 10:03:35,811 - FL-type - INFO - --------------------- selection stage ---------------------
2022-04-28 10:03:35,811 - FL-type - INFO - current time: 5530.689380382819	time window: 20.0	
2022-04-28 10:03:35,811 - FL-type - INFO - 21 of 21 clients online
2022-04-28 10:03:35,812 - FL-type - INFO - selected num: 5
2022-04-28 10:03:35,812 - FL-type - INFO - --------------------- configuration stage ---------------------
2022-04-28 10:03:35,812 - FL-type - INFO - this round deadline 391
2022-04-28 10:03:38,307 - FL-type - INFO - average acc: 0.8547135816214256, average loss: 0.8193040132522583
2022-04-28 10:03:38,308 - FL-type - INFO - configuration and update stage simulation time: 299.2767418804528
2022-04-28 10:03:38,308 - FL-type - INFO - --------------------- report stage ---------------------
2022-04-28 10:03:38,308 - FL-type - INFO - 5 of 5 clients upload successfully
2022-04-28 10:03:38,308 - FL-type - INFO - round succeed, updating global model...
2022-04-28 10:03:38,309 - FL-type - INFO - Aggragate with SucFedAvg
2022-04-28 10:03:38,309 - FL-type - INFO - ===================== Round 19 of 6000 =====================
2022-04-28 10:03:38,310 - FL-type - INFO - --------------------- selection stage ---------------------
2022-04-28 10:03:38,310 - FL-type - INFO - current time: 5849.966122263271	time window: 20.0	
2022-04-28 10:03:38,310 - FL-type - INFO - 21 of 21 clients online
2022-04-28 10:03:38,311 - FL-type - INFO - selected num: 5
2022-04-28 10:03:38,311 - FL-type - INFO - --------------------- configuration stage ---------------------
2022-04-28 10:03:38,311 - FL-type - INFO - this round deadline 391
2022-04-28 10:03:40,638 - FL-type - INFO - average acc: 0.8284739904292259, average loss: 0.831189751625061
2022-04-28 10:03:40,638 - FL-type - INFO - configuration and update stage simulation time: 278.645850176099
2022-04-28 10:03:40,638 - FL-type - INFO - --------------------- report stage ---------------------
2022-04-28 10:03:40,638 - FL-type - INFO - 5 of 5 clients upload successfully
2022-04-28 10:03:40,639 - FL-type - INFO - round succeed, updating global model...
2022-04-28 10:03:40,639 - FL-type - INFO - Aggragate with SucFedAvg
2022-04-28 10:03:40,640 - FL-type - INFO - ===================== Round 20 of 6000 =====================
2022-04-28 10:03:40,640 - FL-type - INFO - --------------------- selection stage ---------------------
2022-04-28 10:03:40,640 - FL-type - INFO - current time: 6148.61197243937	time window: 20.0	
2022-04-28 10:03:40,640 - FL-type - INFO - 21 of 21 clients online
2022-04-28 10:03:40,641 - FL-type - INFO - selected num: 5
2022-04-28 10:03:40,641 - FL-type - INFO - --------------------- configuration stage ---------------------
2022-04-28 10:03:40,641 - FL-type - INFO - this round deadline 391
2022-04-28 10:03:43,179 - FL-type - INFO - average acc: 0.8280322921412699, average loss: 0.8118694305419922
2022-04-28 10:03:43,180 - FL-type - INFO - configuration and update stage simulation time: 289.22159444627493
2022-04-28 10:03:43,180 - FL-type - INFO - --------------------- report stage ---------------------
2022-04-28 10:03:43,180 - FL-type - INFO - 5 of 5 clients upload successfully
2022-04-28 10:03:43,180 - FL-type - INFO - round succeed, updating global model...
2022-04-28 10:03:43,180 - FL-type - INFO - Aggragate with SucFedAvg
2022-04-28 10:03:43,181 - FL-type - INFO - --------------------- test result ---------------------
2022-04-28 10:03:43,315 - FL-type - INFO - test_accuracy: 0.8008143875127248, 10th percentile: 0.8008143875127248, 50th percentile: 0.8008143875127248, 90th percentile 0.8008143875127248
2022-04-28 10:03:43,316 - FL-type - INFO - test_loss: 0.8604884147644043, 10th percentile: 0.8604884147644043, 50th percentile: 0.8604884147644043, 90th percentile 0.8604884147644043
2022-04-28 10:03:43,317 - FL-type - INFO - ===================== Round 21 of 6000 =====================
2022-04-28 10:03:43,317 - FL-type - INFO - --------------------- selection stage ---------------------
2022-04-28 10:03:43,317 - FL-type - INFO - current time: 6457.833566885645	time window: 20.0	
2022-04-28 10:03:43,318 - FL-type - INFO - 21 of 21 clients online
2022-04-28 10:03:43,318 - FL-type - INFO - selected num: 5
2022-04-28 10:03:43,319 - FL-type - INFO - --------------------- configuration stage ---------------------
2022-04-28 10:03:43,319 - FL-type - INFO - this round deadline 391
2022-04-28 10:03:45,615 - FL-type - INFO - average acc: 0.8192129031524121, average loss: 0.8080968022346496
2022-04-28 10:03:45,616 - FL-type - INFO - configuration and update stage simulation time: 104.95546992747589
2022-04-28 10:03:45,617 - FL-type - INFO - --------------------- report stage ---------------------
2022-04-28 10:03:45,617 - FL-type - INFO - 5 of 5 clients upload successfully
2022-04-28 10:03:45,617 - FL-type - INFO - round succeed, updating global model...
2022-04-28 10:03:45,617 - FL-type - INFO - Aggragate with SucFedAvg
2022-04-28 10:03:45,618 - FL-type - INFO - ===================== Round 22 of 6000 =====================
2022-04-28 10:03:45,618 - FL-type - INFO - --------------------- selection stage ---------------------
2022-04-28 10:03:45,618 - FL-type - INFO - current time: 6582.789036813121	time window: 20.0	
2022-04-28 10:03:45,619 - FL-type - INFO - 21 of 21 clients online
2022-04-28 10:03:45,619 - FL-type - INFO - selected num: 5
2022-04-28 10:03:45,619 - FL-type - INFO - --------------------- configuration stage ---------------------
2022-04-28 10:03:45,620 - FL-type - INFO - this round deadline 391
2022-04-28 10:03:48,097 - FL-type - INFO - average acc: 0.8469494099569677, average loss: 0.7749590158462525
2022-04-28 10:03:48,098 - FL-type - INFO - configuration and update stage simulation time: 280.9252822345678
2022-04-28 10:03:48,098 - FL-type - INFO - --------------------- report stage ---------------------
2022-04-28 10:03:48,098 - FL-type - INFO - 5 of 5 clients upload successfully
2022-04-28 10:03:48,098 - FL-type - INFO - round succeed, updating global model...
2022-04-28 10:03:48,099 - FL-type - INFO - Aggragate with SucFedAvg
2022-04-28 10:03:48,099 - FL-type - INFO - ===================== Round 23 of 6000 =====================
2022-04-28 10:03:48,099 - FL-type - INFO - --------------------- selection stage ---------------------
2022-04-28 10:03:48,099 - FL-type - INFO - current time: 6883.714319047689	time window: 20.0	
2022-04-28 10:03:48,100 - FL-type - INFO - 21 of 21 clients online
2022-04-28 10:03:48,100 - FL-type - INFO - selected num: 5
2022-04-28 10:03:48,100 - FL-type - INFO - --------------------- configuration stage ---------------------
2022-04-28 10:03:48,100 - FL-type - INFO - this round deadline 391
2022-04-28 10:03:50,596 - FL-type - INFO - average acc: 0.8718463957920953, average loss: 0.7641515374183655
2022-04-28 10:03:50,597 - FL-type - INFO - configuration and update stage simulation time: 306.5011918922768
2022-04-28 10:03:50,597 - FL-type - INFO - --------------------- report stage ---------------------
2022-04-28 10:03:50,597 - FL-type - INFO - 5 of 5 clients upload successfully
2022-04-28 10:03:50,597 - FL-type - INFO - round succeed, updating global model...
2022-04-28 10:03:50,597 - FL-type - INFO - Aggragate with SucFedAvg
2022-04-28 10:03:50,598 - FL-type - INFO - ===================== Round 24 of 6000 =====================
2022-04-28 10:03:50,598 - FL-type - INFO - --------------------- selection stage ---------------------
2022-04-28 10:03:50,598 - FL-type - INFO - current time: 7210.2155109399655	time window: 20.0	
2022-04-28 10:03:50,599 - FL-type - INFO - 21 of 21 clients online
2022-04-28 10:03:50,599 - FL-type - INFO - selected num: 5
2022-04-28 10:03:50,599 - FL-type - INFO - --------------------- configuration stage ---------------------
2022-04-28 10:03:50,599 - FL-type - INFO - this round deadline 391
2022-04-28 10:03:52,953 - FL-type - INFO - average acc: 0.837669621294659, average loss: 0.7694278717041015
2022-04-28 10:03:52,954 - FL-type - INFO - configuration and update stage simulation time: 269.9871044857497
2022-04-28 10:03:52,954 - FL-type - INFO - --------------------- report stage ---------------------
2022-04-28 10:03:52,954 - FL-type - INFO - 5 of 5 clients upload successfully
2022-04-28 10:03:52,954 - FL-type - INFO - round succeed, updating global model...
2022-04-28 10:03:52,954 - FL-type - INFO - Aggragate with SucFedAvg
2022-04-28 10:03:52,955 - FL-type - INFO - ===================== Round 25 of 6000 =====================
2022-04-28 10:03:52,955 - FL-type - INFO - --------------------- selection stage ---------------------
2022-04-28 10:03:52,955 - FL-type - INFO - current time: 7500.2026154257155	time window: 20.0	
2022-04-28 10:03:52,955 - FL-type - INFO - 21 of 21 clients online
2022-04-28 10:03:52,956 - FL-type - INFO - selected num: 5
2022-04-28 10:03:52,956 - FL-type - INFO - --------------------- configuration stage ---------------------
2022-04-28 10:03:52,956 - FL-type - INFO - this round deadline 391
2022-04-28 10:03:55,323 - FL-type - INFO - average acc: 0.8743708198167204, average loss: 0.7496817946434021
2022-04-28 10:03:55,324 - FL-type - INFO - configuration and update stage simulation time: 319.11512778271475
2022-04-28 10:03:55,324 - FL-type - INFO - --------------------- report stage ---------------------
2022-04-28 10:03:55,324 - FL-type - INFO - 5 of 5 clients upload successfully
2022-04-28 10:03:55,324 - FL-type - INFO - round succeed, updating global model...
2022-04-28 10:03:55,324 - FL-type - INFO - Aggragate with SucFedAvg
2022-04-28 10:03:55,325 - FL-type - INFO - --------------------- test result ---------------------
2022-04-28 10:03:55,458 - FL-type - INFO - test_accuracy: 0.8082796063793688, 10th percentile: 0.8082796063793688, 50th percentile: 0.8082796063793688, 90th percentile 0.8082796063793688
2022-04-28 10:03:55,460 - FL-type - INFO - test_loss: 0.7931011915206909, 10th percentile: 0.7931011915206909, 50th percentile: 0.7931011915206909, 90th percentile 0.7931011915206909
2022-04-28 10:03:55,460 - FL-type - INFO - ===================== Round 26 of 6000 =====================
2022-04-28 10:03:55,460 - FL-type - INFO - --------------------- selection stage ---------------------
2022-04-28 10:03:55,460 - FL-type - INFO - current time: 7839.31774320843	time window: 20.0	
2022-04-28 10:03:55,461 - FL-type - INFO - 21 of 21 clients online
2022-04-28 10:03:55,461 - FL-type - INFO - selected num: 5
2022-04-28 10:03:55,461 - FL-type - INFO - --------------------- configuration stage ---------------------
2022-04-28 10:03:55,462 - FL-type - INFO - this round deadline 391
