2022-04-28 10:06:36,381 - FL-type - INFO - logger init finished ---- log file: ../models/configs/har/har_fedavg_WFA_seed0.cfg.log
2022-04-28 10:06:37,284 - FL-type - INFO - read config from ../models/configs/har/har_fedavg_WFA_seed0.cfg
2022-04-28 10:06:37,284 - FL-type - INFO - no behavior heterogeneity! assume client is availiable at any time.
2022-04-28 10:06:37,284 - FL-type - INFO - ================= Config =================
2022-04-28 10:06:37,284 - FL-type - INFO - 	config_name = ../models/configs/har/har_fedavg_WFA_seed0.cfg
2022-04-28 10:06:37,284 - FL-type - INFO - 	dataset = har
2022-04-28 10:06:37,285 - FL-type - INFO - 	model = lr
2022-04-28 10:06:37,285 - FL-type - INFO - 	num_rounds = 6000
2022-04-28 10:06:37,285 - FL-type - INFO - 	lr = 0.0003
2022-04-28 10:06:37,285 - FL-type - INFO - 	eval_every = 5
2022-04-28 10:06:37,285 - FL-type - INFO - 	clients_per_round = 5
2022-04-28 10:06:37,285 - FL-type - INFO - 	min_selected = 1
2022-04-28 10:06:37,285 - FL-type - INFO - 	max_sample = 2147483647
2022-04-28 10:06:37,285 - FL-type - INFO - 	batch_size = 10
2022-04-28 10:06:37,285 - FL-type - INFO - 	seed = 0
2022-04-28 10:06:37,286 - FL-type - INFO - 	num_epochs = 5
2022-04-28 10:06:37,286 - FL-type - INFO - 	minibatch = None
2022-04-28 10:06:37,286 - FL-type - INFO - 	round_ddl = [1000, 0]
2022-04-28 10:06:37,286 - FL-type - INFO - 	update_frac = 0.01
2022-04-28 10:06:37,286 - FL-type - INFO - 	max_client_num = 9223372036854775807
2022-04-28 10:06:37,286 - FL-type - INFO - 	aggregate_algorithm = SucFedAvg
2022-04-28 10:06:37,286 - FL-type - INFO - 	time_window = [20.0, 0.0]
2022-04-28 10:06:37,286 - FL-type - INFO - 	user_trace = False
2022-04-28 10:06:37,286 - FL-type - INFO - 	behav_hete = False
2022-04-28 10:06:37,286 - FL-type - INFO - 	hard_hete = True
2022-04-28 10:06:37,287 - FL-type - INFO - 	no_training = False
2022-04-28 10:06:37,287 - FL-type - INFO - 	real_world = False
2022-04-28 10:06:37,287 - FL-type - INFO - 	compress_algo = None
2022-04-28 10:06:37,287 - FL-type - INFO - 	fedprox = False
2022-04-28 10:06:37,287 - FL-type - INFO - 	fedprox_mu = 0
2022-04-28 10:06:37,287 - FL-type - INFO - 	structure_k = None
2022-04-28 10:06:37,287 - FL-type - INFO - 	qffl = False
2022-04-28 10:06:37,287 - FL-type - INFO - 	qffl_q = 0
2022-04-28 10:06:37,287 - FL-type - INFO - 	fedbalancer = False
2022-04-28 10:06:37,287 - FL-type - INFO - 	fb_w = 1
2022-04-28 10:06:37,288 - FL-type - INFO - 	fb_p = 0.0
2022-04-28 10:06:37,288 - FL-type - INFO - 	fb_inference_pipelining = False
2022-04-28 10:06:37,288 - FL-type - INFO - 	noise_factor = 0.0
2022-04-28 10:06:37,288 - FL-type - INFO - 	fb_simple_control_lt = False
2022-04-28 10:06:37,288 - FL-type - INFO - 	fb_simple_control_ddl = False
2022-04-28 10:06:37,288 - FL-type - INFO - 	fb_simple_control_lt_stepsize = 0
2022-04-28 10:06:37,288 - FL-type - INFO - 	fb_simple_control_ddl_stepsize = 0
2022-04-28 10:06:37,288 - FL-type - INFO - 	fb_client_selection = False
2022-04-28 10:06:37,288 - FL-type - INFO - 	oort_pacer = False
2022-04-28 10:06:37,289 - FL-type - INFO - 	oort_pacer_delta = 10
2022-04-28 10:06:37,289 - FL-type - INFO - 	oort_blacklist = False
2022-04-28 10:06:37,289 - FL-type - INFO - 	oort_blacklist_rounds = 10
2022-04-28 10:06:37,289 - FL-type - INFO - 	realoort = False
2022-04-28 10:06:37,289 - FL-type - INFO - 	realoortbalancer = False
2022-04-28 10:06:37,289 - FL-type - INFO - 	ddl_baseline_smartpc = True
2022-04-28 10:06:37,289 - FL-type - INFO - 	ddl_baseline_smartpc_percentage = 1.0
2022-04-28 10:06:37,289 - FL-type - INFO - 	ddl_baseline_fixed = False
2022-04-28 10:06:37,289 - FL-type - INFO - 	ddl_baseline_fixed_value_multiplied_at_mean = 0.0
2022-04-28 10:06:37,289 - FL-type - INFO - 	global_final_time = 500000
2022-04-28 10:06:37,290 - FL-type - INFO - 	global_final_test_accuracy = 0.0
2022-04-28 10:06:37,290 - FL-type - INFO - 	output_path = ../models/configs/har/
2022-04-28 10:06:37,290 - FL-type - INFO - ================= ====== =================
2022-04-28 10:06:37,290 - FL-type - INFO - ############################## har.lr ##############################
2022-04-28 10:06:46,344 - FL-type - INFO - model size: 13488
2022-04-28 10:06:46,344 - FL-type - INFO - ======================Setup Clients==========================
2022-04-28 10:06:47,679 - FL-type - INFO - Train Clients in Total: 21
2022-04-28 10:06:47,679 - FL-type - INFO - Test Clients in Total: 1
2022-04-28 10:06:47,688 - FL-type - INFO - set up 10 clients
2022-04-28 10:06:47,691 - FL-type - INFO - set up 20 clients
2022-04-28 10:06:47,768 - FL-type - INFO - Timer cached in cached_timers.json
2022-04-28 10:06:47,768 - FL-type - INFO - device setup result: defaultdict(<class 'int'>, {'Xiaomi Redmi Note 7 Pro': 11, 'Google Nexus S': 10})
2022-04-28 10:06:47,794 - FL-type - INFO - ===================== Random Initialization =====================
2022-04-28 10:06:47,795 - FL-type - INFO - ===================== Round 1 of 6000 =====================
2022-04-28 10:06:47,795 - FL-type - INFO - --------------------- selection stage ---------------------
2022-04-28 10:06:47,795 - FL-type - INFO - current time: 0	time window: 20.0	
2022-04-28 10:06:47,795 - FL-type - INFO - 21 of 21 clients online
2022-04-28 10:06:47,795 - FL-type - INFO - selected num: 5
2022-04-28 10:06:47,795 - FL-type - INFO - --------------------- configuration stage ---------------------
2022-04-28 10:06:47,796 - FL-type - INFO - this round deadline 1000
2022-04-28 10:06:50,514 - FL-type - INFO - average acc: 0.302234425377485, average loss: 1.7377880096435547
2022-04-28 10:06:50,515 - FL-type - INFO - configuration and update stage simulation time: 369.5765905737825
2022-04-28 10:06:50,515 - FL-type - INFO - --------------------- report stage ---------------------
2022-04-28 10:06:50,515 - FL-type - INFO - 5 of 5 clients upload successfully
2022-04-28 10:06:50,515 - FL-type - INFO - round succeed, updating global model...
2022-04-28 10:06:50,515 - FL-type - INFO - Aggragate with SucFedAvg
2022-04-28 10:06:50,516 - FL-type - INFO - ===================== Round 2 of 6000 =====================
2022-04-28 10:06:50,516 - FL-type - INFO - --------------------- selection stage ---------------------
2022-04-28 10:06:50,516 - FL-type - INFO - current time: 389.5765905737825	time window: 20.0	
2022-04-28 10:06:50,516 - FL-type - INFO - 21 of 21 clients online
2022-04-28 10:06:50,517 - FL-type - INFO - selected num: 5
2022-04-28 10:06:50,517 - FL-type - INFO - --------------------- configuration stage ---------------------
2022-04-28 10:06:50,517 - FL-type - INFO - this round deadline 1000
2022-04-28 10:06:53,077 - FL-type - INFO - average acc: 0.44107796570542596, average loss: 1.4870890378952026
2022-04-28 10:06:53,078 - FL-type - INFO - configuration and update stage simulation time: 341.3655591645943
2022-04-28 10:06:53,079 - FL-type - INFO - --------------------- report stage ---------------------
2022-04-28 10:06:53,079 - FL-type - INFO - 5 of 5 clients upload successfully
2022-04-28 10:06:53,079 - FL-type - INFO - round succeed, updating global model...
2022-04-28 10:06:53,079 - FL-type - INFO - Aggragate with SucFedAvg
2022-04-28 10:06:53,080 - FL-type - INFO - ===================== Round 3 of 6000 =====================
2022-04-28 10:06:53,080 - FL-type - INFO - --------------------- selection stage ---------------------
2022-04-28 10:06:53,080 - FL-type - INFO - current time: 750.9421497383768	time window: 20.0	
2022-04-28 10:06:53,080 - FL-type - INFO - 21 of 21 clients online
2022-04-28 10:06:53,081 - FL-type - INFO - selected num: 5
2022-04-28 10:06:53,081 - FL-type - INFO - --------------------- configuration stage ---------------------
2022-04-28 10:06:53,082 - FL-type - INFO - this round deadline 1000
2022-04-28 10:06:55,605 - FL-type - INFO - average acc: 0.5032322751241385, average loss: 1.3701834678649902
2022-04-28 10:06:55,606 - FL-type - INFO - configuration and update stage simulation time: 305.22203836836934
2022-04-28 10:06:55,606 - FL-type - INFO - --------------------- report stage ---------------------
2022-04-28 10:06:55,606 - FL-type - INFO - 5 of 5 clients upload successfully
2022-04-28 10:06:55,606 - FL-type - INFO - round succeed, updating global model...
2022-04-28 10:06:55,606 - FL-type - INFO - Aggragate with SucFedAvg
2022-04-28 10:06:55,607 - FL-type - INFO - ===================== Round 4 of 6000 =====================
2022-04-28 10:06:55,607 - FL-type - INFO - --------------------- selection stage ---------------------
2022-04-28 10:06:55,607 - FL-type - INFO - current time: 1076.1641881067462	time window: 20.0	
2022-04-28 10:06:55,607 - FL-type - INFO - 21 of 21 clients online
2022-04-28 10:06:55,608 - FL-type - INFO - selected num: 5
2022-04-28 10:06:55,608 - FL-type - INFO - --------------------- configuration stage ---------------------
2022-04-28 10:06:55,608 - FL-type - INFO - this round deadline 1000
