2022-04-28 10:06:36,328 - FL-type - INFO - logger init finished ---- log file: ../models/configs/har/har_fedprox_mu_0_0_2T_seed2.cfg.log
2022-04-28 10:06:37,228 - FL-type - INFO - read config from ../models/configs/har/har_fedprox_mu_0_0_2T_seed2.cfg
2022-04-28 10:06:37,229 - FL-type - INFO - no behavior heterogeneity! assume client is availiable at any time.
2022-04-28 10:06:37,229 - FL-type - INFO - ================= Config =================
2022-04-28 10:06:37,229 - FL-type - INFO - 	config_name = ../models/configs/har/har_fedprox_mu_0_0_2T_seed2.cfg
2022-04-28 10:06:37,229 - FL-type - INFO - 	dataset = har
2022-04-28 10:06:37,230 - FL-type - INFO - 	model = lr
2022-04-28 10:06:37,230 - FL-type - INFO - 	num_rounds = 6000
2022-04-28 10:06:37,230 - FL-type - INFO - 	lr = 0.0003
2022-04-28 10:06:37,230 - FL-type - INFO - 	eval_every = 5
2022-04-28 10:06:37,230 - FL-type - INFO - 	clients_per_round = 5
2022-04-28 10:06:37,230 - FL-type - INFO - 	min_selected = 1
2022-04-28 10:06:37,230 - FL-type - INFO - 	max_sample = 2147483647
2022-04-28 10:06:37,230 - FL-type - INFO - 	batch_size = 10
2022-04-28 10:06:37,230 - FL-type - INFO - 	seed = 2
2022-04-28 10:06:37,231 - FL-type - INFO - 	num_epochs = 5
2022-04-28 10:06:37,231 - FL-type - INFO - 	minibatch = None
2022-04-28 10:06:37,231 - FL-type - INFO - 	round_ddl = [1000, 0]
2022-04-28 10:06:37,231 - FL-type - INFO - 	update_frac = 0.01
2022-04-28 10:06:37,231 - FL-type - INFO - 	max_client_num = 9223372036854775807
2022-04-28 10:06:37,231 - FL-type - INFO - 	aggregate_algorithm = SucFedAvg
2022-04-28 10:06:37,232 - FL-type - INFO - 	time_window = [20.0, 0.0]
2022-04-28 10:06:37,232 - FL-type - INFO - 	user_trace = False
2022-04-28 10:06:37,232 - FL-type - INFO - 	behav_hete = False
2022-04-28 10:06:37,232 - FL-type - INFO - 	hard_hete = True
2022-04-28 10:06:37,232 - FL-type - INFO - 	no_training = False
2022-04-28 10:06:37,232 - FL-type - INFO - 	real_world = False
2022-04-28 10:06:37,232 - FL-type - INFO - 	compress_algo = None
2022-04-28 10:06:37,232 - FL-type - INFO - 	fedprox = True
2022-04-28 10:06:37,232 - FL-type - INFO - 	fedprox_mu = 0.0
2022-04-28 10:06:37,233 - FL-type - INFO - 	structure_k = None
2022-04-28 10:06:37,233 - FL-type - INFO - 	qffl = False
2022-04-28 10:06:37,233 - FL-type - INFO - 	qffl_q = 0
2022-04-28 10:06:37,233 - FL-type - INFO - 	fedbalancer = False
2022-04-28 10:06:37,233 - FL-type - INFO - 	fb_w = 1
2022-04-28 10:06:37,233 - FL-type - INFO - 	fb_p = 0.0
2022-04-28 10:06:37,233 - FL-type - INFO - 	fb_inference_pipelining = False
2022-04-28 10:06:37,233 - FL-type - INFO - 	noise_factor = 0.0
2022-04-28 10:06:37,233 - FL-type - INFO - 	fb_simple_control_lt = False
2022-04-28 10:06:37,234 - FL-type - INFO - 	fb_simple_control_ddl = False
2022-04-28 10:06:37,234 - FL-type - INFO - 	fb_simple_control_lt_stepsize = 0
2022-04-28 10:06:37,234 - FL-type - INFO - 	fb_simple_control_ddl_stepsize = 0
2022-04-28 10:06:37,234 - FL-type - INFO - 	fb_client_selection = False
2022-04-28 10:06:37,234 - FL-type - INFO - 	oort_pacer = False
2022-04-28 10:06:37,234 - FL-type - INFO - 	oort_pacer_delta = 10
2022-04-28 10:06:37,235 - FL-type - INFO - 	oort_blacklist = False
2022-04-28 10:06:37,235 - FL-type - INFO - 	oort_blacklist_rounds = 10
2022-04-28 10:06:37,235 - FL-type - INFO - 	realoort = False
2022-04-28 10:06:37,235 - FL-type - INFO - 	realoortbalancer = False
2022-04-28 10:06:37,235 - FL-type - INFO - 	ddl_baseline_smartpc = False
2022-04-28 10:06:37,235 - FL-type - INFO - 	ddl_baseline_smartpc_percentage = 0.0
2022-04-28 10:06:37,235 - FL-type - INFO - 	ddl_baseline_fixed = True
2022-04-28 10:06:37,235 - FL-type - INFO - 	ddl_baseline_fixed_value_multiplied_at_mean = 2.0
2022-04-28 10:06:37,235 - FL-type - INFO - 	global_final_time = 500000
2022-04-28 10:06:37,236 - FL-type - INFO - 	global_final_test_accuracy = 0.0
2022-04-28 10:06:37,236 - FL-type - INFO - 	output_path = ../models/configs/har/
2022-04-28 10:06:37,236 - FL-type - INFO - ================= ====== =================
2022-04-28 10:06:37,236 - FL-type - INFO - ############################## har.lr ##############################
2022-04-28 10:06:46,204 - FL-type - INFO - model size: 13488
2022-04-28 10:06:46,205 - FL-type - INFO - ======================Setup Clients==========================
2022-04-28 10:06:47,508 - FL-type - INFO - Train Clients in Total: 21
2022-04-28 10:06:47,508 - FL-type - INFO - Test Clients in Total: 1
2022-04-28 10:06:47,514 - FL-type - INFO - set up 10 clients
2022-04-28 10:06:47,518 - FL-type - INFO - set up 20 clients
2022-04-28 10:06:47,592 - FL-type - INFO - Timer cached in cached_timers.json
2022-04-28 10:06:47,593 - FL-type - INFO - device setup result: defaultdict(<class 'int'>, {'Google Nexus S': 14, 'Xiaomi Redmi Note 7 Pro': 7})
2022-04-28 10:06:47,613 - FL-type - INFO - ===================== Random Initialization =====================
2022-04-28 10:06:47,613 - FL-type - INFO - ===================== Round 1 of 6000 =====================
2022-04-28 10:06:47,613 - FL-type - INFO - --------------------- selection stage ---------------------
2022-04-28 10:06:47,613 - FL-type - INFO - current time: 0	time window: 20.0	
2022-04-28 10:06:47,614 - FL-type - INFO - 21 of 21 clients online
2022-04-28 10:06:47,614 - FL-type - INFO - selected num: 5
2022-04-28 10:06:47,614 - FL-type - INFO - --------------------- configuration stage ---------------------
2022-04-28 10:06:47,615 - FL-type - INFO - this round deadline 454
2022-04-28 10:06:49,883 - FL-type - INFO - average acc: 0.17814542166123715, average loss: 1.8241764307022095
2022-04-28 10:06:49,884 - FL-type - INFO - configuration and update stage simulation time: 286.70980787168344
2022-04-28 10:06:49,884 - FL-type - INFO - --------------------- report stage ---------------------
2022-04-28 10:06:49,884 - FL-type - INFO - 5 of 5 clients upload successfully
2022-04-28 10:06:49,884 - FL-type - INFO - round succeed, updating global model...
2022-04-28 10:06:49,885 - FL-type - INFO - Aggragate with SucFedAvg
2022-04-28 10:06:49,885 - FL-type - INFO - ===================== Round 2 of 6000 =====================
2022-04-28 10:06:49,885 - FL-type - INFO - --------------------- selection stage ---------------------
2022-04-28 10:06:49,885 - FL-type - INFO - current time: 306.70980787168344	time window: 20.0	
2022-04-28 10:06:49,886 - FL-type - INFO - 21 of 21 clients online
2022-04-28 10:06:49,886 - FL-type - INFO - selected num: 5
2022-04-28 10:06:49,886 - FL-type - INFO - --------------------- configuration stage ---------------------
2022-04-28 10:06:49,886 - FL-type - INFO - this round deadline 454
2022-04-28 10:06:52,194 - FL-type - INFO - average acc: 0.2602342675563518, average loss: 1.589339804649353
2022-04-28 10:06:52,195 - FL-type - INFO - configuration and update stage simulation time: 299.9949362878592
2022-04-28 10:06:52,195 - FL-type - INFO - --------------------- report stage ---------------------
2022-04-28 10:06:52,195 - FL-type - INFO - 5 of 5 clients upload successfully
2022-04-28 10:06:52,195 - FL-type - INFO - round succeed, updating global model...
2022-04-28 10:06:52,195 - FL-type - INFO - Aggragate with SucFedAvg
2022-04-28 10:06:52,196 - FL-type - INFO - ===================== Round 3 of 6000 =====================
2022-04-28 10:06:52,196 - FL-type - INFO - --------------------- selection stage ---------------------
2022-04-28 10:06:52,196 - FL-type - INFO - current time: 626.7047441595427	time window: 20.0	
2022-04-28 10:06:52,197 - FL-type - INFO - 21 of 21 clients online
2022-04-28 10:06:52,197 - FL-type - INFO - selected num: 5
2022-04-28 10:06:52,197 - FL-type - INFO - --------------------- configuration stage ---------------------
2022-04-28 10:06:52,198 - FL-type - INFO - this round deadline 454
2022-04-28 10:06:54,700 - FL-type - INFO - average acc: 0.4362193578630694, average loss: 1.456851077079773
2022-04-28 10:06:54,701 - FL-type - INFO - configuration and update stage simulation time: 337.381357018067
2022-04-28 10:06:54,702 - FL-type - INFO - --------------------- report stage ---------------------
2022-04-28 10:06:54,702 - FL-type - INFO - 5 of 5 clients upload successfully
2022-04-28 10:06:54,702 - FL-type - INFO - round succeed, updating global model...
2022-04-28 10:06:54,702 - FL-type - INFO - Aggragate with SucFedAvg
2022-04-28 10:06:54,703 - FL-type - INFO - ===================== Round 4 of 6000 =====================
2022-04-28 10:06:54,703 - FL-type - INFO - --------------------- selection stage ---------------------
2022-04-28 10:06:54,704 - FL-type - INFO - current time: 984.0861011776096	time window: 20.0	
2022-04-28 10:06:54,704 - FL-type - INFO - 21 of 21 clients online
2022-04-28 10:06:54,705 - FL-type - INFO - selected num: 5
2022-04-28 10:06:54,705 - FL-type - INFO - --------------------- configuration stage ---------------------
2022-04-28 10:06:54,705 - FL-type - INFO - this round deadline 454
