2022-04-29 11:09:28,044 - FL-type - INFO - logger init finished ---- log file: ../models/configs/celeba/celeba_fedavg_SPC_seed2.cfg.log
2022-04-29 11:09:28,976 - FL-type - INFO - read config from ../models/configs/celeba/celeba_fedavg_SPC_seed2.cfg
2022-04-29 11:09:28,976 - FL-type - INFO - no behavior heterogeneity! assume client is availiable at any time.
2022-04-29 11:09:28,977 - FL-type - INFO - ================= Config =================
2022-04-29 11:09:28,977 - FL-type - INFO - 	config_name = ../models/configs/celeba/celeba_fedavg_SPC_seed2.cfg
2022-04-29 11:09:28,977 - FL-type - INFO - 	dataset = celeba
2022-04-29 11:09:28,977 - FL-type - INFO - 	model = cnn
2022-04-29 11:09:28,977 - FL-type - INFO - 	num_rounds = 6000
2022-04-29 11:09:28,977 - FL-type - INFO - 	lr = 0.001
2022-04-29 11:09:28,977 - FL-type - INFO - 	eval_every = 5
2022-04-29 11:09:28,978 - FL-type - INFO - 	clients_per_round = 100
2022-04-29 11:09:28,978 - FL-type - INFO - 	min_selected = 1
2022-04-29 11:09:28,978 - FL-type - INFO - 	max_sample = 2147483647
2022-04-29 11:09:28,978 - FL-type - INFO - 	batch_size = 10
2022-04-29 11:09:28,978 - FL-type - INFO - 	seed = 2
2022-04-29 11:09:28,978 - FL-type - INFO - 	num_epochs = 5
2022-04-29 11:09:28,978 - FL-type - INFO - 	minibatch = None
2022-04-29 11:09:28,978 - FL-type - INFO - 	round_ddl = [1000, 0]
2022-04-29 11:09:28,979 - FL-type - INFO - 	update_frac = 0.01
2022-04-29 11:09:28,979 - FL-type - INFO - 	max_client_num = 9223372036854775807
2022-04-29 11:09:28,979 - FL-type - INFO - 	aggregate_algorithm = SucFedAvg
2022-04-29 11:09:28,979 - FL-type - INFO - 	time_window = [20.0, 0.0]
2022-04-29 11:09:28,979 - FL-type - INFO - 	user_trace = False
2022-04-29 11:09:28,979 - FL-type - INFO - 	behav_hete = False
2022-04-29 11:09:28,979 - FL-type - INFO - 	hard_hete = True
2022-04-29 11:09:28,979 - FL-type - INFO - 	no_training = False
2022-04-29 11:09:28,979 - FL-type - INFO - 	real_world = False
2022-04-29 11:09:28,980 - FL-type - INFO - 	compress_algo = None
2022-04-29 11:09:28,980 - FL-type - INFO - 	fedprox = False
2022-04-29 11:09:28,980 - FL-type - INFO - 	fedprox_mu = 0
2022-04-29 11:09:28,980 - FL-type - INFO - 	structure_k = None
2022-04-29 11:09:28,980 - FL-type - INFO - 	qffl = False
2022-04-29 11:09:28,980 - FL-type - INFO - 	qffl_q = 0
2022-04-29 11:09:28,980 - FL-type - INFO - 	fedbalancer = False
2022-04-29 11:09:28,980 - FL-type - INFO - 	fb_w = 1
2022-04-29 11:09:28,980 - FL-type - INFO - 	fb_p = 0.0
2022-04-29 11:09:28,981 - FL-type - INFO - 	fb_inference_pipelining = False
2022-04-29 11:09:28,981 - FL-type - INFO - 	noise_factor = 0.0
2022-04-29 11:09:28,981 - FL-type - INFO - 	fb_simple_control_lt = False
2022-04-29 11:09:28,981 - FL-type - INFO - 	fb_simple_control_ddl = False
2022-04-29 11:09:28,981 - FL-type - INFO - 	fb_simple_control_lt_stepsize = 0
2022-04-29 11:09:28,981 - FL-type - INFO - 	fb_simple_control_ddl_stepsize = 0
2022-04-29 11:09:28,981 - FL-type - INFO - 	fb_client_selection = False
2022-04-29 11:09:28,981 - FL-type - INFO - 	oort_pacer = False
2022-04-29 11:09:28,982 - FL-type - INFO - 	oort_pacer_delta = 10
2022-04-29 11:09:28,982 - FL-type - INFO - 	oort_blacklist = False
2022-04-29 11:09:28,982 - FL-type - INFO - 	oort_blacklist_rounds = 10
2022-04-29 11:09:28,982 - FL-type - INFO - 	realoort = False
2022-04-29 11:09:28,982 - FL-type - INFO - 	realoortbalancer = False
2022-04-29 11:09:28,982 - FL-type - INFO - 	ddl_baseline_smartpc = True
2022-04-29 11:09:28,982 - FL-type - INFO - 	ddl_baseline_smartpc_percentage = 0.8
2022-04-29 11:09:28,982 - FL-type - INFO - 	ddl_baseline_fixed = False
2022-04-29 11:09:28,982 - FL-type - INFO - 	ddl_baseline_fixed_value_multiplied_at_mean = 0.0
2022-04-29 11:09:28,983 - FL-type - INFO - 	global_final_time = 30000
2022-04-29 11:09:28,983 - FL-type - INFO - 	global_final_test_accuracy = 0.0
2022-04-29 11:09:28,983 - FL-type - INFO - 	output_path = ../models/configs/celeba/
2022-04-29 11:09:28,983 - FL-type - INFO - ================= ====== =================
2022-04-29 11:09:28,983 - FL-type - INFO - ############################## celeba.cnn ##############################
2022-04-29 11:09:38,894 - FL-type - INFO - model size: 124808
2022-04-29 11:09:38,894 - FL-type - INFO - ======================Setup Clients==========================
2022-04-29 11:09:38,904 - FL-type - INFO - Train Clients in Total: 827
2022-04-29 11:09:38,904 - FL-type - INFO - Test Clients in Total: 92
2022-04-29 11:09:38,911 - FL-type - INFO - set up 10 clients
2022-04-29 11:09:38,914 - FL-type - INFO - set up 20 clients
2022-04-29 11:09:38,917 - FL-type - INFO - set up 30 clients
2022-04-29 11:09:38,920 - FL-type - INFO - set up 40 clients
2022-04-29 11:09:38,923 - FL-type - INFO - set up 50 clients
2022-04-29 11:09:38,926 - FL-type - INFO - set up 60 clients
2022-04-29 11:09:38,929 - FL-type - INFO - set up 70 clients
2022-04-29 11:09:38,932 - FL-type - INFO - set up 80 clients
2022-04-29 11:09:38,935 - FL-type - INFO - set up 90 clients
2022-04-29 11:09:38,938 - FL-type - INFO - set up 100 clients
2022-04-29 11:09:38,941 - FL-type - INFO - set up 110 clients
2022-04-29 11:09:38,944 - FL-type - INFO - set up 120 clients
2022-04-29 11:09:38,947 - FL-type - INFO - set up 130 clients
2022-04-29 11:09:38,950 - FL-type - INFO - set up 140 clients
2022-04-29 11:09:38,953 - FL-type - INFO - set up 150 clients
2022-04-29 11:09:38,956 - FL-type - INFO - set up 160 clients
2022-04-29 11:09:38,959 - FL-type - INFO - set up 170 clients
2022-04-29 11:09:38,962 - FL-type - INFO - set up 180 clients
2022-04-29 11:09:38,965 - FL-type - INFO - set up 190 clients
2022-04-29 11:09:38,968 - FL-type - INFO - set up 200 clients
2022-04-29 11:09:38,971 - FL-type - INFO - set up 210 clients
2022-04-29 11:09:38,974 - FL-type - INFO - set up 220 clients
2022-04-29 11:09:38,977 - FL-type - INFO - set up 230 clients
2022-04-29 11:09:38,980 - FL-type - INFO - set up 240 clients
2022-04-29 11:09:38,983 - FL-type - INFO - set up 250 clients
2022-04-29 11:09:38,986 - FL-type - INFO - set up 260 clients
2022-04-29 11:09:38,989 - FL-type - INFO - set up 270 clients
2022-04-29 11:09:38,992 - FL-type - INFO - set up 280 clients
2022-04-29 11:09:38,995 - FL-type - INFO - set up 290 clients
2022-04-29 11:09:38,998 - FL-type - INFO - set up 300 clients
2022-04-29 11:09:39,001 - FL-type - INFO - set up 310 clients
2022-04-29 11:09:39,004 - FL-type - INFO - set up 320 clients
2022-04-29 11:09:39,007 - FL-type - INFO - set up 330 clients
2022-04-29 11:09:39,010 - FL-type - INFO - set up 340 clients
2022-04-29 11:09:39,013 - FL-type - INFO - set up 350 clients
2022-04-29 11:09:39,016 - FL-type - INFO - set up 360 clients
2022-04-29 11:09:39,019 - FL-type - INFO - set up 370 clients
2022-04-29 11:09:39,022 - FL-type - INFO - set up 380 clients
2022-04-29 11:09:39,025 - FL-type - INFO - set up 390 clients
2022-04-29 11:09:39,028 - FL-type - INFO - set up 400 clients
2022-04-29 11:09:39,031 - FL-type - INFO - set up 410 clients
2022-04-29 11:09:39,034 - FL-type - INFO - set up 420 clients
2022-04-29 11:09:39,037 - FL-type - INFO - set up 430 clients
2022-04-29 11:09:39,040 - FL-type - INFO - set up 440 clients
2022-04-29 11:09:39,043 - FL-type - INFO - set up 450 clients
2022-04-29 11:09:39,047 - FL-type - INFO - set up 460 clients
2022-04-29 11:09:39,050 - FL-type - INFO - set up 470 clients
2022-04-29 11:09:39,053 - FL-type - INFO - set up 480 clients
2022-04-29 11:09:39,056 - FL-type - INFO - set up 490 clients
2022-04-29 11:09:39,059 - FL-type - INFO - set up 500 clients
2022-04-29 11:09:39,062 - FL-type - INFO - set up 510 clients
2022-04-29 11:09:39,065 - FL-type - INFO - set up 520 clients
2022-04-29 11:09:39,068 - FL-type - INFO - set up 530 clients
2022-04-29 11:09:39,071 - FL-type - INFO - set up 540 clients
2022-04-29 11:09:39,074 - FL-type - INFO - set up 550 clients
2022-04-29 11:09:39,077 - FL-type - INFO - set up 560 clients
2022-04-29 11:09:39,080 - FL-type - INFO - set up 570 clients
2022-04-29 11:09:39,083 - FL-type - INFO - set up 580 clients
2022-04-29 11:09:39,086 - FL-type - INFO - set up 590 clients
2022-04-29 11:09:39,089 - FL-type - INFO - set up 600 clients
2022-04-29 11:09:39,092 - FL-type - INFO - set up 610 clients
2022-04-29 11:09:39,095 - FL-type - INFO - set up 620 clients
2022-04-29 11:09:39,098 - FL-type - INFO - set up 630 clients
2022-04-29 11:09:39,101 - FL-type - INFO - set up 640 clients
2022-04-29 11:09:39,104 - FL-type - INFO - set up 650 clients
2022-04-29 11:09:39,107 - FL-type - INFO - set up 660 clients
2022-04-29 11:09:39,110 - FL-type - INFO - set up 670 clients
2022-04-29 11:09:39,113 - FL-type - INFO - set up 680 clients
2022-04-29 11:09:39,116 - FL-type - INFO - set up 690 clients
2022-04-29 11:09:39,120 - FL-type - INFO - set up 700 clients
2022-04-29 11:09:39,122 - FL-type - INFO - set up 710 clients
2022-04-29 11:09:39,125 - FL-type - INFO - set up 720 clients
2022-04-29 11:09:39,128 - FL-type - INFO - set up 730 clients
2022-04-29 11:09:39,131 - FL-type - INFO - set up 740 clients
2022-04-29 11:09:39,134 - FL-type - INFO - set up 750 clients
2022-04-29 11:09:39,137 - FL-type - INFO - set up 760 clients
2022-04-29 11:09:39,140 - FL-type - INFO - set up 770 clients
2022-04-29 11:09:39,143 - FL-type - INFO - set up 780 clients
2022-04-29 11:09:39,146 - FL-type - INFO - set up 790 clients
2022-04-29 11:09:39,149 - FL-type - INFO - set up 800 clients
2022-04-29 11:09:39,152 - FL-type - INFO - set up 810 clients
2022-04-29 11:09:39,155 - FL-type - INFO - set up 820 clients
2022-04-29 11:09:39,256 - FL-type - INFO - Timer cached in cached_timers.json
2022-04-29 11:09:39,257 - FL-type - INFO - device setup result: defaultdict(<class 'int'>, {'Google Nexus S': 458, 'Xiaomi Redmi Note 7 Pro': 366, 'Google Pixel 4': 3})
2022-04-29 11:09:39,292 - FL-type - INFO - ===================== Random Initialization =====================
2022-04-29 11:09:39,292 - FL-type - INFO - ===================== Round 1 of 6000 =====================
2022-04-29 11:09:39,292 - FL-type - INFO - --------------------- selection stage ---------------------
2022-04-29 11:09:39,293 - FL-type - INFO - current time: 0	time window: 20.0	
2022-04-29 11:09:39,293 - FL-type - INFO - 827 of 827 clients online
2022-04-29 11:09:39,295 - FL-type - INFO - selected num: 100
2022-04-29 11:09:39,295 - FL-type - INFO - --------------------- configuration stage ---------------------
2022-04-29 11:09:39,295 - FL-type - INFO - this round deadline 1000
2022-04-29 11:10:16,462 - FL-type - INFO - average acc: 0.9900297619047619, average loss: 0.061420100600500405
2022-04-29 11:10:16,462 - FL-type - INFO - configuration and update stage simulation time: 48.16182561077736
2022-04-29 11:10:16,464 - FL-type - INFO - --------------------- report stage ---------------------
2022-04-29 11:10:16,464 - FL-type - INFO - 80 of 100 clients upload successfully
2022-04-29 11:10:16,464 - FL-type - INFO - round succeed, updating global model...
2022-04-29 11:10:16,464 - FL-type - INFO - Aggragate with SucFedAvg
2022-04-29 11:10:16,480 - FL-type - INFO - ===================== Round 2 of 6000 =====================
2022-04-29 11:10:16,480 - FL-type - INFO - --------------------- selection stage ---------------------
2022-04-29 11:10:16,480 - FL-type - INFO - current time: 68.16182561077736	time window: 20.0	
2022-04-29 11:10:16,481 - FL-type - INFO - 827 of 827 clients online
2022-04-29 11:10:16,483 - FL-type - INFO - selected num: 100
2022-04-29 11:10:16,483 - FL-type - INFO - --------------------- configuration stage ---------------------
2022-04-29 11:10:16,484 - FL-type - INFO - this round deadline 1000
2022-04-29 11:10:51,236 - FL-type - INFO - average acc: 0.9909672619047619, average loss: 0.05624017434452071
2022-04-29 11:10:51,237 - FL-type - INFO - configuration and update stage simulation time: 59.27086526608718
2022-04-29 11:10:51,239 - FL-type - INFO - --------------------- report stage ---------------------
2022-04-29 11:10:51,239 - FL-type - INFO - 80 of 100 clients upload successfully
2022-04-29 11:10:51,239 - FL-type - INFO - round succeed, updating global model...
2022-04-29 11:10:51,239 - FL-type - INFO - Aggragate with SucFedAvg
2022-04-29 11:10:51,254 - FL-type - INFO - ===================== Round 3 of 6000 =====================
2022-04-29 11:10:51,254 - FL-type - INFO - --------------------- selection stage ---------------------
2022-04-29 11:10:51,254 - FL-type - INFO - current time: 147.43269087686454	time window: 20.0	
2022-04-29 11:10:51,255 - FL-type - INFO - 827 of 827 clients online
2022-04-29 11:10:51,257 - FL-type - INFO - selected num: 100
2022-04-29 11:10:51,257 - FL-type - INFO - --------------------- configuration stage ---------------------
2022-04-29 11:10:51,258 - FL-type - INFO - this round deadline 1000
2022-04-29 11:11:25,481 - FL-type - INFO - average acc: 0.9854261363636365, average loss: 0.07300170788548713
2022-04-29 11:11:25,482 - FL-type - INFO - configuration and update stage simulation time: 47.862059114853096
2022-04-29 11:11:25,483 - FL-type - INFO - --------------------- report stage ---------------------
2022-04-29 11:11:25,483 - FL-type - INFO - 80 of 100 clients upload successfully
2022-04-29 11:11:25,483 - FL-type - INFO - round succeed, updating global model...
2022-04-29 11:11:25,483 - FL-type - INFO - Aggragate with SucFedAvg
2022-04-29 11:11:25,497 - FL-type - INFO - ===================== Round 4 of 6000 =====================
2022-04-29 11:11:25,498 - FL-type - INFO - --------------------- selection stage ---------------------
2022-04-29 11:11:25,498 - FL-type - INFO - current time: 215.29474999171765	time window: 20.0	
2022-04-29 11:11:25,499 - FL-type - INFO - 827 of 827 clients online
2022-04-29 11:11:25,501 - FL-type - INFO - selected num: 100
2022-04-29 11:11:25,501 - FL-type - INFO - --------------------- configuration stage ---------------------
2022-04-29 11:11:25,501 - FL-type - INFO - this round deadline 1000
2022-04-29 11:12:00,927 - FL-type - INFO - average acc: 0.9890522767462423, average loss: 0.05913666837441269
2022-04-29 11:12:00,927 - FL-type - INFO - configuration and update stage simulation time: 47.889631157975984
2022-04-29 11:12:00,929 - FL-type - INFO - --------------------- report stage ---------------------
2022-04-29 11:12:00,929 - FL-type - INFO - 80 of 100 clients upload successfully
2022-04-29 11:12:00,929 - FL-type - INFO - round succeed, updating global model...
2022-04-29 11:12:00,929 - FL-type - INFO - Aggragate with SucFedAvg
2022-04-29 11:12:00,944 - FL-type - INFO - ===================== Round 5 of 6000 =====================
2022-04-29 11:12:00,945 - FL-type - INFO - --------------------- selection stage ---------------------
2022-04-29 11:12:00,945 - FL-type - INFO - current time: 283.18438114969365	time window: 20.0	
2022-04-29 11:12:00,946 - FL-type - INFO - 827 of 827 clients online
2022-04-29 11:12:00,948 - FL-type - INFO - selected num: 100
2022-04-29 11:12:00,948 - FL-type - INFO - --------------------- configuration stage ---------------------
2022-04-29 11:12:00,948 - FL-type - INFO - this round deadline 1000
2022-04-29 11:12:36,968 - FL-type - INFO - average acc: 0.9931950944170771, average loss: 0.05457404358239728
2022-04-29 11:12:36,969 - FL-type - INFO - configuration and update stage simulation time: 47.92765450143303
2022-04-29 11:12:36,970 - FL-type - INFO - --------------------- report stage ---------------------
2022-04-29 11:12:36,970 - FL-type - INFO - 80 of 100 clients upload successfully
2022-04-29 11:12:36,971 - FL-type - INFO - round succeed, updating global model...
2022-04-29 11:12:36,971 - FL-type - INFO - Aggragate with SucFedAvg
2022-04-29 11:12:36,989 - FL-type - INFO - --------------------- test result ---------------------
2022-04-29 11:12:41,812 - FL-type - INFO - test_accuracy: 0.5945521215295967, 10th percentile: 0.35935960591133004, 50th percentile: 0.5871212121212122, 90th percentile 0.7658620689655173
2022-04-29 11:12:41,813 - FL-type - INFO - test_loss: 0.7218075189807766, 10th percentile: 0.5070319712162018, 50th percentile: 0.728370875120163, 90th percentile 0.9883930504322053
2022-04-29 11:12:41,813 - FL-type - INFO - ===================== Round 6 of 6000 =====================
2022-04-29 11:12:41,813 - FL-type - INFO - --------------------- selection stage ---------------------
2022-04-29 11:12:41,813 - FL-type - INFO - current time: 351.1120356511267	time window: 20.0	
2022-04-29 11:12:41,815 - FL-type - INFO - 827 of 827 clients online
2022-04-29 11:12:41,817 - FL-type - INFO - selected num: 100
2022-04-29 11:12:41,817 - FL-type - INFO - --------------------- configuration stage ---------------------
2022-04-29 11:12:41,818 - FL-type - INFO - this round deadline 1000
2022-04-29 11:13:15,503 - FL-type - INFO - average acc: 0.9973070607553367, average loss: 0.04455697240045993
2022-04-29 11:13:15,503 - FL-type - INFO - configuration and update stage simulation time: 54.482657333489584
2022-04-29 11:13:15,504 - FL-type - INFO - --------------------- report stage ---------------------
2022-04-29 11:13:15,504 - FL-type - INFO - 80 of 100 clients upload successfully
2022-04-29 11:13:15,505 - FL-type - INFO - round succeed, updating global model...
2022-04-29 11:13:15,505 - FL-type - INFO - Aggragate with SucFedAvg
2022-04-29 11:13:15,521 - FL-type - INFO - ===================== Round 7 of 6000 =====================
2022-04-29 11:13:15,521 - FL-type - INFO - --------------------- selection stage ---------------------
2022-04-29 11:13:15,521 - FL-type - INFO - current time: 425.59469298461624	time window: 20.0	
2022-04-29 11:13:15,522 - FL-type - INFO - 827 of 827 clients online
2022-04-29 11:13:15,526 - FL-type - INFO - selected num: 100
2022-04-29 11:13:15,526 - FL-type - INFO - --------------------- configuration stage ---------------------
2022-04-29 11:13:15,526 - FL-type - INFO - this round deadline 1000
2022-04-29 11:13:49,605 - FL-type - INFO - average acc: 0.9963875205254515, average loss: 0.052620390606170984
2022-04-29 11:13:49,606 - FL-type - INFO - configuration and update stage simulation time: 54.53736296299974
2022-04-29 11:13:49,607 - FL-type - INFO - --------------------- report stage ---------------------
2022-04-29 11:13:49,607 - FL-type - INFO - 80 of 100 clients upload successfully
2022-04-29 11:13:49,607 - FL-type - INFO - round succeed, updating global model...
2022-04-29 11:13:49,608 - FL-type - INFO - Aggragate with SucFedAvg
2022-04-29 11:13:49,624 - FL-type - INFO - ===================== Round 8 of 6000 =====================
2022-04-29 11:13:49,624 - FL-type - INFO - --------------------- selection stage ---------------------
2022-04-29 11:13:49,624 - FL-type - INFO - current time: 500.132055947616	time window: 20.0	
2022-04-29 11:13:49,625 - FL-type - INFO - 827 of 827 clients online
2022-04-29 11:13:49,628 - FL-type - INFO - selected num: 100
2022-04-29 11:13:49,628 - FL-type - INFO - --------------------- configuration stage ---------------------
2022-04-29 11:13:49,629 - FL-type - INFO - this round deadline 1000
2022-04-29 11:14:25,579 - FL-type - INFO - average acc: 0.9958225108225107, average loss: 0.04717776347824838
2022-04-29 11:14:25,579 - FL-type - INFO - configuration and update stage simulation time: 47.89440969470679
2022-04-29 11:14:25,580 - FL-type - INFO - --------------------- report stage ---------------------
2022-04-29 11:14:25,581 - FL-type - INFO - 80 of 100 clients upload successfully
2022-04-29 11:14:25,581 - FL-type - INFO - round succeed, updating global model...
2022-04-29 11:14:25,581 - FL-type - INFO - Aggragate with SucFedAvg
2022-04-29 11:14:25,596 - FL-type - INFO - ===================== Round 9 of 6000 =====================
2022-04-29 11:14:25,596 - FL-type - INFO - --------------------- selection stage ---------------------
2022-04-29 11:14:25,596 - FL-type - INFO - current time: 568.0264656423228	time window: 20.0	
2022-04-29 11:14:25,597 - FL-type - INFO - 827 of 827 clients online
2022-04-29 11:14:25,599 - FL-type - INFO - selected num: 100
2022-04-29 11:14:25,599 - FL-type - INFO - --------------------- configuration stage ---------------------
2022-04-29 11:14:25,600 - FL-type - INFO - this round deadline 1000
2022-04-29 11:14:58,972 - FL-type - INFO - average acc: 0.9971092493075251, average loss: 0.035198658501758476
2022-04-29 11:14:58,972 - FL-type - INFO - configuration and update stage simulation time: 47.92765450143303
2022-04-29 11:14:58,974 - FL-type - INFO - --------------------- report stage ---------------------
2022-04-29 11:14:58,974 - FL-type - INFO - 80 of 100 clients upload successfully
2022-04-29 11:14:58,974 - FL-type - INFO - round succeed, updating global model...
2022-04-29 11:14:58,974 - FL-type - INFO - Aggragate with SucFedAvg
2022-04-29 11:14:58,992 - FL-type - INFO - ===================== Round 10 of 6000 =====================
2022-04-29 11:14:58,992 - FL-type - INFO - --------------------- selection stage ---------------------
2022-04-29 11:14:58,992 - FL-type - INFO - current time: 635.9541201437559	time window: 20.0	
2022-04-29 11:14:58,993 - FL-type - INFO - 827 of 827 clients online
2022-04-29 11:14:58,997 - FL-type - INFO - selected num: 100
2022-04-29 11:14:58,997 - FL-type - INFO - --------------------- configuration stage ---------------------
2022-04-29 11:14:58,998 - FL-type - INFO - this round deadline 1000
2022-04-29 11:15:34,154 - FL-type - INFO - average acc: 0.99875, average loss: 0.03789220882608788
2022-04-29 11:15:34,155 - FL-type - INFO - configuration and update stage simulation time: 48.00598730352514
2022-04-29 11:15:34,156 - FL-type - INFO - --------------------- report stage ---------------------
2022-04-29 11:15:34,156 - FL-type - INFO - 80 of 100 clients upload successfully
2022-04-29 11:15:34,156 - FL-type - INFO - round succeed, updating global model...
2022-04-29 11:15:34,157 - FL-type - INFO - Aggragate with SucFedAvg
2022-04-29 11:15:34,173 - FL-type - INFO - --------------------- test result ---------------------
2022-04-29 11:15:38,906 - FL-type - INFO - test_accuracy: 0.6616029334730226, 10th percentile: 0.4666666666666667, 50th percentile: 0.6396103896103896, 90th percentile 0.8327586206896552
2022-04-29 11:15:38,907 - FL-type - INFO - test_loss: 0.6591789007436674, 10th percentile: 0.4224926561117172, 50th percentile: 0.673433780670166, 90th percentile 1.0321645617485047
2022-04-29 11:15:38,907 - FL-type - INFO - ===================== Round 11 of 6000 =====================
2022-04-29 11:15:38,907 - FL-type - INFO - --------------------- selection stage ---------------------
2022-04-29 11:15:38,908 - FL-type - INFO - current time: 703.960107447281	time window: 20.0	
2022-04-29 11:15:38,908 - FL-type - INFO - 827 of 827 clients online
2022-04-29 11:15:38,911 - FL-type - INFO - selected num: 100
2022-04-29 11:15:38,911 - FL-type - INFO - --------------------- configuration stage ---------------------
2022-04-29 11:15:38,912 - FL-type - INFO - this round deadline 1000
2022-04-29 11:16:15,724 - FL-type - INFO - average acc: 0.994223484848485, average loss: 0.045786217978456986
2022-04-29 11:16:15,724 - FL-type - INFO - configuration and update stage simulation time: 48.16182561077736
2022-04-29 11:16:15,726 - FL-type - INFO - --------------------- report stage ---------------------
2022-04-29 11:16:15,726 - FL-type - INFO - 80 of 100 clients upload successfully
2022-04-29 11:16:15,727 - FL-type - INFO - round succeed, updating global model...
2022-04-29 11:16:15,727 - FL-type - INFO - Aggragate with SucFedAvg
2022-04-29 11:16:15,745 - FL-type - INFO - ===================== Round 12 of 6000 =====================
2022-04-29 11:16:15,745 - FL-type - INFO - --------------------- selection stage ---------------------
2022-04-29 11:16:15,745 - FL-type - INFO - current time: 772.1219330580583	time window: 20.0	
2022-04-29 11:16:15,746 - FL-type - INFO - 827 of 827 clients online
2022-04-29 11:16:15,749 - FL-type - INFO - selected num: 100
2022-04-29 11:16:15,749 - FL-type - INFO - --------------------- configuration stage ---------------------
2022-04-29 11:16:15,749 - FL-type - INFO - this round deadline 1000
2022-04-29 11:16:50,724 - FL-type - INFO - average acc: 0.9974621212121211, average loss: 0.03837347222797689
2022-04-29 11:16:50,725 - FL-type - INFO - configuration and update stage simulation time: 47.86459500882451
2022-04-29 11:16:50,726 - FL-type - INFO - --------------------- report stage ---------------------
2022-04-29 11:16:50,726 - FL-type - INFO - 80 of 100 clients upload successfully
2022-04-29 11:16:50,727 - FL-type - INFO - round succeed, updating global model...
2022-04-29 11:16:50,727 - FL-type - INFO - Aggragate with SucFedAvg
2022-04-29 11:16:50,744 - FL-type - INFO - ===================== Round 13 of 6000 =====================
2022-04-29 11:16:50,744 - FL-type - INFO - --------------------- selection stage ---------------------
2022-04-29 11:16:50,744 - FL-type - INFO - current time: 839.9865280668828	time window: 20.0	
2022-04-29 11:16:50,745 - FL-type - INFO - 827 of 827 clients online
2022-04-29 11:16:50,748 - FL-type - INFO - selected num: 100
2022-04-29 11:16:50,748 - FL-type - INFO - --------------------- configuration stage ---------------------
2022-04-29 11:16:50,749 - FL-type - INFO - this round deadline 1000
2022-04-29 11:17:26,786 - FL-type - INFO - average acc: 0.9988636363636363, average loss: 0.03299965376354521
2022-04-29 11:17:26,787 - FL-type - INFO - configuration and update stage simulation time: 47.889631157975984
2022-04-29 11:17:26,788 - FL-type - INFO - --------------------- report stage ---------------------
2022-04-29 11:17:26,788 - FL-type - INFO - 80 of 100 clients upload successfully
2022-04-29 11:17:26,788 - FL-type - INFO - round succeed, updating global model...
2022-04-29 11:17:26,789 - FL-type - INFO - Aggragate with SucFedAvg
2022-04-29 11:17:26,806 - FL-type - INFO - ===================== Round 14 of 6000 =====================
2022-04-29 11:17:26,806 - FL-type - INFO - --------------------- selection stage ---------------------
2022-04-29 11:17:26,806 - FL-type - INFO - current time: 907.8761592248587	time window: 20.0	
2022-04-29 11:17:26,807 - FL-type - INFO - 827 of 827 clients online
2022-04-29 11:17:26,810 - FL-type - INFO - selected num: 100
2022-04-29 11:17:26,810 - FL-type - INFO - --------------------- configuration stage ---------------------
2022-04-29 11:17:26,811 - FL-type - INFO - this round deadline 1000
2022-04-29 11:18:02,764 - FL-type - INFO - average acc: 0.998030303030303, average loss: 0.036328851824509914
2022-04-29 11:18:02,765 - FL-type - INFO - configuration and update stage simulation time: 47.862059114853096
2022-04-29 11:18:02,766 - FL-type - INFO - --------------------- report stage ---------------------
2022-04-29 11:18:02,766 - FL-type - INFO - 80 of 100 clients upload successfully
2022-04-29 11:18:02,767 - FL-type - INFO - round succeed, updating global model...
2022-04-29 11:18:02,767 - FL-type - INFO - Aggragate with SucFedAvg
2022-04-29 11:18:02,784 - FL-type - INFO - ===================== Round 15 of 6000 =====================
2022-04-29 11:18:02,784 - FL-type - INFO - --------------------- selection stage ---------------------
2022-04-29 11:18:02,784 - FL-type - INFO - current time: 975.7382183397118	time window: 20.0	
2022-04-29 11:18:02,785 - FL-type - INFO - 827 of 827 clients online
2022-04-29 11:18:02,788 - FL-type - INFO - selected num: 100
2022-04-29 11:18:02,788 - FL-type - INFO - --------------------- configuration stage ---------------------
2022-04-29 11:18:02,788 - FL-type - INFO - this round deadline 1000
2022-04-29 11:18:35,938 - FL-type - INFO - average acc: 0.9995833333333334, average loss: 0.034121486118237954
2022-04-29 11:18:35,939 - FL-type - INFO - configuration and update stage simulation time: 47.89440969470679
2022-04-29 11:18:35,941 - FL-type - INFO - --------------------- report stage ---------------------
2022-04-29 11:18:35,941 - FL-type - INFO - 80 of 100 clients upload successfully
2022-04-29 11:18:35,941 - FL-type - INFO - round succeed, updating global model...
2022-04-29 11:18:35,941 - FL-type - INFO - Aggragate with SucFedAvg
2022-04-29 11:18:35,966 - FL-type - INFO - --------------------- test result ---------------------
2022-04-29 11:18:40,791 - FL-type - INFO - test_accuracy: 0.6836039811419592, 10th percentile: 0.5, 50th percentile: 0.681159420289855, 90th percentile 0.8564285714285714
2022-04-29 11:18:40,793 - FL-type - INFO - test_loss: 0.6178175447778966, 10th percentile: 0.40143737494945525, 50th percentile: 0.6102044582366943, 90th percentile 0.9049188137054444
2022-04-29 11:18:40,793 - FL-type - INFO - ===================== Round 16 of 6000 =====================
2022-04-29 11:18:40,793 - FL-type - INFO - --------------------- selection stage ---------------------
2022-04-29 11:18:40,794 - FL-type - INFO - current time: 1043.6326280344185	time window: 20.0	
2022-04-29 11:18:40,796 - FL-type - INFO - 827 of 827 clients online
2022-04-29 11:18:40,800 - FL-type - INFO - selected num: 100
2022-04-29 11:18:40,800 - FL-type - INFO - --------------------- configuration stage ---------------------
2022-04-29 11:18:40,801 - FL-type - INFO - this round deadline 1000
2022-04-29 11:19:17,446 - FL-type - INFO - average acc: 0.9995689655172415, average loss: 0.028464050192269497
2022-04-29 11:19:17,447 - FL-type - INFO - configuration and update stage simulation time: 47.86459500882451
2022-04-29 11:19:17,448 - FL-type - INFO - --------------------- report stage ---------------------
2022-04-29 11:19:17,448 - FL-type - INFO - 80 of 100 clients upload successfully
2022-04-29 11:19:17,449 - FL-type - INFO - round succeed, updating global model...
2022-04-29 11:19:17,449 - FL-type - INFO - Aggragate with SucFedAvg
2022-04-29 11:19:17,466 - FL-type - INFO - ===================== Round 17 of 6000 =====================
2022-04-29 11:19:17,466 - FL-type - INFO - --------------------- selection stage ---------------------
2022-04-29 11:19:17,466 - FL-type - INFO - current time: 1111.4972230432431	time window: 20.0	
2022-04-29 11:19:17,467 - FL-type - INFO - 827 of 827 clients online
2022-04-29 11:19:17,469 - FL-type - INFO - selected num: 100
2022-04-29 11:19:17,469 - FL-type - INFO - --------------------- configuration stage ---------------------
2022-04-29 11:19:17,469 - FL-type - INFO - this round deadline 1000
2022-04-29 11:19:52,844 - FL-type - INFO - average acc: 0.9978517316017316, average loss: 0.029520290549407947
2022-04-29 11:19:52,844 - FL-type - INFO - configuration and update stage simulation time: 59.27086526608718
2022-04-29 11:19:52,846 - FL-type - INFO - --------------------- report stage ---------------------
2022-04-29 11:19:52,846 - FL-type - INFO - 80 of 100 clients upload successfully
2022-04-29 11:19:52,846 - FL-type - INFO - round succeed, updating global model...
2022-04-29 11:19:52,846 - FL-type - INFO - Aggragate with SucFedAvg
2022-04-29 11:19:52,861 - FL-type - INFO - ===================== Round 18 of 6000 =====================
2022-04-29 11:19:52,861 - FL-type - INFO - --------------------- selection stage ---------------------
2022-04-29 11:19:52,861 - FL-type - INFO - current time: 1190.7680883093303	time window: 20.0	
2022-04-29 11:19:52,862 - FL-type - INFO - 827 of 827 clients online
2022-04-29 11:19:52,864 - FL-type - INFO - selected num: 100
2022-04-29 11:19:52,864 - FL-type - INFO - --------------------- configuration stage ---------------------
2022-04-29 11:19:52,865 - FL-type - INFO - this round deadline 1000
2022-04-29 11:20:28,722 - FL-type - INFO - average acc: 0.997616341991342, average loss: 0.03247863638025592
2022-04-29 11:20:28,723 - FL-type - INFO - configuration and update stage simulation time: 48.16182561077736
2022-04-29 11:20:28,724 - FL-type - INFO - --------------------- report stage ---------------------
2022-04-29 11:20:28,724 - FL-type - INFO - 80 of 100 clients upload successfully
2022-04-29 11:20:28,724 - FL-type - INFO - round succeed, updating global model...
2022-04-29 11:20:28,724 - FL-type - INFO - Aggragate with SucFedAvg
2022-04-29 11:20:28,742 - FL-type - INFO - ===================== Round 19 of 6000 =====================
2022-04-29 11:20:28,742 - FL-type - INFO - --------------------- selection stage ---------------------
2022-04-29 11:20:28,742 - FL-type - INFO - current time: 1258.9299139201078	time window: 20.0	
2022-04-29 11:20:28,743 - FL-type - INFO - 827 of 827 clients online
2022-04-29 11:20:28,746 - FL-type - INFO - selected num: 100
2022-04-29 11:20:28,746 - FL-type - INFO - --------------------- configuration stage ---------------------
2022-04-29 11:20:28,746 - FL-type - INFO - this round deadline 1000
2022-04-29 11:21:04,443 - FL-type - INFO - average acc: 0.9995833333333334, average loss: 0.027281457025674173
2022-04-29 11:21:04,444 - FL-type - INFO - configuration and update stage simulation time: 47.862059114853096
2022-04-29 11:21:04,445 - FL-type - INFO - --------------------- report stage ---------------------
2022-04-29 11:21:04,445 - FL-type - INFO - 80 of 100 clients upload successfully
2022-04-29 11:21:04,445 - FL-type - INFO - round succeed, updating global model...
2022-04-29 11:21:04,446 - FL-type - INFO - Aggragate with SucFedAvg
2022-04-29 11:21:04,461 - FL-type - INFO - ===================== Round 20 of 6000 =====================
2022-04-29 11:21:04,461 - FL-type - INFO - --------------------- selection stage ---------------------
2022-04-29 11:21:04,461 - FL-type - INFO - current time: 1326.7919730349608	time window: 20.0	
2022-04-29 11:21:04,462 - FL-type - INFO - 827 of 827 clients online
2022-04-29 11:21:04,464 - FL-type - INFO - selected num: 100
2022-04-29 11:21:04,464 - FL-type - INFO - --------------------- configuration stage ---------------------
2022-04-29 11:21:04,465 - FL-type - INFO - this round deadline 1000
2022-04-29 11:21:39,808 - FL-type - INFO - average acc: 1.0, average loss: 0.02546711136055819
2022-04-29 11:21:39,809 - FL-type - INFO - configuration and update stage simulation time: 47.862059114853096
2022-04-29 11:21:39,811 - FL-type - INFO - --------------------- report stage ---------------------
2022-04-29 11:21:39,811 - FL-type - INFO - 80 of 100 clients upload successfully
2022-04-29 11:21:39,811 - FL-type - INFO - round succeed, updating global model...
2022-04-29 11:21:39,811 - FL-type - INFO - Aggragate with SucFedAvg
2022-04-29 11:21:39,830 - FL-type - INFO - --------------------- test result ---------------------
2022-04-29 11:21:44,698 - FL-type - INFO - test_accuracy: 0.7155578837087481, 10th percentile: 0.5, 50th percentile: 0.7171428571428571, 90th percentile 0.8744565217391305
2022-04-29 11:21:44,699 - FL-type - INFO - test_loss: 0.5712864218019202, 10th percentile: 0.3445767372846603, 50th percentile: 0.5845312178134918, 90th percentile 0.8324218690395356
2022-04-29 11:21:44,699 - FL-type - INFO - ===================== Round 21 of 6000 =====================
2022-04-29 11:21:44,699 - FL-type - INFO - --------------------- selection stage ---------------------
2022-04-29 11:21:44,699 - FL-type - INFO - current time: 1394.654032149814	time window: 20.0	
2022-04-29 11:21:44,700 - FL-type - INFO - 827 of 827 clients online
2022-04-29 11:21:44,703 - FL-type - INFO - selected num: 100
2022-04-29 11:21:44,703 - FL-type - INFO - --------------------- configuration stage ---------------------
2022-04-29 11:21:44,704 - FL-type - INFO - this round deadline 1000
2022-04-29 11:22:20,243 - FL-type - INFO - average acc: 0.9972321428571428, average loss: 0.028529766580322757
2022-04-29 11:22:20,243 - FL-type - INFO - configuration and update stage simulation time: 48.16182561077736
2022-04-29 11:22:20,245 - FL-type - INFO - --------------------- report stage ---------------------
2022-04-29 11:22:20,245 - FL-type - INFO - 80 of 100 clients upload successfully
2022-04-29 11:22:20,245 - FL-type - INFO - round succeed, updating global model...
2022-04-29 11:22:20,245 - FL-type - INFO - Aggragate with SucFedAvg
2022-04-29 11:22:20,264 - FL-type - INFO - ===================== Round 22 of 6000 =====================
2022-04-29 11:22:20,265 - FL-type - INFO - --------------------- selection stage ---------------------
2022-04-29 11:22:20,265 - FL-type - INFO - current time: 1462.8158577605914	time window: 20.0	
2022-04-29 11:22:20,266 - FL-type - INFO - 827 of 827 clients online
2022-04-29 11:22:20,268 - FL-type - INFO - selected num: 100
2022-04-29 11:22:20,268 - FL-type - INFO - --------------------- configuration stage ---------------------
2022-04-29 11:22:20,269 - FL-type - INFO - this round deadline 1000
