2022-04-29 11:09:27,816 - FL-type - INFO - logger init finished ---- log file: ../models/configs/celeba/celeba_fedprox_mu_0_1_1T_seed1.cfg.log
2022-04-29 11:09:28,614 - FL-type - INFO - read config from ../models/configs/celeba/celeba_fedprox_mu_0_1_1T_seed1.cfg
2022-04-29 11:09:28,614 - FL-type - INFO - no behavior heterogeneity! assume client is availiable at any time.
2022-04-29 11:09:28,615 - FL-type - INFO - ================= Config =================
2022-04-29 11:09:28,615 - FL-type - INFO - 	config_name = ../models/configs/celeba/celeba_fedprox_mu_0_1_1T_seed1.cfg
2022-04-29 11:09:28,615 - FL-type - INFO - 	dataset = celeba
2022-04-29 11:09:28,615 - FL-type - INFO - 	model = cnn
2022-04-29 11:09:28,615 - FL-type - INFO - 	num_rounds = 6000
2022-04-29 11:09:28,615 - FL-type - INFO - 	lr = 0.001
2022-04-29 11:09:28,615 - FL-type - INFO - 	eval_every = 5
2022-04-29 11:09:28,615 - FL-type - INFO - 	clients_per_round = 100
2022-04-29 11:09:28,616 - FL-type - INFO - 	min_selected = 1
2022-04-29 11:09:28,616 - FL-type - INFO - 	max_sample = 2147483647
2022-04-29 11:09:28,616 - FL-type - INFO - 	batch_size = 10
2022-04-29 11:09:28,616 - FL-type - INFO - 	seed = 1
2022-04-29 11:09:28,616 - FL-type - INFO - 	num_epochs = 5
2022-04-29 11:09:28,616 - FL-type - INFO - 	minibatch = None
2022-04-29 11:09:28,616 - FL-type - INFO - 	round_ddl = [1000, 0]
2022-04-29 11:09:28,616 - FL-type - INFO - 	update_frac = 0.01
2022-04-29 11:09:28,616 - FL-type - INFO - 	max_client_num = 9223372036854775807
2022-04-29 11:09:28,617 - FL-type - INFO - 	aggregate_algorithm = SucFedAvg
2022-04-29 11:09:28,617 - FL-type - INFO - 	time_window = [20.0, 0.0]
2022-04-29 11:09:28,617 - FL-type - INFO - 	user_trace = False
2022-04-29 11:09:28,617 - FL-type - INFO - 	behav_hete = False
2022-04-29 11:09:28,617 - FL-type - INFO - 	hard_hete = True
2022-04-29 11:09:28,617 - FL-type - INFO - 	no_training = False
2022-04-29 11:09:28,617 - FL-type - INFO - 	real_world = False
2022-04-29 11:09:28,617 - FL-type - INFO - 	compress_algo = None
2022-04-29 11:09:28,617 - FL-type - INFO - 	fedprox = True
2022-04-29 11:09:28,618 - FL-type - INFO - 	fedprox_mu = 0.1
2022-04-29 11:09:28,618 - FL-type - INFO - 	structure_k = None
2022-04-29 11:09:28,618 - FL-type - INFO - 	qffl = False
2022-04-29 11:09:28,618 - FL-type - INFO - 	qffl_q = 0
2022-04-29 11:09:28,618 - FL-type - INFO - 	fedbalancer = False
2022-04-29 11:09:28,618 - FL-type - INFO - 	fb_w = 1
2022-04-29 11:09:28,618 - FL-type - INFO - 	fb_p = 0.0
2022-04-29 11:09:28,618 - FL-type - INFO - 	fb_inference_pipelining = False
2022-04-29 11:09:28,618 - FL-type - INFO - 	noise_factor = 0.0
2022-04-29 11:09:28,619 - FL-type - INFO - 	fb_simple_control_lt = False
2022-04-29 11:09:28,619 - FL-type - INFO - 	fb_simple_control_ddl = False
2022-04-29 11:09:28,619 - FL-type - INFO - 	fb_simple_control_lt_stepsize = 0
2022-04-29 11:09:28,619 - FL-type - INFO - 	fb_simple_control_ddl_stepsize = 0
2022-04-29 11:09:28,619 - FL-type - INFO - 	fb_client_selection = False
2022-04-29 11:09:28,619 - FL-type - INFO - 	oort_pacer = False
2022-04-29 11:09:28,619 - FL-type - INFO - 	oort_pacer_delta = 10
2022-04-29 11:09:28,619 - FL-type - INFO - 	oort_blacklist = False
2022-04-29 11:09:28,619 - FL-type - INFO - 	oort_blacklist_rounds = 10
2022-04-29 11:09:28,619 - FL-type - INFO - 	realoort = False
2022-04-29 11:09:28,620 - FL-type - INFO - 	realoortbalancer = False
2022-04-29 11:09:28,620 - FL-type - INFO - 	ddl_baseline_smartpc = False
2022-04-29 11:09:28,620 - FL-type - INFO - 	ddl_baseline_smartpc_percentage = 0.0
2022-04-29 11:09:28,620 - FL-type - INFO - 	ddl_baseline_fixed = True
2022-04-29 11:09:28,620 - FL-type - INFO - 	ddl_baseline_fixed_value_multiplied_at_mean = 1.0
2022-04-29 11:09:28,620 - FL-type - INFO - 	global_final_time = 30000
2022-04-29 11:09:28,620 - FL-type - INFO - 	global_final_test_accuracy = 0.0
2022-04-29 11:09:28,620 - FL-type - INFO - 	output_path = ../models/configs/celeba/
2022-04-29 11:09:28,621 - FL-type - INFO - ================= ====== =================
2022-04-29 11:09:28,621 - FL-type - INFO - ############################## celeba.cnn ##############################
2022-04-29 11:09:38,741 - FL-type - INFO - model size: 124808
2022-04-29 11:09:38,742 - FL-type - INFO - ======================Setup Clients==========================
2022-04-29 11:09:38,756 - FL-type - INFO - Train Clients in Total: 827
2022-04-29 11:09:38,757 - FL-type - INFO - Test Clients in Total: 92
2022-04-29 11:09:38,768 - FL-type - INFO - set up 10 clients
2022-04-29 11:09:38,772 - FL-type - INFO - set up 20 clients
2022-04-29 11:09:38,776 - FL-type - INFO - set up 30 clients
2022-04-29 11:09:38,780 - FL-type - INFO - set up 40 clients
2022-04-29 11:09:38,785 - FL-type - INFO - set up 50 clients
2022-04-29 11:09:38,790 - FL-type - INFO - set up 60 clients
2022-04-29 11:09:38,793 - FL-type - INFO - set up 70 clients
2022-04-29 11:09:38,797 - FL-type - INFO - set up 80 clients
2022-04-29 11:09:38,801 - FL-type - INFO - set up 90 clients
2022-04-29 11:09:38,804 - FL-type - INFO - set up 100 clients
2022-04-29 11:09:38,808 - FL-type - INFO - set up 110 clients
2022-04-29 11:09:38,811 - FL-type - INFO - set up 120 clients
2022-04-29 11:09:38,815 - FL-type - INFO - set up 130 clients
2022-04-29 11:09:38,818 - FL-type - INFO - set up 140 clients
2022-04-29 11:09:38,821 - FL-type - INFO - set up 150 clients
2022-04-29 11:09:38,825 - FL-type - INFO - set up 160 clients
2022-04-29 11:09:38,829 - FL-type - INFO - set up 170 clients
2022-04-29 11:09:38,832 - FL-type - INFO - set up 180 clients
2022-04-29 11:09:38,836 - FL-type - INFO - set up 190 clients
2022-04-29 11:09:38,839 - FL-type - INFO - set up 200 clients
2022-04-29 11:09:38,843 - FL-type - INFO - set up 210 clients
2022-04-29 11:09:38,846 - FL-type - INFO - set up 220 clients
2022-04-29 11:09:38,852 - FL-type - INFO - set up 230 clients
2022-04-29 11:09:38,856 - FL-type - INFO - set up 240 clients
2022-04-29 11:09:38,860 - FL-type - INFO - set up 250 clients
2022-04-29 11:09:38,863 - FL-type - INFO - set up 260 clients
2022-04-29 11:09:38,867 - FL-type - INFO - set up 270 clients
2022-04-29 11:09:38,871 - FL-type - INFO - set up 280 clients
2022-04-29 11:09:38,874 - FL-type - INFO - set up 290 clients
2022-04-29 11:09:38,877 - FL-type - INFO - set up 300 clients
2022-04-29 11:09:38,880 - FL-type - INFO - set up 310 clients
2022-04-29 11:09:38,883 - FL-type - INFO - set up 320 clients
2022-04-29 11:09:38,885 - FL-type - INFO - set up 330 clients
2022-04-29 11:09:38,889 - FL-type - INFO - set up 340 clients
2022-04-29 11:09:38,892 - FL-type - INFO - set up 350 clients
2022-04-29 11:09:38,895 - FL-type - INFO - set up 360 clients
2022-04-29 11:09:38,898 - FL-type - INFO - set up 370 clients
2022-04-29 11:09:38,901 - FL-type - INFO - set up 380 clients
2022-04-29 11:09:38,903 - FL-type - INFO - set up 390 clients
2022-04-29 11:09:38,906 - FL-type - INFO - set up 400 clients
2022-04-29 11:09:38,909 - FL-type - INFO - set up 410 clients
2022-04-29 11:09:38,913 - FL-type - INFO - set up 420 clients
2022-04-29 11:09:38,916 - FL-type - INFO - set up 430 clients
2022-04-29 11:09:38,919 - FL-type - INFO - set up 440 clients
2022-04-29 11:09:38,922 - FL-type - INFO - set up 450 clients
2022-04-29 11:09:38,925 - FL-type - INFO - set up 460 clients
2022-04-29 11:09:38,928 - FL-type - INFO - set up 470 clients
2022-04-29 11:09:38,931 - FL-type - INFO - set up 480 clients
2022-04-29 11:09:38,934 - FL-type - INFO - set up 490 clients
2022-04-29 11:09:38,937 - FL-type - INFO - set up 500 clients
2022-04-29 11:09:38,940 - FL-type - INFO - set up 510 clients
2022-04-29 11:09:38,942 - FL-type - INFO - set up 520 clients
2022-04-29 11:09:38,945 - FL-type - INFO - set up 530 clients
2022-04-29 11:09:38,948 - FL-type - INFO - set up 540 clients
2022-04-29 11:09:38,951 - FL-type - INFO - set up 550 clients
2022-04-29 11:09:38,954 - FL-type - INFO - set up 560 clients
2022-04-29 11:09:38,957 - FL-type - INFO - set up 570 clients
2022-04-29 11:09:38,960 - FL-type - INFO - set up 580 clients
2022-04-29 11:09:38,963 - FL-type - INFO - set up 590 clients
2022-04-29 11:09:38,965 - FL-type - INFO - set up 600 clients
2022-04-29 11:09:38,968 - FL-type - INFO - set up 610 clients
2022-04-29 11:09:38,971 - FL-type - INFO - set up 620 clients
2022-04-29 11:09:38,974 - FL-type - INFO - set up 630 clients
2022-04-29 11:09:38,977 - FL-type - INFO - set up 640 clients
2022-04-29 11:09:38,980 - FL-type - INFO - set up 650 clients
2022-04-29 11:09:38,983 - FL-type - INFO - set up 660 clients
2022-04-29 11:09:38,986 - FL-type - INFO - set up 670 clients
2022-04-29 11:09:38,988 - FL-type - INFO - set up 680 clients
2022-04-29 11:09:38,991 - FL-type - INFO - set up 690 clients
2022-04-29 11:09:38,994 - FL-type - INFO - set up 700 clients
2022-04-29 11:09:38,997 - FL-type - INFO - set up 710 clients
2022-04-29 11:09:39,000 - FL-type - INFO - set up 720 clients
2022-04-29 11:09:39,003 - FL-type - INFO - set up 730 clients
2022-04-29 11:09:39,006 - FL-type - INFO - set up 740 clients
2022-04-29 11:09:39,009 - FL-type - INFO - set up 750 clients
2022-04-29 11:09:39,011 - FL-type - INFO - set up 760 clients
2022-04-29 11:09:39,014 - FL-type - INFO - set up 770 clients
2022-04-29 11:09:39,017 - FL-type - INFO - set up 780 clients
2022-04-29 11:09:39,020 - FL-type - INFO - set up 790 clients
2022-04-29 11:09:39,023 - FL-type - INFO - set up 800 clients
2022-04-29 11:09:39,026 - FL-type - INFO - set up 810 clients
2022-04-29 11:09:39,029 - FL-type - INFO - set up 820 clients
2022-04-29 11:09:39,131 - FL-type - INFO - Timer cached in cached_timers.json
2022-04-29 11:09:39,132 - FL-type - INFO - device setup result: defaultdict(<class 'int'>, {'Google Nexus S': 413, 'Xiaomi Redmi Note 7 Pro': 410, 'Google Pixel 4': 4})
2022-04-29 11:09:39,177 - FL-type - INFO - ===================== Random Initialization =====================
2022-04-29 11:09:39,177 - FL-type - INFO - ===================== Round 1 of 6000 =====================
2022-04-29 11:09:39,177 - FL-type - INFO - --------------------- selection stage ---------------------
2022-04-29 11:09:39,177 - FL-type - INFO - current time: 0	time window: 20.0	
2022-04-29 11:09:39,178 - FL-type - INFO - 827 of 827 clients online
2022-04-29 11:09:39,180 - FL-type - INFO - selected num: 100
2022-04-29 11:09:39,180 - FL-type - INFO - --------------------- configuration stage ---------------------
2022-04-29 11:09:39,180 - FL-type - INFO - this round deadline 41
2022-04-29 11:10:10,907 - FL-type - INFO - average acc: 0.955988183135591, average loss: 0.1665551991105167
2022-04-29 11:10:10,908 - FL-type - INFO - configuration and update stage simulation time: 39.76941682096556
2022-04-29 11:10:10,908 - FL-type - INFO - --------------------- report stage ---------------------
2022-04-29 11:10:10,909 - FL-type - INFO - 100 of 100 clients upload successfully
2022-04-29 11:10:10,909 - FL-type - INFO - round succeed, updating global model...
2022-04-29 11:10:10,909 - FL-type - INFO - Aggragate with SucFedAvg
2022-04-29 11:10:10,934 - FL-type - INFO - ===================== Round 2 of 6000 =====================
2022-04-29 11:10:10,934 - FL-type - INFO - --------------------- selection stage ---------------------
2022-04-29 11:10:10,934 - FL-type - INFO - current time: 59.76941682096556	time window: 20.0	
2022-04-29 11:10:10,936 - FL-type - INFO - 827 of 827 clients online
2022-04-29 11:10:10,938 - FL-type - INFO - selected num: 100
2022-04-29 11:10:10,938 - FL-type - INFO - --------------------- configuration stage ---------------------
2022-04-29 11:10:10,939 - FL-type - INFO - this round deadline 41
2022-04-29 11:10:40,618 - FL-type - INFO - average acc: 0.9439415412174035, average loss: 0.1817140477619978
2022-04-29 11:10:40,619 - FL-type - INFO - configuration and update stage simulation time: 39.640662443510614
2022-04-29 11:10:40,620 - FL-type - INFO - --------------------- report stage ---------------------
2022-04-29 11:10:40,620 - FL-type - INFO - 100 of 100 clients upload successfully
2022-04-29 11:10:40,620 - FL-type - INFO - round succeed, updating global model...
2022-04-29 11:10:40,620 - FL-type - INFO - Aggragate with SucFedAvg
2022-04-29 11:10:40,641 - FL-type - INFO - ===================== Round 3 of 6000 =====================
2022-04-29 11:10:40,641 - FL-type - INFO - --------------------- selection stage ---------------------
2022-04-29 11:10:40,642 - FL-type - INFO - current time: 119.41007926447617	time window: 20.0	
2022-04-29 11:10:40,643 - FL-type - INFO - 827 of 827 clients online
2022-04-29 11:10:40,646 - FL-type - INFO - selected num: 100
2022-04-29 11:10:40,646 - FL-type - INFO - --------------------- configuration stage ---------------------
2022-04-29 11:10:40,646 - FL-type - INFO - this round deadline 41
2022-04-29 11:11:07,180 - FL-type - INFO - average acc: 0.9474124783207242, average loss: 0.1697375686243322
2022-04-29 11:11:07,180 - FL-type - INFO - configuration and update stage simulation time: 39.86105580630962
2022-04-29 11:11:07,181 - FL-type - INFO - --------------------- report stage ---------------------
2022-04-29 11:11:07,181 - FL-type - INFO - 100 of 100 clients upload successfully
2022-04-29 11:11:07,181 - FL-type - INFO - round succeed, updating global model...
2022-04-29 11:11:07,181 - FL-type - INFO - Aggragate with SucFedAvg
2022-04-29 11:11:07,200 - FL-type - INFO - ===================== Round 4 of 6000 =====================
2022-04-29 11:11:07,200 - FL-type - INFO - --------------------- selection stage ---------------------
2022-04-29 11:11:07,200 - FL-type - INFO - current time: 179.2711350707858	time window: 20.0	
2022-04-29 11:11:07,201 - FL-type - INFO - 827 of 827 clients online
2022-04-29 11:11:07,203 - FL-type - INFO - selected num: 100
2022-04-29 11:11:07,203 - FL-type - INFO - --------------------- configuration stage ---------------------
2022-04-29 11:11:07,203 - FL-type - INFO - this round deadline 41
2022-04-29 11:11:35,975 - FL-type - INFO - average acc: 0.9585236469067056, average loss: 0.12950859864853556
2022-04-29 11:11:35,976 - FL-type - INFO - configuration and update stage simulation time: 39.615174168506734
2022-04-29 11:11:35,976 - FL-type - INFO - --------------------- report stage ---------------------
2022-04-29 11:11:35,976 - FL-type - INFO - 100 of 100 clients upload successfully
2022-04-29 11:11:35,976 - FL-type - INFO - round succeed, updating global model...
2022-04-29 11:11:35,976 - FL-type - INFO - Aggragate with SucFedAvg
2022-04-29 11:11:35,995 - FL-type - INFO - ===================== Round 5 of 6000 =====================
2022-04-29 11:11:35,995 - FL-type - INFO - --------------------- selection stage ---------------------
2022-04-29 11:11:35,995 - FL-type - INFO - current time: 238.88630923929253	time window: 20.0	
2022-04-29 11:11:35,996 - FL-type - INFO - 827 of 827 clients online
2022-04-29 11:11:35,999 - FL-type - INFO - selected num: 100
2022-04-29 11:11:35,999 - FL-type - INFO - --------------------- configuration stage ---------------------
2022-04-29 11:11:35,999 - FL-type - INFO - this round deadline 41
2022-04-29 11:12:05,067 - FL-type - INFO - average acc: 0.9669654363294541, average loss: 0.13293278539611492
2022-04-29 11:12:05,068 - FL-type - INFO - configuration and update stage simulation time: 40.99100994277688
2022-04-29 11:12:05,068 - FL-type - INFO - --------------------- report stage ---------------------
2022-04-29 11:12:05,068 - FL-type - INFO - 100 of 100 clients upload successfully
2022-04-29 11:12:05,068 - FL-type - INFO - round succeed, updating global model...
2022-04-29 11:12:05,068 - FL-type - INFO - Aggragate with SucFedAvg
2022-04-29 11:12:05,091 - FL-type - INFO - --------------------- test result ---------------------
2022-04-29 11:12:09,674 - FL-type - INFO - test_accuracy: 0.5961236249345206, 10th percentile: 0.40090909090909094, 50th percentile: 0.5833333333333334, 90th percentile 0.7687782805429865
2022-04-29 11:12:09,674 - FL-type - INFO - test_loss: 0.704164369263032, 10th percentile: 0.5288162887096405, 50th percentile: 0.6898172795772552, 90th percentile 0.963801795244217
2022-04-29 11:12:09,675 - FL-type - INFO - ===================== Round 6 of 6000 =====================
2022-04-29 11:12:09,675 - FL-type - INFO - --------------------- selection stage ---------------------
2022-04-29 11:12:09,675 - FL-type - INFO - current time: 299.8773191820694	time window: 20.0	
2022-04-29 11:12:09,676 - FL-type - INFO - 827 of 827 clients online
2022-04-29 11:12:09,678 - FL-type - INFO - selected num: 100
2022-04-29 11:12:09,678 - FL-type - INFO - --------------------- configuration stage ---------------------
2022-04-29 11:12:09,678 - FL-type - INFO - this round deadline 41
2022-04-29 11:12:38,798 - FL-type - INFO - average acc: 0.9732291722104318, average loss: 0.10426524528709706
2022-04-29 11:12:38,799 - FL-type - INFO - configuration and update stage simulation time: 39.985677383091854
2022-04-29 11:12:38,799 - FL-type - INFO - --------------------- report stage ---------------------
2022-04-29 11:12:38,799 - FL-type - INFO - 100 of 100 clients upload successfully
2022-04-29 11:12:38,800 - FL-type - INFO - round succeed, updating global model...
2022-04-29 11:12:38,800 - FL-type - INFO - Aggragate with SucFedAvg
2022-04-29 11:12:38,820 - FL-type - INFO - ===================== Round 7 of 6000 =====================
2022-04-29 11:12:38,820 - FL-type - INFO - --------------------- selection stage ---------------------
2022-04-29 11:12:38,820 - FL-type - INFO - current time: 359.86299656516127	time window: 20.0	
2022-04-29 11:12:38,821 - FL-type - INFO - 827 of 827 clients online
2022-04-29 11:12:38,824 - FL-type - INFO - selected num: 100
2022-04-29 11:12:38,825 - FL-type - INFO - --------------------- configuration stage ---------------------
2022-04-29 11:12:38,825 - FL-type - INFO - this round deadline 41
2022-04-29 11:13:06,986 - FL-type - INFO - average acc: 0.9586420845455602, average loss: 0.13276196841325144
2022-04-29 11:13:06,987 - FL-type - INFO - configuration and update stage simulation time: 39.76941682096556
2022-04-29 11:13:06,987 - FL-type - INFO - --------------------- report stage ---------------------
2022-04-29 11:13:06,987 - FL-type - INFO - 100 of 100 clients upload successfully
2022-04-29 11:13:06,987 - FL-type - INFO - round succeed, updating global model...
2022-04-29 11:13:06,988 - FL-type - INFO - Aggragate with SucFedAvg
2022-04-29 11:13:07,005 - FL-type - INFO - ===================== Round 8 of 6000 =====================
2022-04-29 11:13:07,006 - FL-type - INFO - --------------------- selection stage ---------------------
2022-04-29 11:13:07,006 - FL-type - INFO - current time: 419.6324133861268	time window: 20.0	
2022-04-29 11:13:07,007 - FL-type - INFO - 827 of 827 clients online
2022-04-29 11:13:07,010 - FL-type - INFO - selected num: 100
2022-04-29 11:13:07,010 - FL-type - INFO - --------------------- configuration stage ---------------------
2022-04-29 11:13:07,010 - FL-type - INFO - this round deadline 41
2022-04-29 11:13:35,125 - FL-type - INFO - average acc: 0.9791563658563658, average loss: 0.07992751419718842
2022-04-29 11:13:35,125 - FL-type - INFO - configuration and update stage simulation time: 40.99100994277688
2022-04-29 11:13:35,126 - FL-type - INFO - --------------------- report stage ---------------------
2022-04-29 11:13:35,126 - FL-type - INFO - 100 of 100 clients upload successfully
2022-04-29 11:13:35,126 - FL-type - INFO - round succeed, updating global model...
2022-04-29 11:13:35,126 - FL-type - INFO - Aggragate with SucFedAvg
2022-04-29 11:13:35,146 - FL-type - INFO - ===================== Round 9 of 6000 =====================
2022-04-29 11:13:35,146 - FL-type - INFO - --------------------- selection stage ---------------------
2022-04-29 11:13:35,146 - FL-type - INFO - current time: 480.6234233289037	time window: 20.0	
2022-04-29 11:13:35,148 - FL-type - INFO - 827 of 827 clients online
2022-04-29 11:13:35,150 - FL-type - INFO - selected num: 100
2022-04-29 11:13:35,150 - FL-type - INFO - --------------------- configuration stage ---------------------
2022-04-29 11:13:35,151 - FL-type - INFO - this round deadline 41
2022-04-29 11:14:05,301 - FL-type - INFO - average acc: 0.9774833607006022, average loss: 0.08090472950192634
2022-04-29 11:14:05,302 - FL-type - INFO - configuration and update stage simulation time: 39.614123995599186
2022-04-29 11:14:05,302 - FL-type - INFO - --------------------- report stage ---------------------
2022-04-29 11:14:05,302 - FL-type - INFO - 100 of 100 clients upload successfully
2022-04-29 11:14:05,302 - FL-type - INFO - round succeed, updating global model...
2022-04-29 11:14:05,302 - FL-type - INFO - Aggragate with SucFedAvg
2022-04-29 11:14:05,319 - FL-type - INFO - ===================== Round 10 of 6000 =====================
2022-04-29 11:14:05,320 - FL-type - INFO - --------------------- selection stage ---------------------
2022-04-29 11:14:05,320 - FL-type - INFO - current time: 540.2375473245029	time window: 20.0	
2022-04-29 11:14:05,320 - FL-type - INFO - 827 of 827 clients online
2022-04-29 11:14:05,322 - FL-type - INFO - selected num: 100
2022-04-29 11:14:05,323 - FL-type - INFO - --------------------- configuration stage ---------------------
2022-04-29 11:14:05,323 - FL-type - INFO - this round deadline 41
2022-04-29 11:14:35,408 - FL-type - INFO - average acc: 0.9673147342995169, average loss: 0.10639955697581172
2022-04-29 11:14:35,408 - FL-type - INFO - configuration and update stage simulation time: 39.86105580630962
2022-04-29 11:14:35,409 - FL-type - INFO - --------------------- report stage ---------------------
2022-04-29 11:14:35,409 - FL-type - INFO - 100 of 100 clients upload successfully
2022-04-29 11:14:35,409 - FL-type - INFO - round succeed, updating global model...
2022-04-29 11:14:35,409 - FL-type - INFO - Aggragate with SucFedAvg
2022-04-29 11:14:35,431 - FL-type - INFO - --------------------- test result ---------------------
2022-04-29 11:14:39,891 - FL-type - INFO - test_accuracy: 0.6160293347302253, 10th percentile: 0.40444444444444444, 50th percentile: 0.6, 90th percentile 0.8547619047619048
2022-04-29 11:14:39,892 - FL-type - INFO - test_loss: 0.6817783603045627, 10th percentile: 0.4166291832923889, 50th percentile: 0.6837038695812225, 90th percentile 0.9604526042938233
2022-04-29 11:14:39,893 - FL-type - INFO - ===================== Round 11 of 6000 =====================
2022-04-29 11:14:39,893 - FL-type - INFO - --------------------- selection stage ---------------------
2022-04-29 11:14:39,893 - FL-type - INFO - current time: 600.0986031308125	time window: 20.0	
2022-04-29 11:14:39,894 - FL-type - INFO - 827 of 827 clients online
2022-04-29 11:14:39,896 - FL-type - INFO - selected num: 100
2022-04-29 11:14:39,897 - FL-type - INFO - --------------------- configuration stage ---------------------
2022-04-29 11:14:39,897 - FL-type - INFO - this round deadline 41
2022-04-29 11:15:07,387 - FL-type - INFO - average acc: 0.9650669091860996, average loss: 0.10828872740647057
2022-04-29 11:15:07,388 - FL-type - INFO - configuration and update stage simulation time: 39.91827840162196
2022-04-29 11:15:07,388 - FL-type - INFO - --------------------- report stage ---------------------
2022-04-29 11:15:07,388 - FL-type - INFO - 100 of 100 clients upload successfully
2022-04-29 11:15:07,388 - FL-type - INFO - round succeed, updating global model...
2022-04-29 11:15:07,388 - FL-type - INFO - Aggragate with SucFedAvg
2022-04-29 11:15:07,410 - FL-type - INFO - ===================== Round 12 of 6000 =====================
2022-04-29 11:15:07,410 - FL-type - INFO - --------------------- selection stage ---------------------
2022-04-29 11:15:07,410 - FL-type - INFO - current time: 660.0168815324345	time window: 20.0	
2022-04-29 11:15:07,412 - FL-type - INFO - 827 of 827 clients online
2022-04-29 11:15:07,414 - FL-type - INFO - selected num: 100
2022-04-29 11:15:07,414 - FL-type - INFO - --------------------- configuration stage ---------------------
2022-04-29 11:15:07,414 - FL-type - INFO - this round deadline 41
2022-04-29 11:15:37,113 - FL-type - INFO - average acc: 0.9656327213016869, average loss: 0.12233801082358696
2022-04-29 11:15:37,114 - FL-type - INFO - configuration and update stage simulation time: 39.69913675190688
2022-04-29 11:15:37,115 - FL-type - INFO - --------------------- report stage ---------------------
2022-04-29 11:15:37,115 - FL-type - INFO - 100 of 100 clients upload successfully
2022-04-29 11:15:37,116 - FL-type - INFO - round succeed, updating global model...
2022-04-29 11:15:37,116 - FL-type - INFO - Aggragate with SucFedAvg
2022-04-29 11:15:37,137 - FL-type - INFO - ===================== Round 13 of 6000 =====================
2022-04-29 11:15:37,137 - FL-type - INFO - --------------------- selection stage ---------------------
2022-04-29 11:15:37,138 - FL-type - INFO - current time: 719.7160182843413	time window: 20.0	
2022-04-29 11:15:37,139 - FL-type - INFO - 827 of 827 clients online
2022-04-29 11:15:37,141 - FL-type - INFO - selected num: 100
2022-04-29 11:15:37,142 - FL-type - INFO - --------------------- configuration stage ---------------------
2022-04-29 11:15:37,142 - FL-type - INFO - this round deadline 41
2022-04-29 11:16:05,303 - FL-type - INFO - average acc: 0.9759048983999509, average loss: 0.09257306973420781
2022-04-29 11:16:05,303 - FL-type - INFO - configuration and update stage simulation time: 40.99330958281488
2022-04-29 11:16:05,304 - FL-type - INFO - --------------------- report stage ---------------------
2022-04-29 11:16:05,304 - FL-type - INFO - 100 of 100 clients upload successfully
2022-04-29 11:16:05,304 - FL-type - INFO - round succeed, updating global model...
2022-04-29 11:16:05,304 - FL-type - INFO - Aggragate with SucFedAvg
2022-04-29 11:16:05,321 - FL-type - INFO - ===================== Round 14 of 6000 =====================
2022-04-29 11:16:05,321 - FL-type - INFO - --------------------- selection stage ---------------------
2022-04-29 11:16:05,321 - FL-type - INFO - current time: 780.7093278671562	time window: 20.0	
2022-04-29 11:16:05,322 - FL-type - INFO - 827 of 827 clients online
2022-04-29 11:16:05,325 - FL-type - INFO - selected num: 100
2022-04-29 11:16:05,325 - FL-type - INFO - --------------------- configuration stage ---------------------
2022-04-29 11:16:05,325 - FL-type - INFO - this round deadline 41
2022-04-29 11:16:34,522 - FL-type - INFO - average acc: 0.9759267911933601, average loss: 0.0830975369992666
2022-04-29 11:16:34,523 - FL-type - INFO - configuration and update stage simulation time: 39.985677383091854
2022-04-29 11:16:34,523 - FL-type - INFO - --------------------- report stage ---------------------
2022-04-29 11:16:34,523 - FL-type - INFO - 100 of 100 clients upload successfully
2022-04-29 11:16:34,524 - FL-type - INFO - round succeed, updating global model...
2022-04-29 11:16:34,524 - FL-type - INFO - Aggragate with SucFedAvg
2022-04-29 11:16:34,548 - FL-type - INFO - ===================== Round 15 of 6000 =====================
2022-04-29 11:16:34,549 - FL-type - INFO - --------------------- selection stage ---------------------
2022-04-29 11:16:34,549 - FL-type - INFO - current time: 840.695005250248	time window: 20.0	
2022-04-29 11:16:34,550 - FL-type - INFO - 827 of 827 clients online
2022-04-29 11:16:34,552 - FL-type - INFO - selected num: 100
2022-04-29 11:16:34,552 - FL-type - INFO - --------------------- configuration stage ---------------------
2022-04-29 11:16:34,553 - FL-type - INFO - this round deadline 41
2022-04-29 11:17:03,055 - FL-type - INFO - average acc: 0.9766621137483205, average loss: 0.08771939579819446
2022-04-29 11:17:03,055 - FL-type - INFO - configuration and update stage simulation time: 40.99100994277688
2022-04-29 11:17:03,056 - FL-type - INFO - --------------------- report stage ---------------------
2022-04-29 11:17:03,056 - FL-type - INFO - 100 of 100 clients upload successfully
2022-04-29 11:17:03,056 - FL-type - INFO - round succeed, updating global model...
2022-04-29 11:17:03,056 - FL-type - INFO - Aggragate with SucFedAvg
2022-04-29 11:17:03,087 - FL-type - INFO - --------------------- test result ---------------------
2022-04-29 11:17:07,575 - FL-type - INFO - test_accuracy: 0.6972236773179675, 10th percentile: 0.5, 50th percentile: 0.6666666666666666, 90th percentile 0.861576354679803
2022-04-29 11:17:07,576 - FL-type - INFO - test_loss: 0.587114115561285, 10th percentile: 0.4010915994644165, 50th percentile: 0.5944263339042664, 90th percentile 0.8288489818572998
2022-04-29 11:17:07,577 - FL-type - INFO - ===================== Round 16 of 6000 =====================
2022-04-29 11:17:07,577 - FL-type - INFO - --------------------- selection stage ---------------------
2022-04-29 11:17:07,577 - FL-type - INFO - current time: 901.6860151930248	time window: 20.0	
2022-04-29 11:17:07,578 - FL-type - INFO - 827 of 827 clients online
2022-04-29 11:17:07,579 - FL-type - INFO - selected num: 100
2022-04-29 11:17:07,580 - FL-type - INFO - --------------------- configuration stage ---------------------
2022-04-29 11:17:07,580 - FL-type - INFO - this round deadline 41
2022-04-29 11:17:36,571 - FL-type - INFO - average acc: 0.9737286908493804, average loss: 0.09393906207289547
2022-04-29 11:17:36,571 - FL-type - INFO - configuration and update stage simulation time: 39.69913675190688
2022-04-29 11:17:36,572 - FL-type - INFO - --------------------- report stage ---------------------
2022-04-29 11:17:36,572 - FL-type - INFO - 100 of 100 clients upload successfully
2022-04-29 11:17:36,572 - FL-type - INFO - round succeed, updating global model...
2022-04-29 11:17:36,572 - FL-type - INFO - Aggragate with SucFedAvg
2022-04-29 11:17:36,592 - FL-type - INFO - ===================== Round 17 of 6000 =====================
2022-04-29 11:17:36,592 - FL-type - INFO - --------------------- selection stage ---------------------
2022-04-29 11:17:36,592 - FL-type - INFO - current time: 961.3851519449316	time window: 20.0	
2022-04-29 11:17:36,593 - FL-type - INFO - 827 of 827 clients online
2022-04-29 11:17:36,595 - FL-type - INFO - selected num: 100
2022-04-29 11:17:36,595 - FL-type - INFO - --------------------- configuration stage ---------------------
2022-04-29 11:17:36,596 - FL-type - INFO - this round deadline 41
2022-04-29 11:18:05,448 - FL-type - INFO - average acc: 0.9587868553097187, average loss: 0.12783890053164215
2022-04-29 11:18:05,448 - FL-type - INFO - configuration and update stage simulation time: 40.976878416150335
2022-04-29 11:18:05,449 - FL-type - INFO - --------------------- report stage ---------------------
2022-04-29 11:18:05,449 - FL-type - INFO - 100 of 100 clients upload successfully
2022-04-29 11:18:05,449 - FL-type - INFO - round succeed, updating global model...
2022-04-29 11:18:05,449 - FL-type - INFO - Aggragate with SucFedAvg
2022-04-29 11:18:05,471 - FL-type - INFO - ===================== Round 18 of 6000 =====================
2022-04-29 11:18:05,471 - FL-type - INFO - --------------------- selection stage ---------------------
2022-04-29 11:18:05,472 - FL-type - INFO - current time: 1022.362030361082	time window: 20.0	
2022-04-29 11:18:05,472 - FL-type - INFO - 827 of 827 clients online
2022-04-29 11:18:05,474 - FL-type - INFO - selected num: 100
2022-04-29 11:18:05,475 - FL-type - INFO - --------------------- configuration stage ---------------------
2022-04-29 11:18:05,475 - FL-type - INFO - this round deadline 41
2022-04-29 11:18:35,339 - FL-type - INFO - average acc: 0.9833378806538289, average loss: 0.07378641589195467
2022-04-29 11:18:35,339 - FL-type - INFO - configuration and update stage simulation time: 39.733060740768906
2022-04-29 11:18:35,339 - FL-type - INFO - --------------------- report stage ---------------------
2022-04-29 11:18:35,340 - FL-type - INFO - 100 of 100 clients upload successfully
2022-04-29 11:18:35,340 - FL-type - INFO - round succeed, updating global model...
2022-04-29 11:18:35,340 - FL-type - INFO - Aggragate with SucFedAvg
2022-04-29 11:18:35,357 - FL-type - INFO - ===================== Round 19 of 6000 =====================
2022-04-29 11:18:35,358 - FL-type - INFO - --------------------- selection stage ---------------------
2022-04-29 11:18:35,358 - FL-type - INFO - current time: 1082.0950911018508	time window: 20.0	
2022-04-29 11:18:35,358 - FL-type - INFO - 827 of 827 clients online
2022-04-29 11:18:35,360 - FL-type - INFO - selected num: 100
2022-04-29 11:18:35,360 - FL-type - INFO - --------------------- configuration stage ---------------------
2022-04-29 11:18:35,361 - FL-type - INFO - this round deadline 41
2022-04-29 11:19:03,553 - FL-type - INFO - average acc: 0.977971710897798, average loss: 0.07706401010975242
2022-04-29 11:19:03,554 - FL-type - INFO - configuration and update stage simulation time: 39.985677383091854
2022-04-29 11:19:03,555 - FL-type - INFO - --------------------- report stage ---------------------
2022-04-29 11:19:03,555 - FL-type - INFO - 100 of 100 clients upload successfully
2022-04-29 11:19:03,555 - FL-type - INFO - round succeed, updating global model...
2022-04-29 11:19:03,555 - FL-type - INFO - Aggragate with SucFedAvg
2022-04-29 11:19:03,575 - FL-type - INFO - ===================== Round 20 of 6000 =====================
2022-04-29 11:19:03,576 - FL-type - INFO - --------------------- selection stage ---------------------
2022-04-29 11:19:03,576 - FL-type - INFO - current time: 1142.0807684849426	time window: 20.0	
2022-04-29 11:19:03,577 - FL-type - INFO - 827 of 827 clients online
2022-04-29 11:19:03,579 - FL-type - INFO - selected num: 100
2022-04-29 11:19:03,579 - FL-type - INFO - --------------------- configuration stage ---------------------
2022-04-29 11:19:03,579 - FL-type - INFO - this round deadline 41
2022-04-29 11:19:32,027 - FL-type - INFO - average acc: 0.9788586024448093, average loss: 0.08676852143369615
2022-04-29 11:19:32,028 - FL-type - INFO - configuration and update stage simulation time: 39.985677383091854
2022-04-29 11:19:32,029 - FL-type - INFO - --------------------- report stage ---------------------
2022-04-29 11:19:32,029 - FL-type - INFO - 100 of 100 clients upload successfully
2022-04-29 11:19:32,029 - FL-type - INFO - round succeed, updating global model...
2022-04-29 11:19:32,029 - FL-type - INFO - Aggragate with SucFedAvg
2022-04-29 11:19:32,052 - FL-type - INFO - --------------------- test result ---------------------
2022-04-29 11:19:36,879 - FL-type - INFO - test_accuracy: 0.7239392352016762, 10th percentile: 0.5038461538461538, 50th percentile: 0.7171428571428571, 90th percentile 0.8692753623188406
2022-04-29 11:19:36,880 - FL-type - INFO - test_loss: 0.5496493924141804, 10th percentile: 0.36832511723041533, 50th percentile: 0.5500369071960449, 90th percentile 0.7857818305492401
2022-04-29 11:19:36,881 - FL-type - INFO - ===================== Round 21 of 6000 =====================
2022-04-29 11:19:36,881 - FL-type - INFO - --------------------- selection stage ---------------------
2022-04-29 11:19:36,881 - FL-type - INFO - current time: 1202.0664458680344	time window: 20.0	
2022-04-29 11:19:36,882 - FL-type - INFO - 827 of 827 clients online
2022-04-29 11:19:36,884 - FL-type - INFO - selected num: 100
2022-04-29 11:19:36,884 - FL-type - INFO - --------------------- configuration stage ---------------------
2022-04-29 11:19:36,885 - FL-type - INFO - this round deadline 41
2022-04-29 11:20:05,062 - FL-type - INFO - average acc: 0.9695491615664029, average loss: 0.08884298672957812
2022-04-29 11:20:05,063 - FL-type - INFO - configuration and update stage simulation time: 39.86105580630962
2022-04-29 11:20:05,063 - FL-type - INFO - --------------------- report stage ---------------------
2022-04-29 11:20:05,063 - FL-type - INFO - 100 of 100 clients upload successfully
2022-04-29 11:20:05,064 - FL-type - INFO - round succeed, updating global model...
2022-04-29 11:20:05,064 - FL-type - INFO - Aggragate with SucFedAvg
2022-04-29 11:20:05,085 - FL-type - INFO - ===================== Round 22 of 6000 =====================
2022-04-29 11:20:05,086 - FL-type - INFO - --------------------- selection stage ---------------------
2022-04-29 11:20:05,086 - FL-type - INFO - current time: 1261.927501674344	time window: 20.0	
2022-04-29 11:20:05,087 - FL-type - INFO - 827 of 827 clients online
2022-04-29 11:20:05,089 - FL-type - INFO - selected num: 100
2022-04-29 11:20:05,089 - FL-type - INFO - --------------------- configuration stage ---------------------
2022-04-29 11:20:05,090 - FL-type - INFO - this round deadline 41
2022-04-29 11:20:34,245 - FL-type - INFO - average acc: 0.9822842829921936, average loss: 0.0766885710589122
2022-04-29 11:20:34,245 - FL-type - INFO - configuration and update stage simulation time: 39.698290206643605
2022-04-29 11:20:34,246 - FL-type - INFO - --------------------- report stage ---------------------
2022-04-29 11:20:34,246 - FL-type - INFO - 100 of 100 clients upload successfully
2022-04-29 11:20:34,246 - FL-type - INFO - round succeed, updating global model...
2022-04-29 11:20:34,246 - FL-type - INFO - Aggragate with SucFedAvg
2022-04-29 11:20:34,265 - FL-type - INFO - ===================== Round 23 of 6000 =====================
2022-04-29 11:20:34,265 - FL-type - INFO - --------------------- selection stage ---------------------
2022-04-29 11:20:34,265 - FL-type - INFO - current time: 1321.6257918809877	time window: 20.0	
2022-04-29 11:20:34,266 - FL-type - INFO - 827 of 827 clients online
2022-04-29 11:20:34,268 - FL-type - INFO - selected num: 100
2022-04-29 11:20:34,268 - FL-type - INFO - --------------------- configuration stage ---------------------
2022-04-29 11:20:34,268 - FL-type - INFO - this round deadline 41
2022-04-29 11:21:03,626 - FL-type - INFO - average acc: 0.9694866538846696, average loss: 0.09807278270134702
2022-04-29 11:21:03,627 - FL-type - INFO - configuration and update stage simulation time: 39.698290206643605
2022-04-29 11:21:03,627 - FL-type - INFO - --------------------- report stage ---------------------
2022-04-29 11:21:03,628 - FL-type - INFO - 100 of 100 clients upload successfully
2022-04-29 11:21:03,628 - FL-type - INFO - round succeed, updating global model...
2022-04-29 11:21:03,628 - FL-type - INFO - Aggragate with SucFedAvg
2022-04-29 11:21:03,649 - FL-type - INFO - ===================== Round 24 of 6000 =====================
2022-04-29 11:21:03,650 - FL-type - INFO - --------------------- selection stage ---------------------
2022-04-29 11:21:03,650 - FL-type - INFO - current time: 1381.3240820876313	time window: 20.0	
2022-04-29 11:21:03,651 - FL-type - INFO - 827 of 827 clients online
2022-04-29 11:21:03,654 - FL-type - INFO - selected num: 100
2022-04-29 11:21:03,654 - FL-type - INFO - --------------------- configuration stage ---------------------
2022-04-29 11:21:03,654 - FL-type - INFO - this round deadline 41
2022-04-29 11:21:32,484 - FL-type - INFO - average acc: 0.9794543215405284, average loss: 0.07486795739881927
2022-04-29 11:21:32,485 - FL-type - INFO - configuration and update stage simulation time: 40.97196752280772
2022-04-29 11:21:32,486 - FL-type - INFO - --------------------- report stage ---------------------
2022-04-29 11:21:32,486 - FL-type - INFO - 100 of 100 clients upload successfully
2022-04-29 11:21:32,486 - FL-type - INFO - round succeed, updating global model...
2022-04-29 11:21:32,486 - FL-type - INFO - Aggragate with SucFedAvg
2022-04-29 11:21:32,510 - FL-type - INFO - ===================== Round 25 of 6000 =====================
2022-04-29 11:21:32,510 - FL-type - INFO - --------------------- selection stage ---------------------
2022-04-29 11:21:32,510 - FL-type - INFO - current time: 1442.296049610439	time window: 20.0	
2022-04-29 11:21:32,511 - FL-type - INFO - 827 of 827 clients online
2022-04-29 11:21:32,514 - FL-type - INFO - selected num: 100
2022-04-29 11:21:32,514 - FL-type - INFO - --------------------- configuration stage ---------------------
2022-04-29 11:21:32,514 - FL-type - INFO - this round deadline 41
2022-04-29 11:22:00,894 - FL-type - INFO - average acc: 0.9781813664596274, average loss: 0.09183923843200319
2022-04-29 11:22:00,895 - FL-type - INFO - configuration and update stage simulation time: 40.99100994277688
2022-04-29 11:22:00,895 - FL-type - INFO - --------------------- report stage ---------------------
2022-04-29 11:22:00,896 - FL-type - INFO - 100 of 100 clients upload successfully
2022-04-29 11:22:00,896 - FL-type - INFO - round succeed, updating global model...
2022-04-29 11:22:00,896 - FL-type - INFO - Aggragate with SucFedAvg
2022-04-29 11:22:00,919 - FL-type - INFO - --------------------- test result ---------------------
2022-04-29 11:22:05,568 - FL-type - INFO - test_accuracy: 0.7585123101100052, 10th percentile: 0.5038461538461538, 50th percentile: 0.75, 90th percentile 0.9331034482758621
2022-04-29 11:22:05,570 - FL-type - INFO - test_loss: 0.5102060772693239, 10th percentile: 0.30428368747234347, 50th percentile: 0.4944106638431549, 90th percentile 0.817690819501877
2022-04-29 11:22:05,570 - FL-type - INFO - ===================== Round 26 of 6000 =====================
2022-04-29 11:22:05,570 - FL-type - INFO - --------------------- selection stage ---------------------
2022-04-29 11:22:05,570 - FL-type - INFO - current time: 1503.2870595532158	time window: 20.0	
2022-04-29 11:22:05,571 - FL-type - INFO - 827 of 827 clients online
2022-04-29 11:22:05,574 - FL-type - INFO - selected num: 100
2022-04-29 11:22:05,574 - FL-type - INFO - --------------------- configuration stage ---------------------
2022-04-29 11:22:05,574 - FL-type - INFO - this round deadline 41
