2022-04-29 11:09:27,841 - FL-type - INFO - logger init finished ---- log file: ../models/configs/celeba/celeba_fedavg_2T_seed1.cfg.log
2022-04-29 11:09:28,779 - FL-type - INFO - read config from ../models/configs/celeba/celeba_fedavg_2T_seed1.cfg
2022-04-29 11:09:28,780 - FL-type - INFO - no behavior heterogeneity! assume client is availiable at any time.
2022-04-29 11:09:28,780 - FL-type - INFO - ================= Config =================
2022-04-29 11:09:28,780 - FL-type - INFO - 	config_name = ../models/configs/celeba/celeba_fedavg_2T_seed1.cfg
2022-04-29 11:09:28,780 - FL-type - INFO - 	dataset = celeba
2022-04-29 11:09:28,780 - FL-type - INFO - 	model = cnn
2022-04-29 11:09:28,780 - FL-type - INFO - 	num_rounds = 6000
2022-04-29 11:09:28,781 - FL-type - INFO - 	lr = 0.001
2022-04-29 11:09:28,781 - FL-type - INFO - 	eval_every = 5
2022-04-29 11:09:28,781 - FL-type - INFO - 	clients_per_round = 100
2022-04-29 11:09:28,781 - FL-type - INFO - 	min_selected = 1
2022-04-29 11:09:28,781 - FL-type - INFO - 	max_sample = 2147483647
2022-04-29 11:09:28,781 - FL-type - INFO - 	batch_size = 10
2022-04-29 11:09:28,781 - FL-type - INFO - 	seed = 1
2022-04-29 11:09:28,781 - FL-type - INFO - 	num_epochs = 5
2022-04-29 11:09:28,781 - FL-type - INFO - 	minibatch = None
2022-04-29 11:09:28,782 - FL-type - INFO - 	round_ddl = [1000, 0]
2022-04-29 11:09:28,782 - FL-type - INFO - 	update_frac = 0.01
2022-04-29 11:09:28,782 - FL-type - INFO - 	max_client_num = 9223372036854775807
2022-04-29 11:09:28,782 - FL-type - INFO - 	aggregate_algorithm = SucFedAvg
2022-04-29 11:09:28,782 - FL-type - INFO - 	time_window = [20.0, 0.0]
2022-04-29 11:09:28,782 - FL-type - INFO - 	user_trace = False
2022-04-29 11:09:28,782 - FL-type - INFO - 	behav_hete = False
2022-04-29 11:09:28,782 - FL-type - INFO - 	hard_hete = True
2022-04-29 11:09:28,783 - FL-type - INFO - 	no_training = False
2022-04-29 11:09:28,783 - FL-type - INFO - 	real_world = False
2022-04-29 11:09:28,783 - FL-type - INFO - 	compress_algo = None
2022-04-29 11:09:28,783 - FL-type - INFO - 	fedprox = False
2022-04-29 11:09:28,783 - FL-type - INFO - 	fedprox_mu = 0
2022-04-29 11:09:28,783 - FL-type - INFO - 	structure_k = None
2022-04-29 11:09:28,783 - FL-type - INFO - 	qffl = False
2022-04-29 11:09:28,783 - FL-type - INFO - 	qffl_q = 0
2022-04-29 11:09:28,783 - FL-type - INFO - 	fedbalancer = False
2022-04-29 11:09:28,784 - FL-type - INFO - 	fb_w = 1
2022-04-29 11:09:28,784 - FL-type - INFO - 	fb_p = 0.0
2022-04-29 11:09:28,784 - FL-type - INFO - 	fb_inference_pipelining = False
2022-04-29 11:09:28,784 - FL-type - INFO - 	noise_factor = 0.0
2022-04-29 11:09:28,784 - FL-type - INFO - 	fb_simple_control_lt = False
2022-04-29 11:09:28,784 - FL-type - INFO - 	fb_simple_control_ddl = False
2022-04-29 11:09:28,784 - FL-type - INFO - 	fb_simple_control_lt_stepsize = 0
2022-04-29 11:09:28,784 - FL-type - INFO - 	fb_simple_control_ddl_stepsize = 0
2022-04-29 11:09:28,784 - FL-type - INFO - 	fb_client_selection = False
2022-04-29 11:09:28,785 - FL-type - INFO - 	oort_pacer = False
2022-04-29 11:09:28,785 - FL-type - INFO - 	oort_pacer_delta = 10
2022-04-29 11:09:28,785 - FL-type - INFO - 	oort_blacklist = False
2022-04-29 11:09:28,785 - FL-type - INFO - 	oort_blacklist_rounds = 10
2022-04-29 11:09:28,785 - FL-type - INFO - 	realoort = False
2022-04-29 11:09:28,785 - FL-type - INFO - 	realoortbalancer = False
2022-04-29 11:09:28,785 - FL-type - INFO - 	ddl_baseline_smartpc = False
2022-04-29 11:09:28,785 - FL-type - INFO - 	ddl_baseline_smartpc_percentage = 0.0
2022-04-29 11:09:28,785 - FL-type - INFO - 	ddl_baseline_fixed = True
2022-04-29 11:09:28,786 - FL-type - INFO - 	ddl_baseline_fixed_value_multiplied_at_mean = 2.0
2022-04-29 11:09:28,786 - FL-type - INFO - 	global_final_time = 30000
2022-04-29 11:09:28,786 - FL-type - INFO - 	global_final_test_accuracy = 0.0
2022-04-29 11:09:28,786 - FL-type - INFO - 	output_path = ../models/configs/celeba/
2022-04-29 11:09:28,786 - FL-type - INFO - ================= ====== =================
2022-04-29 11:09:28,787 - FL-type - INFO - ############################## celeba.cnn ##############################
2022-04-29 11:09:38,789 - FL-type - INFO - model size: 124808
2022-04-29 11:09:38,790 - FL-type - INFO - ======================Setup Clients==========================
2022-04-29 11:09:38,799 - FL-type - INFO - Train Clients in Total: 827
2022-04-29 11:09:38,799 - FL-type - INFO - Test Clients in Total: 92
2022-04-29 11:09:38,807 - FL-type - INFO - set up 10 clients
2022-04-29 11:09:38,810 - FL-type - INFO - set up 20 clients
2022-04-29 11:09:38,814 - FL-type - INFO - set up 30 clients
2022-04-29 11:09:38,818 - FL-type - INFO - set up 40 clients
2022-04-29 11:09:38,821 - FL-type - INFO - set up 50 clients
2022-04-29 11:09:38,824 - FL-type - INFO - set up 60 clients
2022-04-29 11:09:38,827 - FL-type - INFO - set up 70 clients
2022-04-29 11:09:38,830 - FL-type - INFO - set up 80 clients
2022-04-29 11:09:38,833 - FL-type - INFO - set up 90 clients
2022-04-29 11:09:38,836 - FL-type - INFO - set up 100 clients
2022-04-29 11:09:38,838 - FL-type - INFO - set up 110 clients
2022-04-29 11:09:38,842 - FL-type - INFO - set up 120 clients
2022-04-29 11:09:38,845 - FL-type - INFO - set up 130 clients
2022-04-29 11:09:38,848 - FL-type - INFO - set up 140 clients
2022-04-29 11:09:38,851 - FL-type - INFO - set up 150 clients
2022-04-29 11:09:38,853 - FL-type - INFO - set up 160 clients
2022-04-29 11:09:38,856 - FL-type - INFO - set up 170 clients
2022-04-29 11:09:38,859 - FL-type - INFO - set up 180 clients
2022-04-29 11:09:38,862 - FL-type - INFO - set up 190 clients
2022-04-29 11:09:38,865 - FL-type - INFO - set up 200 clients
2022-04-29 11:09:38,868 - FL-type - INFO - set up 210 clients
2022-04-29 11:09:38,871 - FL-type - INFO - set up 220 clients
2022-04-29 11:09:38,874 - FL-type - INFO - set up 230 clients
2022-04-29 11:09:38,877 - FL-type - INFO - set up 240 clients
2022-04-29 11:09:38,880 - FL-type - INFO - set up 250 clients
2022-04-29 11:09:38,883 - FL-type - INFO - set up 260 clients
2022-04-29 11:09:38,885 - FL-type - INFO - set up 270 clients
2022-04-29 11:09:38,888 - FL-type - INFO - set up 280 clients
2022-04-29 11:09:38,891 - FL-type - INFO - set up 290 clients
2022-04-29 11:09:38,894 - FL-type - INFO - set up 300 clients
2022-04-29 11:09:38,897 - FL-type - INFO - set up 310 clients
2022-04-29 11:09:38,900 - FL-type - INFO - set up 320 clients
2022-04-29 11:09:38,903 - FL-type - INFO - set up 330 clients
2022-04-29 11:09:38,906 - FL-type - INFO - set up 340 clients
2022-04-29 11:09:38,909 - FL-type - INFO - set up 350 clients
2022-04-29 11:09:38,911 - FL-type - INFO - set up 360 clients
2022-04-29 11:09:38,914 - FL-type - INFO - set up 370 clients
2022-04-29 11:09:38,917 - FL-type - INFO - set up 380 clients
2022-04-29 11:09:38,920 - FL-type - INFO - set up 390 clients
2022-04-29 11:09:38,923 - FL-type - INFO - set up 400 clients
2022-04-29 11:09:38,926 - FL-type - INFO - set up 410 clients
2022-04-29 11:09:38,929 - FL-type - INFO - set up 420 clients
2022-04-29 11:09:38,932 - FL-type - INFO - set up 430 clients
2022-04-29 11:09:38,934 - FL-type - INFO - set up 440 clients
2022-04-29 11:09:38,937 - FL-type - INFO - set up 450 clients
2022-04-29 11:09:38,941 - FL-type - INFO - set up 460 clients
2022-04-29 11:09:38,944 - FL-type - INFO - set up 470 clients
2022-04-29 11:09:38,947 - FL-type - INFO - set up 480 clients
2022-04-29 11:09:38,950 - FL-type - INFO - set up 490 clients
2022-04-29 11:09:38,953 - FL-type - INFO - set up 500 clients
2022-04-29 11:09:38,956 - FL-type - INFO - set up 510 clients
2022-04-29 11:09:38,958 - FL-type - INFO - set up 520 clients
2022-04-29 11:09:38,961 - FL-type - INFO - set up 530 clients
2022-04-29 11:09:38,964 - FL-type - INFO - set up 540 clients
2022-04-29 11:09:38,967 - FL-type - INFO - set up 550 clients
2022-04-29 11:09:38,970 - FL-type - INFO - set up 560 clients
2022-04-29 11:09:38,973 - FL-type - INFO - set up 570 clients
2022-04-29 11:09:38,976 - FL-type - INFO - set up 580 clients
2022-04-29 11:09:38,979 - FL-type - INFO - set up 590 clients
2022-04-29 11:09:38,981 - FL-type - INFO - set up 600 clients
2022-04-29 11:09:38,984 - FL-type - INFO - set up 610 clients
2022-04-29 11:09:38,987 - FL-type - INFO - set up 620 clients
2022-04-29 11:09:38,990 - FL-type - INFO - set up 630 clients
2022-04-29 11:09:38,993 - FL-type - INFO - set up 640 clients
2022-04-29 11:09:38,996 - FL-type - INFO - set up 650 clients
2022-04-29 11:09:38,999 - FL-type - INFO - set up 660 clients
2022-04-29 11:09:39,002 - FL-type - INFO - set up 670 clients
2022-04-29 11:09:39,004 - FL-type - INFO - set up 680 clients
2022-04-29 11:09:39,007 - FL-type - INFO - set up 690 clients
2022-04-29 11:09:39,010 - FL-type - INFO - set up 700 clients
2022-04-29 11:09:39,013 - FL-type - INFO - set up 710 clients
2022-04-29 11:09:39,016 - FL-type - INFO - set up 720 clients
2022-04-29 11:09:39,019 - FL-type - INFO - set up 730 clients
2022-04-29 11:09:39,022 - FL-type - INFO - set up 740 clients
2022-04-29 11:09:39,025 - FL-type - INFO - set up 750 clients
2022-04-29 11:09:39,027 - FL-type - INFO - set up 760 clients
2022-04-29 11:09:39,030 - FL-type - INFO - set up 770 clients
2022-04-29 11:09:39,033 - FL-type - INFO - set up 780 clients
2022-04-29 11:09:39,036 - FL-type - INFO - set up 790 clients
2022-04-29 11:09:39,039 - FL-type - INFO - set up 800 clients
2022-04-29 11:09:39,042 - FL-type - INFO - set up 810 clients
2022-04-29 11:09:39,045 - FL-type - INFO - set up 820 clients
2022-04-29 11:09:39,143 - FL-type - INFO - Timer cached in cached_timers.json
2022-04-29 11:09:39,143 - FL-type - INFO - device setup result: defaultdict(<class 'int'>, {'Google Nexus S': 413, 'Xiaomi Redmi Note 7 Pro': 410, 'Google Pixel 4': 4})
2022-04-29 11:09:39,190 - FL-type - INFO - ===================== Random Initialization =====================
2022-04-29 11:09:39,190 - FL-type - INFO - ===================== Round 1 of 6000 =====================
2022-04-29 11:09:39,190 - FL-type - INFO - --------------------- selection stage ---------------------
2022-04-29 11:09:39,190 - FL-type - INFO - current time: 0	time window: 20.0	
2022-04-29 11:09:39,191 - FL-type - INFO - 827 of 827 clients online
2022-04-29 11:09:39,192 - FL-type - INFO - selected num: 100
2022-04-29 11:09:39,193 - FL-type - INFO - --------------------- configuration stage ---------------------
2022-04-29 11:09:39,193 - FL-type - INFO - this round deadline 83
2022-04-29 11:10:14,370 - FL-type - INFO - average acc: 0.9883660448668775, average loss: 0.057698552501156866
2022-04-29 11:10:14,371 - FL-type - INFO - configuration and update stage simulation time: 83
2022-04-29 11:10:14,371 - FL-type - INFO - --------------------- report stage ---------------------
2022-04-29 11:10:14,371 - FL-type - INFO - 97 of 100 clients upload successfully
2022-04-29 11:10:14,372 - FL-type - INFO - round succeed, updating global model...
2022-04-29 11:10:14,372 - FL-type - INFO - Aggragate with SucFedAvg
2022-04-29 11:10:14,395 - FL-type - INFO - ===================== Round 2 of 6000 =====================
2022-04-29 11:10:14,396 - FL-type - INFO - --------------------- selection stage ---------------------
2022-04-29 11:10:14,396 - FL-type - INFO - current time: 103.0	time window: 20.0	
2022-04-29 11:10:14,397 - FL-type - INFO - 827 of 827 clients online
2022-04-29 11:10:14,399 - FL-type - INFO - selected num: 100
2022-04-29 11:10:14,400 - FL-type - INFO - --------------------- configuration stage ---------------------
2022-04-29 11:10:14,400 - FL-type - INFO - this round deadline 83
2022-04-29 11:10:44,327 - FL-type - INFO - average acc: 0.9963670798898071, average loss: 0.04247485950638334
2022-04-29 11:10:44,327 - FL-type - INFO - configuration and update stage simulation time: 83
2022-04-29 11:10:44,327 - FL-type - INFO - --------------------- report stage ---------------------
2022-04-29 11:10:44,327 - FL-type - INFO - 88 of 100 clients upload successfully
2022-04-29 11:10:44,328 - FL-type - INFO - round succeed, updating global model...
2022-04-29 11:10:44,328 - FL-type - INFO - Aggragate with SucFedAvg
2022-04-29 11:10:44,347 - FL-type - INFO - ===================== Round 3 of 6000 =====================
2022-04-29 11:10:44,347 - FL-type - INFO - --------------------- selection stage ---------------------
2022-04-29 11:10:44,347 - FL-type - INFO - current time: 206.0	time window: 20.0	
2022-04-29 11:10:44,348 - FL-type - INFO - 827 of 827 clients online
2022-04-29 11:10:44,350 - FL-type - INFO - selected num: 100
2022-04-29 11:10:44,350 - FL-type - INFO - --------------------- configuration stage ---------------------
2022-04-29 11:10:44,350 - FL-type - INFO - this round deadline 83
2022-04-29 11:11:12,875 - FL-type - INFO - average acc: 0.9934298050061597, average loss: 0.04659236724642592
2022-04-29 11:11:12,875 - FL-type - INFO - configuration and update stage simulation time: 83
2022-04-29 11:11:12,875 - FL-type - INFO - --------------------- report stage ---------------------
2022-04-29 11:11:12,876 - FL-type - INFO - 91 of 100 clients upload successfully
2022-04-29 11:11:12,876 - FL-type - INFO - round succeed, updating global model...
2022-04-29 11:11:12,876 - FL-type - INFO - Aggragate with SucFedAvg
2022-04-29 11:11:12,893 - FL-type - INFO - ===================== Round 4 of 6000 =====================
2022-04-29 11:11:12,893 - FL-type - INFO - --------------------- selection stage ---------------------
2022-04-29 11:11:12,893 - FL-type - INFO - current time: 309.0	time window: 20.0	
2022-04-29 11:11:12,894 - FL-type - INFO - 827 of 827 clients online
2022-04-29 11:11:12,896 - FL-type - INFO - selected num: 100
2022-04-29 11:11:12,896 - FL-type - INFO - --------------------- configuration stage ---------------------
2022-04-29 11:11:12,897 - FL-type - INFO - this round deadline 83
2022-04-29 11:11:41,498 - FL-type - INFO - average acc: 0.9938334593096497, average loss: 0.0680168891163443
2022-04-29 11:11:41,499 - FL-type - INFO - configuration and update stage simulation time: 83
2022-04-29 11:11:41,499 - FL-type - INFO - --------------------- report stage ---------------------
2022-04-29 11:11:41,499 - FL-type - INFO - 84 of 100 clients upload successfully
2022-04-29 11:11:41,500 - FL-type - INFO - round succeed, updating global model...
2022-04-29 11:11:41,500 - FL-type - INFO - Aggragate with SucFedAvg
2022-04-29 11:11:41,516 - FL-type - INFO - ===================== Round 5 of 6000 =====================
2022-04-29 11:11:41,516 - FL-type - INFO - --------------------- selection stage ---------------------
2022-04-29 11:11:41,517 - FL-type - INFO - current time: 412.0	time window: 20.0	
2022-04-29 11:11:41,518 - FL-type - INFO - 827 of 827 clients online
2022-04-29 11:11:41,520 - FL-type - INFO - selected num: 100
2022-04-29 11:11:41,520 - FL-type - INFO - --------------------- configuration stage ---------------------
2022-04-29 11:11:41,520 - FL-type - INFO - this round deadline 83
2022-04-29 11:12:12,879 - FL-type - INFO - average acc: 0.9954005671747608, average loss: 0.042425635784785566
2022-04-29 11:12:12,880 - FL-type - INFO - configuration and update stage simulation time: 83
2022-04-29 11:12:12,880 - FL-type - INFO - --------------------- report stage ---------------------
2022-04-29 11:12:12,880 - FL-type - INFO - 93 of 100 clients upload successfully
2022-04-29 11:12:12,881 - FL-type - INFO - round succeed, updating global model...
2022-04-29 11:12:12,881 - FL-type - INFO - Aggragate with SucFedAvg
2022-04-29 11:12:12,911 - FL-type - INFO - --------------------- test result ---------------------
2022-04-29 11:12:17,870 - FL-type - INFO - test_accuracy: 0.6008381351492929, 10th percentile: 0.33499999999999996, 50th percentile: 0.5954545454545455, 90th percentile 0.7687782805429865
2022-04-29 11:12:17,871 - FL-type - INFO - test_loss: 0.6997062213262255, 10th percentile: 0.5002250969409943, 50th percentile: 0.7168166935443878, 90th percentile 0.999751275777817
2022-04-29 11:12:17,871 - FL-type - INFO - ===================== Round 6 of 6000 =====================
2022-04-29 11:12:17,871 - FL-type - INFO - --------------------- selection stage ---------------------
2022-04-29 11:12:17,872 - FL-type - INFO - current time: 515.0	time window: 20.0	
2022-04-29 11:12:17,873 - FL-type - INFO - 827 of 827 clients online
2022-04-29 11:12:17,875 - FL-type - INFO - selected num: 100
2022-04-29 11:12:17,875 - FL-type - INFO - --------------------- configuration stage ---------------------
2022-04-29 11:12:17,876 - FL-type - INFO - this round deadline 83
2022-04-29 11:12:47,880 - FL-type - INFO - average acc: 0.9974089946854969, average loss: 0.03867804044151281
2022-04-29 11:12:47,880 - FL-type - INFO - configuration and update stage simulation time: 83
2022-04-29 11:12:47,881 - FL-type - INFO - --------------------- report stage ---------------------
2022-04-29 11:12:47,881 - FL-type - INFO - 89 of 100 clients upload successfully
2022-04-29 11:12:47,881 - FL-type - INFO - round succeed, updating global model...
2022-04-29 11:12:47,881 - FL-type - INFO - Aggragate with SucFedAvg
2022-04-29 11:12:47,900 - FL-type - INFO - ===================== Round 7 of 6000 =====================
2022-04-29 11:12:47,901 - FL-type - INFO - --------------------- selection stage ---------------------
2022-04-29 11:12:47,901 - FL-type - INFO - current time: 618.0	time window: 20.0	
2022-04-29 11:12:47,902 - FL-type - INFO - 827 of 827 clients online
2022-04-29 11:12:47,904 - FL-type - INFO - selected num: 100
2022-04-29 11:12:47,905 - FL-type - INFO - --------------------- configuration stage ---------------------
2022-04-29 11:12:47,905 - FL-type - INFO - this round deadline 83
2022-04-29 11:13:15,801 - FL-type - INFO - average acc: 0.9950160094371417, average loss: 0.04054401470564826
2022-04-29 11:13:15,801 - FL-type - INFO - configuration and update stage simulation time: 83
2022-04-29 11:13:15,802 - FL-type - INFO - --------------------- report stage ---------------------
2022-04-29 11:13:15,802 - FL-type - INFO - 86 of 100 clients upload successfully
2022-04-29 11:13:15,802 - FL-type - INFO - round succeed, updating global model...
2022-04-29 11:13:15,802 - FL-type - INFO - Aggragate with SucFedAvg
2022-04-29 11:13:15,823 - FL-type - INFO - ===================== Round 8 of 6000 =====================
2022-04-29 11:13:15,824 - FL-type - INFO - --------------------- selection stage ---------------------
2022-04-29 11:13:15,824 - FL-type - INFO - current time: 721.0	time window: 20.0	
2022-04-29 11:13:15,825 - FL-type - INFO - 827 of 827 clients online
2022-04-29 11:13:15,827 - FL-type - INFO - selected num: 100
2022-04-29 11:13:15,828 - FL-type - INFO - --------------------- configuration stage ---------------------
2022-04-29 11:13:15,828 - FL-type - INFO - this round deadline 83
2022-04-29 11:13:45,096 - FL-type - INFO - average acc: 0.9969979296066253, average loss: 0.037077158268126055
2022-04-29 11:13:45,097 - FL-type - INFO - configuration and update stage simulation time: 83
2022-04-29 11:13:45,097 - FL-type - INFO - --------------------- report stage ---------------------
2022-04-29 11:13:45,097 - FL-type - INFO - 92 of 100 clients upload successfully
2022-04-29 11:13:45,098 - FL-type - INFO - round succeed, updating global model...
2022-04-29 11:13:45,098 - FL-type - INFO - Aggragate with SucFedAvg
2022-04-29 11:13:45,118 - FL-type - INFO - ===================== Round 9 of 6000 =====================
2022-04-29 11:13:45,119 - FL-type - INFO - --------------------- selection stage ---------------------
2022-04-29 11:13:45,119 - FL-type - INFO - current time: 824.0	time window: 20.0	
2022-04-29 11:13:45,120 - FL-type - INFO - 827 of 827 clients online
2022-04-29 11:13:45,122 - FL-type - INFO - selected num: 100
2022-04-29 11:13:45,122 - FL-type - INFO - --------------------- configuration stage ---------------------
2022-04-29 11:13:45,122 - FL-type - INFO - this round deadline 83
2022-04-29 11:14:15,542 - FL-type - INFO - average acc: 0.9912059843094326, average loss: 0.05198981910426584
2022-04-29 11:14:15,542 - FL-type - INFO - configuration and update stage simulation time: 83
2022-04-29 11:14:15,543 - FL-type - INFO - --------------------- report stage ---------------------
2022-04-29 11:14:15,543 - FL-type - INFO - 90 of 100 clients upload successfully
2022-04-29 11:14:15,543 - FL-type - INFO - round succeed, updating global model...
2022-04-29 11:14:15,543 - FL-type - INFO - Aggragate with SucFedAvg
2022-04-29 11:14:15,565 - FL-type - INFO - ===================== Round 10 of 6000 =====================
2022-04-29 11:14:15,566 - FL-type - INFO - --------------------- selection stage ---------------------
2022-04-29 11:14:15,566 - FL-type - INFO - current time: 927.0	time window: 20.0	
2022-04-29 11:14:15,567 - FL-type - INFO - 827 of 827 clients online
2022-04-29 11:14:15,569 - FL-type - INFO - selected num: 100
2022-04-29 11:14:15,569 - FL-type - INFO - --------------------- configuration stage ---------------------
2022-04-29 11:14:15,570 - FL-type - INFO - this round deadline 83
2022-04-29 11:14:45,203 - FL-type - INFO - average acc: 0.9992114407912323, average loss: 0.03486917996075178
2022-04-29 11:14:45,204 - FL-type - INFO - configuration and update stage simulation time: 83
2022-04-29 11:14:45,204 - FL-type - INFO - --------------------- report stage ---------------------
2022-04-29 11:14:45,204 - FL-type - INFO - 86 of 100 clients upload successfully
2022-04-29 11:14:45,205 - FL-type - INFO - round succeed, updating global model...
2022-04-29 11:14:45,205 - FL-type - INFO - Aggragate with SucFedAvg
2022-04-29 11:14:45,221 - FL-type - INFO - --------------------- test result ---------------------
2022-04-29 11:14:50,020 - FL-type - INFO - test_accuracy: 0.6558407543216344, 10th percentile: 0.5, 50th percentile: 0.638095238095238, 90th percentile 0.8274362818590705
2022-04-29 11:14:50,021 - FL-type - INFO - test_loss: 0.643997227321313, 10th percentile: 0.4548879712820053, 50th percentile: 0.6376568973064423, 90th percentile 0.8840876758098603
2022-04-29 11:14:50,021 - FL-type - INFO - ===================== Round 11 of 6000 =====================
2022-04-29 11:14:50,021 - FL-type - INFO - --------------------- selection stage ---------------------
2022-04-29 11:14:50,022 - FL-type - INFO - current time: 1030.0	time window: 20.0	
2022-04-29 11:14:50,023 - FL-type - INFO - 827 of 827 clients online
2022-04-29 11:14:50,025 - FL-type - INFO - selected num: 100
2022-04-29 11:14:50,026 - FL-type - INFO - --------------------- configuration stage ---------------------
2022-04-29 11:14:50,026 - FL-type - INFO - this round deadline 83
2022-04-29 11:15:18,430 - FL-type - INFO - average acc: 0.9992248062015504, average loss: 0.03277184098395844
2022-04-29 11:15:18,431 - FL-type - INFO - configuration and update stage simulation time: 83
2022-04-29 11:15:18,431 - FL-type - INFO - --------------------- report stage ---------------------
2022-04-29 11:15:18,432 - FL-type - INFO - 86 of 100 clients upload successfully
2022-04-29 11:15:18,432 - FL-type - INFO - round succeed, updating global model...
2022-04-29 11:15:18,432 - FL-type - INFO - Aggragate with SucFedAvg
2022-04-29 11:15:18,450 - FL-type - INFO - ===================== Round 12 of 6000 =====================
2022-04-29 11:15:18,451 - FL-type - INFO - --------------------- selection stage ---------------------
2022-04-29 11:15:18,451 - FL-type - INFO - current time: 1133.0	time window: 20.0	
2022-04-29 11:15:18,452 - FL-type - INFO - 827 of 827 clients online
2022-04-29 11:15:18,454 - FL-type - INFO - selected num: 100
2022-04-29 11:15:18,454 - FL-type - INFO - --------------------- configuration stage ---------------------
2022-04-29 11:15:18,454 - FL-type - INFO - this round deadline 83
2022-04-29 11:15:50,993 - FL-type - INFO - average acc: 0.998888467853985, average loss: 0.03280062062517423
2022-04-29 11:15:50,994 - FL-type - INFO - configuration and update stage simulation time: 83
2022-04-29 11:15:50,994 - FL-type - INFO - --------------------- report stage ---------------------
2022-04-29 11:15:50,995 - FL-type - INFO - 91 of 100 clients upload successfully
2022-04-29 11:15:50,995 - FL-type - INFO - round succeed, updating global model...
2022-04-29 11:15:50,995 - FL-type - INFO - Aggragate with SucFedAvg
2022-04-29 11:15:51,015 - FL-type - INFO - ===================== Round 13 of 6000 =====================
2022-04-29 11:15:51,016 - FL-type - INFO - --------------------- selection stage ---------------------
2022-04-29 11:15:51,016 - FL-type - INFO - current time: 1236.0	time window: 20.0	
2022-04-29 11:15:51,018 - FL-type - INFO - 827 of 827 clients online
2022-04-29 11:15:51,020 - FL-type - INFO - selected num: 100
2022-04-29 11:15:51,021 - FL-type - INFO - --------------------- configuration stage ---------------------
2022-04-29 11:15:51,021 - FL-type - INFO - this round deadline 83
2022-04-29 11:16:20,474 - FL-type - INFO - average acc: 0.9978927203065133, average loss: 0.030918877290484186
2022-04-29 11:16:20,475 - FL-type - INFO - configuration and update stage simulation time: 83
2022-04-29 11:16:20,476 - FL-type - INFO - --------------------- report stage ---------------------
2022-04-29 11:16:20,476 - FL-type - INFO - 87 of 100 clients upload successfully
2022-04-29 11:16:20,477 - FL-type - INFO - round succeed, updating global model...
2022-04-29 11:16:20,477 - FL-type - INFO - Aggragate with SucFedAvg
2022-04-29 11:16:20,499 - FL-type - INFO - ===================== Round 14 of 6000 =====================
2022-04-29 11:16:20,499 - FL-type - INFO - --------------------- selection stage ---------------------
2022-04-29 11:16:20,500 - FL-type - INFO - current time: 1339.0	time window: 20.0	
2022-04-29 11:16:20,501 - FL-type - INFO - 827 of 827 clients online
2022-04-29 11:16:20,503 - FL-type - INFO - selected num: 100
2022-04-29 11:16:20,503 - FL-type - INFO - --------------------- configuration stage ---------------------
2022-04-29 11:16:20,504 - FL-type - INFO - this round deadline 83
2022-04-29 11:16:48,960 - FL-type - INFO - average acc: 0.998272357723577, average loss: 0.03309215470813442
2022-04-29 11:16:48,960 - FL-type - INFO - configuration and update stage simulation time: 83
2022-04-29 11:16:48,961 - FL-type - INFO - --------------------- report stage ---------------------
2022-04-29 11:16:48,961 - FL-type - INFO - 82 of 100 clients upload successfully
2022-04-29 11:16:48,961 - FL-type - INFO - round succeed, updating global model...
2022-04-29 11:16:48,961 - FL-type - INFO - Aggragate with SucFedAvg
2022-04-29 11:16:48,980 - FL-type - INFO - ===================== Round 15 of 6000 =====================
2022-04-29 11:16:48,980 - FL-type - INFO - --------------------- selection stage ---------------------
2022-04-29 11:16:48,980 - FL-type - INFO - current time: 1442.0	time window: 20.0	
2022-04-29 11:16:48,981 - FL-type - INFO - 827 of 827 clients online
2022-04-29 11:16:48,984 - FL-type - INFO - selected num: 100
2022-04-29 11:16:48,984 - FL-type - INFO - --------------------- configuration stage ---------------------
2022-04-29 11:16:48,984 - FL-type - INFO - this round deadline 83
2022-04-29 11:17:22,035 - FL-type - INFO - average acc: 0.9968338399189463, average loss: 0.035792793728723286
2022-04-29 11:17:22,036 - FL-type - INFO - configuration and update stage simulation time: 83
2022-04-29 11:17:22,036 - FL-type - INFO - --------------------- report stage ---------------------
2022-04-29 11:17:22,036 - FL-type - INFO - 94 of 100 clients upload successfully
2022-04-29 11:17:22,036 - FL-type - INFO - round succeed, updating global model...
2022-04-29 11:17:22,036 - FL-type - INFO - Aggragate with SucFedAvg
2022-04-29 11:17:22,056 - FL-type - INFO - --------------------- test result ---------------------
2022-04-29 11:17:27,019 - FL-type - INFO - test_accuracy: 0.7035096909376637, 10th percentile: 0.5021739130434782, 50th percentile: 0.7, 90th percentile 0.8547619047619048
2022-04-29 11:17:27,021 - FL-type - INFO - test_loss: 0.5804523176988299, 10th percentile: 0.3866324961185455, 50th percentile: 0.5943223536014557, 90th percentile 0.7979261755943299
2022-04-29 11:17:27,021 - FL-type - INFO - ===================== Round 16 of 6000 =====================
2022-04-29 11:17:27,021 - FL-type - INFO - --------------------- selection stage ---------------------
2022-04-29 11:17:27,021 - FL-type - INFO - current time: 1545.0	time window: 20.0	
2022-04-29 11:17:27,022 - FL-type - INFO - 827 of 827 clients online
2022-04-29 11:17:27,025 - FL-type - INFO - selected num: 100
2022-04-29 11:17:27,025 - FL-type - INFO - --------------------- configuration stage ---------------------
2022-04-29 11:17:27,026 - FL-type - INFO - this round deadline 83
2022-04-29 11:17:56,233 - FL-type - INFO - average acc: 0.9995791245791246, average loss: 0.02823651617522542
2022-04-29 11:17:56,234 - FL-type - INFO - configuration and update stage simulation time: 83
2022-04-29 11:17:56,234 - FL-type - INFO - --------------------- report stage ---------------------
2022-04-29 11:17:56,235 - FL-type - INFO - 88 of 100 clients upload successfully
2022-04-29 11:17:56,235 - FL-type - INFO - round succeed, updating global model...
2022-04-29 11:17:56,235 - FL-type - INFO - Aggragate with SucFedAvg
2022-04-29 11:17:56,256 - FL-type - INFO - ===================== Round 17 of 6000 =====================
2022-04-29 11:17:56,257 - FL-type - INFO - --------------------- selection stage ---------------------
2022-04-29 11:17:56,257 - FL-type - INFO - current time: 1648.0	time window: 20.0	
2022-04-29 11:17:56,258 - FL-type - INFO - 827 of 827 clients online
2022-04-29 11:17:56,262 - FL-type - INFO - selected num: 100
2022-04-29 11:17:56,262 - FL-type - INFO - --------------------- configuration stage ---------------------
2022-04-29 11:17:56,263 - FL-type - INFO - this round deadline 83
2022-04-29 11:18:28,568 - FL-type - INFO - average acc: 0.9985018726591761, average loss: 0.0336402739487128
2022-04-29 11:18:28,568 - FL-type - INFO - configuration and update stage simulation time: 83
2022-04-29 11:18:28,569 - FL-type - INFO - --------------------- report stage ---------------------
2022-04-29 11:18:28,569 - FL-type - INFO - 89 of 100 clients upload successfully
2022-04-29 11:18:28,569 - FL-type - INFO - round succeed, updating global model...
2022-04-29 11:18:28,569 - FL-type - INFO - Aggragate with SucFedAvg
2022-04-29 11:18:28,585 - FL-type - INFO - ===================== Round 18 of 6000 =====================
2022-04-29 11:18:28,585 - FL-type - INFO - --------------------- selection stage ---------------------
2022-04-29 11:18:28,585 - FL-type - INFO - current time: 1751.0	time window: 20.0	
2022-04-29 11:18:28,586 - FL-type - INFO - 827 of 827 clients online
2022-04-29 11:18:28,588 - FL-type - INFO - selected num: 100
2022-04-29 11:18:28,588 - FL-type - INFO - --------------------- configuration stage ---------------------
2022-04-29 11:18:28,588 - FL-type - INFO - this round deadline 83
2022-04-29 11:19:00,953 - FL-type - INFO - average acc: 0.9991436100131752, average loss: 0.02926924522414439
2022-04-29 11:19:00,954 - FL-type - INFO - configuration and update stage simulation time: 83
2022-04-29 11:19:00,954 - FL-type - INFO - --------------------- report stage ---------------------
2022-04-29 11:19:00,954 - FL-type - INFO - 92 of 100 clients upload successfully
2022-04-29 11:19:00,955 - FL-type - INFO - round succeed, updating global model...
2022-04-29 11:19:00,955 - FL-type - INFO - Aggragate with SucFedAvg
2022-04-29 11:19:00,975 - FL-type - INFO - ===================== Round 19 of 6000 =====================
2022-04-29 11:19:00,976 - FL-type - INFO - --------------------- selection stage ---------------------
2022-04-29 11:19:00,976 - FL-type - INFO - current time: 1854.0	time window: 20.0	
2022-04-29 11:19:00,978 - FL-type - INFO - 827 of 827 clients online
2022-04-29 11:19:00,980 - FL-type - INFO - selected num: 100
2022-04-29 11:19:00,981 - FL-type - INFO - --------------------- configuration stage ---------------------
2022-04-29 11:19:00,981 - FL-type - INFO - this round deadline 83
2022-04-29 11:19:30,417 - FL-type - INFO - average acc: 0.999625468164794, average loss: 0.029020202469101614
2022-04-29 11:19:30,417 - FL-type - INFO - configuration and update stage simulation time: 83
2022-04-29 11:19:30,418 - FL-type - INFO - --------------------- report stage ---------------------
2022-04-29 11:19:30,418 - FL-type - INFO - 89 of 100 clients upload successfully
2022-04-29 11:19:30,418 - FL-type - INFO - round succeed, updating global model...
2022-04-29 11:19:30,418 - FL-type - INFO - Aggragate with SucFedAvg
2022-04-29 11:19:30,436 - FL-type - INFO - ===================== Round 20 of 6000 =====================
2022-04-29 11:19:30,437 - FL-type - INFO - --------------------- selection stage ---------------------
2022-04-29 11:19:30,437 - FL-type - INFO - current time: 1957.0	time window: 20.0	
2022-04-29 11:19:30,438 - FL-type - INFO - 827 of 827 clients online
2022-04-29 11:19:30,440 - FL-type - INFO - selected num: 100
2022-04-29 11:19:30,440 - FL-type - INFO - --------------------- configuration stage ---------------------
2022-04-29 11:19:30,440 - FL-type - INFO - this round deadline 83
2022-04-29 11:19:59,118 - FL-type - INFO - average acc: 0.9994462901439646, average loss: 0.026744601908302326
2022-04-29 11:19:59,118 - FL-type - INFO - configuration and update stage simulation time: 83
2022-04-29 11:19:59,119 - FL-type - INFO - --------------------- report stage ---------------------
2022-04-29 11:19:59,119 - FL-type - INFO - 86 of 100 clients upload successfully
2022-04-29 11:19:59,119 - FL-type - INFO - round succeed, updating global model...
2022-04-29 11:19:59,119 - FL-type - INFO - Aggragate with SucFedAvg
2022-04-29 11:19:59,139 - FL-type - INFO - --------------------- test result ---------------------
2022-04-29 11:20:03,921 - FL-type - INFO - test_accuracy: 0.7333682556312205, 10th percentile: 0.5391608391608391, 50th percentile: 0.7379862700228832, 90th percentile 0.8663636363636363
2022-04-29 11:20:03,923 - FL-type - INFO - test_loss: 0.53557658268089, 10th percentile: 0.35846584141254423, 50th percentile: 0.546394556760788, 90th percentile 0.7472923159599304
2022-04-29 11:20:03,923 - FL-type - INFO - ===================== Round 21 of 6000 =====================
2022-04-29 11:20:03,923 - FL-type - INFO - --------------------- selection stage ---------------------
2022-04-29 11:20:03,923 - FL-type - INFO - current time: 2060.0	time window: 20.0	
2022-04-29 11:20:03,924 - FL-type - INFO - 827 of 827 clients online
2022-04-29 11:20:03,927 - FL-type - INFO - selected num: 100
2022-04-29 11:20:03,927 - FL-type - INFO - --------------------- configuration stage ---------------------
2022-04-29 11:20:03,928 - FL-type - INFO - this round deadline 83
2022-04-29 11:20:33,936 - FL-type - INFO - average acc: 0.9973180076628354, average loss: 0.030692503890611404
2022-04-29 11:20:33,936 - FL-type - INFO - configuration and update stage simulation time: 83
2022-04-29 11:20:33,936 - FL-type - INFO - --------------------- report stage ---------------------
2022-04-29 11:20:33,937 - FL-type - INFO - 87 of 100 clients upload successfully
2022-04-29 11:20:33,937 - FL-type - INFO - round succeed, updating global model...
2022-04-29 11:20:33,937 - FL-type - INFO - Aggragate with SucFedAvg
2022-04-29 11:20:33,954 - FL-type - INFO - ===================== Round 22 of 6000 =====================
2022-04-29 11:20:33,955 - FL-type - INFO - --------------------- selection stage ---------------------
2022-04-29 11:20:33,955 - FL-type - INFO - current time: 2163.0	time window: 20.0	
2022-04-29 11:20:33,956 - FL-type - INFO - 827 of 827 clients online
2022-04-29 11:20:33,958 - FL-type - INFO - selected num: 100
2022-04-29 11:20:33,958 - FL-type - INFO - --------------------- configuration stage ---------------------
2022-04-29 11:20:33,958 - FL-type - INFO - this round deadline 83
2022-04-29 11:21:03,817 - FL-type - INFO - average acc: 0.9960636262961843, average loss: 0.030643517607322156
2022-04-29 11:21:03,818 - FL-type - INFO - configuration and update stage simulation time: 83
2022-04-29 11:21:03,818 - FL-type - INFO - --------------------- report stage ---------------------
2022-04-29 11:21:03,819 - FL-type - INFO - 86 of 100 clients upload successfully
2022-04-29 11:21:03,819 - FL-type - INFO - round succeed, updating global model...
2022-04-29 11:21:03,819 - FL-type - INFO - Aggragate with SucFedAvg
2022-04-29 11:21:03,838 - FL-type - INFO - ===================== Round 23 of 6000 =====================
2022-04-29 11:21:03,838 - FL-type - INFO - --------------------- selection stage ---------------------
2022-04-29 11:21:03,838 - FL-type - INFO - current time: 2266.0	time window: 20.0	
2022-04-29 11:21:03,839 - FL-type - INFO - 827 of 827 clients online
2022-04-29 11:21:03,841 - FL-type - INFO - selected num: 100
2022-04-29 11:21:03,842 - FL-type - INFO - --------------------- configuration stage ---------------------
2022-04-29 11:21:03,842 - FL-type - INFO - this round deadline 83
2022-04-29 11:21:31,781 - FL-type - INFO - average acc: 0.9992737835875091, average loss: 0.02534456138878509
2022-04-29 11:21:31,782 - FL-type - INFO - configuration and update stage simulation time: 83
2022-04-29 11:21:31,782 - FL-type - INFO - --------------------- report stage ---------------------
2022-04-29 11:21:31,782 - FL-type - INFO - 81 of 100 clients upload successfully
2022-04-29 11:21:31,782 - FL-type - INFO - round succeed, updating global model...
2022-04-29 11:21:31,783 - FL-type - INFO - Aggragate with SucFedAvg
2022-04-29 11:21:31,800 - FL-type - INFO - ===================== Round 24 of 6000 =====================
2022-04-29 11:21:31,800 - FL-type - INFO - --------------------- selection stage ---------------------
2022-04-29 11:21:31,801 - FL-type - INFO - current time: 2369.0	time window: 20.0	
2022-04-29 11:21:31,802 - FL-type - INFO - 827 of 827 clients online
2022-04-29 11:21:31,804 - FL-type - INFO - selected num: 100
2022-04-29 11:21:31,804 - FL-type - INFO - --------------------- configuration stage ---------------------
2022-04-29 11:21:31,805 - FL-type - INFO - this round deadline 83
2022-04-29 11:22:01,130 - FL-type - INFO - average acc: 0.9995454545454546, average loss: 0.024271568956299398
2022-04-29 11:22:01,130 - FL-type - INFO - configuration and update stage simulation time: 83
2022-04-29 11:22:01,131 - FL-type - INFO - --------------------- report stage ---------------------
2022-04-29 11:22:01,131 - FL-type - INFO - 88 of 100 clients upload successfully
2022-04-29 11:22:01,131 - FL-type - INFO - round succeed, updating global model...
2022-04-29 11:22:01,131 - FL-type - INFO - Aggragate with SucFedAvg
2022-04-29 11:22:01,150 - FL-type - INFO - ===================== Round 25 of 6000 =====================
2022-04-29 11:22:01,150 - FL-type - INFO - --------------------- selection stage ---------------------
2022-04-29 11:22:01,151 - FL-type - INFO - current time: 2472.0	time window: 20.0	
2022-04-29 11:22:01,151 - FL-type - INFO - 827 of 827 clients online
2022-04-29 11:22:01,154 - FL-type - INFO - selected num: 100
2022-04-29 11:22:01,154 - FL-type - INFO - --------------------- configuration stage ---------------------
2022-04-29 11:22:01,154 - FL-type - INFO - this round deadline 83
