2022-04-29 11:09:27,984 - FL-type - INFO - logger init finished ---- log file: ../models/configs/celeba/celeba_fedavg_1T_seed1.cfg.log
2022-04-29 11:09:28,929 - FL-type - INFO - read config from ../models/configs/celeba/celeba_fedavg_1T_seed1.cfg
2022-04-29 11:09:28,929 - FL-type - INFO - no behavior heterogeneity! assume client is availiable at any time.
2022-04-29 11:09:28,930 - FL-type - INFO - ================= Config =================
2022-04-29 11:09:28,930 - FL-type - INFO - 	config_name = ../models/configs/celeba/celeba_fedavg_1T_seed1.cfg
2022-04-29 11:09:28,930 - FL-type - INFO - 	dataset = celeba
2022-04-29 11:09:28,930 - FL-type - INFO - 	model = cnn
2022-04-29 11:09:28,930 - FL-type - INFO - 	num_rounds = 6000
2022-04-29 11:09:28,930 - FL-type - INFO - 	lr = 0.001
2022-04-29 11:09:28,930 - FL-type - INFO - 	eval_every = 5
2022-04-29 11:09:28,930 - FL-type - INFO - 	clients_per_round = 100
2022-04-29 11:09:28,931 - FL-type - INFO - 	min_selected = 1
2022-04-29 11:09:28,931 - FL-type - INFO - 	max_sample = 2147483647
2022-04-29 11:09:28,931 - FL-type - INFO - 	batch_size = 10
2022-04-29 11:09:28,931 - FL-type - INFO - 	seed = 1
2022-04-29 11:09:28,931 - FL-type - INFO - 	num_epochs = 5
2022-04-29 11:09:28,931 - FL-type - INFO - 	minibatch = None
2022-04-29 11:09:28,931 - FL-type - INFO - 	round_ddl = [1000, 0]
2022-04-29 11:09:28,931 - FL-type - INFO - 	update_frac = 0.01
2022-04-29 11:09:28,931 - FL-type - INFO - 	max_client_num = 9223372036854775807
2022-04-29 11:09:28,932 - FL-type - INFO - 	aggregate_algorithm = SucFedAvg
2022-04-29 11:09:28,932 - FL-type - INFO - 	time_window = [20.0, 0.0]
2022-04-29 11:09:28,932 - FL-type - INFO - 	user_trace = False
2022-04-29 11:09:28,932 - FL-type - INFO - 	behav_hete = False
2022-04-29 11:09:28,932 - FL-type - INFO - 	hard_hete = True
2022-04-29 11:09:28,932 - FL-type - INFO - 	no_training = False
2022-04-29 11:09:28,932 - FL-type - INFO - 	real_world = False
2022-04-29 11:09:28,932 - FL-type - INFO - 	compress_algo = None
2022-04-29 11:09:28,932 - FL-type - INFO - 	fedprox = False
2022-04-29 11:09:28,933 - FL-type - INFO - 	fedprox_mu = 0
2022-04-29 11:09:28,933 - FL-type - INFO - 	structure_k = None
2022-04-29 11:09:28,933 - FL-type - INFO - 	qffl = False
2022-04-29 11:09:28,933 - FL-type - INFO - 	qffl_q = 0
2022-04-29 11:09:28,933 - FL-type - INFO - 	fedbalancer = False
2022-04-29 11:09:28,933 - FL-type - INFO - 	fb_w = 1
2022-04-29 11:09:28,933 - FL-type - INFO - 	fb_p = 0.0
2022-04-29 11:09:28,933 - FL-type - INFO - 	fb_inference_pipelining = False
2022-04-29 11:09:28,933 - FL-type - INFO - 	noise_factor = 0.0
2022-04-29 11:09:28,934 - FL-type - INFO - 	fb_simple_control_lt = False
2022-04-29 11:09:28,934 - FL-type - INFO - 	fb_simple_control_ddl = False
2022-04-29 11:09:28,934 - FL-type - INFO - 	fb_simple_control_lt_stepsize = 0
2022-04-29 11:09:28,934 - FL-type - INFO - 	fb_simple_control_ddl_stepsize = 0
2022-04-29 11:09:28,934 - FL-type - INFO - 	fb_client_selection = False
2022-04-29 11:09:28,934 - FL-type - INFO - 	oort_pacer = False
2022-04-29 11:09:28,934 - FL-type - INFO - 	oort_pacer_delta = 10
2022-04-29 11:09:28,934 - FL-type - INFO - 	oort_blacklist = False
2022-04-29 11:09:28,934 - FL-type - INFO - 	oort_blacklist_rounds = 10
2022-04-29 11:09:28,935 - FL-type - INFO - 	realoort = False
2022-04-29 11:09:28,935 - FL-type - INFO - 	realoortbalancer = False
2022-04-29 11:09:28,935 - FL-type - INFO - 	ddl_baseline_smartpc = False
2022-04-29 11:09:28,935 - FL-type - INFO - 	ddl_baseline_smartpc_percentage = 0.0
2022-04-29 11:09:28,935 - FL-type - INFO - 	ddl_baseline_fixed = True
2022-04-29 11:09:28,935 - FL-type - INFO - 	ddl_baseline_fixed_value_multiplied_at_mean = 1.0
2022-04-29 11:09:28,935 - FL-type - INFO - 	global_final_time = 30000
2022-04-29 11:09:28,935 - FL-type - INFO - 	global_final_test_accuracy = 0.0
2022-04-29 11:09:28,935 - FL-type - INFO - 	output_path = ../models/configs/celeba/
2022-04-29 11:09:28,936 - FL-type - INFO - ================= ====== =================
2022-04-29 11:09:28,936 - FL-type - INFO - ############################## celeba.cnn ##############################
2022-04-29 11:09:38,835 - FL-type - INFO - model size: 124808
2022-04-29 11:09:38,835 - FL-type - INFO - ======================Setup Clients==========================
2022-04-29 11:09:38,845 - FL-type - INFO - Train Clients in Total: 827
2022-04-29 11:09:38,845 - FL-type - INFO - Test Clients in Total: 92
2022-04-29 11:09:38,852 - FL-type - INFO - set up 10 clients
2022-04-29 11:09:38,855 - FL-type - INFO - set up 20 clients
2022-04-29 11:09:38,858 - FL-type - INFO - set up 30 clients
2022-04-29 11:09:38,861 - FL-type - INFO - set up 40 clients
2022-04-29 11:09:38,864 - FL-type - INFO - set up 50 clients
2022-04-29 11:09:38,867 - FL-type - INFO - set up 60 clients
2022-04-29 11:09:38,870 - FL-type - INFO - set up 70 clients
2022-04-29 11:09:38,873 - FL-type - INFO - set up 80 clients
2022-04-29 11:09:38,876 - FL-type - INFO - set up 90 clients
2022-04-29 11:09:38,879 - FL-type - INFO - set up 100 clients
2022-04-29 11:09:38,882 - FL-type - INFO - set up 110 clients
2022-04-29 11:09:38,885 - FL-type - INFO - set up 120 clients
2022-04-29 11:09:38,888 - FL-type - INFO - set up 130 clients
2022-04-29 11:09:38,891 - FL-type - INFO - set up 140 clients
2022-04-29 11:09:38,893 - FL-type - INFO - set up 150 clients
2022-04-29 11:09:38,896 - FL-type - INFO - set up 160 clients
2022-04-29 11:09:38,899 - FL-type - INFO - set up 170 clients
2022-04-29 11:09:38,902 - FL-type - INFO - set up 180 clients
2022-04-29 11:09:38,905 - FL-type - INFO - set up 190 clients
2022-04-29 11:09:38,908 - FL-type - INFO - set up 200 clients
2022-04-29 11:09:38,911 - FL-type - INFO - set up 210 clients
2022-04-29 11:09:38,915 - FL-type - INFO - set up 220 clients
2022-04-29 11:09:38,918 - FL-type - INFO - set up 230 clients
2022-04-29 11:09:38,921 - FL-type - INFO - set up 240 clients
2022-04-29 11:09:38,924 - FL-type - INFO - set up 250 clients
2022-04-29 11:09:38,927 - FL-type - INFO - set up 260 clients
2022-04-29 11:09:38,930 - FL-type - INFO - set up 270 clients
2022-04-29 11:09:38,932 - FL-type - INFO - set up 280 clients
2022-04-29 11:09:38,935 - FL-type - INFO - set up 290 clients
2022-04-29 11:09:38,938 - FL-type - INFO - set up 300 clients
2022-04-29 11:09:38,941 - FL-type - INFO - set up 310 clients
2022-04-29 11:09:38,944 - FL-type - INFO - set up 320 clients
2022-04-29 11:09:38,947 - FL-type - INFO - set up 330 clients
2022-04-29 11:09:38,950 - FL-type - INFO - set up 340 clients
2022-04-29 11:09:38,953 - FL-type - INFO - set up 350 clients
2022-04-29 11:09:38,955 - FL-type - INFO - set up 360 clients
2022-04-29 11:09:38,958 - FL-type - INFO - set up 370 clients
2022-04-29 11:09:38,961 - FL-type - INFO - set up 380 clients
2022-04-29 11:09:38,964 - FL-type - INFO - set up 390 clients
2022-04-29 11:09:38,967 - FL-type - INFO - set up 400 clients
2022-04-29 11:09:38,970 - FL-type - INFO - set up 410 clients
2022-04-29 11:09:38,973 - FL-type - INFO - set up 420 clients
2022-04-29 11:09:38,976 - FL-type - INFO - set up 430 clients
2022-04-29 11:09:38,978 - FL-type - INFO - set up 440 clients
2022-04-29 11:09:38,981 - FL-type - INFO - set up 450 clients
2022-04-29 11:09:38,985 - FL-type - INFO - set up 460 clients
2022-04-29 11:09:38,988 - FL-type - INFO - set up 470 clients
2022-04-29 11:09:38,991 - FL-type - INFO - set up 480 clients
2022-04-29 11:09:38,994 - FL-type - INFO - set up 490 clients
2022-04-29 11:09:38,997 - FL-type - INFO - set up 500 clients
2022-04-29 11:09:39,000 - FL-type - INFO - set up 510 clients
2022-04-29 11:09:39,002 - FL-type - INFO - set up 520 clients
2022-04-29 11:09:39,005 - FL-type - INFO - set up 530 clients
2022-04-29 11:09:39,008 - FL-type - INFO - set up 540 clients
2022-04-29 11:09:39,011 - FL-type - INFO - set up 550 clients
2022-04-29 11:09:39,014 - FL-type - INFO - set up 560 clients
2022-04-29 11:09:39,017 - FL-type - INFO - set up 570 clients
2022-04-29 11:09:39,020 - FL-type - INFO - set up 580 clients
2022-04-29 11:09:39,023 - FL-type - INFO - set up 590 clients
2022-04-29 11:09:39,026 - FL-type - INFO - set up 600 clients
2022-04-29 11:09:39,028 - FL-type - INFO - set up 610 clients
2022-04-29 11:09:39,031 - FL-type - INFO - set up 620 clients
2022-04-29 11:09:39,034 - FL-type - INFO - set up 630 clients
2022-04-29 11:09:39,037 - FL-type - INFO - set up 640 clients
2022-04-29 11:09:39,040 - FL-type - INFO - set up 650 clients
2022-04-29 11:09:39,043 - FL-type - INFO - set up 660 clients
2022-04-29 11:09:39,046 - FL-type - INFO - set up 670 clients
2022-04-29 11:09:39,049 - FL-type - INFO - set up 680 clients
2022-04-29 11:09:39,051 - FL-type - INFO - set up 690 clients
2022-04-29 11:09:39,054 - FL-type - INFO - set up 700 clients
2022-04-29 11:09:39,057 - FL-type - INFO - set up 710 clients
2022-04-29 11:09:39,060 - FL-type - INFO - set up 720 clients
2022-04-29 11:09:39,063 - FL-type - INFO - set up 730 clients
2022-04-29 11:09:39,066 - FL-type - INFO - set up 740 clients
2022-04-29 11:09:39,069 - FL-type - INFO - set up 750 clients
2022-04-29 11:09:39,072 - FL-type - INFO - set up 760 clients
2022-04-29 11:09:39,074 - FL-type - INFO - set up 770 clients
2022-04-29 11:09:39,077 - FL-type - INFO - set up 780 clients
2022-04-29 11:09:39,080 - FL-type - INFO - set up 790 clients
2022-04-29 11:09:39,083 - FL-type - INFO - set up 800 clients
2022-04-29 11:09:39,086 - FL-type - INFO - set up 810 clients
2022-04-29 11:09:39,089 - FL-type - INFO - set up 820 clients
2022-04-29 11:09:39,187 - FL-type - INFO - Timer cached in cached_timers.json
2022-04-29 11:09:39,188 - FL-type - INFO - device setup result: defaultdict(<class 'int'>, {'Google Nexus S': 413, 'Xiaomi Redmi Note 7 Pro': 410, 'Google Pixel 4': 4})
2022-04-29 11:09:39,251 - FL-type - INFO - ===================== Random Initialization =====================
2022-04-29 11:09:39,251 - FL-type - INFO - ===================== Round 1 of 6000 =====================
2022-04-29 11:09:39,251 - FL-type - INFO - --------------------- selection stage ---------------------
2022-04-29 11:09:39,251 - FL-type - INFO - current time: 0	time window: 20.0	
2022-04-29 11:09:39,252 - FL-type - INFO - 827 of 827 clients online
2022-04-29 11:09:39,253 - FL-type - INFO - selected num: 100
2022-04-29 11:09:39,254 - FL-type - INFO - --------------------- configuration stage ---------------------
2022-04-29 11:09:39,254 - FL-type - INFO - this round deadline 41
2022-04-29 11:10:01,122 - FL-type - INFO - average acc: 0.9893908622130038, average loss: 0.06066238013501565
2022-04-29 11:10:01,123 - FL-type - INFO - configuration and update stage simulation time: 41
2022-04-29 11:10:01,124 - FL-type - INFO - --------------------- report stage ---------------------
2022-04-29 11:10:01,124 - FL-type - INFO - 57 of 100 clients upload successfully
2022-04-29 11:10:01,125 - FL-type - INFO - round succeed, updating global model...
2022-04-29 11:10:01,125 - FL-type - INFO - Aggragate with SucFedAvg
2022-04-29 11:10:01,143 - FL-type - INFO - ===================== Round 2 of 6000 =====================
2022-04-29 11:10:01,143 - FL-type - INFO - --------------------- selection stage ---------------------
2022-04-29 11:10:01,144 - FL-type - INFO - current time: 61.0	time window: 20.0	
2022-04-29 11:10:01,145 - FL-type - INFO - 827 of 827 clients online
2022-04-29 11:10:01,147 - FL-type - INFO - selected num: 100
2022-04-29 11:10:01,148 - FL-type - INFO - --------------------- configuration stage ---------------------
2022-04-29 11:10:01,148 - FL-type - INFO - this round deadline 41
2022-04-29 11:10:22,356 - FL-type - INFO - average acc: 0.9880299858871288, average loss: 0.05102924015501765
2022-04-29 11:10:22,357 - FL-type - INFO - configuration and update stage simulation time: 41
2022-04-29 11:10:22,357 - FL-type - INFO - --------------------- report stage ---------------------
2022-04-29 11:10:22,358 - FL-type - INFO - 63 of 100 clients upload successfully
2022-04-29 11:10:22,358 - FL-type - INFO - round succeed, updating global model...
2022-04-29 11:10:22,358 - FL-type - INFO - Aggragate with SucFedAvg
2022-04-29 11:10:22,370 - FL-type - INFO - ===================== Round 3 of 6000 =====================
2022-04-29 11:10:22,370 - FL-type - INFO - --------------------- selection stage ---------------------
2022-04-29 11:10:22,371 - FL-type - INFO - current time: 122.0	time window: 20.0	
2022-04-29 11:10:22,371 - FL-type - INFO - 827 of 827 clients online
2022-04-29 11:10:22,374 - FL-type - INFO - selected num: 100
2022-04-29 11:10:22,374 - FL-type - INFO - --------------------- configuration stage ---------------------
2022-04-29 11:10:22,374 - FL-type - INFO - this round deadline 41
2022-04-29 11:10:38,262 - FL-type - INFO - average acc: 0.9944192997840703, average loss: 0.04123749514549689
2022-04-29 11:10:38,262 - FL-type - INFO - configuration and update stage simulation time: 41
2022-04-29 11:10:38,263 - FL-type - INFO - --------------------- report stage ---------------------
2022-04-29 11:10:38,263 - FL-type - INFO - 53 of 100 clients upload successfully
2022-04-29 11:10:38,263 - FL-type - INFO - round succeed, updating global model...
2022-04-29 11:10:38,263 - FL-type - INFO - Aggragate with SucFedAvg
2022-04-29 11:10:38,274 - FL-type - INFO - ===================== Round 4 of 6000 =====================
2022-04-29 11:10:38,275 - FL-type - INFO - --------------------- selection stage ---------------------
2022-04-29 11:10:38,275 - FL-type - INFO - current time: 183.0	time window: 20.0	
2022-04-29 11:10:38,276 - FL-type - INFO - 827 of 827 clients online
2022-04-29 11:10:38,278 - FL-type - INFO - selected num: 100
2022-04-29 11:10:38,278 - FL-type - INFO - --------------------- configuration stage ---------------------
2022-04-29 11:10:38,279 - FL-type - INFO - this round deadline 41
2022-04-29 11:10:58,034 - FL-type - INFO - average acc: 0.9973452148890746, average loss: 0.038286511420697104
2022-04-29 11:10:58,035 - FL-type - INFO - configuration and update stage simulation time: 41
2022-04-29 11:10:58,035 - FL-type - INFO - --------------------- report stage ---------------------
2022-04-29 11:10:58,035 - FL-type - INFO - 57 of 100 clients upload successfully
2022-04-29 11:10:58,035 - FL-type - INFO - round succeed, updating global model...
2022-04-29 11:10:58,035 - FL-type - INFO - Aggragate with SucFedAvg
2022-04-29 11:10:58,046 - FL-type - INFO - ===================== Round 5 of 6000 =====================
2022-04-29 11:10:58,046 - FL-type - INFO - --------------------- selection stage ---------------------
2022-04-29 11:10:58,046 - FL-type - INFO - current time: 244.0	time window: 20.0	
2022-04-29 11:10:58,047 - FL-type - INFO - 827 of 827 clients online
2022-04-29 11:10:58,049 - FL-type - INFO - selected num: 100
2022-04-29 11:10:58,049 - FL-type - INFO - --------------------- configuration stage ---------------------
2022-04-29 11:10:58,049 - FL-type - INFO - this round deadline 41
2022-04-29 11:11:18,550 - FL-type - INFO - average acc: 0.99117054932413, average loss: 0.06220403058381873
2022-04-29 11:11:18,551 - FL-type - INFO - configuration and update stage simulation time: 41
2022-04-29 11:11:18,551 - FL-type - INFO - --------------------- report stage ---------------------
2022-04-29 11:11:18,551 - FL-type - INFO - 61 of 100 clients upload successfully
2022-04-29 11:11:18,552 - FL-type - INFO - round succeed, updating global model...
2022-04-29 11:11:18,552 - FL-type - INFO - Aggragate with SucFedAvg
2022-04-29 11:11:18,567 - FL-type - INFO - --------------------- test result ---------------------
2022-04-29 11:11:23,269 - FL-type - INFO - test_accuracy: 0.6024096385542169, 10th percentile: 0.4, 50th percentile: 0.5611111111111111, 90th percentile 0.7766666666666667
2022-04-29 11:11:23,271 - FL-type - INFO - test_loss: 0.7393201012740028, 10th percentile: 0.4445679128170013, 50th percentile: 0.7741596698760986, 90th percentile 1.0464120507240295
2022-04-29 11:11:23,271 - FL-type - INFO - ===================== Round 6 of 6000 =====================
2022-04-29 11:11:23,271 - FL-type - INFO - --------------------- selection stage ---------------------
2022-04-29 11:11:23,271 - FL-type - INFO - current time: 305.0	time window: 20.0	
2022-04-29 11:11:23,272 - FL-type - INFO - 827 of 827 clients online
2022-04-29 11:11:23,275 - FL-type - INFO - selected num: 100
2022-04-29 11:11:23,275 - FL-type - INFO - --------------------- configuration stage ---------------------
2022-04-29 11:11:23,276 - FL-type - INFO - this round deadline 41
2022-04-29 11:11:44,436 - FL-type - INFO - average acc: 0.99609375, average loss: 0.04049748799934605
2022-04-29 11:11:44,437 - FL-type - INFO - configuration and update stage simulation time: 41
2022-04-29 11:11:44,437 - FL-type - INFO - --------------------- report stage ---------------------
2022-04-29 11:11:44,437 - FL-type - INFO - 64 of 100 clients upload successfully
2022-04-29 11:11:44,438 - FL-type - INFO - round succeed, updating global model...
2022-04-29 11:11:44,438 - FL-type - INFO - Aggragate with SucFedAvg
2022-04-29 11:11:44,451 - FL-type - INFO - ===================== Round 7 of 6000 =====================
2022-04-29 11:11:44,452 - FL-type - INFO - --------------------- selection stage ---------------------
2022-04-29 11:11:44,452 - FL-type - INFO - current time: 366.0	time window: 20.0	
2022-04-29 11:11:44,453 - FL-type - INFO - 827 of 827 clients online
2022-04-29 11:11:44,455 - FL-type - INFO - selected num: 100
2022-04-29 11:11:44,456 - FL-type - INFO - --------------------- configuration stage ---------------------
2022-04-29 11:11:44,456 - FL-type - INFO - this round deadline 41
2022-04-29 11:12:02,313 - FL-type - INFO - average acc: 1.0, average loss: 0.031823576762964774
2022-04-29 11:12:02,314 - FL-type - INFO - configuration and update stage simulation time: 41
2022-04-29 11:12:02,314 - FL-type - INFO - --------------------- report stage ---------------------
2022-04-29 11:12:02,314 - FL-type - INFO - 53 of 100 clients upload successfully
2022-04-29 11:12:02,314 - FL-type - INFO - round succeed, updating global model...
2022-04-29 11:12:02,314 - FL-type - INFO - Aggragate with SucFedAvg
2022-04-29 11:12:02,323 - FL-type - INFO - ===================== Round 8 of 6000 =====================
2022-04-29 11:12:02,324 - FL-type - INFO - --------------------- selection stage ---------------------
2022-04-29 11:12:02,324 - FL-type - INFO - current time: 427.0	time window: 20.0	
2022-04-29 11:12:02,325 - FL-type - INFO - 827 of 827 clients online
2022-04-29 11:12:02,327 - FL-type - INFO - selected num: 100
2022-04-29 11:12:02,327 - FL-type - INFO - --------------------- configuration stage ---------------------
2022-04-29 11:12:02,327 - FL-type - INFO - this round deadline 41
2022-04-29 11:12:20,610 - FL-type - INFO - average acc: 1.0, average loss: 0.0335677392559789
2022-04-29 11:12:20,610 - FL-type - INFO - configuration and update stage simulation time: 41
2022-04-29 11:12:20,611 - FL-type - INFO - --------------------- report stage ---------------------
2022-04-29 11:12:20,611 - FL-type - INFO - 59 of 100 clients upload successfully
2022-04-29 11:12:20,611 - FL-type - INFO - round succeed, updating global model...
2022-04-29 11:12:20,611 - FL-type - INFO - Aggragate with SucFedAvg
2022-04-29 11:12:20,629 - FL-type - INFO - ===================== Round 9 of 6000 =====================
2022-04-29 11:12:20,629 - FL-type - INFO - --------------------- selection stage ---------------------
2022-04-29 11:12:20,630 - FL-type - INFO - current time: 488.0	time window: 20.0	
2022-04-29 11:12:20,631 - FL-type - INFO - 827 of 827 clients online
2022-04-29 11:12:20,633 - FL-type - INFO - selected num: 100
2022-04-29 11:12:20,633 - FL-type - INFO - --------------------- configuration stage ---------------------
2022-04-29 11:12:20,634 - FL-type - INFO - this round deadline 41
2022-04-29 11:12:44,133 - FL-type - INFO - average acc: 0.997310868375336, average loss: 0.03378046810141076
2022-04-29 11:12:44,134 - FL-type - INFO - configuration and update stage simulation time: 41
2022-04-29 11:12:44,134 - FL-type - INFO - --------------------- report stage ---------------------
2022-04-29 11:12:44,134 - FL-type - INFO - 69 of 100 clients upload successfully
2022-04-29 11:12:44,134 - FL-type - INFO - round succeed, updating global model...
2022-04-29 11:12:44,135 - FL-type - INFO - Aggragate with SucFedAvg
2022-04-29 11:12:44,150 - FL-type - INFO - ===================== Round 10 of 6000 =====================
2022-04-29 11:12:44,150 - FL-type - INFO - --------------------- selection stage ---------------------
2022-04-29 11:12:44,151 - FL-type - INFO - current time: 549.0	time window: 20.0	
2022-04-29 11:12:44,152 - FL-type - INFO - 827 of 827 clients online
2022-04-29 11:12:44,154 - FL-type - INFO - selected num: 100
2022-04-29 11:12:44,154 - FL-type - INFO - --------------------- configuration stage ---------------------
2022-04-29 11:12:44,155 - FL-type - INFO - this round deadline 41
2022-04-29 11:13:04,736 - FL-type - INFO - average acc: 0.9988304093567252, average loss: 0.03259077184351586
2022-04-29 11:13:04,737 - FL-type - INFO - configuration and update stage simulation time: 41
2022-04-29 11:13:04,737 - FL-type - INFO - --------------------- report stage ---------------------
2022-04-29 11:13:04,737 - FL-type - INFO - 57 of 100 clients upload successfully
2022-04-29 11:13:04,737 - FL-type - INFO - round succeed, updating global model...
2022-04-29 11:13:04,737 - FL-type - INFO - Aggragate with SucFedAvg
2022-04-29 11:13:04,749 - FL-type - INFO - --------------------- test result ---------------------
2022-04-29 11:13:09,363 - FL-type - INFO - test_accuracy: 0.6710319539025668, 10th percentile: 0.5501724137931034, 50th percentile: 0.6666666666666666, 90th percentile 0.8323529411764706
2022-04-29 11:13:09,364 - FL-type - INFO - test_loss: 0.6248181373926905, 10th percentile: 0.42127431333065035, 50th percentile: 0.6353617012500763, 90th percentile 0.8450592935085297
2022-04-29 11:13:09,364 - FL-type - INFO - ===================== Round 11 of 6000 =====================
2022-04-29 11:13:09,364 - FL-type - INFO - --------------------- selection stage ---------------------
2022-04-29 11:13:09,364 - FL-type - INFO - current time: 610.0	time window: 20.0	
2022-04-29 11:13:09,365 - FL-type - INFO - 827 of 827 clients online
2022-04-29 11:13:09,368 - FL-type - INFO - selected num: 100
2022-04-29 11:13:09,368 - FL-type - INFO - --------------------- configuration stage ---------------------
2022-04-29 11:13:09,369 - FL-type - INFO - this round deadline 41
2022-04-29 11:13:26,720 - FL-type - INFO - average acc: 0.996746909564086, average loss: 0.03471731647128626
2022-04-29 11:13:26,721 - FL-type - INFO - configuration and update stage simulation time: 41
2022-04-29 11:13:26,721 - FL-type - INFO - --------------------- report stage ---------------------
2022-04-29 11:13:26,722 - FL-type - INFO - 53 of 100 clients upload successfully
2022-04-29 11:13:26,722 - FL-type - INFO - round succeed, updating global model...
2022-04-29 11:13:26,722 - FL-type - INFO - Aggragate with SucFedAvg
2022-04-29 11:13:26,736 - FL-type - INFO - ===================== Round 12 of 6000 =====================
2022-04-29 11:13:26,737 - FL-type - INFO - --------------------- selection stage ---------------------
2022-04-29 11:13:26,737 - FL-type - INFO - current time: 671.0	time window: 20.0	
2022-04-29 11:13:26,738 - FL-type - INFO - 827 of 827 clients online
2022-04-29 11:13:26,743 - FL-type - INFO - selected num: 100
2022-04-29 11:13:26,743 - FL-type - INFO - --------------------- configuration stage ---------------------
2022-04-29 11:13:26,743 - FL-type - INFO - this round deadline 41
2022-04-29 11:13:47,027 - FL-type - INFO - average acc: 0.9988700564971751, average loss: 0.03226111918664143
2022-04-29 11:13:47,027 - FL-type - INFO - configuration and update stage simulation time: 41
2022-04-29 11:13:47,028 - FL-type - INFO - --------------------- report stage ---------------------
2022-04-29 11:13:47,028 - FL-type - INFO - 59 of 100 clients upload successfully
2022-04-29 11:13:47,028 - FL-type - INFO - round succeed, updating global model...
2022-04-29 11:13:47,028 - FL-type - INFO - Aggragate with SucFedAvg
2022-04-29 11:13:47,040 - FL-type - INFO - ===================== Round 13 of 6000 =====================
2022-04-29 11:13:47,040 - FL-type - INFO - --------------------- selection stage ---------------------
2022-04-29 11:13:47,040 - FL-type - INFO - current time: 732.0	time window: 20.0	
2022-04-29 11:13:47,041 - FL-type - INFO - 827 of 827 clients online
2022-04-29 11:13:47,043 - FL-type - INFO - selected num: 100
2022-04-29 11:13:47,044 - FL-type - INFO - --------------------- configuration stage ---------------------
2022-04-29 11:13:47,044 - FL-type - INFO - this round deadline 41
2022-04-29 11:14:05,364 - FL-type - INFO - average acc: 0.9992690058479533, average loss: 0.0257907968163572
2022-04-29 11:14:05,364 - FL-type - INFO - configuration and update stage simulation time: 41
2022-04-29 11:14:05,364 - FL-type - INFO - --------------------- report stage ---------------------
2022-04-29 11:14:05,364 - FL-type - INFO - 57 of 100 clients upload successfully
2022-04-29 11:14:05,365 - FL-type - INFO - round succeed, updating global model...
2022-04-29 11:14:05,365 - FL-type - INFO - Aggragate with SucFedAvg
2022-04-29 11:14:05,376 - FL-type - INFO - ===================== Round 14 of 6000 =====================
2022-04-29 11:14:05,376 - FL-type - INFO - --------------------- selection stage ---------------------
2022-04-29 11:14:05,377 - FL-type - INFO - current time: 793.0	time window: 20.0	
2022-04-29 11:14:05,377 - FL-type - INFO - 827 of 827 clients online
2022-04-29 11:14:05,380 - FL-type - INFO - selected num: 100
2022-04-29 11:14:05,380 - FL-type - INFO - --------------------- configuration stage ---------------------
2022-04-29 11:14:05,380 - FL-type - INFO - this round deadline 41
2022-04-29 11:14:24,851 - FL-type - INFO - average acc: 0.9897321428571428, average loss: 0.04281286484287453
2022-04-29 11:14:24,852 - FL-type - INFO - configuration and update stage simulation time: 41
2022-04-29 11:14:24,852 - FL-type - INFO - --------------------- report stage ---------------------
2022-04-29 11:14:24,852 - FL-type - INFO - 56 of 100 clients upload successfully
2022-04-29 11:14:24,853 - FL-type - INFO - round succeed, updating global model...
2022-04-29 11:14:24,853 - FL-type - INFO - Aggragate with SucFedAvg
2022-04-29 11:14:24,868 - FL-type - INFO - ===================== Round 15 of 6000 =====================
2022-04-29 11:14:24,868 - FL-type - INFO - --------------------- selection stage ---------------------
2022-04-29 11:14:24,868 - FL-type - INFO - current time: 854.0	time window: 20.0	
2022-04-29 11:14:24,869 - FL-type - INFO - 827 of 827 clients online
2022-04-29 11:14:24,871 - FL-type - INFO - selected num: 100
2022-04-29 11:14:24,871 - FL-type - INFO - --------------------- configuration stage ---------------------
2022-04-29 11:14:24,871 - FL-type - INFO - this round deadline 41
2022-04-29 11:14:42,363 - FL-type - INFO - average acc: 0.9980769230769231, average loss: 0.032667654074220294
2022-04-29 11:14:42,364 - FL-type - INFO - configuration and update stage simulation time: 41
2022-04-29 11:14:42,364 - FL-type - INFO - --------------------- report stage ---------------------
2022-04-29 11:14:42,365 - FL-type - INFO - 52 of 100 clients upload successfully
2022-04-29 11:14:42,365 - FL-type - INFO - round succeed, updating global model...
2022-04-29 11:14:42,365 - FL-type - INFO - Aggragate with SucFedAvg
2022-04-29 11:14:42,377 - FL-type - INFO - --------------------- test result ---------------------
2022-04-29 11:14:47,146 - FL-type - INFO - test_accuracy: 0.7134625458355159, 10th percentile: 0.5338461538461539, 50th percentile: 0.7, 90th percentile 0.8571428571428571
2022-04-29 11:14:47,147 - FL-type - INFO - test_loss: 0.5782273167431073, 10th percentile: 0.38260404765605927, 50th percentile: 0.582446426153183, 90th percentile 0.8745222687721254
2022-04-29 11:14:47,147 - FL-type - INFO - ===================== Round 16 of 6000 =====================
2022-04-29 11:14:47,147 - FL-type - INFO - --------------------- selection stage ---------------------
2022-04-29 11:14:47,147 - FL-type - INFO - current time: 915.0	time window: 20.0	
2022-04-29 11:14:47,148 - FL-type - INFO - 827 of 827 clients online
2022-04-29 11:14:47,150 - FL-type - INFO - selected num: 100
2022-04-29 11:14:47,150 - FL-type - INFO - --------------------- configuration stage ---------------------
2022-04-29 11:14:47,150 - FL-type - INFO - this round deadline 41
2022-04-29 11:15:06,393 - FL-type - INFO - average acc: 0.99768875192604, average loss: 0.026960582052104932
2022-04-29 11:15:06,394 - FL-type - INFO - configuration and update stage simulation time: 41
2022-04-29 11:15:06,394 - FL-type - INFO - --------------------- report stage ---------------------
2022-04-29 11:15:06,394 - FL-type - INFO - 59 of 100 clients upload successfully
2022-04-29 11:15:06,395 - FL-type - INFO - round succeed, updating global model...
2022-04-29 11:15:06,395 - FL-type - INFO - Aggragate with SucFedAvg
2022-04-29 11:15:06,410 - FL-type - INFO - ===================== Round 17 of 6000 =====================
2022-04-29 11:15:06,410 - FL-type - INFO - --------------------- selection stage ---------------------
2022-04-29 11:15:06,410 - FL-type - INFO - current time: 976.0	time window: 20.0	
2022-04-29 11:15:06,411 - FL-type - INFO - 827 of 827 clients online
2022-04-29 11:15:06,413 - FL-type - INFO - selected num: 100
2022-04-29 11:15:06,414 - FL-type - INFO - --------------------- configuration stage ---------------------
2022-04-29 11:15:06,414 - FL-type - INFO - this round deadline 41
2022-04-29 11:15:23,691 - FL-type - INFO - average acc: 0.9993197278911565, average loss: 0.030501656664288317
2022-04-29 11:15:23,691 - FL-type - INFO - configuration and update stage simulation time: 41
2022-04-29 11:15:23,692 - FL-type - INFO - --------------------- report stage ---------------------
2022-04-29 11:15:23,692 - FL-type - INFO - 49 of 100 clients upload successfully
2022-04-29 11:15:23,692 - FL-type - INFO - round succeed, updating global model...
2022-04-29 11:15:23,692 - FL-type - INFO - Aggragate with SucFedAvg
2022-04-29 11:15:23,703 - FL-type - INFO - ===================== Round 18 of 6000 =====================
2022-04-29 11:15:23,704 - FL-type - INFO - --------------------- selection stage ---------------------
2022-04-29 11:15:23,704 - FL-type - INFO - current time: 1037.0	time window: 20.0	
2022-04-29 11:15:23,705 - FL-type - INFO - 827 of 827 clients online
2022-04-29 11:15:23,707 - FL-type - INFO - selected num: 100
2022-04-29 11:15:23,707 - FL-type - INFO - --------------------- configuration stage ---------------------
2022-04-29 11:15:23,708 - FL-type - INFO - this round deadline 41
2022-04-29 11:15:43,807 - FL-type - INFO - average acc: 0.9991645781119465, average loss: 0.027170293059801526
2022-04-29 11:15:43,808 - FL-type - INFO - configuration and update stage simulation time: 41
2022-04-29 11:15:43,808 - FL-type - INFO - --------------------- report stage ---------------------
2022-04-29 11:15:43,808 - FL-type - INFO - 57 of 100 clients upload successfully
2022-04-29 11:15:43,809 - FL-type - INFO - round succeed, updating global model...
2022-04-29 11:15:43,809 - FL-type - INFO - Aggragate with SucFedAvg
2022-04-29 11:15:43,821 - FL-type - INFO - ===================== Round 19 of 6000 =====================
2022-04-29 11:15:43,821 - FL-type - INFO - --------------------- selection stage ---------------------
2022-04-29 11:15:43,822 - FL-type - INFO - current time: 1098.0	time window: 20.0	
2022-04-29 11:15:43,823 - FL-type - INFO - 827 of 827 clients online
2022-04-29 11:15:43,825 - FL-type - INFO - selected num: 100
2022-04-29 11:15:43,825 - FL-type - INFO - --------------------- configuration stage ---------------------
2022-04-29 11:15:43,826 - FL-type - INFO - this round deadline 41
2022-04-29 11:16:00,989 - FL-type - INFO - average acc: 1.0, average loss: 0.027701698874201004
2022-04-29 11:16:00,989 - FL-type - INFO - configuration and update stage simulation time: 41
2022-04-29 11:16:00,990 - FL-type - INFO - --------------------- report stage ---------------------
2022-04-29 11:16:00,990 - FL-type - INFO - 54 of 100 clients upload successfully
2022-04-29 11:16:00,990 - FL-type - INFO - round succeed, updating global model...
2022-04-29 11:16:00,990 - FL-type - INFO - Aggragate with SucFedAvg
2022-04-29 11:16:01,005 - FL-type - INFO - ===================== Round 20 of 6000 =====================
2022-04-29 11:16:01,005 - FL-type - INFO - --------------------- selection stage ---------------------
2022-04-29 11:16:01,005 - FL-type - INFO - current time: 1159.0	time window: 20.0	
2022-04-29 11:16:01,006 - FL-type - INFO - 827 of 827 clients online
2022-04-29 11:16:01,009 - FL-type - INFO - selected num: 100
2022-04-29 11:16:01,009 - FL-type - INFO - --------------------- configuration stage ---------------------
2022-04-29 11:16:01,009 - FL-type - INFO - this round deadline 41
2022-04-29 11:16:18,577 - FL-type - INFO - average acc: 0.9991015274034142, average loss: 0.026613072487789224
2022-04-29 11:16:18,577 - FL-type - INFO - configuration and update stage simulation time: 41
2022-04-29 11:16:18,577 - FL-type - INFO - --------------------- report stage ---------------------
2022-04-29 11:16:18,578 - FL-type - INFO - 53 of 100 clients upload successfully
2022-04-29 11:16:18,578 - FL-type - INFO - round succeed, updating global model...
2022-04-29 11:16:18,578 - FL-type - INFO - Aggragate with SucFedAvg
2022-04-29 11:16:18,588 - FL-type - INFO - --------------------- test result ---------------------
2022-04-29 11:16:23,392 - FL-type - INFO - test_accuracy: 0.7349397590361446, 10th percentile: 0.5459090909090909, 50th percentile: 0.728735632183908, 90th percentile 0.9163043478260869
2022-04-29 11:16:23,393 - FL-type - INFO - test_loss: 0.5460978164340015, 10th percentile: 0.3152588367462158, 50th percentile: 0.5745112299919128, 90th percentile 0.7606056869029999
2022-04-29 11:16:23,393 - FL-type - INFO - ===================== Round 21 of 6000 =====================
2022-04-29 11:16:23,394 - FL-type - INFO - --------------------- selection stage ---------------------
2022-04-29 11:16:23,394 - FL-type - INFO - current time: 1220.0	time window: 20.0	
2022-04-29 11:16:23,395 - FL-type - INFO - 827 of 827 clients online
2022-04-29 11:16:23,397 - FL-type - INFO - selected num: 100
2022-04-29 11:16:23,397 - FL-type - INFO - --------------------- configuration stage ---------------------
2022-04-29 11:16:23,398 - FL-type - INFO - this round deadline 41
2022-04-29 11:16:39,848 - FL-type - INFO - average acc: 0.9965277777777777, average loss: 0.031748281834249305
2022-04-29 11:16:39,849 - FL-type - INFO - configuration and update stage simulation time: 41
2022-04-29 11:16:39,849 - FL-type - INFO - --------------------- report stage ---------------------
2022-04-29 11:16:39,849 - FL-type - INFO - 48 of 100 clients upload successfully
2022-04-29 11:16:39,849 - FL-type - INFO - round succeed, updating global model...
2022-04-29 11:16:39,849 - FL-type - INFO - Aggragate with SucFedAvg
2022-04-29 11:16:39,860 - FL-type - INFO - ===================== Round 22 of 6000 =====================
2022-04-29 11:16:39,860 - FL-type - INFO - --------------------- selection stage ---------------------
2022-04-29 11:16:39,861 - FL-type - INFO - current time: 1281.0	time window: 20.0	
2022-04-29 11:16:39,862 - FL-type - INFO - 827 of 827 clients online
2022-04-29 11:16:39,864 - FL-type - INFO - selected num: 100
2022-04-29 11:16:39,864 - FL-type - INFO - --------------------- configuration stage ---------------------
2022-04-29 11:16:39,864 - FL-type - INFO - this round deadline 41
2022-04-29 11:16:59,679 - FL-type - INFO - average acc: 0.9976520654486755, average loss: 0.027842904552541105
2022-04-29 11:16:59,679 - FL-type - INFO - configuration and update stage simulation time: 41
2022-04-29 11:16:59,680 - FL-type - INFO - --------------------- report stage ---------------------
2022-04-29 11:16:59,680 - FL-type - INFO - 59 of 100 clients upload successfully
2022-04-29 11:16:59,680 - FL-type - INFO - round succeed, updating global model...
2022-04-29 11:16:59,680 - FL-type - INFO - Aggragate with SucFedAvg
2022-04-29 11:16:59,693 - FL-type - INFO - ===================== Round 23 of 6000 =====================
2022-04-29 11:16:59,693 - FL-type - INFO - --------------------- selection stage ---------------------
2022-04-29 11:16:59,693 - FL-type - INFO - current time: 1342.0	time window: 20.0	
2022-04-29 11:16:59,695 - FL-type - INFO - 827 of 827 clients online
2022-04-29 11:16:59,697 - FL-type - INFO - selected num: 100
2022-04-29 11:16:59,698 - FL-type - INFO - --------------------- configuration stage ---------------------
2022-04-29 11:16:59,698 - FL-type - INFO - this round deadline 41
2022-04-29 11:17:18,141 - FL-type - INFO - average acc: 0.9994343891402715, average loss: 0.02380284414259502
2022-04-29 11:17:18,142 - FL-type - INFO - configuration and update stage simulation time: 41
2022-04-29 11:17:18,142 - FL-type - INFO - --------------------- report stage ---------------------
2022-04-29 11:17:18,142 - FL-type - INFO - 52 of 100 clients upload successfully
2022-04-29 11:17:18,143 - FL-type - INFO - round succeed, updating global model...
2022-04-29 11:17:18,143 - FL-type - INFO - Aggragate with SucFedAvg
2022-04-29 11:17:18,157 - FL-type - INFO - ===================== Round 24 of 6000 =====================
2022-04-29 11:17:18,157 - FL-type - INFO - --------------------- selection stage ---------------------
2022-04-29 11:17:18,157 - FL-type - INFO - current time: 1403.0	time window: 20.0	
2022-04-29 11:17:18,158 - FL-type - INFO - 827 of 827 clients online
2022-04-29 11:17:18,161 - FL-type - INFO - selected num: 100
2022-04-29 11:17:18,161 - FL-type - INFO - --------------------- configuration stage ---------------------
2022-04-29 11:17:18,161 - FL-type - INFO - this round deadline 41
2022-04-29 11:17:37,034 - FL-type - INFO - average acc: 0.9993220338983051, average loss: 0.024589739970259084
2022-04-29 11:17:37,035 - FL-type - INFO - configuration and update stage simulation time: 41
2022-04-29 11:17:37,035 - FL-type - INFO - --------------------- report stage ---------------------
2022-04-29 11:17:37,035 - FL-type - INFO - 59 of 100 clients upload successfully
2022-04-29 11:17:37,035 - FL-type - INFO - round succeed, updating global model...
2022-04-29 11:17:37,036 - FL-type - INFO - Aggragate with SucFedAvg
2022-04-29 11:17:37,046 - FL-type - INFO - ===================== Round 25 of 6000 =====================
2022-04-29 11:17:37,046 - FL-type - INFO - --------------------- selection stage ---------------------
2022-04-29 11:17:37,046 - FL-type - INFO - current time: 1464.0	time window: 20.0	
2022-04-29 11:17:37,047 - FL-type - INFO - 827 of 827 clients online
2022-04-29 11:17:37,049 - FL-type - INFO - selected num: 100
2022-04-29 11:17:37,049 - FL-type - INFO - --------------------- configuration stage ---------------------
2022-04-29 11:17:37,050 - FL-type - INFO - this round deadline 41
2022-04-29 11:17:55,672 - FL-type - INFO - average acc: 0.9984276729559749, average loss: 0.022246434466961666
2022-04-29 11:17:55,673 - FL-type - INFO - configuration and update stage simulation time: 41
2022-04-29 11:17:55,673 - FL-type - INFO - --------------------- report stage ---------------------
2022-04-29 11:17:55,674 - FL-type - INFO - 53 of 100 clients upload successfully
2022-04-29 11:17:55,674 - FL-type - INFO - round succeed, updating global model...
2022-04-29 11:17:55,674 - FL-type - INFO - Aggragate with SucFedAvg
2022-04-29 11:17:55,686 - FL-type - INFO - --------------------- test result ---------------------
2022-04-29 11:18:00,501 - FL-type - INFO - test_accuracy: 0.7553693033001572, 10th percentile: 0.5333333333333333, 50th percentile: 0.7586206896551724, 90th percentile 0.9086580086580087
2022-04-29 11:18:00,502 - FL-type - INFO - test_loss: 0.5303022791463209, 10th percentile: 0.25509750247001645, 50th percentile: 0.5031919479370117, 90th percentile 0.9213368833065034
2022-04-29 11:18:00,502 - FL-type - INFO - ===================== Round 26 of 6000 =====================
2022-04-29 11:18:00,502 - FL-type - INFO - --------------------- selection stage ---------------------
2022-04-29 11:18:00,502 - FL-type - INFO - current time: 1525.0	time window: 20.0	
2022-04-29 11:18:00,503 - FL-type - INFO - 827 of 827 clients online
2022-04-29 11:18:00,506 - FL-type - INFO - selected num: 100
2022-04-29 11:18:00,506 - FL-type - INFO - --------------------- configuration stage ---------------------
2022-04-29 11:18:00,506 - FL-type - INFO - this round deadline 41
2022-04-29 11:18:18,787 - FL-type - INFO - average acc: 1.0, average loss: 0.020964267382655163
2022-04-29 11:18:18,787 - FL-type - INFO - configuration and update stage simulation time: 41
2022-04-29 11:18:18,788 - FL-type - INFO - --------------------- report stage ---------------------
2022-04-29 11:18:18,788 - FL-type - INFO - 58 of 100 clients upload successfully
2022-04-29 11:18:18,788 - FL-type - INFO - round succeed, updating global model...
2022-04-29 11:18:18,788 - FL-type - INFO - Aggragate with SucFedAvg
2022-04-29 11:18:18,806 - FL-type - INFO - ===================== Round 27 of 6000 =====================
2022-04-29 11:18:18,806 - FL-type - INFO - --------------------- selection stage ---------------------
2022-04-29 11:18:18,806 - FL-type - INFO - current time: 1586.0	time window: 20.0	
2022-04-29 11:18:18,808 - FL-type - INFO - 827 of 827 clients online
2022-04-29 11:18:18,812 - FL-type - INFO - selected num: 100
2022-04-29 11:18:18,812 - FL-type - INFO - --------------------- configuration stage ---------------------
2022-04-29 11:18:18,813 - FL-type - INFO - this round deadline 41
2022-04-29 11:18:37,546 - FL-type - INFO - average acc: 0.9991341991341991, average loss: 0.02417234950487248
2022-04-29 11:18:37,546 - FL-type - INFO - configuration and update stage simulation time: 41
2022-04-29 11:18:37,547 - FL-type - INFO - --------------------- report stage ---------------------
2022-04-29 11:18:37,547 - FL-type - INFO - 55 of 100 clients upload successfully
2022-04-29 11:18:37,547 - FL-type - INFO - round succeed, updating global model...
2022-04-29 11:18:37,547 - FL-type - INFO - Aggragate with SucFedAvg
2022-04-29 11:18:37,559 - FL-type - INFO - ===================== Round 28 of 6000 =====================
2022-04-29 11:18:37,560 - FL-type - INFO - --------------------- selection stage ---------------------
2022-04-29 11:18:37,560 - FL-type - INFO - current time: 1647.0	time window: 20.0	
2022-04-29 11:18:37,561 - FL-type - INFO - 827 of 827 clients online
2022-04-29 11:18:37,563 - FL-type - INFO - selected num: 100
2022-04-29 11:18:37,563 - FL-type - INFO - --------------------- configuration stage ---------------------
2022-04-29 11:18:37,563 - FL-type - INFO - this round deadline 41
2022-04-29 11:18:57,171 - FL-type - INFO - average acc: 0.9983077528532073, average loss: 0.022616646811366083
2022-04-29 11:18:57,171 - FL-type - INFO - configuration and update stage simulation time: 41
2022-04-29 11:18:57,171 - FL-type - INFO - --------------------- report stage ---------------------
2022-04-29 11:18:57,172 - FL-type - INFO - 55 of 100 clients upload successfully
2022-04-29 11:18:57,172 - FL-type - INFO - round succeed, updating global model...
2022-04-29 11:18:57,172 - FL-type - INFO - Aggragate with SucFedAvg
2022-04-29 11:18:57,182 - FL-type - INFO - ===================== Round 29 of 6000 =====================
2022-04-29 11:18:57,183 - FL-type - INFO - --------------------- selection stage ---------------------
2022-04-29 11:18:57,183 - FL-type - INFO - current time: 1708.0	time window: 20.0	
2022-04-29 11:18:57,184 - FL-type - INFO - 827 of 827 clients online
2022-04-29 11:18:57,186 - FL-type - INFO - selected num: 100
2022-04-29 11:18:57,186 - FL-type - INFO - --------------------- configuration stage ---------------------
2022-04-29 11:18:57,186 - FL-type - INFO - this round deadline 41
2022-04-29 11:19:17,382 - FL-type - INFO - average acc: 0.9992193598750976, average loss: 0.02388162950633979
2022-04-29 11:19:17,383 - FL-type - INFO - configuration and update stage simulation time: 41
2022-04-29 11:19:17,383 - FL-type - INFO - --------------------- report stage ---------------------
2022-04-29 11:19:17,383 - FL-type - INFO - 61 of 100 clients upload successfully
2022-04-29 11:19:17,384 - FL-type - INFO - round succeed, updating global model...
2022-04-29 11:19:17,384 - FL-type - INFO - Aggragate with SucFedAvg
2022-04-29 11:19:17,395 - FL-type - INFO - ===================== Round 30 of 6000 =====================
2022-04-29 11:19:17,395 - FL-type - INFO - --------------------- selection stage ---------------------
2022-04-29 11:19:17,395 - FL-type - INFO - current time: 1769.0	time window: 20.0	
2022-04-29 11:19:17,396 - FL-type - INFO - 827 of 827 clients online
2022-04-29 11:19:17,398 - FL-type - INFO - selected num: 100
2022-04-29 11:19:17,398 - FL-type - INFO - --------------------- configuration stage ---------------------
2022-04-29 11:19:17,399 - FL-type - INFO - this round deadline 41
2022-04-29 11:19:35,836 - FL-type - INFO - average acc: 1.0, average loss: 0.018781540757045148
2022-04-29 11:19:35,837 - FL-type - INFO - configuration and update stage simulation time: 41
2022-04-29 11:19:35,837 - FL-type - INFO - --------------------- report stage ---------------------
2022-04-29 11:19:35,838 - FL-type - INFO - 50 of 100 clients upload successfully
2022-04-29 11:19:35,838 - FL-type - INFO - round succeed, updating global model...
2022-04-29 11:19:35,838 - FL-type - INFO - Aggragate with SucFedAvg
2022-04-29 11:19:35,851 - FL-type - INFO - --------------------- test result ---------------------
2022-04-29 11:19:40,447 - FL-type - INFO - test_accuracy: 0.7915138816134102, 10th percentile: 0.5565217391304348, 50th percentile: 0.7947368421052632, 90th percentile 0.9491176470588235
2022-04-29 11:19:40,448 - FL-type - INFO - test_loss: 0.47526978962455135, 10th percentile: 0.21523998081684115, 50th percentile: 0.43983420729637146, 90th percentile 0.8185953855514527
2022-04-29 11:19:40,448 - FL-type - INFO - ===================== Round 31 of 6000 =====================
2022-04-29 11:19:40,448 - FL-type - INFO - --------------------- selection stage ---------------------
2022-04-29 11:19:40,449 - FL-type - INFO - current time: 1830.0	time window: 20.0	
2022-04-29 11:19:40,450 - FL-type - INFO - 827 of 827 clients online
2022-04-29 11:19:40,452 - FL-type - INFO - selected num: 100
2022-04-29 11:19:40,452 - FL-type - INFO - --------------------- configuration stage ---------------------
2022-04-29 11:19:40,452 - FL-type - INFO - this round deadline 41
2022-04-29 11:19:58,804 - FL-type - INFO - average acc: 0.9971282051282051, average loss: 0.023776708543300627
2022-04-29 11:19:58,805 - FL-type - INFO - configuration and update stage simulation time: 41
2022-04-29 11:19:58,806 - FL-type - INFO - --------------------- report stage ---------------------
2022-04-29 11:19:58,806 - FL-type - INFO - 50 of 100 clients upload successfully
2022-04-29 11:19:58,807 - FL-type - INFO - round succeed, updating global model...
2022-04-29 11:19:58,807 - FL-type - INFO - Aggragate with SucFedAvg
2022-04-29 11:19:58,819 - FL-type - INFO - ===================== Round 32 of 6000 =====================
2022-04-29 11:19:58,819 - FL-type - INFO - --------------------- selection stage ---------------------
2022-04-29 11:19:58,819 - FL-type - INFO - current time: 1891.0	time window: 20.0	
2022-04-29 11:19:58,820 - FL-type - INFO - 827 of 827 clients online
2022-04-29 11:19:58,822 - FL-type - INFO - selected num: 100
2022-04-29 11:19:58,822 - FL-type - INFO - --------------------- configuration stage ---------------------
2022-04-29 11:19:58,823 - FL-type - INFO - this round deadline 41
2022-04-29 11:20:16,432 - FL-type - INFO - average acc: 1.0, average loss: 0.01831563422684649
2022-04-29 11:20:16,433 - FL-type - INFO - configuration and update stage simulation time: 41
2022-04-29 11:20:16,433 - FL-type - INFO - --------------------- report stage ---------------------
2022-04-29 11:20:16,433 - FL-type - INFO - 51 of 100 clients upload successfully
2022-04-29 11:20:16,434 - FL-type - INFO - round succeed, updating global model...
2022-04-29 11:20:16,434 - FL-type - INFO - Aggragate with SucFedAvg
2022-04-29 11:20:16,444 - FL-type - INFO - ===================== Round 33 of 6000 =====================
2022-04-29 11:20:16,445 - FL-type - INFO - --------------------- selection stage ---------------------
2022-04-29 11:20:16,445 - FL-type - INFO - current time: 1952.0	time window: 20.0	
2022-04-29 11:20:16,446 - FL-type - INFO - 827 of 827 clients online
2022-04-29 11:20:16,448 - FL-type - INFO - selected num: 100
2022-04-29 11:20:16,448 - FL-type - INFO - --------------------- configuration stage ---------------------
2022-04-29 11:20:16,449 - FL-type - INFO - this round deadline 41
2022-04-29 11:20:36,456 - FL-type - INFO - average acc: 1.0, average loss: 0.01675317597691901
2022-04-29 11:20:36,457 - FL-type - INFO - configuration and update stage simulation time: 41
2022-04-29 11:20:36,457 - FL-type - INFO - --------------------- report stage ---------------------
2022-04-29 11:20:36,458 - FL-type - INFO - 60 of 100 clients upload successfully
2022-04-29 11:20:36,458 - FL-type - INFO - round succeed, updating global model...
2022-04-29 11:20:36,458 - FL-type - INFO - Aggragate with SucFedAvg
2022-04-29 11:20:36,471 - FL-type - INFO - ===================== Round 34 of 6000 =====================
2022-04-29 11:20:36,471 - FL-type - INFO - --------------------- selection stage ---------------------
2022-04-29 11:20:36,471 - FL-type - INFO - current time: 2013.0	time window: 20.0	
2022-04-29 11:20:36,472 - FL-type - INFO - 827 of 827 clients online
2022-04-29 11:20:36,475 - FL-type - INFO - selected num: 100
2022-04-29 11:20:36,475 - FL-type - INFO - --------------------- configuration stage ---------------------
2022-04-29 11:20:36,475 - FL-type - INFO - this round deadline 41
2022-04-29 11:20:57,368 - FL-type - INFO - average acc: 0.9991803278688525, average loss: 0.016862934032554327
2022-04-29 11:20:57,369 - FL-type - INFO - configuration and update stage simulation time: 41
2022-04-29 11:20:57,369 - FL-type - INFO - --------------------- report stage ---------------------
2022-04-29 11:20:57,369 - FL-type - INFO - 61 of 100 clients upload successfully
2022-04-29 11:20:57,370 - FL-type - INFO - round succeed, updating global model...
2022-04-29 11:20:57,370 - FL-type - INFO - Aggragate with SucFedAvg
2022-04-29 11:20:57,381 - FL-type - INFO - ===================== Round 35 of 6000 =====================
2022-04-29 11:20:57,381 - FL-type - INFO - --------------------- selection stage ---------------------
2022-04-29 11:20:57,381 - FL-type - INFO - current time: 2074.0	time window: 20.0	
2022-04-29 11:20:57,382 - FL-type - INFO - 827 of 827 clients online
2022-04-29 11:20:57,384 - FL-type - INFO - selected num: 100
2022-04-29 11:20:57,384 - FL-type - INFO - --------------------- configuration stage ---------------------
2022-04-29 11:20:57,384 - FL-type - INFO - this round deadline 41
2022-04-29 11:21:18,018 - FL-type - INFO - average acc: 0.9990512333965844, average loss: 0.015412553877643903
2022-04-29 11:21:18,018 - FL-type - INFO - configuration and update stage simulation time: 41
2022-04-29 11:21:18,018 - FL-type - INFO - --------------------- report stage ---------------------
2022-04-29 11:21:18,018 - FL-type - INFO - 62 of 100 clients upload successfully
2022-04-29 11:21:18,019 - FL-type - INFO - round succeed, updating global model...
2022-04-29 11:21:18,019 - FL-type - INFO - Aggragate with SucFedAvg
2022-04-29 11:21:18,030 - FL-type - INFO - --------------------- test result ---------------------
2022-04-29 11:21:22,800 - FL-type - INFO - test_accuracy: 0.8129910948140388, 10th percentile: 0.6366666666666666, 50th percentile: 0.8297101449275363, 90th percentile 0.9370833333333334
2022-04-29 11:21:22,802 - FL-type - INFO - test_loss: 0.43390709150830387, 10th percentile: 0.20992191433906554, 50th percentile: 0.42566728591918945, 90th percentile 0.7430798709392549
2022-04-29 11:21:22,802 - FL-type - INFO - ===================== Round 36 of 6000 =====================
2022-04-29 11:21:22,802 - FL-type - INFO - --------------------- selection stage ---------------------
2022-04-29 11:21:22,802 - FL-type - INFO - current time: 2135.0	time window: 20.0	
2022-04-29 11:21:22,803 - FL-type - INFO - 827 of 827 clients online
2022-04-29 11:21:22,806 - FL-type - INFO - selected num: 100
2022-04-29 11:21:22,806 - FL-type - INFO - --------------------- configuration stage ---------------------
2022-04-29 11:21:22,806 - FL-type - INFO - this round deadline 41
2022-04-29 11:21:44,190 - FL-type - INFO - average acc: 0.999231950844854, average loss: 0.01853232228912079
2022-04-29 11:21:44,190 - FL-type - INFO - configuration and update stage simulation time: 41
2022-04-29 11:21:44,191 - FL-type - INFO - --------------------- report stage ---------------------
2022-04-29 11:21:44,191 - FL-type - INFO - 62 of 100 clients upload successfully
2022-04-29 11:21:44,191 - FL-type - INFO - round succeed, updating global model...
2022-04-29 11:21:44,191 - FL-type - INFO - Aggragate with SucFedAvg
2022-04-29 11:21:44,205 - FL-type - INFO - ===================== Round 37 of 6000 =====================
2022-04-29 11:21:44,205 - FL-type - INFO - --------------------- selection stage ---------------------
2022-04-29 11:21:44,206 - FL-type - INFO - current time: 2196.0	time window: 20.0	
2022-04-29 11:21:44,206 - FL-type - INFO - 827 of 827 clients online
2022-04-29 11:21:44,209 - FL-type - INFO - selected num: 100
2022-04-29 11:21:44,209 - FL-type - INFO - --------------------- configuration stage ---------------------
2022-04-29 11:21:44,209 - FL-type - INFO - this round deadline 41
2022-04-29 11:22:03,645 - FL-type - INFO - average acc: 1.0, average loss: 0.015020027831670339
2022-04-29 11:22:03,645 - FL-type - INFO - configuration and update stage simulation time: 41
2022-04-29 11:22:03,646 - FL-type - INFO - --------------------- report stage ---------------------
2022-04-29 11:22:03,646 - FL-type - INFO - 59 of 100 clients upload successfully
2022-04-29 11:22:03,646 - FL-type - INFO - round succeed, updating global model...
2022-04-29 11:22:03,646 - FL-type - INFO - Aggragate with SucFedAvg
2022-04-29 11:22:03,658 - FL-type - INFO - ===================== Round 38 of 6000 =====================
2022-04-29 11:22:03,658 - FL-type - INFO - --------------------- selection stage ---------------------
2022-04-29 11:22:03,658 - FL-type - INFO - current time: 2257.0	time window: 20.0	
2022-04-29 11:22:03,659 - FL-type - INFO - 827 of 827 clients online
2022-04-29 11:22:03,662 - FL-type - INFO - selected num: 100
2022-04-29 11:22:03,662 - FL-type - INFO - --------------------- configuration stage ---------------------
2022-04-29 11:22:03,662 - FL-type - INFO - this round deadline 41
2022-04-29 11:22:21,394 - FL-type - INFO - average acc: 1.0, average loss: 0.014516278442417114
2022-04-29 11:22:21,395 - FL-type - INFO - configuration and update stage simulation time: 41
2022-04-29 11:22:21,395 - FL-type - INFO - --------------------- report stage ---------------------
2022-04-29 11:22:21,395 - FL-type - INFO - 53 of 100 clients upload successfully
2022-04-29 11:22:21,396 - FL-type - INFO - round succeed, updating global model...
2022-04-29 11:22:21,396 - FL-type - INFO - Aggragate with SucFedAvg
2022-04-29 11:22:21,405 - FL-type - INFO - ===================== Round 39 of 6000 =====================
2022-04-29 11:22:21,405 - FL-type - INFO - --------------------- selection stage ---------------------
2022-04-29 11:22:21,406 - FL-type - INFO - current time: 2318.0	time window: 20.0	
2022-04-29 11:22:21,406 - FL-type - INFO - 827 of 827 clients online
2022-04-29 11:22:21,408 - FL-type - INFO - selected num: 100
2022-04-29 11:22:21,408 - FL-type - INFO - --------------------- configuration stage ---------------------
2022-04-29 11:22:21,409 - FL-type - INFO - this round deadline 41
