2022-04-29 11:09:28,028 - FL-type - INFO - logger init finished ---- log file: ../models/configs/celeba/celeba_fedavg_1T_seed0.cfg.log
2022-04-29 11:09:29,011 - FL-type - INFO - read config from ../models/configs/celeba/celeba_fedavg_1T_seed0.cfg
2022-04-29 11:09:29,012 - FL-type - INFO - no behavior heterogeneity! assume client is availiable at any time.
2022-04-29 11:09:29,012 - FL-type - INFO - ================= Config =================
2022-04-29 11:09:29,012 - FL-type - INFO - 	config_name = ../models/configs/celeba/celeba_fedavg_1T_seed0.cfg
2022-04-29 11:09:29,012 - FL-type - INFO - 	dataset = celeba
2022-04-29 11:09:29,012 - FL-type - INFO - 	model = cnn
2022-04-29 11:09:29,012 - FL-type - INFO - 	num_rounds = 6000
2022-04-29 11:09:29,012 - FL-type - INFO - 	lr = 0.001
2022-04-29 11:09:29,013 - FL-type - INFO - 	eval_every = 5
2022-04-29 11:09:29,013 - FL-type - INFO - 	clients_per_round = 100
2022-04-29 11:09:29,013 - FL-type - INFO - 	min_selected = 1
2022-04-29 11:09:29,013 - FL-type - INFO - 	max_sample = 2147483647
2022-04-29 11:09:29,013 - FL-type - INFO - 	batch_size = 10
2022-04-29 11:09:29,013 - FL-type - INFO - 	seed = 0
2022-04-29 11:09:29,013 - FL-type - INFO - 	num_epochs = 5
2022-04-29 11:09:29,013 - FL-type - INFO - 	minibatch = None
2022-04-29 11:09:29,014 - FL-type - INFO - 	round_ddl = [1000, 0]
2022-04-29 11:09:29,014 - FL-type - INFO - 	update_frac = 0.01
2022-04-29 11:09:29,014 - FL-type - INFO - 	max_client_num = 9223372036854775807
2022-04-29 11:09:29,014 - FL-type - INFO - 	aggregate_algorithm = SucFedAvg
2022-04-29 11:09:29,014 - FL-type - INFO - 	time_window = [20.0, 0.0]
2022-04-29 11:09:29,014 - FL-type - INFO - 	user_trace = False
2022-04-29 11:09:29,014 - FL-type - INFO - 	behav_hete = False
2022-04-29 11:09:29,014 - FL-type - INFO - 	hard_hete = True
2022-04-29 11:09:29,015 - FL-type - INFO - 	no_training = False
2022-04-29 11:09:29,015 - FL-type - INFO - 	real_world = False
2022-04-29 11:09:29,015 - FL-type - INFO - 	compress_algo = None
2022-04-29 11:09:29,015 - FL-type - INFO - 	fedprox = False
2022-04-29 11:09:29,015 - FL-type - INFO - 	fedprox_mu = 0
2022-04-29 11:09:29,015 - FL-type - INFO - 	structure_k = None
2022-04-29 11:09:29,015 - FL-type - INFO - 	qffl = False
2022-04-29 11:09:29,015 - FL-type - INFO - 	qffl_q = 0
2022-04-29 11:09:29,015 - FL-type - INFO - 	fedbalancer = False
2022-04-29 11:09:29,016 - FL-type - INFO - 	fb_w = 1
2022-04-29 11:09:29,016 - FL-type - INFO - 	fb_p = 0.0
2022-04-29 11:09:29,016 - FL-type - INFO - 	fb_inference_pipelining = False
2022-04-29 11:09:29,016 - FL-type - INFO - 	noise_factor = 0.0
2022-04-29 11:09:29,016 - FL-type - INFO - 	fb_simple_control_lt = False
2022-04-29 11:09:29,016 - FL-type - INFO - 	fb_simple_control_ddl = False
2022-04-29 11:09:29,016 - FL-type - INFO - 	fb_simple_control_lt_stepsize = 0
2022-04-29 11:09:29,016 - FL-type - INFO - 	fb_simple_control_ddl_stepsize = 0
2022-04-29 11:09:29,016 - FL-type - INFO - 	fb_client_selection = False
2022-04-29 11:09:29,017 - FL-type - INFO - 	oort_pacer = False
2022-04-29 11:09:29,017 - FL-type - INFO - 	oort_pacer_delta = 10
2022-04-29 11:09:29,017 - FL-type - INFO - 	oort_blacklist = False
2022-04-29 11:09:29,017 - FL-type - INFO - 	oort_blacklist_rounds = 10
2022-04-29 11:09:29,017 - FL-type - INFO - 	realoort = False
2022-04-29 11:09:29,017 - FL-type - INFO - 	realoortbalancer = False
2022-04-29 11:09:29,017 - FL-type - INFO - 	ddl_baseline_smartpc = False
2022-04-29 11:09:29,017 - FL-type - INFO - 	ddl_baseline_smartpc_percentage = 0.0
2022-04-29 11:09:29,018 - FL-type - INFO - 	ddl_baseline_fixed = True
2022-04-29 11:09:29,018 - FL-type - INFO - 	ddl_baseline_fixed_value_multiplied_at_mean = 1.0
2022-04-29 11:09:29,018 - FL-type - INFO - 	global_final_time = 30000
2022-04-29 11:09:29,018 - FL-type - INFO - 	global_final_test_accuracy = 0.0
2022-04-29 11:09:29,018 - FL-type - INFO - 	output_path = ../models/configs/celeba/
2022-04-29 11:09:29,018 - FL-type - INFO - ================= ====== =================
2022-04-29 11:09:29,019 - FL-type - INFO - ############################## celeba.cnn ##############################
2022-04-29 11:09:38,909 - FL-type - INFO - model size: 124808
2022-04-29 11:09:38,909 - FL-type - INFO - ======================Setup Clients==========================
2022-04-29 11:09:38,918 - FL-type - INFO - Train Clients in Total: 827
2022-04-29 11:09:38,918 - FL-type - INFO - Test Clients in Total: 92
2022-04-29 11:09:38,926 - FL-type - INFO - set up 10 clients
2022-04-29 11:09:38,929 - FL-type - INFO - set up 20 clients
2022-04-29 11:09:38,931 - FL-type - INFO - set up 30 clients
2022-04-29 11:09:38,934 - FL-type - INFO - set up 40 clients
2022-04-29 11:09:38,937 - FL-type - INFO - set up 50 clients
2022-04-29 11:09:38,940 - FL-type - INFO - set up 60 clients
2022-04-29 11:09:38,943 - FL-type - INFO - set up 70 clients
2022-04-29 11:09:38,946 - FL-type - INFO - set up 80 clients
2022-04-29 11:09:38,949 - FL-type - INFO - set up 90 clients
2022-04-29 11:09:38,952 - FL-type - INFO - set up 100 clients
2022-04-29 11:09:38,955 - FL-type - INFO - set up 110 clients
2022-04-29 11:09:38,958 - FL-type - INFO - set up 120 clients
2022-04-29 11:09:38,961 - FL-type - INFO - set up 130 clients
2022-04-29 11:09:38,964 - FL-type - INFO - set up 140 clients
2022-04-29 11:09:38,967 - FL-type - INFO - set up 150 clients
2022-04-29 11:09:38,970 - FL-type - INFO - set up 160 clients
2022-04-29 11:09:38,973 - FL-type - INFO - set up 170 clients
2022-04-29 11:09:38,976 - FL-type - INFO - set up 180 clients
2022-04-29 11:09:38,978 - FL-type - INFO - set up 190 clients
2022-04-29 11:09:38,981 - FL-type - INFO - set up 200 clients
2022-04-29 11:09:38,984 - FL-type - INFO - set up 210 clients
2022-04-29 11:09:38,987 - FL-type - INFO - set up 220 clients
2022-04-29 11:09:38,990 - FL-type - INFO - set up 230 clients
2022-04-29 11:09:38,993 - FL-type - INFO - set up 240 clients
2022-04-29 11:09:38,996 - FL-type - INFO - set up 250 clients
2022-04-29 11:09:38,999 - FL-type - INFO - set up 260 clients
2022-04-29 11:09:39,002 - FL-type - INFO - set up 270 clients
2022-04-29 11:09:39,005 - FL-type - INFO - set up 280 clients
2022-04-29 11:09:39,008 - FL-type - INFO - set up 290 clients
2022-04-29 11:09:39,011 - FL-type - INFO - set up 300 clients
2022-04-29 11:09:39,013 - FL-type - INFO - set up 310 clients
2022-04-29 11:09:39,016 - FL-type - INFO - set up 320 clients
2022-04-29 11:09:39,019 - FL-type - INFO - set up 330 clients
2022-04-29 11:09:39,022 - FL-type - INFO - set up 340 clients
2022-04-29 11:09:39,025 - FL-type - INFO - set up 350 clients
2022-04-29 11:09:39,028 - FL-type - INFO - set up 360 clients
2022-04-29 11:09:39,031 - FL-type - INFO - set up 370 clients
2022-04-29 11:09:39,034 - FL-type - INFO - set up 380 clients
2022-04-29 11:09:39,037 - FL-type - INFO - set up 390 clients
2022-04-29 11:09:39,040 - FL-type - INFO - set up 400 clients
2022-04-29 11:09:39,043 - FL-type - INFO - set up 410 clients
2022-04-29 11:09:39,046 - FL-type - INFO - set up 420 clients
2022-04-29 11:09:39,049 - FL-type - INFO - set up 430 clients
2022-04-29 11:09:39,051 - FL-type - INFO - set up 440 clients
2022-04-29 11:09:39,054 - FL-type - INFO - set up 450 clients
2022-04-29 11:09:39,058 - FL-type - INFO - set up 460 clients
2022-04-29 11:09:39,061 - FL-type - INFO - set up 470 clients
2022-04-29 11:09:39,064 - FL-type - INFO - set up 480 clients
2022-04-29 11:09:39,067 - FL-type - INFO - set up 490 clients
2022-04-29 11:09:39,070 - FL-type - INFO - set up 500 clients
2022-04-29 11:09:39,073 - FL-type - INFO - set up 510 clients
2022-04-29 11:09:39,076 - FL-type - INFO - set up 520 clients
2022-04-29 11:09:39,079 - FL-type - INFO - set up 530 clients
2022-04-29 11:09:39,082 - FL-type - INFO - set up 540 clients
2022-04-29 11:09:39,084 - FL-type - INFO - set up 550 clients
2022-04-29 11:09:39,087 - FL-type - INFO - set up 560 clients
2022-04-29 11:09:39,090 - FL-type - INFO - set up 570 clients
2022-04-29 11:09:39,093 - FL-type - INFO - set up 580 clients
2022-04-29 11:09:39,096 - FL-type - INFO - set up 590 clients
2022-04-29 11:09:39,099 - FL-type - INFO - set up 600 clients
2022-04-29 11:09:39,102 - FL-type - INFO - set up 610 clients
2022-04-29 11:09:39,105 - FL-type - INFO - set up 620 clients
2022-04-29 11:09:39,108 - FL-type - INFO - set up 630 clients
2022-04-29 11:09:39,111 - FL-type - INFO - set up 640 clients
2022-04-29 11:09:39,114 - FL-type - INFO - set up 650 clients
2022-04-29 11:09:39,117 - FL-type - INFO - set up 660 clients
2022-04-29 11:09:39,119 - FL-type - INFO - set up 670 clients
2022-04-29 11:09:39,122 - FL-type - INFO - set up 680 clients
2022-04-29 11:09:39,125 - FL-type - INFO - set up 690 clients
2022-04-29 11:09:39,128 - FL-type - INFO - set up 700 clients
2022-04-29 11:09:39,131 - FL-type - INFO - set up 710 clients
2022-04-29 11:09:39,134 - FL-type - INFO - set up 720 clients
2022-04-29 11:09:39,137 - FL-type - INFO - set up 730 clients
2022-04-29 11:09:39,140 - FL-type - INFO - set up 740 clients
2022-04-29 11:09:39,143 - FL-type - INFO - set up 750 clients
2022-04-29 11:09:39,146 - FL-type - INFO - set up 760 clients
2022-04-29 11:09:39,149 - FL-type - INFO - set up 770 clients
2022-04-29 11:09:39,152 - FL-type - INFO - set up 780 clients
2022-04-29 11:09:39,155 - FL-type - INFO - set up 790 clients
2022-04-29 11:09:39,157 - FL-type - INFO - set up 800 clients
2022-04-29 11:09:39,160 - FL-type - INFO - set up 810 clients
2022-04-29 11:09:39,163 - FL-type - INFO - set up 820 clients
2022-04-29 11:09:39,262 - FL-type - INFO - Timer cached in cached_timers.json
2022-04-29 11:09:39,263 - FL-type - INFO - device setup result: defaultdict(<class 'int'>, {'Xiaomi Redmi Note 7 Pro': 396, 'Google Nexus S': 425, 'Google Pixel 4': 6})
2022-04-29 11:09:39,325 - FL-type - INFO - ===================== Random Initialization =====================
2022-04-29 11:09:39,326 - FL-type - INFO - ===================== Round 1 of 6000 =====================
2022-04-29 11:09:39,326 - FL-type - INFO - --------------------- selection stage ---------------------
2022-04-29 11:09:39,326 - FL-type - INFO - current time: 0	time window: 20.0	
2022-04-29 11:09:39,327 - FL-type - INFO - 827 of 827 clients online
2022-04-29 11:09:39,330 - FL-type - INFO - selected num: 100
2022-04-29 11:09:39,330 - FL-type - INFO - --------------------- configuration stage ---------------------
2022-04-29 11:09:39,330 - FL-type - INFO - this round deadline 42
2022-04-29 11:09:59,198 - FL-type - INFO - average acc: 0.9813700918964078, average loss: 0.07278984268563554
2022-04-29 11:09:59,199 - FL-type - INFO - configuration and update stage simulation time: 42
2022-04-29 11:09:59,199 - FL-type - INFO - --------------------- report stage ---------------------
2022-04-29 11:09:59,199 - FL-type - INFO - 57 of 100 clients upload successfully
2022-04-29 11:09:59,199 - FL-type - INFO - round succeed, updating global model...
2022-04-29 11:09:59,199 - FL-type - INFO - Aggragate with SucFedAvg
2022-04-29 11:09:59,210 - FL-type - INFO - ===================== Round 2 of 6000 =====================
2022-04-29 11:09:59,210 - FL-type - INFO - --------------------- selection stage ---------------------
2022-04-29 11:09:59,210 - FL-type - INFO - current time: 62.0	time window: 20.0	
2022-04-29 11:09:59,211 - FL-type - INFO - 827 of 827 clients online
2022-04-29 11:09:59,213 - FL-type - INFO - selected num: 100
2022-04-29 11:09:59,213 - FL-type - INFO - --------------------- configuration stage ---------------------
2022-04-29 11:09:59,214 - FL-type - INFO - this round deadline 42
2022-04-29 11:10:16,017 - FL-type - INFO - average acc: 0.9955856416640729, average loss: 0.040606227905122
2022-04-29 11:10:16,018 - FL-type - INFO - configuration and update stage simulation time: 42
2022-04-29 11:10:16,018 - FL-type - INFO - --------------------- report stage ---------------------
2022-04-29 11:10:16,018 - FL-type - INFO - 51 of 100 clients upload successfully
2022-04-29 11:10:16,019 - FL-type - INFO - round succeed, updating global model...
2022-04-29 11:10:16,019 - FL-type - INFO - Aggragate with SucFedAvg
2022-04-29 11:10:16,029 - FL-type - INFO - ===================== Round 3 of 6000 =====================
2022-04-29 11:10:16,030 - FL-type - INFO - --------------------- selection stage ---------------------
2022-04-29 11:10:16,030 - FL-type - INFO - current time: 124.0	time window: 20.0	
2022-04-29 11:10:16,032 - FL-type - INFO - 827 of 827 clients online
2022-04-29 11:10:16,034 - FL-type - INFO - selected num: 100
2022-04-29 11:10:16,034 - FL-type - INFO - --------------------- configuration stage ---------------------
2022-04-29 11:10:16,034 - FL-type - INFO - this round deadline 42
2022-04-29 11:10:33,882 - FL-type - INFO - average acc: 0.9953279424977538, average loss: 0.03972497311797441
2022-04-29 11:10:33,882 - FL-type - INFO - configuration and update stage simulation time: 42
2022-04-29 11:10:33,883 - FL-type - INFO - --------------------- report stage ---------------------
2022-04-29 11:10:33,883 - FL-type - INFO - 53 of 100 clients upload successfully
2022-04-29 11:10:33,883 - FL-type - INFO - round succeed, updating global model...
2022-04-29 11:10:33,883 - FL-type - INFO - Aggragate with SucFedAvg
2022-04-29 11:10:33,893 - FL-type - INFO - ===================== Round 4 of 6000 =====================
2022-04-29 11:10:33,893 - FL-type - INFO - --------------------- selection stage ---------------------
2022-04-29 11:10:33,893 - FL-type - INFO - current time: 186.0	time window: 20.0	
2022-04-29 11:10:33,894 - FL-type - INFO - 827 of 827 clients online
2022-04-29 11:10:33,896 - FL-type - INFO - selected num: 100
2022-04-29 11:10:33,896 - FL-type - INFO - --------------------- configuration stage ---------------------
2022-04-29 11:10:33,896 - FL-type - INFO - this round deadline 42
2022-04-29 11:10:54,050 - FL-type - INFO - average acc: 0.9917204301075269, average loss: 0.049733320399853606
2022-04-29 11:10:54,051 - FL-type - INFO - configuration and update stage simulation time: 42
2022-04-29 11:10:54,051 - FL-type - INFO - --------------------- report stage ---------------------
2022-04-29 11:10:54,051 - FL-type - INFO - 62 of 100 clients upload successfully
2022-04-29 11:10:54,052 - FL-type - INFO - round succeed, updating global model...
2022-04-29 11:10:54,052 - FL-type - INFO - Aggragate with SucFedAvg
2022-04-29 11:10:54,068 - FL-type - INFO - ===================== Round 5 of 6000 =====================
2022-04-29 11:10:54,069 - FL-type - INFO - --------------------- selection stage ---------------------
2022-04-29 11:10:54,069 - FL-type - INFO - current time: 248.0	time window: 20.0	
2022-04-29 11:10:54,070 - FL-type - INFO - 827 of 827 clients online
2022-04-29 11:10:54,072 - FL-type - INFO - selected num: 100
2022-04-29 11:10:54,072 - FL-type - INFO - --------------------- configuration stage ---------------------
2022-04-29 11:10:54,073 - FL-type - INFO - this round deadline 42
2022-04-29 11:11:13,727 - FL-type - INFO - average acc: 0.9992063492063492, average loss: 0.034464956073024376
2022-04-29 11:11:13,728 - FL-type - INFO - configuration and update stage simulation time: 42
2022-04-29 11:11:13,728 - FL-type - INFO - --------------------- report stage ---------------------
2022-04-29 11:11:13,728 - FL-type - INFO - 63 of 100 clients upload successfully
2022-04-29 11:11:13,729 - FL-type - INFO - round succeed, updating global model...
2022-04-29 11:11:13,729 - FL-type - INFO - Aggragate with SucFedAvg
2022-04-29 11:11:13,742 - FL-type - INFO - --------------------- test result ---------------------
2022-04-29 11:11:18,423 - FL-type - INFO - test_accuracy: 0.6238868517548455, 10th percentile: 0.429047619047619, 50th percentile: 0.6333333333333333, 90th percentile 0.8
2022-04-29 11:11:18,424 - FL-type - INFO - test_loss: 0.6786698295128414, 10th percentile: 0.46980016827583315, 50th percentile: 0.6583730280399323, 90th percentile 0.9468818902969361
2022-04-29 11:11:18,424 - FL-type - INFO - ===================== Round 6 of 6000 =====================
2022-04-29 11:11:18,424 - FL-type - INFO - --------------------- selection stage ---------------------
2022-04-29 11:11:18,424 - FL-type - INFO - current time: 310.0	time window: 20.0	
2022-04-29 11:11:18,425 - FL-type - INFO - 827 of 827 clients online
2022-04-29 11:11:18,427 - FL-type - INFO - selected num: 100
2022-04-29 11:11:18,428 - FL-type - INFO - --------------------- configuration stage ---------------------
2022-04-29 11:11:18,428 - FL-type - INFO - this round deadline 42
2022-04-29 11:11:37,069 - FL-type - INFO - average acc: 0.9970137207425342, average loss: 0.035852391258231364
2022-04-29 11:11:37,069 - FL-type - INFO - configuration and update stage simulation time: 42
2022-04-29 11:11:37,070 - FL-type - INFO - --------------------- report stage ---------------------
2022-04-29 11:11:37,070 - FL-type - INFO - 59 of 100 clients upload successfully
2022-04-29 11:11:37,070 - FL-type - INFO - round succeed, updating global model...
2022-04-29 11:11:37,070 - FL-type - INFO - Aggragate with SucFedAvg
2022-04-29 11:11:37,081 - FL-type - INFO - ===================== Round 7 of 6000 =====================
2022-04-29 11:11:37,081 - FL-type - INFO - --------------------- selection stage ---------------------
2022-04-29 11:11:37,081 - FL-type - INFO - current time: 372.0	time window: 20.0	
2022-04-29 11:11:37,082 - FL-type - INFO - 827 of 827 clients online
2022-04-29 11:11:37,084 - FL-type - INFO - selected num: 100
2022-04-29 11:11:37,084 - FL-type - INFO - --------------------- configuration stage ---------------------
2022-04-29 11:11:37,084 - FL-type - INFO - this round deadline 42
2022-04-29 11:11:56,069 - FL-type - INFO - average acc: 0.9966505246166263, average loss: 0.03657502674900185
2022-04-29 11:11:56,070 - FL-type - INFO - configuration and update stage simulation time: 42
2022-04-29 11:11:56,070 - FL-type - INFO - --------------------- report stage ---------------------
2022-04-29 11:11:56,070 - FL-type - INFO - 59 of 100 clients upload successfully
2022-04-29 11:11:56,070 - FL-type - INFO - round succeed, updating global model...
2022-04-29 11:11:56,070 - FL-type - INFO - Aggragate with SucFedAvg
2022-04-29 11:11:56,081 - FL-type - INFO - ===================== Round 8 of 6000 =====================
2022-04-29 11:11:56,081 - FL-type - INFO - --------------------- selection stage ---------------------
2022-04-29 11:11:56,082 - FL-type - INFO - current time: 434.0	time window: 20.0	
2022-04-29 11:11:56,083 - FL-type - INFO - 827 of 827 clients online
2022-04-29 11:11:56,085 - FL-type - INFO - selected num: 100
2022-04-29 11:11:56,085 - FL-type - INFO - --------------------- configuration stage ---------------------
2022-04-29 11:11:56,085 - FL-type - INFO - this round deadline 42
2022-04-29 11:12:14,272 - FL-type - INFO - average acc: 0.9979084967320261, average loss: 0.03263397431503251
2022-04-29 11:12:14,273 - FL-type - INFO - configuration and update stage simulation time: 42
2022-04-29 11:12:14,274 - FL-type - INFO - --------------------- report stage ---------------------
2022-04-29 11:12:14,274 - FL-type - INFO - 51 of 100 clients upload successfully
2022-04-29 11:12:14,274 - FL-type - INFO - round succeed, updating global model...
2022-04-29 11:12:14,274 - FL-type - INFO - Aggragate with SucFedAvg
2022-04-29 11:12:14,285 - FL-type - INFO - ===================== Round 9 of 6000 =====================
2022-04-29 11:12:14,285 - FL-type - INFO - --------------------- selection stage ---------------------
2022-04-29 11:12:14,285 - FL-type - INFO - current time: 496.0	time window: 20.0	
2022-04-29 11:12:14,286 - FL-type - INFO - 827 of 827 clients online
2022-04-29 11:12:14,289 - FL-type - INFO - selected num: 100
2022-04-29 11:12:14,289 - FL-type - INFO - --------------------- configuration stage ---------------------
2022-04-29 11:12:14,290 - FL-type - INFO - this round deadline 42
2022-04-29 11:12:31,810 - FL-type - INFO - average acc: 0.9993939393939394, average loss: 0.031451871365160596
2022-04-29 11:12:31,811 - FL-type - INFO - configuration and update stage simulation time: 42
2022-04-29 11:12:31,811 - FL-type - INFO - --------------------- report stage ---------------------
2022-04-29 11:12:31,811 - FL-type - INFO - 55 of 100 clients upload successfully
2022-04-29 11:12:31,812 - FL-type - INFO - round succeed, updating global model...
2022-04-29 11:12:31,812 - FL-type - INFO - Aggragate with SucFedAvg
2022-04-29 11:12:31,823 - FL-type - INFO - ===================== Round 10 of 6000 =====================
2022-04-29 11:12:31,823 - FL-type - INFO - --------------------- selection stage ---------------------
2022-04-29 11:12:31,824 - FL-type - INFO - current time: 558.0	time window: 20.0	
2022-04-29 11:12:31,824 - FL-type - INFO - 827 of 827 clients online
2022-04-29 11:12:31,827 - FL-type - INFO - selected num: 100
2022-04-29 11:12:31,827 - FL-type - INFO - --------------------- configuration stage ---------------------
2022-04-29 11:12:31,827 - FL-type - INFO - this round deadline 42
2022-04-29 11:12:48,999 - FL-type - INFO - average acc: 1.0, average loss: 0.029617116152960577
2022-04-29 11:12:48,999 - FL-type - INFO - configuration and update stage simulation time: 42
2022-04-29 11:12:49,000 - FL-type - INFO - --------------------- report stage ---------------------
2022-04-29 11:12:49,000 - FL-type - INFO - 51 of 100 clients upload successfully
2022-04-29 11:12:49,000 - FL-type - INFO - round succeed, updating global model...
2022-04-29 11:12:49,000 - FL-type - INFO - Aggragate with SucFedAvg
2022-04-29 11:12:49,010 - FL-type - INFO - --------------------- test result ---------------------
2022-04-29 11:12:53,439 - FL-type - INFO - test_accuracy: 0.6589837611314825, 10th percentile: 0.4666666666666667, 50th percentile: 0.6510869565217392, 90th percentile 0.8
2022-04-29 11:12:53,441 - FL-type - INFO - test_loss: 0.6366317059245642, 10th percentile: 0.4072646886110306, 50th percentile: 0.6462569832801819, 90th percentile 0.9343690812587739
2022-04-29 11:12:53,441 - FL-type - INFO - ===================== Round 11 of 6000 =====================
2022-04-29 11:12:53,441 - FL-type - INFO - --------------------- selection stage ---------------------
2022-04-29 11:12:53,441 - FL-type - INFO - current time: 620.0	time window: 20.0	
2022-04-29 11:12:53,443 - FL-type - INFO - 827 of 827 clients online
2022-04-29 11:12:53,446 - FL-type - INFO - selected num: 100
2022-04-29 11:12:53,446 - FL-type - INFO - --------------------- configuration stage ---------------------
2022-04-29 11:12:53,447 - FL-type - INFO - this round deadline 42
2022-04-29 11:13:12,553 - FL-type - INFO - average acc: 0.9984051036682615, average loss: 0.03258836300014273
2022-04-29 11:13:12,553 - FL-type - INFO - configuration and update stage simulation time: 42
2022-04-29 11:13:12,553 - FL-type - INFO - --------------------- report stage ---------------------
2022-04-29 11:13:12,553 - FL-type - INFO - 57 of 100 clients upload successfully
2022-04-29 11:13:12,554 - FL-type - INFO - round succeed, updating global model...
2022-04-29 11:13:12,554 - FL-type - INFO - Aggragate with SucFedAvg
2022-04-29 11:13:12,565 - FL-type - INFO - ===================== Round 12 of 6000 =====================
2022-04-29 11:13:12,565 - FL-type - INFO - --------------------- selection stage ---------------------
2022-04-29 11:13:12,565 - FL-type - INFO - current time: 682.0	time window: 20.0	
2022-04-29 11:13:12,566 - FL-type - INFO - 827 of 827 clients online
2022-04-29 11:13:12,568 - FL-type - INFO - selected num: 100
2022-04-29 11:13:12,568 - FL-type - INFO - --------------------- configuration stage ---------------------
2022-04-29 11:13:12,569 - FL-type - INFO - this round deadline 42
2022-04-29 11:13:31,104 - FL-type - INFO - average acc: 0.9953068946876996, average loss: 0.03720207437832039
2022-04-29 11:13:31,105 - FL-type - INFO - configuration and update stage simulation time: 42
2022-04-29 11:13:31,105 - FL-type - INFO - --------------------- report stage ---------------------
2022-04-29 11:13:31,105 - FL-type - INFO - 57 of 100 clients upload successfully
2022-04-29 11:13:31,105 - FL-type - INFO - round succeed, updating global model...
2022-04-29 11:13:31,105 - FL-type - INFO - Aggragate with SucFedAvg
2022-04-29 11:13:31,115 - FL-type - INFO - ===================== Round 13 of 6000 =====================
2022-04-29 11:13:31,116 - FL-type - INFO - --------------------- selection stage ---------------------
2022-04-29 11:13:31,116 - FL-type - INFO - current time: 744.0	time window: 20.0	
2022-04-29 11:13:31,117 - FL-type - INFO - 827 of 827 clients online
2022-04-29 11:13:31,119 - FL-type - INFO - selected num: 100
2022-04-29 11:13:31,119 - FL-type - INFO - --------------------- configuration stage ---------------------
2022-04-29 11:13:31,119 - FL-type - INFO - this round deadline 42
2022-04-29 11:13:50,920 - FL-type - INFO - average acc: 0.9975794122643112, average loss: 0.03188278827141842
2022-04-29 11:13:50,921 - FL-type - INFO - configuration and update stage simulation time: 42
2022-04-29 11:13:50,921 - FL-type - INFO - --------------------- report stage ---------------------
2022-04-29 11:13:50,921 - FL-type - INFO - 58 of 100 clients upload successfully
2022-04-29 11:13:50,922 - FL-type - INFO - round succeed, updating global model...
2022-04-29 11:13:50,922 - FL-type - INFO - Aggragate with SucFedAvg
2022-04-29 11:13:50,932 - FL-type - INFO - ===================== Round 14 of 6000 =====================
2022-04-29 11:13:50,932 - FL-type - INFO - --------------------- selection stage ---------------------
2022-04-29 11:13:50,932 - FL-type - INFO - current time: 806.0	time window: 20.0	
2022-04-29 11:13:50,933 - FL-type - INFO - 827 of 827 clients online
2022-04-29 11:13:50,935 - FL-type - INFO - selected num: 100
2022-04-29 11:13:50,935 - FL-type - INFO - --------------------- configuration stage ---------------------
2022-04-29 11:13:50,936 - FL-type - INFO - this round deadline 42
2022-04-29 11:14:10,160 - FL-type - INFO - average acc: 0.9993939393939394, average loss: 0.027053767586634917
2022-04-29 11:14:10,160 - FL-type - INFO - configuration and update stage simulation time: 42
2022-04-29 11:14:10,161 - FL-type - INFO - --------------------- report stage ---------------------
2022-04-29 11:14:10,161 - FL-type - INFO - 55 of 100 clients upload successfully
2022-04-29 11:14:10,161 - FL-type - INFO - round succeed, updating global model...
2022-04-29 11:14:10,161 - FL-type - INFO - Aggragate with SucFedAvg
2022-04-29 11:14:10,171 - FL-type - INFO - ===================== Round 15 of 6000 =====================
2022-04-29 11:14:10,171 - FL-type - INFO - --------------------- selection stage ---------------------
2022-04-29 11:14:10,171 - FL-type - INFO - current time: 868.0	time window: 20.0	
2022-04-29 11:14:10,172 - FL-type - INFO - 827 of 827 clients online
2022-04-29 11:14:10,174 - FL-type - INFO - selected num: 100
2022-04-29 11:14:10,174 - FL-type - INFO - --------------------- configuration stage ---------------------
2022-04-29 11:14:10,175 - FL-type - INFO - this round deadline 42
2022-04-29 11:14:30,239 - FL-type - INFO - average acc: 0.9994152046783626, average loss: 0.025517669859701733
2022-04-29 11:14:30,240 - FL-type - INFO - configuration and update stage simulation time: 42
2022-04-29 11:14:30,240 - FL-type - INFO - --------------------- report stage ---------------------
2022-04-29 11:14:30,241 - FL-type - INFO - 57 of 100 clients upload successfully
2022-04-29 11:14:30,241 - FL-type - INFO - round succeed, updating global model...
2022-04-29 11:14:30,241 - FL-type - INFO - Aggragate with SucFedAvg
2022-04-29 11:14:30,254 - FL-type - INFO - --------------------- test result ---------------------
2022-04-29 11:14:34,943 - FL-type - INFO - test_accuracy: 0.6836039811419592, 10th percentile: 0.5, 50th percentile: 0.6742424242424242, 90th percentile 0.8483333333333334
2022-04-29 11:14:34,945 - FL-type - INFO - test_loss: 0.6236724062637861, 10th percentile: 0.382183900475502, 50th percentile: 0.6064585149288177, 90th percentile 0.953097426891327
2022-04-29 11:14:34,945 - FL-type - INFO - ===================== Round 16 of 6000 =====================
2022-04-29 11:14:34,945 - FL-type - INFO - --------------------- selection stage ---------------------
2022-04-29 11:14:34,946 - FL-type - INFO - current time: 930.0	time window: 20.0	
2022-04-29 11:14:34,947 - FL-type - INFO - 827 of 827 clients online
2022-04-29 11:14:34,949 - FL-type - INFO - selected num: 100
2022-04-29 11:14:34,949 - FL-type - INFO - --------------------- configuration stage ---------------------
2022-04-29 11:14:34,950 - FL-type - INFO - this round deadline 42
2022-04-29 11:14:53,992 - FL-type - INFO - average acc: 0.9978878648233486, average loss: 0.026241629781584525
2022-04-29 11:14:53,993 - FL-type - INFO - configuration and update stage simulation time: 42
2022-04-29 11:14:53,993 - FL-type - INFO - --------------------- report stage ---------------------
2022-04-29 11:14:53,993 - FL-type - INFO - 62 of 100 clients upload successfully
2022-04-29 11:14:53,993 - FL-type - INFO - round succeed, updating global model...
2022-04-29 11:14:53,993 - FL-type - INFO - Aggragate with SucFedAvg
2022-04-29 11:14:54,004 - FL-type - INFO - ===================== Round 17 of 6000 =====================
2022-04-29 11:14:54,005 - FL-type - INFO - --------------------- selection stage ---------------------
2022-04-29 11:14:54,005 - FL-type - INFO - current time: 992.0	time window: 20.0	
2022-04-29 11:14:54,006 - FL-type - INFO - 827 of 827 clients online
2022-04-29 11:14:54,008 - FL-type - INFO - selected num: 100
2022-04-29 11:14:54,008 - FL-type - INFO - --------------------- configuration stage ---------------------
2022-04-29 11:14:54,008 - FL-type - INFO - this round deadline 42
2022-04-29 11:15:12,422 - FL-type - INFO - average acc: 1.0, average loss: 0.026299916118240126
2022-04-29 11:15:12,422 - FL-type - INFO - configuration and update stage simulation time: 42
2022-04-29 11:15:12,422 - FL-type - INFO - --------------------- report stage ---------------------
2022-04-29 11:15:12,423 - FL-type - INFO - 52 of 100 clients upload successfully
2022-04-29 11:15:12,423 - FL-type - INFO - round succeed, updating global model...
2022-04-29 11:15:12,423 - FL-type - INFO - Aggragate with SucFedAvg
2022-04-29 11:15:12,432 - FL-type - INFO - ===================== Round 18 of 6000 =====================
2022-04-29 11:15:12,432 - FL-type - INFO - --------------------- selection stage ---------------------
2022-04-29 11:15:12,433 - FL-type - INFO - current time: 1054.0	time window: 20.0	
2022-04-29 11:15:12,433 - FL-type - INFO - 827 of 827 clients online
2022-04-29 11:15:12,436 - FL-type - INFO - selected num: 100
2022-04-29 11:15:12,436 - FL-type - INFO - --------------------- configuration stage ---------------------
2022-04-29 11:15:12,436 - FL-type - INFO - this round deadline 42
2022-04-29 11:15:31,503 - FL-type - INFO - average acc: 0.9993939393939394, average loss: 0.027912805428389798
2022-04-29 11:15:31,503 - FL-type - INFO - configuration and update stage simulation time: 42
2022-04-29 11:15:31,504 - FL-type - INFO - --------------------- report stage ---------------------
2022-04-29 11:15:31,504 - FL-type - INFO - 55 of 100 clients upload successfully
2022-04-29 11:15:31,504 - FL-type - INFO - round succeed, updating global model...
2022-04-29 11:15:31,504 - FL-type - INFO - Aggragate with SucFedAvg
2022-04-29 11:15:31,517 - FL-type - INFO - ===================== Round 19 of 6000 =====================
2022-04-29 11:15:31,518 - FL-type - INFO - --------------------- selection stage ---------------------
2022-04-29 11:15:31,518 - FL-type - INFO - current time: 1116.0	time window: 20.0	
2022-04-29 11:15:31,519 - FL-type - INFO - 827 of 827 clients online
2022-04-29 11:15:31,521 - FL-type - INFO - selected num: 100
2022-04-29 11:15:31,522 - FL-type - INFO - --------------------- configuration stage ---------------------
2022-04-29 11:15:31,522 - FL-type - INFO - this round deadline 42
2022-04-29 11:15:50,501 - FL-type - INFO - average acc: 0.9981292517006803, average loss: 0.023768640576236066
2022-04-29 11:15:50,502 - FL-type - INFO - configuration and update stage simulation time: 42
2022-04-29 11:15:50,503 - FL-type - INFO - --------------------- report stage ---------------------
2022-04-29 11:15:50,503 - FL-type - INFO - 56 of 100 clients upload successfully
2022-04-29 11:15:50,503 - FL-type - INFO - round succeed, updating global model...
2022-04-29 11:15:50,503 - FL-type - INFO - Aggragate with SucFedAvg
2022-04-29 11:15:50,521 - FL-type - INFO - ===================== Round 20 of 6000 =====================
2022-04-29 11:15:50,521 - FL-type - INFO - --------------------- selection stage ---------------------
2022-04-29 11:15:50,521 - FL-type - INFO - current time: 1178.0	time window: 20.0	
2022-04-29 11:15:50,522 - FL-type - INFO - 827 of 827 clients online
2022-04-29 11:15:50,525 - FL-type - INFO - selected num: 100
2022-04-29 11:15:50,525 - FL-type - INFO - --------------------- configuration stage ---------------------
2022-04-29 11:15:50,525 - FL-type - INFO - this round deadline 42
2022-04-29 11:16:08,286 - FL-type - INFO - average acc: 0.9993730407523511, average loss: 0.023418813735902818
2022-04-29 11:16:08,287 - FL-type - INFO - configuration and update stage simulation time: 42
2022-04-29 11:16:08,287 - FL-type - INFO - --------------------- report stage ---------------------
2022-04-29 11:16:08,288 - FL-type - INFO - 55 of 100 clients upload successfully
2022-04-29 11:16:08,288 - FL-type - INFO - round succeed, updating global model...
2022-04-29 11:16:08,288 - FL-type - INFO - Aggragate with SucFedAvg
2022-04-29 11:16:08,299 - FL-type - INFO - --------------------- test result ---------------------
2022-04-29 11:16:13,052 - FL-type - INFO - test_accuracy: 0.7082242011524358, 10th percentile: 0.5, 50th percentile: 0.7171428571428571, 90th percentile 0.8620689655172413
2022-04-29 11:16:13,054 - FL-type - INFO - test_loss: 0.5986249965365299, 10th percentile: 0.33073589503765105, 50th percentile: 0.5949289202690125, 90th percentile 0.9285462081432343
2022-04-29 11:16:13,054 - FL-type - INFO - ===================== Round 21 of 6000 =====================
2022-04-29 11:16:13,054 - FL-type - INFO - --------------------- selection stage ---------------------
2022-04-29 11:16:13,054 - FL-type - INFO - current time: 1240.0	time window: 20.0	
2022-04-29 11:16:13,055 - FL-type - INFO - 827 of 827 clients online
2022-04-29 11:16:13,057 - FL-type - INFO - selected num: 100
2022-04-29 11:16:13,057 - FL-type - INFO - --------------------- configuration stage ---------------------
2022-04-29 11:16:13,058 - FL-type - INFO - this round deadline 42
2022-04-29 11:16:30,799 - FL-type - INFO - average acc: 0.9991638795986623, average loss: 0.02776884802061921
2022-04-29 11:16:30,800 - FL-type - INFO - configuration and update stage simulation time: 42
2022-04-29 11:16:30,801 - FL-type - INFO - --------------------- report stage ---------------------
2022-04-29 11:16:30,801 - FL-type - INFO - 52 of 100 clients upload successfully
2022-04-29 11:16:30,801 - FL-type - INFO - round succeed, updating global model...
2022-04-29 11:16:30,802 - FL-type - INFO - Aggragate with SucFedAvg
2022-04-29 11:16:30,813 - FL-type - INFO - ===================== Round 22 of 6000 =====================
2022-04-29 11:16:30,813 - FL-type - INFO - --------------------- selection stage ---------------------
2022-04-29 11:16:30,813 - FL-type - INFO - current time: 1302.0	time window: 20.0	
2022-04-29 11:16:30,814 - FL-type - INFO - 827 of 827 clients online
2022-04-29 11:16:30,817 - FL-type - INFO - selected num: 100
2022-04-29 11:16:30,817 - FL-type - INFO - --------------------- configuration stage ---------------------
2022-04-29 11:16:30,817 - FL-type - INFO - this round deadline 42
2022-04-29 11:16:51,133 - FL-type - INFO - average acc: 0.9989071038251366, average loss: 0.024364082196147226
2022-04-29 11:16:51,133 - FL-type - INFO - configuration and update stage simulation time: 42
2022-04-29 11:16:51,134 - FL-type - INFO - --------------------- report stage ---------------------
2022-04-29 11:16:51,134 - FL-type - INFO - 61 of 100 clients upload successfully
2022-04-29 11:16:51,134 - FL-type - INFO - round succeed, updating global model...
2022-04-29 11:16:51,134 - FL-type - INFO - Aggragate with SucFedAvg
2022-04-29 11:16:51,149 - FL-type - INFO - ===================== Round 23 of 6000 =====================
2022-04-29 11:16:51,149 - FL-type - INFO - --------------------- selection stage ---------------------
2022-04-29 11:16:51,149 - FL-type - INFO - current time: 1364.0	time window: 20.0	
2022-04-29 11:16:51,150 - FL-type - INFO - 827 of 827 clients online
2022-04-29 11:16:51,153 - FL-type - INFO - selected num: 100
2022-04-29 11:16:51,153 - FL-type - INFO - --------------------- configuration stage ---------------------
2022-04-29 11:16:51,153 - FL-type - INFO - this round deadline 42
2022-04-29 11:17:09,475 - FL-type - INFO - average acc: 0.9973862615372048, average loss: 0.03048100077683317
2022-04-29 11:17:09,476 - FL-type - INFO - configuration and update stage simulation time: 42
2022-04-29 11:17:09,476 - FL-type - INFO - --------------------- report stage ---------------------
2022-04-29 11:17:09,476 - FL-type - INFO - 53 of 100 clients upload successfully
2022-04-29 11:17:09,477 - FL-type - INFO - round succeed, updating global model...
2022-04-29 11:17:09,477 - FL-type - INFO - Aggragate with SucFedAvg
2022-04-29 11:17:09,494 - FL-type - INFO - ===================== Round 24 of 6000 =====================
2022-04-29 11:17:09,494 - FL-type - INFO - --------------------- selection stage ---------------------
2022-04-29 11:17:09,495 - FL-type - INFO - current time: 1426.0	time window: 20.0	
2022-04-29 11:17:09,496 - FL-type - INFO - 827 of 827 clients online
2022-04-29 11:17:09,500 - FL-type - INFO - selected num: 100
2022-04-29 11:17:09,501 - FL-type - INFO - --------------------- configuration stage ---------------------
2022-04-29 11:17:09,501 - FL-type - INFO - this round deadline 42
2022-04-29 11:17:28,672 - FL-type - INFO - average acc: 0.9993939393939394, average loss: 0.024686223367991096
2022-04-29 11:17:28,673 - FL-type - INFO - configuration and update stage simulation time: 42
2022-04-29 11:17:28,673 - FL-type - INFO - --------------------- report stage ---------------------
2022-04-29 11:17:28,673 - FL-type - INFO - 55 of 100 clients upload successfully
2022-04-29 11:17:28,673 - FL-type - INFO - round succeed, updating global model...
2022-04-29 11:17:28,673 - FL-type - INFO - Aggragate with SucFedAvg
2022-04-29 11:17:28,683 - FL-type - INFO - ===================== Round 25 of 6000 =====================
2022-04-29 11:17:28,684 - FL-type - INFO - --------------------- selection stage ---------------------
2022-04-29 11:17:28,684 - FL-type - INFO - current time: 1488.0	time window: 20.0	
2022-04-29 11:17:28,685 - FL-type - INFO - 827 of 827 clients online
2022-04-29 11:17:28,687 - FL-type - INFO - selected num: 100
2022-04-29 11:17:28,687 - FL-type - INFO - --------------------- configuration stage ---------------------
2022-04-29 11:17:28,688 - FL-type - INFO - this round deadline 42
2022-04-29 11:17:49,500 - FL-type - INFO - average acc: 0.9991803278688525, average loss: 0.021836308203733022
2022-04-29 11:17:49,501 - FL-type - INFO - configuration and update stage simulation time: 42
2022-04-29 11:17:49,502 - FL-type - INFO - --------------------- report stage ---------------------
2022-04-29 11:17:49,502 - FL-type - INFO - 61 of 100 clients upload successfully
2022-04-29 11:17:49,502 - FL-type - INFO - round succeed, updating global model...
2022-04-29 11:17:49,502 - FL-type - INFO - Aggragate with SucFedAvg
2022-04-29 11:17:49,518 - FL-type - INFO - --------------------- test result ---------------------
2022-04-29 11:17:54,297 - FL-type - INFO - test_accuracy: 0.7344159245678366, 10th percentile: 0.5515217391304348, 50th percentile: 0.7362318840579709, 90th percentile 0.88
2022-04-29 11:17:54,298 - FL-type - INFO - test_loss: 0.5549837171196188, 10th percentile: 0.2981891512870789, 50th percentile: 0.5346437692642212, 90th percentile 0.9050576686859131
2022-04-29 11:17:54,298 - FL-type - INFO - ===================== Round 26 of 6000 =====================
2022-04-29 11:17:54,298 - FL-type - INFO - --------------------- selection stage ---------------------
2022-04-29 11:17:54,298 - FL-type - INFO - current time: 1550.0	time window: 20.0	
2022-04-29 11:17:54,299 - FL-type - INFO - 827 of 827 clients online
2022-04-29 11:17:54,301 - FL-type - INFO - selected num: 100
2022-04-29 11:17:54,302 - FL-type - INFO - --------------------- configuration stage ---------------------
2022-04-29 11:17:54,302 - FL-type - INFO - this round deadline 42
2022-04-29 11:18:13,955 - FL-type - INFO - average acc: 1.0, average loss: 0.022439486738162925
2022-04-29 11:18:13,955 - FL-type - INFO - configuration and update stage simulation time: 42
2022-04-29 11:18:13,956 - FL-type - INFO - --------------------- report stage ---------------------
2022-04-29 11:18:13,956 - FL-type - INFO - 62 of 100 clients upload successfully
2022-04-29 11:18:13,956 - FL-type - INFO - round succeed, updating global model...
2022-04-29 11:18:13,956 - FL-type - INFO - Aggragate with SucFedAvg
2022-04-29 11:18:13,969 - FL-type - INFO - ===================== Round 27 of 6000 =====================
2022-04-29 11:18:13,970 - FL-type - INFO - --------------------- selection stage ---------------------
2022-04-29 11:18:13,970 - FL-type - INFO - current time: 1612.0	time window: 20.0	
2022-04-29 11:18:13,971 - FL-type - INFO - 827 of 827 clients online
2022-04-29 11:18:13,973 - FL-type - INFO - selected num: 100
2022-04-29 11:18:13,973 - FL-type - INFO - --------------------- configuration stage ---------------------
2022-04-29 11:18:13,974 - FL-type - INFO - this round deadline 42
2022-04-29 11:18:33,606 - FL-type - INFO - average acc: 0.9986042692939244, average loss: 0.018907021344508897
2022-04-29 11:18:33,607 - FL-type - INFO - configuration and update stage simulation time: 42
2022-04-29 11:18:33,607 - FL-type - INFO - --------------------- report stage ---------------------
2022-04-29 11:18:33,608 - FL-type - INFO - 58 of 100 clients upload successfully
2022-04-29 11:18:33,608 - FL-type - INFO - round succeed, updating global model...
2022-04-29 11:18:33,608 - FL-type - INFO - Aggragate with SucFedAvg
2022-04-29 11:18:33,623 - FL-type - INFO - ===================== Round 28 of 6000 =====================
2022-04-29 11:18:33,623 - FL-type - INFO - --------------------- selection stage ---------------------
2022-04-29 11:18:33,624 - FL-type - INFO - current time: 1674.0	time window: 20.0	
2022-04-29 11:18:33,624 - FL-type - INFO - 827 of 827 clients online
2022-04-29 11:18:33,627 - FL-type - INFO - selected num: 100
2022-04-29 11:18:33,627 - FL-type - INFO - --------------------- configuration stage ---------------------
2022-04-29 11:18:33,627 - FL-type - INFO - this round deadline 42
2022-04-29 11:18:52,751 - FL-type - INFO - average acc: 0.9993827160493828, average loss: 0.022205531027995877
2022-04-29 11:18:52,751 - FL-type - INFO - configuration and update stage simulation time: 42
2022-04-29 11:18:52,752 - FL-type - INFO - --------------------- report stage ---------------------
2022-04-29 11:18:52,752 - FL-type - INFO - 54 of 100 clients upload successfully
2022-04-29 11:18:52,752 - FL-type - INFO - round succeed, updating global model...
2022-04-29 11:18:52,753 - FL-type - INFO - Aggragate with SucFedAvg
2022-04-29 11:18:52,767 - FL-type - INFO - ===================== Round 29 of 6000 =====================
2022-04-29 11:18:52,767 - FL-type - INFO - --------------------- selection stage ---------------------
2022-04-29 11:18:52,767 - FL-type - INFO - current time: 1736.0	time window: 20.0	
2022-04-29 11:18:52,768 - FL-type - INFO - 827 of 827 clients online
2022-04-29 11:18:52,770 - FL-type - INFO - selected num: 100
2022-04-29 11:18:52,771 - FL-type - INFO - --------------------- configuration stage ---------------------
2022-04-29 11:18:52,771 - FL-type - INFO - this round deadline 42
2022-04-29 11:19:07,806 - FL-type - INFO - average acc: 0.9973484848484848, average loss: 0.02364404512495226
2022-04-29 11:19:07,807 - FL-type - INFO - configuration and update stage simulation time: 42
2022-04-29 11:19:07,807 - FL-type - INFO - --------------------- report stage ---------------------
2022-04-29 11:19:07,807 - FL-type - INFO - 44 of 100 clients upload successfully
2022-04-29 11:19:07,808 - FL-type - INFO - round succeed, updating global model...
2022-04-29 11:19:07,808 - FL-type - INFO - Aggragate with SucFedAvg
2022-04-29 11:19:07,821 - FL-type - INFO - ===================== Round 30 of 6000 =====================
2022-04-29 11:19:07,821 - FL-type - INFO - --------------------- selection stage ---------------------
2022-04-29 11:19:07,821 - FL-type - INFO - current time: 1798.0	time window: 20.0	
2022-04-29 11:19:07,822 - FL-type - INFO - 827 of 827 clients online
2022-04-29 11:19:07,825 - FL-type - INFO - selected num: 100
2022-04-29 11:19:07,825 - FL-type - INFO - --------------------- configuration stage ---------------------
2022-04-29 11:19:07,825 - FL-type - INFO - this round deadline 42
2022-04-29 11:19:25,096 - FL-type - INFO - average acc: 1.0, average loss: 0.018991433367773425
2022-04-29 11:19:25,096 - FL-type - INFO - configuration and update stage simulation time: 42
2022-04-29 11:19:25,097 - FL-type - INFO - --------------------- report stage ---------------------
2022-04-29 11:19:25,098 - FL-type - INFO - 54 of 100 clients upload successfully
2022-04-29 11:19:25,098 - FL-type - INFO - round succeed, updating global model...
2022-04-29 11:19:25,098 - FL-type - INFO - Aggragate with SucFedAvg
2022-04-29 11:19:25,112 - FL-type - INFO - --------------------- test result ---------------------
2022-04-29 11:19:29,779 - FL-type - INFO - test_accuracy: 0.751178627553693, 10th percentile: 0.5726190476190476, 50th percentile: 0.7666666666666667, 90th percentile 0.9
2022-04-29 11:19:29,781 - FL-type - INFO - test_loss: 0.526892167601428, 10th percentile: 0.2764902234077454, 50th percentile: 0.4998996704816818, 90th percentile 0.9108170330524447
2022-04-29 11:19:29,782 - FL-type - INFO - ===================== Round 31 of 6000 =====================
2022-04-29 11:19:29,782 - FL-type - INFO - --------------------- selection stage ---------------------
2022-04-29 11:19:29,783 - FL-type - INFO - current time: 1860.0	time window: 20.0	
2022-04-29 11:19:29,785 - FL-type - INFO - 827 of 827 clients online
2022-04-29 11:19:29,790 - FL-type - INFO - selected num: 100
2022-04-29 11:19:29,790 - FL-type - INFO - --------------------- configuration stage ---------------------
2022-04-29 11:19:29,790 - FL-type - INFO - this round deadline 42
2022-04-29 11:19:49,131 - FL-type - INFO - average acc: 0.9991928974979822, average loss: 0.02087945344767107
2022-04-29 11:19:49,132 - FL-type - INFO - configuration and update stage simulation time: 42
2022-04-29 11:19:49,132 - FL-type - INFO - --------------------- report stage ---------------------
2022-04-29 11:19:49,132 - FL-type - INFO - 59 of 100 clients upload successfully
2022-04-29 11:19:49,133 - FL-type - INFO - round succeed, updating global model...
2022-04-29 11:19:49,133 - FL-type - INFO - Aggragate with SucFedAvg
2022-04-29 11:19:49,145 - FL-type - INFO - ===================== Round 32 of 6000 =====================
2022-04-29 11:19:49,146 - FL-type - INFO - --------------------- selection stage ---------------------
2022-04-29 11:19:49,146 - FL-type - INFO - current time: 1922.0	time window: 20.0	
2022-04-29 11:19:49,147 - FL-type - INFO - 827 of 827 clients online
2022-04-29 11:19:49,149 - FL-type - INFO - selected num: 100
2022-04-29 11:19:49,149 - FL-type - INFO - --------------------- configuration stage ---------------------
2022-04-29 11:19:49,150 - FL-type - INFO - this round deadline 42
2022-04-29 11:20:09,819 - FL-type - INFO - average acc: 1.0, average loss: 0.017853603131019524
2022-04-29 11:20:09,819 - FL-type - INFO - configuration and update stage simulation time: 42
2022-04-29 11:20:09,819 - FL-type - INFO - --------------------- report stage ---------------------
2022-04-29 11:20:09,819 - FL-type - INFO - 63 of 100 clients upload successfully
2022-04-29 11:20:09,819 - FL-type - INFO - round succeed, updating global model...
2022-04-29 11:20:09,820 - FL-type - INFO - Aggragate with SucFedAvg
2022-04-29 11:20:09,831 - FL-type - INFO - ===================== Round 33 of 6000 =====================
2022-04-29 11:20:09,831 - FL-type - INFO - --------------------- selection stage ---------------------
2022-04-29 11:20:09,831 - FL-type - INFO - current time: 1984.0	time window: 20.0	
2022-04-29 11:20:09,832 - FL-type - INFO - 827 of 827 clients online
2022-04-29 11:20:09,834 - FL-type - INFO - selected num: 100
2022-04-29 11:20:09,834 - FL-type - INFO - --------------------- configuration stage ---------------------
2022-04-29 11:20:09,834 - FL-type - INFO - this round deadline 42
2022-04-29 11:20:30,151 - FL-type - INFO - average acc: 0.9985096870342771, average loss: 0.01877975745172408
2022-04-29 11:20:30,151 - FL-type - INFO - configuration and update stage simulation time: 42
2022-04-29 11:20:30,152 - FL-type - INFO - --------------------- report stage ---------------------
2022-04-29 11:20:30,152 - FL-type - INFO - 61 of 100 clients upload successfully
2022-04-29 11:20:30,152 - FL-type - INFO - round succeed, updating global model...
2022-04-29 11:20:30,152 - FL-type - INFO - Aggragate with SucFedAvg
2022-04-29 11:20:30,164 - FL-type - INFO - ===================== Round 34 of 6000 =====================
2022-04-29 11:20:30,164 - FL-type - INFO - --------------------- selection stage ---------------------
2022-04-29 11:20:30,164 - FL-type - INFO - current time: 2046.0	time window: 20.0	
2022-04-29 11:20:30,165 - FL-type - INFO - 827 of 827 clients online
2022-04-29 11:20:30,167 - FL-type - INFO - selected num: 100
2022-04-29 11:20:30,167 - FL-type - INFO - --------------------- configuration stage ---------------------
2022-04-29 11:20:30,167 - FL-type - INFO - this round deadline 42
2022-04-29 11:20:49,544 - FL-type - INFO - average acc: 1.0, average loss: 0.019629518310780282
2022-04-29 11:20:49,544 - FL-type - INFO - configuration and update stage simulation time: 42
2022-04-29 11:20:49,544 - FL-type - INFO - --------------------- report stage ---------------------
2022-04-29 11:20:49,544 - FL-type - INFO - 58 of 100 clients upload successfully
2022-04-29 11:20:49,545 - FL-type - INFO - round succeed, updating global model...
2022-04-29 11:20:49,545 - FL-type - INFO - Aggragate with SucFedAvg
2022-04-29 11:20:49,556 - FL-type - INFO - ===================== Round 35 of 6000 =====================
2022-04-29 11:20:49,557 - FL-type - INFO - --------------------- selection stage ---------------------
2022-04-29 11:20:49,557 - FL-type - INFO - current time: 2108.0	time window: 20.0	
2022-04-29 11:20:49,558 - FL-type - INFO - 827 of 827 clients online
2022-04-29 11:20:49,560 - FL-type - INFO - selected num: 100
2022-04-29 11:20:49,560 - FL-type - INFO - --------------------- configuration stage ---------------------
2022-04-29 11:20:49,560 - FL-type - INFO - this round deadline 42
2022-04-29 11:21:08,096 - FL-type - INFO - average acc: 1.0, average loss: 0.016444640459795073
2022-04-29 11:21:08,096 - FL-type - INFO - configuration and update stage simulation time: 42
2022-04-29 11:21:08,097 - FL-type - INFO - --------------------- report stage ---------------------
2022-04-29 11:21:08,097 - FL-type - INFO - 57 of 100 clients upload successfully
2022-04-29 11:21:08,097 - FL-type - INFO - round succeed, updating global model...
2022-04-29 11:21:08,097 - FL-type - INFO - Aggragate with SucFedAvg
2022-04-29 11:21:08,109 - FL-type - INFO - --------------------- test result ---------------------
2022-04-29 11:21:12,954 - FL-type - INFO - test_accuracy: 0.7658459926663175, 10th percentile: 0.5653623188405796, 50th percentile: 0.7777777777777778, 90th percentile 0.9307881773399014
2022-04-29 11:21:12,955 - FL-type - INFO - test_loss: 0.5115835942199182, 10th percentile: 0.2495969459414482, 50th percentile: 0.5089583396911621, 90th percentile 0.9388221442699433
2022-04-29 11:21:12,956 - FL-type - INFO - ===================== Round 36 of 6000 =====================
2022-04-29 11:21:12,956 - FL-type - INFO - --------------------- selection stage ---------------------
2022-04-29 11:21:12,956 - FL-type - INFO - current time: 2170.0	time window: 20.0	
2022-04-29 11:21:12,957 - FL-type - INFO - 827 of 827 clients online
2022-04-29 11:21:12,960 - FL-type - INFO - selected num: 100
2022-04-29 11:21:12,960 - FL-type - INFO - --------------------- configuration stage ---------------------
2022-04-29 11:21:12,960 - FL-type - INFO - this round deadline 42
2022-04-29 11:21:31,224 - FL-type - INFO - average acc: 0.9985007974481659, average loss: 0.018674728110853352
2022-04-29 11:21:31,225 - FL-type - INFO - configuration and update stage simulation time: 42
2022-04-29 11:21:31,225 - FL-type - INFO - --------------------- report stage ---------------------
2022-04-29 11:21:31,225 - FL-type - INFO - 57 of 100 clients upload successfully
2022-04-29 11:21:31,225 - FL-type - INFO - round succeed, updating global model...
2022-04-29 11:21:31,226 - FL-type - INFO - Aggragate with SucFedAvg
2022-04-29 11:21:31,240 - FL-type - INFO - ===================== Round 37 of 6000 =====================
2022-04-29 11:21:31,241 - FL-type - INFO - --------------------- selection stage ---------------------
2022-04-29 11:21:31,241 - FL-type - INFO - current time: 2232.0	time window: 20.0	
2022-04-29 11:21:31,242 - FL-type - INFO - 827 of 827 clients online
2022-04-29 11:21:31,244 - FL-type - INFO - selected num: 100
2022-04-29 11:21:31,245 - FL-type - INFO - --------------------- configuration stage ---------------------
2022-04-29 11:21:31,245 - FL-type - INFO - this round deadline 42
2022-04-29 11:21:49,128 - FL-type - INFO - average acc: 1.0, average loss: 0.017808799784958224
2022-04-29 11:21:49,129 - FL-type - INFO - configuration and update stage simulation time: 42
2022-04-29 11:21:49,129 - FL-type - INFO - --------------------- report stage ---------------------
2022-04-29 11:21:49,129 - FL-type - INFO - 54 of 100 clients upload successfully
2022-04-29 11:21:49,129 - FL-type - INFO - round succeed, updating global model...
2022-04-29 11:21:49,129 - FL-type - INFO - Aggragate with SucFedAvg
2022-04-29 11:21:49,140 - FL-type - INFO - ===================== Round 38 of 6000 =====================
2022-04-29 11:21:49,140 - FL-type - INFO - --------------------- selection stage ---------------------
2022-04-29 11:21:49,141 - FL-type - INFO - current time: 2294.0	time window: 20.0	
2022-04-29 11:21:49,142 - FL-type - INFO - 827 of 827 clients online
2022-04-29 11:21:49,144 - FL-type - INFO - selected num: 100
2022-04-29 11:21:49,144 - FL-type - INFO - --------------------- configuration stage ---------------------
2022-04-29 11:21:49,145 - FL-type - INFO - this round deadline 42
2022-04-29 11:22:09,963 - FL-type - INFO - average acc: 1.0, average loss: 0.016381099147932423
2022-04-29 11:22:09,963 - FL-type - INFO - configuration and update stage simulation time: 42
2022-04-29 11:22:09,964 - FL-type - INFO - --------------------- report stage ---------------------
2022-04-29 11:22:09,964 - FL-type - INFO - 62 of 100 clients upload successfully
2022-04-29 11:22:09,964 - FL-type - INFO - round succeed, updating global model...
2022-04-29 11:22:09,964 - FL-type - INFO - Aggragate with SucFedAvg
2022-04-29 11:22:09,977 - FL-type - INFO - ===================== Round 39 of 6000 =====================
2022-04-29 11:22:09,977 - FL-type - INFO - --------------------- selection stage ---------------------
2022-04-29 11:22:09,977 - FL-type - INFO - current time: 2356.0	time window: 20.0	
2022-04-29 11:22:09,978 - FL-type - INFO - 827 of 827 clients online
2022-04-29 11:22:09,980 - FL-type - INFO - selected num: 100
2022-04-29 11:22:09,980 - FL-type - INFO - --------------------- configuration stage ---------------------
2022-04-29 11:22:09,981 - FL-type - INFO - this round deadline 42
